[Apache Commons,TRACE ,8/9 13:56:55,#00001] 	at org.apache.catalina.core.StandardWrapper.initServlet(StandardWrapper.java:1134)
[Apache Commons,TRACE ,8/9 13:56:55,#00001] 	at org.apache.catalina.core.StandardWrapper.loadServlet(StandardWrapper.java:1089)
[Apache Commons,TRACE ,8/9 13:56:55,#00001] 	at org.apache.catalina.core.StandardWrapper.load(StandardWrapper.java:983)
[Apache Commons,TRACE ,8/9 13:56:55,#00001] 	at org.apache.catalina.core.StandardContext.loadOnStartup(StandardContext.java:4871)
[Apache Commons,TRACE ,8/9 13:56:55,#00001] 	at org.apache.catalina.core.StandardContext.startInternal(StandardContext.java:5180)
[Apache Commons,TRACE ,8/9 13:56:55,#00001] 	at org.apache.catalina.util.LifecycleBase.start(LifecycleBase.java:183)
[Apache Commons,TRACE ,8/9 13:56:55,#00001] 	at org.apache.catalina.core.ContainerBase.addChildInternal(ContainerBase.java:717)
[Apache Commons,TRACE ,8/9 13:56:55,#00001] 	at org.apache.catalina.core.ContainerBase.addChild(ContainerBase.java:690)
[Apache Commons,TRACE ,8/9 13:56:55,#00001] 	at org.apache.catalina.core.StandardHost.addChild(StandardHost.java:705)
[Apache Commons,TRACE ,8/9 13:56:55,#00001] 	at org.apache.catalina.startup.HostConfig.deployWAR(HostConfig.java:978)
[Apache Commons,TRACE ,8/9 13:56:55,#00001] 	at org.apache.catalina.startup.HostConfig$DeployWar.run(HostConfig.java:1849)
[Apache Commons,TRACE ,8/9 13:56:55,#00001] 	at java.util.concurrent.Executors$RunnableAdapter.call(Executors.java:511)
[Apache Commons,TRACE ,8/9 13:56:55,#00001] 	at java.util.concurrent.FutureTask.run(FutureTask.java:266)
[Apache Commons,TRACE ,8/9 13:56:55,#00001] 	at org.apache.tomcat.util.threads.InlineExecutorService.execute(InlineExecutorService.java:75)
[Apache Commons,TRACE ,8/9 13:56:55,#00001] 	at java.util.concurrent.AbstractExecutorService.submit(AbstractExecutorService.java:112)
[Apache Commons,TRACE ,8/9 13:56:55,#00001] 	at org.apache.catalina.startup.HostConfig.deployWARs(HostConfig.java:773)
[Apache Commons,TRACE ,8/9 13:56:55,#00001] 	at org.apache.catalina.startup.HostConfig.deployApps(HostConfig.java:427)
[Apache Commons,TRACE ,8/9 13:56:55,#00001] 	at org.apache.catalina.startup.HostConfig.start(HostConfig.java:1576)
[Apache Commons,TRACE ,8/9 13:56:55,#00001] 	at org.apache.catalina.startup.HostConfig.lifecycleEvent(HostConfig.java:309)
[Apache Commons,TRACE ,8/9 13:56:55,#00001] 	at org.apache.catalina.util.LifecycleBase.fireLifecycleEvent(LifecycleBase.java:123)
[Apache Commons,TRACE ,8/9 13:56:55,#00001] 	at org.apache.catalina.util.LifecycleBase.setStateInternal(LifecycleBase.java:423)
[Apache Commons,TRACE ,8/9 13:56:55,#00001] 	at org.apache.catalina.util.LifecycleBase.setState(LifecycleBase.java:366)
[Apache Commons,TRACE ,8/9 13:56:55,#00001] 	at org.apache.catalina.core.ContainerBase.startInternal(ContainerBase.java:936)
[Apache Commons,TRACE ,8/9 13:56:55,#00001] 	at org.apache.catalina.core.StandardHost.startInternal(StandardHost.java:841)
[Apache Commons,TRACE ,8/9 13:56:55,#00001] 	at org.apache.catalina.util.LifecycleBase.start(LifecycleBase.java:183)
[Apache Commons,TRACE ,8/9 13:56:55,#00001] 	at org.apache.catalina.core.ContainerBase$StartChild.call(ContainerBase.java:1384)
[Apache Commons,TRACE ,8/9 13:56:55,#00001] 	at org.apache.catalina.core.ContainerBase$StartChild.call(ContainerBase.java:1374)
[Apache Commons,TRACE ,8/9 13:56:55,#00001] 	at java.util.concurrent.FutureTask.run(FutureTask.java:266)
[Apache Commons,TRACE ,8/9 13:56:55,#00001] 	at org.apache.tomcat.util.threads.InlineExecutorService.execute(InlineExecutorService.java:75)
[Apache Commons,TRACE ,8/9 13:56:55,#00001] 	at java.util.concurrent.AbstractExecutorService.submit(AbstractExecutorService.java:134)
[Apache Commons,TRACE ,8/9 13:56:55,#00001] 	at org.apache.catalina.core.ContainerBase.startInternal(ContainerBase.java:909)
[Apache Commons,TRACE ,8/9 13:56:55,#00001] 	at org.apache.catalina.core.StandardEngine.startInternal(StandardEngine.java:262)
[Apache Commons,TRACE ,8/9 13:56:55,#00001] 	at org.apache.catalina.util.LifecycleBase.start(LifecycleBase.java:183)
[Apache Commons,TRACE ,8/9 13:56:55,#00001] 	at org.apache.catalina.core.StandardService.startInternal(StandardService.java:421)
[Apache Commons,TRACE ,8/9 13:56:55,#00001] 	at org.apache.catalina.util.LifecycleBase.start(LifecycleBase.java:183)
[Apache Commons,TRACE ,8/9 13:56:55,#00001] 	at org.apache.catalina.core.StandardServer.startInternal(StandardServer.java:930)
[Apache Commons,TRACE ,8/9 13:56:55,#00001] 	at org.apache.catalina.util.LifecycleBase.start(LifecycleBase.java:183)
[Apache Commons,TRACE ,8/9 13:56:55,#00001] 	at org.apache.catalina.startup.Catalina.start(Catalina.java:633)
[Apache Commons,TRACE ,8/9 13:56:55,#00001] 	at sun.reflect.NativeMethodAccessorImpl.invoke0(Native Method)
[Apache Commons,TRACE ,8/9 13:56:55,#00001] 	at sun.reflect.NativeMethodAccessorImpl.invoke(NativeMethodAccessorImpl.java:62)
[Apache Commons,TRACE ,8/9 13:56:55,#00001] 	at sun.reflect.DelegatingMethodAccessorImpl.invoke(DelegatingMethodAccessorImpl.java:43)
[Apache Commons,TRACE ,8/9 13:56:55,#00001] 	at java.lang.reflect.Method.invoke(Method.java:497)
[Apache Commons,TRACE ,8/9 13:56:55,#00001] 	at org.apache.catalina.startup.Bootstrap.start(Bootstrap.java:343)
[Apache Commons,TRACE ,8/9 13:56:55,#00001] 	at org.apache.catalina.startup.Bootstrap.main(Bootstrap.java:474)
java.lang.NullPointerException
	at com.btsl.pretups.inter.util.InterfaceCloserController.initialize(InterfaceCloserController.java:90)
	at com.btsl.pretups.inter.util.InterfaceCloserServlet.initialize(InterfaceCloserServlet.java:167)
	at com.btsl.pretups.inter.util.InterfaceCloserServlet.init(InterfaceCloserServlet.java:146)
	at org.apache.catalina.core.StandardWrapper.initServlet(StandardWrapper.java:1134)
	at org.apache.catalina.core.StandardWrapper.loadServlet(StandardWrapper.java:1089)
	at org.apache.catalina.core.StandardWrapper.load(StandardWrapper.java:983)
	at org.apache.catalina.core.StandardContext.loadOnStartup(StandardContext.java:4871)
	at org.apache.catalina.core.StandardContext.startInternal(StandardContext.java:5180)
	at org.apache.catalina.util.LifecycleBase.start(LifecycleBase.java:183)
	at org.apache.catalina.core.ContainerBase.addChildInternal(ContainerBase.java:717)
	at org.apache.catalina.core.ContainerBase.addChild(ContainerBase.java:690)
	at org.apache.catalina.core.StandardHost.addChild(StandardHost.java:705)
	at org.apache.catalina.startup.HostConfig.deployWAR(HostConfig.java:978)
	at org.apache.catalina.startup.HostConfig$DeployWar.run(HostConfig.java:1849)
	at java.util.concurrent.Executors$RunnableAdapter.call(Executors.java:511)
	at java.util.concurrent.FutureTask.run(FutureTask.java:266)
	at org.apache.tomcat.util.threads.InlineExecutorService.execute(InlineExecutorService.java:75)
	at java.util.concurrent.AbstractExecutorService.submit(AbstractExecutorService.java:112)
	at org.apache.catalina.startup.HostConfig.deployWARs(HostConfig.java:773)
	at org.apache.catalina.startup.HostConfig.deployApps(HostConfig.java:427)
	at org.apache.catalina.startup.HostConfig.start(HostConfig.java:1576)
	at org.apache.catalina.startup.HostConfig.lifecycleEvent(HostConfig.java:309)
	at org.apache.catalina.util.LifecycleBase.fireLifecycleEvent(LifecycleBase.java:123)
	at org.apache.catalina.util.LifecycleBase.setStateInternal(LifecycleBase.java:423)
	at org.apache.catalina.util.LifecycleBase.setState(LifecycleBase.java:366)
	at org.apache.catalina.core.ContainerBase.startInternal(ContainerBase.java:936)
	at org.apache.catalina.core.StandardHost.startInternal(StandardHost.java:841)
	at org.apache.catalina.util.LifecycleBase.start(LifecycleBase.java:183)
	at org.apache.catalina.core.ContainerBase$StartChild.call(ContainerBase.java:1384)
	at org.apache.catalina.core.ContainerBase$StartChild.call(ContainerBase.java:1374)
	at java.util.concurrent.FutureTask.run(FutureTask.java:266)
	at org.apache.tomcat.util.threads.InlineExecutorService.execute(InlineExecutorService.java:75)
	at java.util.concurrent.AbstractExecutorService.submit(AbstractExecutorService.java:134)
	at org.apache.catalina.core.ContainerBase.startInternal(ContainerBase.java:909)
	at org.apache.catalina.core.StandardEngine.startInternal(StandardEngine.java:262)
	at org.apache.catalina.util.LifecycleBase.start(LifecycleBase.java:183)
	at org.apache.catalina.core.StandardService.startInternal(StandardService.java:421)
	at org.apache.catalina.util.LifecycleBase.start(LifecycleBase.java:183)
	at org.apache.catalina.core.StandardServer.startInternal(StandardServer.java:930)
	at org.apache.catalina.util.LifecycleBase.start(LifecycleBase.java:183)
	at org.apache.catalina.startup.Catalina.start(Catalina.java:633)
	at sun.reflect.NativeMethodAccessorImpl.invoke0(Native Method)
	at sun.reflect.NativeMethodAccessorImpl.invoke(NativeMethodAccessorImpl.java:62)
	at sun.reflect.DelegatingMethodAccessorImpl.invoke(DelegatingMethodAccessorImpl.java:43)
	at java.lang.reflect.Method.invoke(Method.java:497)
	at org.apache.catalina.startup.Bootstrap.start(Bootstrap.java:343)
	at org.apache.catalina.startup.Bootstrap.main(Bootstrap.java:474)
log4j:WARN No appenders could be found for logger (com.btsl.event.EventLogger).
log4j:WARN Please initialize the log4j system properly.
09-Aug-2023 13:57:06.940 INFO [main] org.apache.catalina.startup.HostConfig.deployWAR Deployment of web application archive [/data1/pretupsapp/tomcat9_pgdev/webapps/pretups.war] has finished in [90,398] ms
09-Aug-2023 13:57:06.949 INFO [main] org.apache.coyote.AbstractProtocol.start Starting ProtocolHandler ["http-nio-6789"]
09-Aug-2023 13:57:06.969 INFO [main] org.apache.coyote.AbstractProtocol.start Starting ProtocolHandler ["https-jsse-nio-8449"]
09-Aug-2023 13:57:07.187 INFO [main] org.apache.catalina.startup.Catalina.start Server startup in [90,765] milliseconds
class=OAuthenticationUtil,method=validateTokenApi,message=241023,date=2023-08-09errorCode=401
	at com.btsl.util.OAuthenticationUtil.validateTokenApi(OAuthenticationUtil.java:944)
	at com.btsl.security.EncodingFilter.preHandle(EncodingFilter.java:770)
	at com.btsl.security.EncodingFilter.doFilter(EncodingFilter.java:422)
	at org.apache.catalina.core.ApplicationFilterChain.internalDoFilter(ApplicationFilterChain.java:193)
	at org.apache.catalina.core.ApplicationFilterChain.doFilter(ApplicationFilterChain.java:166)
	at org.apache.catalina.core.StandardWrapperValve.invoke(StandardWrapperValve.java:202)
	at org.apache.catalina.core.StandardContextValve.invoke(StandardContextValve.java:96)
	at org.apache.catalina.authenticator.AuthenticatorBase.invoke(AuthenticatorBase.java:541)
	at org.apache.catalina.core.StandardHostValve.invoke(StandardHostValve.java:139)
	at org.apache.catalina.valves.ErrorReportValve.invoke(ErrorReportValve.java:92)
	at org.apache.catalina.valves.AbstractAccessLogValve.invoke(AbstractAccessLogValve.java:688)
	at org.apache.catalina.core.StandardEngineValve.invoke(StandardEngineValve.java:74)
	at org.apache.catalina.connector.CoyoteAdapter.service(CoyoteAdapter.java:343)
	at org.apache.coyote.http11.Http11Processor.service(Http11Processor.java:367)
	at org.apache.coyote.AbstractProcessorLight.process(AbstractProcessorLight.java:65)
	at org.apache.coyote.AbstractProtocol$ConnectionHandler.process(AbstractProtocol.java:868)
	at org.apache.tomcat.util.net.NioEndpoint$SocketProcessor.doRun(NioEndpoint.java:1639)
	at org.apache.tomcat.util.net.SocketProcessorBase.run(SocketProcessorBase.java:49)
	at java.util.concurrent.ThreadPoolExecutor.runWorker(ThreadPoolExecutor.java:1142)
	at java.util.concurrent.ThreadPoolExecutor$Worker.run(ThreadPoolExecutor.java:617)
	at org.apache.tomcat.util.threads.TaskThread$WrappingRunnable.run(TaskThread.java:61)
	at java.lang.Thread.run(Thread.java:745)
pretups123>>>>>>>>>>>>>>pretups123
abc/data1/pretupsapp/tomcat_trunk_springboot/vms/vmsdev/logs/cookies/
2023-08-09 13:57:40,731 http-nio-6789-exec-14 ERROR Unable to write to stream UDP:172.30.38.232:6789 for appender PreTUPsOut org.apache.logging.log4j.core.appender.AppenderLoggingException: Error flushing stream UDP:172.30.38.232:6789
	at org.apache.logging.log4j.core.appender.OutputStreamManager.flushDestination(OutputStreamManager.java:266)
	at org.apache.logging.log4j.core.appender.OutputStreamManager.write(OutputStreamManager.java:222)
	at org.apache.logging.log4j.core.appender.OutputStreamManager.write(OutputStreamManager.java:190)
	at org.apache.logging.log4j.core.appender.AbstractOutputStreamAppender.writeByteArrayToManager(AbstractOutputStreamAppender.java:206)
	at org.apache.logging.log4j.core.appender.SocketAppender.directEncodeEvent(SocketAppender.java:459)
	at org.apache.logging.log4j.core.appender.AbstractOutputStreamAppender.tryAppend(AbstractOutputStreamAppender.java:190)
	at org.apache.logging.log4j.core.appender.AbstractOutputStreamAppender.append(AbstractOutputStreamAppender.java:181)
	at org.apache.logging.log4j.core.config.AppenderControl.tryCallAppender(AppenderControl.java:161)
	at org.apache.logging.log4j.core.config.AppenderControl.callAppender0(AppenderControl.java:134)
	at org.apache.logging.log4j.core.config.AppenderControl.callAppenderPreventRecursion(AppenderControl.java:125)
	at org.apache.logging.log4j.core.config.AppenderControl.callAppender(AppenderControl.java:89)
	at org.apache.logging.log4j.core.config.LoggerConfig.callAppenders(LoggerConfig.java:542)
	at org.apache.logging.log4j.core.config.LoggerConfig.processLogEvent(LoggerConfig.java:500)
	at org.apache.logging.log4j.core.config.LoggerConfig.log(LoggerConfig.java:483)
	at org.apache.logging.log4j.core.config.LoggerConfig.log(LoggerConfig.java:388)
	at org.apache.logging.log4j.core.config.AwaitCompletionReliabilityStrategy.log(AwaitCompletionReliabilityStrategy.java:63)
	at org.apache.logging.log4j.core.Logger.logMessage(Logger.java:153)
	at org.jboss.logging.Log4j2Logger.doLog(Log4j2Logger.java:54)
	at org.jboss.logging.Logger.debug(Logger.java:552)
	at org.jboss.logging.DelegatingBasicLogger.debug(DelegatingBasicLogger.java:284)
	at org.hibernate.hql.internal.ast.QueryTranslatorImpl.analyze(QueryTranslatorImpl.java:269)
	at org.hibernate.hql.internal.ast.QueryTranslatorImpl.doCompile(QueryTranslatorImpl.java:189)
	at org.hibernate.hql.internal.ast.QueryTranslatorImpl.compile(QueryTranslatorImpl.java:141)
	at org.hibernate.engine.query.spi.HQLQueryPlan.<init>(HQLQueryPlan.java:115)
	at org.hibernate.engine.query.spi.HQLQueryPlan.<init>(HQLQueryPlan.java:77)
	at org.hibernate.engine.query.spi.QueryPlanCache.getHQLQueryPlan(QueryPlanCache.java:153)
	at org.hibernate.internal.AbstractSharedSessionContract.getQueryPlan(AbstractSharedSessionContract.java:553)
	at org.hibernate.internal.AbstractSharedSessionContract.createQuery(AbstractSharedSessionContract.java:662)
	at org.hibernate.internal.AbstractSessionImpl.createQuery(AbstractSessionImpl.java:23)
	at sun.reflect.GeneratedMethodAccessor98.invoke(Unknown Source)
	at sun.reflect.DelegatingMethodAccessorImpl.invoke(DelegatingMethodAccessorImpl.java:43)
	at java.lang.reflect.Method.invoke(Method.java:497)
	at org.springframework.orm.jpa.ExtendedEntityManagerCreator$ExtendedEntityManagerInvocationHandler.invoke(ExtendedEntityManagerCreator.java:350)
	at com.sun.proxy.$Proxy72.createQuery(Unknown Source)
	at sun.reflect.GeneratedMethodAccessor98.invoke(Unknown Source)
	at sun.reflect.DelegatingMethodAccessorImpl.invoke(DelegatingMethodAccessorImpl.java:43)
	at java.lang.reflect.Method.invoke(Method.java:497)
	at org.springframework.orm.jpa.SharedEntityManagerCreator$SharedEntityManagerInvocationHandler.invoke(SharedEntityManagerCreator.java:304)
	at com.sun.proxy.$Proxy72.createQuery(Unknown Source)
	at com.btsl.user.businesslogic.LoginUsersRespositoryImpl.getloadUserDetails(LoginUsersRespositoryImpl.java:152)
	at sun.reflect.NativeMethodAccessorImpl.invoke0(Native Method)
	at sun.reflect.NativeMethodAccessorImpl.invoke(NativeMethodAccessorImpl.java:62)
	at sun.reflect.DelegatingMethodAccessorImpl.invoke(DelegatingMethodAccessorImpl.java:43)
	at java.lang.reflect.Method.invoke(Method.java:497)
	at org.springframework.aop.support.AopUtils.invokeJoinpointUsingReflection(AopUtils.java:343)
	at org.springframework.aop.framework.ReflectiveMethodInvocation.invokeJoinpoint(ReflectiveMethodInvocation.java:198)
	at org.springframework.aop.framework.ReflectiveMethodInvocation.proceed(ReflectiveMethodInvocation.java:163)
	at org.springframework.dao.support.PersistenceExceptionTranslationInterceptor.invoke(PersistenceExceptionTranslationInterceptor.java:139)
	at org.springframework.aop.framework.ReflectiveMethodInvocation.proceed(ReflectiveMethodInvocation.java:186)
	at org.springframework.aop.framework.JdkDynamicAopProxy.invoke(JdkDynamicAopProxy.java:212)
	at com.sun.proxy.$Proxy127.getloadUserDetails(Unknown Source)
	at com.btsl.user.businesslogic.LoginService.loadUserDetails(LoginService.java:1010)
	at com.btsl.user.businesslogic.LoginService.execute(LoginService.java:240)
	at com.btsl.user.businesslogic.LoginService$$FastClassBySpringCGLIB$$c122b809.invoke(<generated>)
	at org.springframework.cglib.proxy.MethodProxy.invoke(MethodProxy.java:218)
	at org.springframework.aop.framework.CglibAopProxy$CglibMethodInvocation.invokeJoinpoint(CglibAopProxy.java:749)
	at org.springframework.aop.framework.ReflectiveMethodInvocation.proceed(ReflectiveMethodInvocation.java:163)
	at org.springframework.aop.support.DelegatingIntroductionInterceptor.doProceed(DelegatingIntroductionInterceptor.java:136)
	at org.springframework.aop.support.DelegatingIntroductionInterceptor.invoke(DelegatingIntroductionInterceptor.java:124)
	at org.springframework.aop.framework.ReflectiveMethodInvocation.proceed(ReflectiveMethodInvocation.java:186)
	at org.springframework.aop.framework.CglibAopProxy$DynamicAdvisedInterceptor.intercept(CglibAopProxy.java:688)
	at com.btsl.user.businesslogic.LoginService$$EnhancerBySpringCGLIB$$32cdf0c2.execute(<generated>)
	at com.restapi.oauth.services.OAuthenticationController.login(OAuthenticationController.java:251)
	at sun.reflect.NativeMethodAccessorImpl.invoke0(Native Method)
	at sun.reflect.NativeMethodAccessorImpl.invoke(NativeMethodAccessorImpl.java:62)
	at sun.reflect.DelegatingMethodAccessorImpl.invoke(DelegatingMethodAccessorImpl.java:43)
	at java.lang.reflect.Method.invoke(Method.java:497)
	at org.springframework.web.method.support.InvocableHandlerMethod.doInvoke(InvocableHandlerMethod.java:189)
	at org.springframework.web.method.support.InvocableHandlerMethod.invokeForRequest(InvocableHandlerMethod.java:138)
	at org.springframework.web.servlet.mvc.method.annotation.ServletInvocableHandlerMethod.invokeAndHandle(ServletInvocableHandlerMethod.java:102)
	at org.springframework.web.servlet.mvc.method.annotation.RequestMappingHandlerAdapter.invokeHandlerMethod(RequestMappingHandlerAdapter.java:895)
	at org.springframework.web.servlet.mvc.method.annotation.RequestMappingHandlerAdapter.handleInternal(RequestMappingHandlerAdapter.java:800)
	at org.springframework.web.servlet.mvc.method.AbstractHandlerMethodAdapter.handle(AbstractHandlerMethodAdapter.java:87)
	at org.springframework.web.servlet.DispatcherServlet.doDispatch(DispatcherServlet.java:1038)
	at org.springframework.web.servlet.DispatcherServlet.doService(DispatcherServlet.java:942)
	at org.springframework.web.servlet.FrameworkServlet.processRequest(FrameworkServlet.java:1005)
	at org.springframework.web.servlet.FrameworkServlet.doPost(FrameworkServlet.java:908)
	at javax.servlet.http.HttpServlet.service(HttpServlet.java:660)
	at org.springframework.web.servlet.FrameworkServlet.service(FrameworkServlet.java:882)
	at javax.servlet.http.HttpServlet.service(HttpServlet.java:741)
	at org.apache.catalina.core.ApplicationFilterChain.internalDoFilter(ApplicationFilterChain.java:231)
	at org.apache.catalina.core.ApplicationFilterChain.doFilter(ApplicationFilterChain.java:166)
	at org.apache.tomcat.websocket.server.WsFilter.doFilter(WsFilter.java:53)
	at org.apache.catalina.core.ApplicationFilterChain.internalDoFilter(ApplicationFilterChain.java:193)
	at org.apache.catalina.core.ApplicationFilterChain.doFilter(ApplicationFilterChain.java:166)
	at com.btsl.security.EncodingFilter.doFilter(EncodingFilter.java:459)
	at org.apache.catalina.core.ApplicationFilterChain.internalDoFilter(ApplicationFilterChain.java:193)
	at org.apache.catalina.core.ApplicationFilterChain.doFilter(ApplicationFilterChain.java:166)
	at org.apache.catalina.core.StandardWrapperValve.invoke(StandardWrapperValve.java:202)
	at org.apache.catalina.core.StandardContextValve.invoke(StandardContextValve.java:96)
	at org.apache.catalina.authenticator.AuthenticatorBase.invoke(AuthenticatorBase.java:541)
	at org.apache.catalina.core.StandardHostValve.invoke(StandardHostValve.java:139)
	at org.apache.catalina.valves.ErrorReportValve.invoke(ErrorReportValve.java:92)
	at org.apache.catalina.valves.AbstractAccessLogValve.invoke(AbstractAccessLogValve.java:688)
	at org.apache.catalina.core.StandardEngineValve.invoke(StandardEngineValve.java:74)
	at org.apache.catalina.connector.CoyoteAdapter.service(CoyoteAdapter.java:343)
	at org.apache.coyote.http11.Http11Processor.service(Http11Processor.java:367)
	at org.apache.coyote.AbstractProcessorLight.process(AbstractProcessorLight.java:65)
	at org.apache.coyote.AbstractProtocol$ConnectionHandler.process(AbstractProtocol.java:868)
	at org.apache.tomcat.util.net.NioEndpoint$SocketProcessor.doRun(NioEndpoint.java:1639)
	at org.apache.tomcat.util.net.SocketProcessorBase.run(SocketProcessorBase.java:49)
	at java.util.concurrent.ThreadPoolExecutor.runWorker(ThreadPoolExecutor.java:1142)
	at java.util.concurrent.ThreadPoolExecutor$Worker.run(ThreadPoolExecutor.java:617)
	at org.apache.tomcat.util.threads.TaskThread$WrappingRunnable.run(TaskThread.java:61)
	at java.lang.Thread.run(Thread.java:745)
Caused by: java.io.IOException: Message too long
	at java.net.PlainDatagramSocketImpl.send(Native Method)
	at java.net.DatagramSocket.send(DatagramSocket.java:693)
	at org.apache.logging.log4j.core.net.DatagramOutputStream.flush(DatagramOutputStream.java:103)
	at org.apache.logging.log4j.core.appender.OutputStreamManager.flushDestination(OutputStreamManager.java:264)
	... 104 more

2023-08-09 13:57:40,734 http-nio-6789-exec-14 ERROR An exception occurred processing Appender PreTUPsOut org.apache.logging.log4j.core.appender.AppenderLoggingException: Error flushing stream UDP:172.30.38.232:6789
	at org.apache.logging.log4j.core.appender.OutputStreamManager.flushDestination(OutputStreamManager.java:266)
	at org.apache.logging.log4j.core.appender.OutputStreamManager.write(OutputStreamManager.java:222)
	at org.apache.logging.log4j.core.appender.OutputStreamManager.write(OutputStreamManager.java:190)
	at org.apache.logging.log4j.core.appender.AbstractOutputStreamAppender.writeByteArrayToManager(AbstractOutputStreamAppender.java:206)
	at org.apache.logging.log4j.core.appender.SocketAppender.directEncodeEvent(SocketAppender.java:459)
	at org.apache.logging.log4j.core.appender.AbstractOutputStreamAppender.tryAppend(AbstractOutputStreamAppender.java:190)
	at org.apache.logging.log4j.core.appender.AbstractOutputStreamAppender.append(AbstractOutputStreamAppender.java:181)
	at org.apache.logging.log4j.core.config.AppenderControl.tryCallAppender(AppenderControl.java:161)
	at org.apache.logging.log4j.core.config.AppenderControl.callAppender0(AppenderControl.java:134)
	at org.apache.logging.log4j.core.config.AppenderControl.callAppenderPreventRecursion(AppenderControl.java:125)
	at org.apache.logging.log4j.core.config.AppenderControl.callAppender(AppenderControl.java:89)
	at org.apache.logging.log4j.core.config.LoggerConfig.callAppenders(LoggerConfig.java:542)
	at org.apache.logging.log4j.core.config.LoggerConfig.processLogEvent(LoggerConfig.java:500)
	at org.apache.logging.log4j.core.config.LoggerConfig.log(LoggerConfig.java:483)
	at org.apache.logging.log4j.core.config.LoggerConfig.log(LoggerConfig.java:388)
	at org.apache.logging.log4j.core.config.AwaitCompletionReliabilityStrategy.log(AwaitCompletionReliabilityStrategy.java:63)
	at org.apache.logging.log4j.core.Logger.logMessage(Logger.java:153)
	at org.jboss.logging.Log4j2Logger.doLog(Log4j2Logger.java:54)
	at org.jboss.logging.Logger.debug(Logger.java:552)
	at org.jboss.logging.DelegatingBasicLogger.debug(DelegatingBasicLogger.java:284)
	at org.hibernate.hql.internal.ast.QueryTranslatorImpl.analyze(QueryTranslatorImpl.java:269)
	at org.hibernate.hql.internal.ast.QueryTranslatorImpl.doCompile(QueryTranslatorImpl.java:189)
	at org.hibernate.hql.internal.ast.QueryTranslatorImpl.compile(QueryTranslatorImpl.java:141)
	at org.hibernate.engine.query.spi.HQLQueryPlan.<init>(HQLQueryPlan.java:115)
	at org.hibernate.engine.query.spi.HQLQueryPlan.<init>(HQLQueryPlan.java:77)
	at org.hibernate.engine.query.spi.QueryPlanCache.getHQLQueryPlan(QueryPlanCache.java:153)
	at org.hibernate.internal.AbstractSharedSessionContract.getQueryPlan(AbstractSharedSessionContract.java:553)
	at org.hibernate.internal.AbstractSharedSessionContract.createQuery(AbstractSharedSessionContract.java:662)
	at org.hibernate.internal.AbstractSessionImpl.createQuery(AbstractSessionImpl.java:23)
	at sun.reflect.GeneratedMethodAccessor98.invoke(Unknown Source)
	at sun.reflect.DelegatingMethodAccessorImpl.invoke(DelegatingMethodAccessorImpl.java:43)
	at java.lang.reflect.Method.invoke(Method.java:497)
	at org.springframework.orm.jpa.ExtendedEntityManagerCreator$ExtendedEntityManagerInvocationHandler.invoke(ExtendedEntityManagerCreator.java:350)
	at com.sun.proxy.$Proxy72.createQuery(Unknown Source)
	at sun.reflect.GeneratedMethodAccessor98.invoke(Unknown Source)
	at sun.reflect.DelegatingMethodAccessorImpl.invoke(DelegatingMethodAccessorImpl.java:43)
	at java.lang.reflect.Method.invoke(Method.java:497)
	at org.springframework.orm.jpa.SharedEntityManagerCreator$SharedEntityManagerInvocationHandler.invoke(SharedEntityManagerCreator.java:304)
	at com.sun.proxy.$Proxy72.createQuery(Unknown Source)
	at com.btsl.user.businesslogic.LoginUsersRespositoryImpl.getloadUserDetails(LoginUsersRespositoryImpl.java:152)
	at sun.reflect.NativeMethodAccessorImpl.invoke0(Native Method)
	at sun.reflect.NativeMethodAccessorImpl.invoke(NativeMethodAccessorImpl.java:62)
	at sun.reflect.DelegatingMethodAccessorImpl.invoke(DelegatingMethodAccessorImpl.java:43)
	at java.lang.reflect.Method.invoke(Method.java:497)
	at org.springframework.aop.support.AopUtils.invokeJoinpointUsingReflection(AopUtils.java:343)
	at org.springframework.aop.framework.ReflectiveMethodInvocation.invokeJoinpoint(ReflectiveMethodInvocation.java:198)
	at org.springframework.aop.framework.ReflectiveMethodInvocation.proceed(ReflectiveMethodInvocation.java:163)
	at org.springframework.dao.support.PersistenceExceptionTranslationInterceptor.invoke(PersistenceExceptionTranslationInterceptor.java:139)
	at org.springframework.aop.framework.ReflectiveMethodInvocation.proceed(ReflectiveMethodInvocation.java:186)
	at org.springframework.aop.framework.JdkDynamicAopProxy.invoke(JdkDynamicAopProxy.java:212)
	at com.sun.proxy.$Proxy127.getloadUserDetails(Unknown Source)
	at com.btsl.user.businesslogic.LoginService.loadUserDetails(LoginService.java:1010)
	at com.btsl.user.businesslogic.LoginService.execute(LoginService.java:240)
	at com.btsl.user.businesslogic.LoginService$$FastClassBySpringCGLIB$$c122b809.invoke(<generated>)
	at org.springframework.cglib.proxy.MethodProxy.invoke(MethodProxy.java:218)
	at org.springframework.aop.framework.CglibAopProxy$CglibMethodInvocation.invokeJoinpoint(CglibAopProxy.java:749)
	at org.springframework.aop.framework.ReflectiveMethodInvocation.proceed(ReflectiveMethodInvocation.java:163)
	at org.springframework.aop.support.DelegatingIntroductionInterceptor.doProceed(DelegatingIntroductionInterceptor.java:136)
	at org.springframework.aop.support.DelegatingIntroductionInterceptor.invoke(DelegatingIntroductionInterceptor.java:124)
	at org.springframework.aop.framework.ReflectiveMethodInvocation.proceed(ReflectiveMethodInvocation.java:186)
	at org.springframework.aop.framework.CglibAopProxy$DynamicAdvisedInterceptor.intercept(CglibAopProxy.java:688)
	at com.btsl.user.businesslogic.LoginService$$EnhancerBySpringCGLIB$$32cdf0c2.execute(<generated>)
	at com.restapi.oauth.services.OAuthenticationController.login(OAuthenticationController.java:251)
	at sun.reflect.NativeMethodAccessorImpl.invoke0(Native Method)
	at sun.reflect.NativeMethodAccessorImpl.invoke(NativeMethodAccessorImpl.java:62)
	at sun.reflect.DelegatingMethodAccessorImpl.invoke(DelegatingMethodAccessorImpl.java:43)
	at java.lang.reflect.Method.invoke(Method.java:497)
	at org.springframework.web.method.support.InvocableHandlerMethod.doInvoke(InvocableHandlerMethod.java:189)
	at org.springframework.web.method.support.InvocableHandlerMethod.invokeForRequest(InvocableHandlerMethod.java:138)
	at org.springframework.web.servlet.mvc.method.annotation.ServletInvocableHandlerMethod.invokeAndHandle(ServletInvocableHandlerMethod.java:102)
	at org.springframework.web.servlet.mvc.method.annotation.RequestMappingHandlerAdapter.invokeHandlerMethod(RequestMappingHandlerAdapter.java:895)
	at org.springframework.web.servlet.mvc.method.annotation.RequestMappingHandlerAdapter.handleInternal(RequestMappingHandlerAdapter.java:800)
	at org.springframework.web.servlet.mvc.method.AbstractHandlerMethodAdapter.handle(AbstractHandlerMethodAdapter.java:87)
	at org.springframework.web.servlet.DispatcherServlet.doDispatch(DispatcherServlet.java:1038)
	at org.springframework.web.servlet.DispatcherServlet.doService(DispatcherServlet.java:942)
	at org.springframework.web.servlet.FrameworkServlet.processRequest(FrameworkServlet.java:1005)
	at org.springframework.web.servlet.FrameworkServlet.doPost(FrameworkServlet.java:908)
	at javax.servlet.http.HttpServlet.service(HttpServlet.java:660)
	at org.springframework.web.servlet.FrameworkServlet.service(FrameworkServlet.java:882)
	at javax.servlet.http.HttpServlet.service(HttpServlet.java:741)
	at org.apache.catalina.core.ApplicationFilterChain.internalDoFilter(ApplicationFilterChain.java:231)
	at org.apache.catalina.core.ApplicationFilterChain.doFilter(ApplicationFilterChain.java:166)
	at org.apache.tomcat.websocket.server.WsFilter.doFilter(WsFilter.java:53)
	at org.apache.catalina.core.ApplicationFilterChain.internalDoFilter(ApplicationFilterChain.java:193)
	at org.apache.catalina.core.ApplicationFilterChain.doFilter(ApplicationFilterChain.java:166)
	at com.btsl.security.EncodingFilter.doFilter(EncodingFilter.java:459)
	at org.apache.catalina.core.ApplicationFilterChain.internalDoFilter(ApplicationFilterChain.java:193)
	at org.apache.catalina.core.ApplicationFilterChain.doFilter(ApplicationFilterChain.java:166)
	at org.apache.catalina.core.StandardWrapperValve.invoke(StandardWrapperValve.java:202)
	at org.apache.catalina.core.StandardContextValve.invoke(StandardContextValve.java:96)
	at org.apache.catalina.authenticator.AuthenticatorBase.invoke(AuthenticatorBase.java:541)
	at org.apache.catalina.core.StandardHostValve.invoke(StandardHostValve.java:139)
	at org.apache.catalina.valves.ErrorReportValve.invoke(ErrorReportValve.java:92)
	at org.apache.catalina.valves.AbstractAccessLogValve.invoke(AbstractAccessLogValve.java:688)
	at org.apache.catalina.core.StandardEngineValve.invoke(StandardEngineValve.java:74)
	at org.apache.catalina.connector.CoyoteAdapter.service(CoyoteAdapter.java:343)
	at org.apache.coyote.http11.Http11Processor.service(Http11Processor.java:367)
	at org.apache.coyote.AbstractProcessorLight.process(AbstractProcessorLight.java:65)
	at org.apache.coyote.AbstractProtocol$ConnectionHandler.process(AbstractProtocol.java:868)
	at org.apache.tomcat.util.net.NioEndpoint$SocketProcessor.doRun(NioEndpoint.java:1639)
	at org.apache.tomcat.util.net.SocketProcessorBase.run(SocketProcessorBase.java:49)
	at java.util.concurrent.ThreadPoolExecutor.runWorker(ThreadPoolExecutor.java:1142)
	at java.util.concurrent.ThreadPoolExecutor$Worker.run(ThreadPoolExecutor.java:617)
	at org.apache.tomcat.util.threads.TaskThread$WrappingRunnable.run(TaskThread.java:61)
	at java.lang.Thread.run(Thread.java:745)
Caused by: java.io.IOException: Message too long
	at java.net.PlainDatagramSocketImpl.send(Native Method)
	at java.net.DatagramSocket.send(DatagramSocket.java:693)
	at org.apache.logging.log4j.core.net.DatagramOutputStream.flush(DatagramOutputStream.java:103)
	at org.apache.logging.log4j.core.appender.OutputStreamManager.flushDestination(OutputStreamManager.java:264)
	... 104 more

userId >>>>>>>>>>>>>>>>>>>>>>. NGBC0000003721
userId >>>>>>>>>>>>>>>>>>>>>>. 2023-08-09 13:57:42.389
POST
TokenResponseVO [token=f7ebdf1d78e7da6a7681ea64c4b06b5fb3e1804c290bdfe003766c5ad41d4d53.a8b11d52631cc2887fa326a5a9e7e184942a839cb7ca387895aadaedcb56d9f4eaf11c66de7c53ab3f954b1f6702dcba21b5f3dd96a43397e02a1c660b6ec12628a472ecf4f5b9c0394d6c9b1889e9153c2560f88f91e587f40da83af1d615ecfd55678bdab1a917fefab15e9c54da2d41c419c19db8701c9c78cc07900638397c2ec3f0660022085233f35878537c707b232526550bbb930b3420bdbdc0c69bd603868edb5a477d7a3433b9f4e95814214d5d9b27ba8c011c5ecc1e499b548de9cc72bcbb4a3cb403800c1ac38fc03ea1127cb3074911437376431b1b790e04342815cf4f459d8d59a61ed45469f9cd2b0f833df90895c63a29e9f993d8bed0df632823f2948533df418b1d457cf40a.f26226f581d2838b10626ef7074749320eaffd13988a52c62fb4d2538a0cd26c, refreshToken=f7ebdf1d78e7da6a7681ea64c4b06b5fb3e1804c290bdfe003766c5ad41d4d53.a8b11d52631cc2887fa326a5a9e7e184942a839cb7ca387895aadaedcb56d9f4eaf11c66de7c53ab3f954b1f6702dcba21b5f3dd96a43397e02a1c660b6ec12628a472ecf4f5b9c0394d6c9b1889e9153c2560f88f91e587f40da83af1d615ecfd55678bdab1a917fefab15e9c54da2d41c419c19db8701c9c78cc07900638397c2ec3f0660022085233f35878537c707b232526550bbb930b3420bdbdc0c69bd603868edb5a477d7a3433b9f4e958147a5b5700b2fd7bdc8f3032df0482f897b8e6c70154cd7d3cec1a3feb2259b29158b14217cd3f6af6086aeeb944e9677d74a02a2ca50af6a7626ad57900a0cb05f927eb56d73a5f4fa5cd6c00c6218f61105c58fd71d08b73f4590e6da12fb8f4.6af6e10efaa1ccdd08c78d18771ee8f0ba4292f1b0f95cc9f67028cc1e14fafc, status=200, messageCode=9020, message=Success]
sqlSelect  >>>> SELECT distinct PAGES.page_code,
  PAGES.module_code,
  PAGES.page_url,
  PAGES.menu_name,
  PAGES.PAGE_URL,
  PAGES.IMAGE,
  PAGES.PARENT_PAGE_CODE,
  PAGES.SHOW_MENU,
  PAGES.sequence_no,
  --MODULE.module_name,
  PAGES.menu_level,
  coalesce (ROLES.from_hour :: INTEGER, 0) from_hour,
  coalesce (ROLES.to_hour :: INTEGER, 24) to_hour,
  --MODULE.sequence_no MSEQ,
  ROLES.ACCESS_TYPE, 
 PAGES.APP_NAME FROM CATEGORY_ROLES,
  USER_ROLES,
  ROLES ,
  PAGE_UI_ROLES PAGE_ROLES,
  PAGES_UI PAGES,
 GROUP_ROLES 
  --,MODULES MODULE
WHERE 
USER_ROLES.user_id        =? AND ((PAGES.DOMAIN_TYPE IS NULL) OR PAGES.DOMAIN_TYPE = ?)
AND ((PAGES.CATEGORY_CODE IS NULL) OR PAGES.CATEGORY_CODE = ?)
AND USER_ROLES.role_code=ROLES.role_code
AND ROLES.domain_type           =? AND CATEGORY_ROLES.category_code= ? AND CATEGORY_ROLES.role_code=USER_ROLES.role_code 
AND ROLES.role_code             =PAGE_ROLES.role_code
AND (ROLES.status              IS NULL
OR ROLES.status                 ='Y')
AND PAGE_ROLES.page_code        =PAGES.page_code
--AND PAGES.module_code           =MODULE.module_code
AND (ROLES.role_type           IS NULL
OR ROLES.role_type              =(case 'ALL' when 'ALL' then ROLES.role_type else 'ALL' end))
AND ROLES.gateway_types LIKE '%WEB%'
AND PAGES.PAGE_TYPE IS NULL  ORDER BY 
--MODULE.application_id,
  --MODULE.sequence_no,
  PAGES.sequence_no
POST
index.jsp explorerStr=Mozilla/5.0 (Windows NT 10.0; Win64; x64) AppleWebKit/537.36 (KHTML, like Gecko) Chrome/115.0.0.0 Safari/537.36
.....2
index.jsp explorerStr=Mozilla/5.0 (Windows NT 10.0; Win64; x64) AppleWebKit/537.36 (KHTML, like Gecko) Chrome/115.0.0.0 Safari/537.36
.....2
POST
index.jsp explorerStr=Mozilla/5.0 (Windows NT 10.0; Win64; x64) AppleWebKit/537.36 (KHTML, like Gecko) Chrome/115.0.0.0 Safari/537.36
.....2
POST
pretups123>>>>>>>>>>>>>>pretups123
abc/data1/pretupsapp/tomcat_trunk_springboot/vms/vmsdev/logs/cookies/
userId >>>>>>>>>>>>>>>>>>>>>>. NGBC0000003721
userId >>>>>>>>>>>>>>>>>>>>>>. 2023-08-09 14:03:36.269
POST
TokenResponseVO [token=f7ebdf1d78e7da6a7681ea64c4b06b5fb3e1804c290bdfe003766c5ad41d4d53.a8b11d52631cc2887fa326a5a9e7e184942a839cb7ca387895aadaedcb56d9f4eaf11c66de7c53ab3f954b1f6702dcba21b5f3dd96a43397e02a1c660b6ec1262afdd7cd84095e6dda762ae7fc21e2081b3dec2649ed66f05c17dc35f3067959071c9203c88c920d27ea7073ea1144204638c28746d8a3a5c3751aa54d4861b09676fafe0a37dda82750412cba500463777586f464469a0c1f48d85e634b969326d0661c9c424786b90dfe470f3c2d1fd550cfb1979ce03e9e7cd4f53d64ed4e6dd71bc5a252425d95d065993ae2d28380d0b5b9b4fc7493771fd3b0c3daad6b4eb57b0fc5379cba7572841891123cc6db6a2d2f702064b97c3a6c30efd0eb740c7824ea8784e04c77ae30ddc03d72112849f3f127630187.f9b2e15c963109ca97ec1adec73a5f22d319b8fedaff069f72f6eb029410c7c3, refreshToken=f7ebdf1d78e7da6a7681ea64c4b06b5fb3e1804c290bdfe003766c5ad41d4d53.a8b11d52631cc2887fa326a5a9e7e184942a839cb7ca387895aadaedcb56d9f4eaf11c66de7c53ab3f954b1f6702dcba21b5f3dd96a43397e02a1c660b6ec1262afdd7cd84095e6dda762ae7fc21e2081b3dec2649ed66f05c17dc35f3067959071c9203c88c920d27ea7073ea1144204638c28746d8a3a5c3751aa54d4861b09676fafe0a37dda82750412cba500463777586f464469a0c1f48d85e634b969326d0661c9c424786b90dfe470f3c2d1fe9238211b0b9fc4d15e7c772c11ce689e325fcf1aae71ef0c6849e824da60fc7140ab3ee97eed395f1ad8cb44e7feb181d42224165b25548a71f63e57f2c76dca6f4718d5e05e3682de884021f3c5f580e9b07eeaf0545a676c79d6c864deb6b14b9f51d56e19275.ef83e3727b346ae1064ad485752696b79f8c164b1230e2d9525e603f1835386c, status=200, messageCode=9020, message=Success]
sqlSelect  >>>> SELECT distinct PAGES.page_code,
  PAGES.module_code,
  PAGES.page_url,
  PAGES.menu_name,
  PAGES.PAGE_URL,
  PAGES.IMAGE,
  PAGES.PARENT_PAGE_CODE,
  PAGES.SHOW_MENU,
  PAGES.sequence_no,
  --MODULE.module_name,
  PAGES.menu_level,
  coalesce (ROLES.from_hour :: INTEGER, 0) from_hour,
  coalesce (ROLES.to_hour :: INTEGER, 24) to_hour,
  --MODULE.sequence_no MSEQ,
  ROLES.ACCESS_TYPE, 
 PAGES.APP_NAME FROM CATEGORY_ROLES,
  USER_ROLES,
  ROLES ,
  PAGE_UI_ROLES PAGE_ROLES,
  PAGES_UI PAGES,
 GROUP_ROLES 
  --,MODULES MODULE
WHERE 
USER_ROLES.user_id        =? AND ((PAGES.DOMAIN_TYPE IS NULL) OR PAGES.DOMAIN_TYPE = ?)
AND ((PAGES.CATEGORY_CODE IS NULL) OR PAGES.CATEGORY_CODE = ?)
AND USER_ROLES.role_code=ROLES.role_code
AND ROLES.domain_type           =? AND CATEGORY_ROLES.category_code= ? AND CATEGORY_ROLES.role_code=USER_ROLES.role_code 
AND ROLES.role_code             =PAGE_ROLES.role_code
AND (ROLES.status              IS NULL
OR ROLES.status                 ='Y')
AND PAGE_ROLES.page_code        =PAGES.page_code
--AND PAGES.module_code           =MODULE.module_code
AND (ROLES.role_type           IS NULL
OR ROLES.role_type              =(case 'ALL' when 'ALL' then ROLES.role_type else 'ALL' end))
AND ROLES.gateway_types LIKE '%WEB%'
AND PAGES.PAGE_TYPE IS NULL  ORDER BY 
--MODULE.application_id,
  --MODULE.sequence_no,
  PAGES.sequence_no
index.jsp explorerStr=Mozilla/5.0 (Windows NT 10.0; Win64; x64) AppleWebKit/537.36 (KHTML, like Gecko) Chrome/115.0.0.0 Safari/537.36
.....2
index.jsp explorerStr=Mozilla/5.0 (Windows NT 10.0; Win64; x64) AppleWebKit/537.36 (KHTML, like Gecko) Chrome/115.0.0.0 Safari/537.36
.....2
pretups123>>>>>>>>>>>>>>pretups123
abc/data1/pretupsapp/tomcat_trunk_springboot/vms/vmsdev/logs/cookies/
userId >>>>>>>>>>>>>>>>>>>>>>. SU0001
userId >>>>>>>>>>>>>>>>>>>>>>. 2023-08-09 14:06:05.581
POST
TokenResponseVO [token=f7ebdf1d78e7da6a7681ea64c4b06b5fb3e1804c290bdfe003766c5ad41d4d53.a8b11d52631cc28850d6398cc322da9d2c57f8f19cc45cf5885ae448f6603480c2a273359a300c391515477aee76015039ca029058ac6c39bb72142ff75dfb2ed2d72b3de0179fae9ed60d0c1d671a9a365d2f74f721fa3dae4f402df07af194a9abdb8d2460d85f67272d6b1d12c5007d8a98e9affdb6ba2c5ff8863dde57ed059e0d90db93484a1a3ce8194671bbbba7df089417cba322e3680e0d4bbb96d3f701510df5c587a33fbde47b235e56cccb0f8cc8e95253bbc04a59e725eface1d166b4eb352afde28a60b6cabd6544f0b019c6cc5677cf74b45b715c5d65847b3740fef31575949ba7f78ddeb00e67da93ecf29543d82392f341cc213f626cd4bbc1cc8fba08448d3f4af7063db4262915b10c0a3df99580.734216d23680134d15351c8023c3426e0b2c90bd826331557eebb6727480e4c7, refreshToken=f7ebdf1d78e7da6a7681ea64c4b06b5fb3e1804c290bdfe003766c5ad41d4d53.a8b11d52631cc28850d6398cc322da9d2c57f8f19cc45cf5885ae448f6603480c2a273359a300c391515477aee76015039ca029058ac6c39bb72142ff75dfb2ed2d72b3de0179fae9ed60d0c1d671a9a365d2f74f721fa3dae4f402df07af194a9abdb8d2460d85f67272d6b1d12c5007d8a98e9affdb6ba2c5ff8863dde57ed059e0d90db93484a1a3ce8194671bbbba7df089417cba322e3680e0d4bbb96d3f701510df5c587a33fbde47b235e56cc20367c65709128955f89f031643bd316c42ffb0f3740d4fa8c888d081f2b70cdabb8d8f99edaf2b3d221332251d33833ed1c3efd6843d5a1a1fbd82ac09fc2029093ec3cc36d7cc3158f68070f8543c21677f8ac2b2ca8b9e985adc3d881b4017667be9f474bb050.2e3bc8a3bb943192d6cf01d430bc65b78b207634fa8323ee487c20527a1a4b39, status=200, messageCode=9020, message=Success]
sqlSelect  >>>> SELECT distinct PAGES.page_code,
  PAGES.module_code,
  PAGES.page_url,
  PAGES.menu_name,
  PAGES.PAGE_URL,
  PAGES.IMAGE,
  PAGES.PARENT_PAGE_CODE,
  PAGES.SHOW_MENU,
  PAGES.sequence_no,
  --MODULE.module_name,
  PAGES.menu_level,
  coalesce (ROLES.from_hour :: INTEGER, 0) from_hour,
  coalesce (ROLES.to_hour :: INTEGER, 24) to_hour,
  --MODULE.sequence_no MSEQ,
  ROLES.ACCESS_TYPE, 
 PAGES.APP_NAME FROM CATEGORY_ROLES,
  USER_ROLES,
  ROLES ,
  PAGE_UI_ROLES PAGE_ROLES,
  PAGES_UI PAGES
  --,MODULES MODULE
WHERE 

CATEGORY_ROLES.category_code= ? 
AND CATEGORY_ROLES.role_code    =ROLES.role_code
AND ROLES.domain_type           = ? 
AND ROLES.role_code             =PAGE_ROLES.role_code
AND (ROLES.status              IS NULL
OR ROLES.status                 ='Y')
AND PAGE_ROLES.page_code        =PAGES.page_code
AND (ROLES.role_type           IS NULL
OR ROLES.role_type              =(case 'ALL' when 'ALL' then ROLES.role_type else 'ALL' end))
AND ROLES.gateway_types LIKE '%WEB%'
AND ((PAGES.DOMAIN_TYPE IS NULL) OR PAGES.DOMAIN_TYPE = ?)
AND ((PAGES.CATEGORY_CODE IS NULL) OR PAGES.CATEGORY_CODE = ?)
AND PAGES.PAGE_TYPE IS NULL 
ORDER BY 
  PAGES.sequence_no
pretups123>>>>>>>>>>>>>>pretups123
abc/data1/pretupsapp/tomcat_trunk_springboot/vms/vmsdev/logs/cookies/
userId >>>>>>>>>>>>>>>>>>>>>>. NGLA0000001752
userId >>>>>>>>>>>>>>>>>>>>>>. 2023-08-09 14:18:45.901
POST
TokenResponseVO [token=f7ebdf1d78e7da6a7681ea64c4b06b5fb3e1804c290bdfe003766c5ad41d4d53.a8b11d52631cc288fccd2d4886fc57075d9eb834d30372206fa4d012d014550bc91be7f5d5f431b5c0c907744e41fafaab7eed2239cac21aad0852c3619a8b1c30e56f0af425043b4ffb51eaf775867cd179039a0b448a32093dc040ed654489e60ec42ce5883b3379be5e8fe36d8894d0a7a6f256eef389e7a42d75df447212282952422eecf0e40b4710c5cc0fda26f84d8cc3ee96450e25b1765ee0d854873415850226c8dfe6c34f2b750826cc1d36f9e187b873ef52aebcaa8157557f3f88849712611f06dcda2d91308400e66e1a2f7eae963f9cf03860be7ae441aec7933277c1840bc141773e965774f75d42be6755c6e6db735ce618fe5b23e14361707c0477c98204e3ad5f26ab8c49ec06.c790fa37402e606041e1d11ac4dd4655325e027c80912a4a6fc47c6ab69ce3e6, refreshToken=f7ebdf1d78e7da6a7681ea64c4b06b5fb3e1804c290bdfe003766c5ad41d4d53.a8b11d52631cc288fccd2d4886fc57075d9eb834d30372206fa4d012d014550bc91be7f5d5f431b5c0c907744e41fafaab7eed2239cac21aad0852c3619a8b1c30e56f0af425043b4ffb51eaf775867cd179039a0b448a32093dc040ed654489e60ec42ce5883b3379be5e8fe36d8894d0a7a6f256eef389e7a42d75df447212282952422eecf0e40b4710c5cc0fda26f84d8cc3ee96450e25b1765ee0d854873415850226c8dfe6c34f2b750826cc1d0211a3934896d25e1893815a129df308f37d9f4b7376bac922e201895da43f974a87633866a37d805b3f5485fd6b2d6154ff63427d3018a48d2fb41b5d55d6b9f441ca66c2e56db1595457b6d8076ca9ce7182ee191a634ba7c684be47746dec.953c18e9ededdd56f5e4df9b12b5f27d0524418207927a959e392f63dc1047f2, status=200, messageCode=9020, message=Success]
pretups123>>>>>>>>>>>>>>pretups123
abc/data1/pretupsapp/tomcat_trunk_springboot/vms/vmsdev/logs/cookies/
userId >>>>>>>>>>>>>>>>>>>>>>. NGLA0000001752
userId >>>>>>>>>>>>>>>>>>>>>>. 2023-08-09 14:20:53.35
POST
TokenResponseVO [token=f7ebdf1d78e7da6a7681ea64c4b06b5fb3e1804c290bdfe003766c5ad41d4d53.a8b11d52631cc288fccd2d4886fc57075d9eb834d30372206fa4d012d014550bc91be7f5d5f431b5c0c907744e41fafaab7eed2239cac21aad0852c3619a8b1c9296c5c94f07142c544c49852c112938ef6671e464728a6d79449aebe696236625d70c5fdbd25d65c1d8678e2d39eae6a56065cbb1ddb0cf86a5afdb4009e0099aa958877864a628e037b92d51c03f72af59723584ce511b750fa17e71c13f3541e8f90da504ead1e95b38105c926b0169702d2918a7de7215bd3975f95a968d09a24fa334c1c4d40f17362f1a116fb114df0307a96766c05e2c3c693dcead569969c77c778aa2186258c7f4e9125fefca785a9f187c5f10e9341a698ee75dbeaa8f759eb35b7c172493dc82b4b5cf7e.d99dad4385ab8fdad701fc6dd8d11857aaac656c1f84b0d410440962478180d9, refreshToken=f7ebdf1d78e7da6a7681ea64c4b06b5fb3e1804c290bdfe003766c5ad41d4d53.a8b11d52631cc288fccd2d4886fc57075d9eb834d30372206fa4d012d014550bc91be7f5d5f431b5c0c907744e41fafaab7eed2239cac21aad0852c3619a8b1c9296c5c94f07142c544c49852c112938ef6671e464728a6d79449aebe696236625d70c5fdbd25d65c1d8678e2d39eae6a56065cbb1ddb0cf86a5afdb4009e0099aa958877864a628e037b92d51c03f72af59723584ce511b750fa17e71c13f3541e8f90da504ead1e95b38105c926b01df34e309f215379efc19a023185f70677964c74466f243ee2888c050a2bf579ea2978f072d242b300dc15f9ad4098397849348a421d19ae8086977988302cc9ca97889c95424f91d57078b9a886a68e32b4bd3a91f9a39f2eaa9f6c8f9f6ab21.0ba6b00dd6e656e0bc932fe32c8660c656d930850046abb7f605f0bfb9164b68, status=200, messageCode=9020, message=Success]
index.jsp explorerStr=Mozilla/5.0 (Windows NT 10.0; Win64; x64) AppleWebKit/537.36 (KHTML, like Gecko) Chrome/115.0.0.0 Safari/537.36
.....2
pretups123>>>>>>>>>>>>>>pretups123
abc/data1/pretupsapp/tomcat_trunk_springboot/vms/vmsdev/logs/cookies/
userId >>>>>>>>>>>>>>>>>>>>>>. NGBC0000003721
userId >>>>>>>>>>>>>>>>>>>>>>. 2023-08-09 14:23:42.082
POST
TokenResponseVO [token=f7ebdf1d78e7da6a7681ea64c4b06b5fb3e1804c290bdfe003766c5ad41d4d53.a8b11d52631cc2887fa326a5a9e7e184942a839cb7ca387895aadaedcb56d9f4eaf11c66de7c53ab3f954b1f6702dcba21b5f3dd96a43397e02a1c660b6ec1262afdd7cd84095e6d7bdd42eca071d816cf6c3b6dda5901aec322db03efc8aaff97ff65bd5bf771e6b08ab390109ef3aa9d53d0934ec26e8447626f683842f394c960ff7249abb87829731b817ac8b53dfa1946672606f284a98e3d83ee55bc1c293bbc01e5fe33cb30fd46ba998b5a7b68c0c76e8471ef410d924d4e4220c202d157cc468a2d858c43fa79b377eeacfab673ef343dfd87c5655d1454faa3136ce7befad3e71bace9700481c317f9fd65d08fd4624c52c10e82179f7726a2fbe79053ed502561468c96f1a6481ebcb1d75d4049b93a46ba48.d93a488d25cff69a1fd1c009c651094da933bc6d068b07d0dac44a1453eb52df, refreshToken=f7ebdf1d78e7da6a7681ea64c4b06b5fb3e1804c290bdfe003766c5ad41d4d53.a8b11d52631cc2887fa326a5a9e7e184942a839cb7ca387895aadaedcb56d9f4eaf11c66de7c53ab3f954b1f6702dcba21b5f3dd96a43397e02a1c660b6ec1262afdd7cd84095e6d7bdd42eca071d816cf6c3b6dda5901aec322db03efc8aaff97ff65bd5bf771e6b08ab390109ef3aa9d53d0934ec26e8447626f683842f394c960ff7249abb87829731b817ac8b53dfa1946672606f284a98e3d83ee55bc1c293bbc01e5fe33cb30fd46ba998b5a7b202d4fddebdc1ded06e27b865d29bb56b66889c747bffcf1a7d30ae0e08f2a5b64a42d2c0fcc074440a66c377e502e930d7c41564673cd977b87bc1e097bb72a8ddecfcb14f5600e8ddc7af2bdc050610c4bde213b2c5e5ed1b319551f9c02a9cb75226f3a535047.b6c45010f719f846a8582833d4d45788007e8dfd229ddda3dc692f1e8d48d91e, status=200, messageCode=9020, message=Success]
sqlSelect  >>>> SELECT distinct PAGES.page_code,
  PAGES.module_code,
  PAGES.page_url,
  PAGES.menu_name,
  PAGES.PAGE_URL,
  PAGES.IMAGE,
  PAGES.PARENT_PAGE_CODE,
  PAGES.SHOW_MENU,
  PAGES.sequence_no,
  --MODULE.module_name,
  PAGES.menu_level,
  coalesce (ROLES.from_hour :: INTEGER, 0) from_hour,
  coalesce (ROLES.to_hour :: INTEGER, 24) to_hour,
  --MODULE.sequence_no MSEQ,
  ROLES.ACCESS_TYPE, 
 PAGES.APP_NAME FROM CATEGORY_ROLES,
  USER_ROLES,
  ROLES ,
  PAGE_UI_ROLES PAGE_ROLES,
  PAGES_UI PAGES,
 GROUP_ROLES 
  --,MODULES MODULE
WHERE 
USER_ROLES.user_id        =? AND ((PAGES.DOMAIN_TYPE IS NULL) OR PAGES.DOMAIN_TYPE = ?)
AND ((PAGES.CATEGORY_CODE IS NULL) OR PAGES.CATEGORY_CODE = ?)
AND USER_ROLES.role_code=ROLES.role_code
AND ROLES.domain_type           =? AND CATEGORY_ROLES.category_code= ? AND CATEGORY_ROLES.role_code=USER_ROLES.role_code 
AND ROLES.role_code             =PAGE_ROLES.role_code
AND (ROLES.status              IS NULL
OR ROLES.status                 ='Y')
AND PAGE_ROLES.page_code        =PAGES.page_code
--AND PAGES.module_code           =MODULE.module_code
AND (ROLES.role_type           IS NULL
OR ROLES.role_type              =(case 'ALL' when 'ALL' then ROLES.role_type else 'ALL' end))
AND ROLES.gateway_types LIKE '%WEB%'
AND PAGES.PAGE_TYPE IS NULL  ORDER BY 
--MODULE.application_id,
  --MODULE.sequence_no,
  PAGES.sequence_no
index.jsp explorerStr=Mozilla/5.0 (Windows NT 10.0; Win64; x64) AppleWebKit/537.36 (KHTML, like Gecko) Chrome/115.0.0.0 Safari/537.36
.....2
pretups123>>>>>>>>>>>>>>pretups123
abc/data1/pretupsapp/tomcat_trunk_springboot/vms/vmsdev/logs/cookies/
userId >>>>>>>>>>>>>>>>>>>>>>. NGLA0000001752
userId >>>>>>>>>>>>>>>>>>>>>>. 2023-08-09 14:24:06.315
POST
TokenResponseVO [token=f7ebdf1d78e7da6a7681ea64c4b06b5fb3e1804c290bdfe003766c5ad41d4d53.a8b11d52631cc288fccd2d4886fc57075d9eb834d30372206fa4d012d014550bc91be7f5d5f431b5c0c907744e41fafaab7eed2239cac21aad0852c3619a8b1c9296c5c94f07142c769969c191ef9361e335ff5ce0843550b38ab59b172c48c4b4a37d53e4d32580d8b0978b92de3a0a4d09a4047008eeb915828d06ca0b9d30c626d34a34b5d0fff67e5894e740b8f9e83a045faf2083bc4403a8921a0fc25588122469f1da453a989fe0abf122c898ca1136f361311ee2621dc845b5bcca0b2b562166ac23dad801dc32c4fbc9114fb614eeb821c6b5e96ab10848782a6ec65c7f7eb1139b589e7f4b66605c9a7f4ef734ce080afde0039e1bbddeb542695e89baed7e5c2239a46bcb5e2bf0350202.381c72c1ce6569066107432a8764e801b373fa574b3473fdd9ec1ea12085ff8a, refreshToken=f7ebdf1d78e7da6a7681ea64c4b06b5fb3e1804c290bdfe003766c5ad41d4d53.a8b11d52631cc288fccd2d4886fc57075d9eb834d30372206fa4d012d014550bc91be7f5d5f431b5c0c907744e41fafaab7eed2239cac21aad0852c3619a8b1c9296c5c94f07142c769969c191ef9361e335ff5ce0843550b38ab59b172c48c4b4a37d53e4d32580d8b0978b92de3a0a4d09a4047008eeb915828d06ca0b9d30c626d34a34b5d0fff67e5894e740b8f9e83a045faf2083bc4403a8921a0fc25588122469f1da453a989fe0abf122c8986afdf1d3a4a0e0808f63e723d3fdc7384cabcf932dc4362a48d5fd3c2c7ad27efbb6b95d32a8c0a48bdf1511d72b03f9f3b88f4e9d8c211703ad6565f8c3e3e2a6f10824a8f3ed0c5edd3f2e8461c90970adbd7f9a40d61722fe06369e46bbe4.cad706c9681d4023d53eeaa9139b3f4fc462beab652d551e5ccee37c7cd0ca38, status=200, messageCode=9020, message=Success]
index.jsp explorerStr=Mozilla/5.0 (Windows NT 10.0; Win64; x64) AppleWebKit/537.36 (KHTML, like Gecko) Chrome/115.0.0.0 Safari/537.36
.....2
index.jsp explorerStr=Mozilla/5.0 (Windows NT 10.0; Win64; x64) AppleWebKit/537.36 (KHTML, like Gecko) Chrome/115.0.0.0 Safari/537.36 Edg/115.0.1901.188
.....2
sqlSelect  >>>> SELECT distinct PAGES.page_code,
  PAGES.module_code,
  PAGES.page_url,
  PAGES.menu_name,
  PAGES.PAGE_URL,
  PAGES.IMAGE,
  PAGES.PARENT_PAGE_CODE,
  PAGES.SHOW_MENU,
  PAGES.sequence_no,
  --MODULE.module_name,
  PAGES.menu_level,
  coalesce (ROLES.from_hour :: INTEGER, 0) from_hour,
  coalesce (ROLES.to_hour :: INTEGER, 24) to_hour,
  --MODULE.sequence_no MSEQ,
  ROLES.ACCESS_TYPE, 
 PAGES.APP_NAME FROM CATEGORY_ROLES,
  USER_ROLES,
  ROLES ,
  PAGE_UI_ROLES PAGE_ROLES,
  PAGES_UI PAGES,
 GROUP_ROLES 
  --,MODULES MODULE
WHERE 
USER_ROLES.user_id        =? AND ((PAGES.DOMAIN_TYPE IS NULL) OR PAGES.DOMAIN_TYPE = ?)
AND ((PAGES.CATEGORY_CODE IS NULL) OR PAGES.CATEGORY_CODE = ?)
AND USER_ROLES.role_code=ROLES.role_code
AND ROLES.domain_type           =? AND CATEGORY_ROLES.category_code= ? AND CATEGORY_ROLES.role_code=USER_ROLES.role_code 
AND ROLES.role_code             =PAGE_ROLES.role_code
AND (ROLES.status              IS NULL
OR ROLES.status                 ='Y')
AND PAGE_ROLES.page_code        =PAGES.page_code
--AND PAGES.module_code           =MODULE.module_code
AND (ROLES.role_type           IS NULL
OR ROLES.role_type              =(case 'ALL' when 'ALL' then ROLES.role_type else 'ALL' end))
AND ROLES.gateway_types LIKE '%WEB%'
AND PAGES.PAGE_TYPE IS NULL  ORDER BY 
--MODULE.application_id,
  --MODULE.sequence_no,
  PAGES.sequence_no
pretups123>>>>>>>>>>>>>>pretups123
abc/data1/pretupsapp/tomcat_trunk_springboot/vms/vmsdev/logs/cookies/
userId >>>>>>>>>>>>>>>>>>>>>>. NGBC0000003721
userId >>>>>>>>>>>>>>>>>>>>>>. 2023-08-09 14:25:19.492
POST
TokenResponseVO [token=f7ebdf1d78e7da6a7681ea64c4b06b5fb3e1804c290bdfe003766c5ad41d4d53.a8b11d52631cc2887fa326a5a9e7e184942a839cb7ca387895aadaedcb56d9f4eaf11c66de7c53ab3f954b1f6702dcba21b5f3dd96a43397e02a1c660b6ec1262afdd7cd84095e6d023b60413158e185a797ccfc8d271a577ceb629c0eae0ec1b9b825ee75d69f55101b36159a2cac3a48a0141d1652645ea36400a52358f48112b7ab7081f657de22a564273b39d4e3f4ddfe6c371c8f1996500f2e07cface4ea947e11e6b00f58df323d6a8353a65027bd7d9b75c8ed8d8f605598dbf5f4c4af4dbfc0c43f2e89a8253acdb454c7fa04fc963d9e7123f5f6c627b07d988d55df349b3078c41d9c0548e5180658e4e16182a0e65ebb5f5ccdff22ecd2b8de1a1a5db4e797c085ae91c69b0bf1987fae31cc282e58c40dbe.c3f43fe49c1f761f55f6b0f40b5547318c2bdea11217318d87f1f435f1120e91, refreshToken=f7ebdf1d78e7da6a7681ea64c4b06b5fb3e1804c290bdfe003766c5ad41d4d53.a8b11d52631cc2887fa326a5a9e7e184942a839cb7ca387895aadaedcb56d9f4eaf11c66de7c53ab3f954b1f6702dcba21b5f3dd96a43397e02a1c660b6ec1262afdd7cd84095e6d023b60413158e185a797ccfc8d271a577ceb629c0eae0ec1b9b825ee75d69f55101b36159a2cac3a48a0141d1652645ea36400a52358f48112b7ab7081f657de22a564273b39d4e3f4ddfe6c371c8f1996500f2e07cface4ea947e11e6b00f58df323d6a8353a650fb175559fa1bee2934834b7a1406a6dd526fe08ba842945c08e0b3dbe3e40336e75c5c31185d9e7caa2b91c2272c5037885a24ada665c79fd15fadd6301fad255c3e464b1bdfad834d5ba57622d4db5c93e5dca309b600485c2d6652a085f932397e798521162c5f.c9127c8ea138ed517beedf325536f96f88e10d53cf004bdb4d75b367f49774fe, status=200, messageCode=9020, message=Success]
sqlSelect  >>>> SELECT distinct PAGES.page_code,
  PAGES.module_code,
  PAGES.page_url,
  PAGES.menu_name,
  PAGES.PAGE_URL,
  PAGES.IMAGE,
  PAGES.PARENT_PAGE_CODE,
  PAGES.SHOW_MENU,
  PAGES.sequence_no,
  --MODULE.module_name,
  PAGES.menu_level,
  coalesce (ROLES.from_hour :: INTEGER, 0) from_hour,
  coalesce (ROLES.to_hour :: INTEGER, 24) to_hour,
  --MODULE.sequence_no MSEQ,
  ROLES.ACCESS_TYPE, 
 PAGES.APP_NAME FROM CATEGORY_ROLES,
  USER_ROLES,
  ROLES ,
  PAGE_UI_ROLES PAGE_ROLES,
  PAGES_UI PAGES,
 GROUP_ROLES 
  --,MODULES MODULE
WHERE 
USER_ROLES.user_id        =? AND ((PAGES.DOMAIN_TYPE IS NULL) OR PAGES.DOMAIN_TYPE = ?)
AND ((PAGES.CATEGORY_CODE IS NULL) OR PAGES.CATEGORY_CODE = ?)
AND USER_ROLES.role_code=ROLES.role_code
AND ROLES.domain_type           =? AND CATEGORY_ROLES.category_code= ? AND CATEGORY_ROLES.role_code=USER_ROLES.role_code 
AND ROLES.role_code             =PAGE_ROLES.role_code
AND (ROLES.status              IS NULL
OR ROLES.status                 ='Y')
AND PAGE_ROLES.page_code        =PAGES.page_code
--AND PAGES.module_code           =MODULE.module_code
AND (ROLES.role_type           IS NULL
OR ROLES.role_type              =(case 'ALL' when 'ALL' then ROLES.role_type else 'ALL' end))
AND ROLES.gateway_types LIKE '%WEB%'
AND PAGES.PAGE_TYPE IS NULL  ORDER BY 
--MODULE.application_id,
  --MODULE.sequence_no,
  PAGES.sequence_no
pretups123>>>>>>>>>>>>>>pretups123
abc/data1/pretupsapp/tomcat_trunk_springboot/vms/vmsdev/logs/cookies/
userId >>>>>>>>>>>>>>>>>>>>>>. NGBC0000003721
userId >>>>>>>>>>>>>>>>>>>>>>. 2023-08-09 14:26:19.254
POST
TokenResponseVO [token=f7ebdf1d78e7da6a7681ea64c4b06b5fb3e1804c290bdfe003766c5ad41d4d53.a8b11d52631cc2887fa326a5a9e7e184942a839cb7ca387895aadaedcb56d9f4eaf11c66de7c53ab3f954b1f6702dcba21b5f3dd96a43397e02a1c660b6ec1262afdd7cd84095e6d476df664832c52f9c009c8474c80c4a6f0bd2ff013d9b49c20b4df6a094f24f1f91db202a7e7aa98cadfadeb2971c4e18f55b5b4e0cd103d11f44d2d72074ff4ebfd01df54f982ebb1565e83468ef671498c1b406ebb2347845f24b6fd0d1c07de3729c4b9d8d3b930961b248944846800767bea6dfdf6853c74d6138493445b0df20437b8169dbd702e977c86999a7e3694bc6646da7164d7d88c4c8a14e8a6048bbaee6b50a6dab53b34ca7d970c66d83d0f2bb77e082158960d56c2783f684b7364d63f884214f2c2a9b3b34ac0de.e96b63bab6b38d4f8a84f683d34c6db21442e1ef74eb65f43f89defe97a2706d, refreshToken=f7ebdf1d78e7da6a7681ea64c4b06b5fb3e1804c290bdfe003766c5ad41d4d53.a8b11d52631cc2887fa326a5a9e7e184942a839cb7ca387895aadaedcb56d9f4eaf11c66de7c53ab3f954b1f6702dcba21b5f3dd96a43397e02a1c660b6ec1262afdd7cd84095e6d476df664832c52f9c009c8474c80c4a6f0bd2ff013d9b49c20b4df6a094f24f1f91db202a7e7aa98cadfadeb2971c4e18f55b5b4e0cd103d11f44d2d72074ff4ebfd01df54f982ebb1565e83468ef671498c1b406ebb2347845f24b6fd0d1c07de3729c4b9d8d3b999ca6ef8b1cf2ad49b9803bee9c7fedb5c7ebb765f2483990b1d1235462d8629db2c953ff68a968b1b7657d6f953c2bce5f72baa1f02e87f742475ea35e8c32f4212a51d44871077218bb6af33adabdd2b6441d2325a175b621c1d9631cf480c299fb825237bb567.74ab6d72958fa1b782970cc85b6750aaa50f8f004b18a71ebfe8a40de0e44da2, status=200, messageCode=9020, message=Success]
sqlSelect  >>>> SELECT distinct PAGES.page_code,
  PAGES.module_code,
  PAGES.page_url,
  PAGES.menu_name,
  PAGES.PAGE_URL,
  PAGES.IMAGE,
  PAGES.PARENT_PAGE_CODE,
  PAGES.SHOW_MENU,
  PAGES.sequence_no,
  --MODULE.module_name,
  PAGES.menu_level,
  coalesce (ROLES.from_hour :: INTEGER, 0) from_hour,
  coalesce (ROLES.to_hour :: INTEGER, 24) to_hour,
  --MODULE.sequence_no MSEQ,
  ROLES.ACCESS_TYPE, 
 PAGES.APP_NAME FROM CATEGORY_ROLES,
  USER_ROLES,
  ROLES ,
  PAGE_UI_ROLES PAGE_ROLES,
  PAGES_UI PAGES,
 GROUP_ROLES 
  --,MODULES MODULE
WHERE 
USER_ROLES.user_id        =? AND ((PAGES.DOMAIN_TYPE IS NULL) OR PAGES.DOMAIN_TYPE = ?)
AND ((PAGES.CATEGORY_CODE IS NULL) OR PAGES.CATEGORY_CODE = ?)
AND USER_ROLES.role_code=ROLES.role_code
AND ROLES.domain_type           =? AND CATEGORY_ROLES.category_code= ? AND CATEGORY_ROLES.role_code=USER_ROLES.role_code 
AND ROLES.role_code             =PAGE_ROLES.role_code
AND (ROLES.status              IS NULL
OR ROLES.status                 ='Y')
AND PAGE_ROLES.page_code        =PAGES.page_code
--AND PAGES.module_code           =MODULE.module_code
AND (ROLES.role_type           IS NULL
OR ROLES.role_type              =(case 'ALL' when 'ALL' then ROLES.role_type else 'ALL' end))
AND ROLES.gateway_types LIKE '%WEB%'
AND PAGES.PAGE_TYPE IS NULL  ORDER BY 
--MODULE.application_id,
  --MODULE.sequence_no,
  PAGES.sequence_no
index.jsp explorerStr=Mozilla/5.0 (Windows NT 10.0; Win64; x64) AppleWebKit/537.36 (KHTML, like Gecko) Chrome/115.0.0.0 Safari/537.36
.....2
pretups123>>>>>>>>>>>>>>pretups123
abc/data1/pretupsapp/tomcat_trunk_springboot/vms/vmsdev/logs/cookies/
userId >>>>>>>>>>>>>>>>>>>>>>. NGLA0000001752
userId >>>>>>>>>>>>>>>>>>>>>>. 2023-08-09 14:27:04.855
POST
TokenResponseVO [token=f7ebdf1d78e7da6a7681ea64c4b06b5fb3e1804c290bdfe003766c5ad41d4d53.a8b11d52631cc288fccd2d4886fc57075d9eb834d30372206fa4d012d014550bc91be7f5d5f431b5c0c907744e41fafaab7eed2239cac21aad0852c3619a8b1c9296c5c94f07142c4d1ce940cc20e9897bf9ecbf30516aefa2444e8ea24ef1cc08d352b84907daaa3c191389d4128018b38376c579f59b1cb9d1fa5a2d0095ac6f093abc60efee0fa7beff6041555355e9f2d1fc60f5fd209aba3ce101b4309196ff54222e6d85ec67581586c0bb673de9ba7b697a988a53e6220ca1a2e22095fd44f84a122791d16274742673bda8904f046fbc3ee6983b2ba6f15ef7774dd1c5bb1c015c845a77f361ec18d10b15e9857b725a2ec31ddbf546b80fbda1ab6e25555afda86b07ddfce52378d7645044.0d8cdc68ca8ab5dddbc12a1cb00cc7b02d1e070ceb28f61c5c9302dad9022a7f, refreshToken=f7ebdf1d78e7da6a7681ea64c4b06b5fb3e1804c290bdfe003766c5ad41d4d53.a8b11d52631cc288fccd2d4886fc57075d9eb834d30372206fa4d012d014550bc91be7f5d5f431b5c0c907744e41fafaab7eed2239cac21aad0852c3619a8b1c9296c5c94f07142c4d1ce940cc20e9897bf9ecbf30516aefa2444e8ea24ef1cc08d352b84907daaa3c191389d4128018b38376c579f59b1cb9d1fa5a2d0095ac6f093abc60efee0fa7beff6041555355e9f2d1fc60f5fd209aba3ce101b4309196ff54222e6d85ec67581586c0bb673d4fa07d08091fe06f153a56c6559201751064ee0763c3c490a476b7f37904f57ef3c0ac0b5b91e7530c76d45efcdd2c3227e3b87009f9255b7026fecc5707211d76cef95b1f3251aa06025674e106df7ff7f210a2c2f1cee9215eb3cb5b162318.bf4714c5cae2ba767713824569f190fe57ae44b7af9178b672fed38082edd4a5, status=200, messageCode=9020, message=Success]
pretups123>>>>>>>>>>>>>>pretups123
abc/data1/pretupsapp/tomcat_trunk_springboot/vms/vmsdev/logs/cookies/
userId >>>>>>>>>>>>>>>>>>>>>>. NGBC0000003721
userId >>>>>>>>>>>>>>>>>>>>>>. 2023-08-09 14:27:57.81
POST
TokenResponseVO [token=f7ebdf1d78e7da6a7681ea64c4b06b5fb3e1804c290bdfe003766c5ad41d4d53.a8b11d52631cc2887fa326a5a9e7e184942a839cb7ca387895aadaedcb56d9f4eaf11c66de7c53ab3f954b1f6702dcba21b5f3dd96a43397e02a1c660b6ec1262afdd7cd84095e6d4f267d2fcf7d7f744c18037ed30f9fe68b51664e103f8470c74d1367c9d6716b9f035efa94ead1f2b7633fc7a9ca844ede9a3cf00eb52bd99b191810f753948446ce8a9923f4ef812e983fd3b09b160efe802d7bd41462bc16b80c2e4e2513a9433ba41d9311d628d6d353699a30e9f2bb0b97085c264395bd471a656c1cb384e7f3c2a5714d0355c22ae3bdc38f8a3861a5823bab9163e0be485a037aea4b182f25da20953cd785757d783524af14452e404f27e66a26b429dc1a53bbf96bf44ef5762f34929c8022d8db7841855b96.46a5c521fb6520cf0b5c58ce0b1878ff5643626ea264c1d18742c31c7aa469a9, refreshToken=f7ebdf1d78e7da6a7681ea64c4b06b5fb3e1804c290bdfe003766c5ad41d4d53.a8b11d52631cc2887fa326a5a9e7e184942a839cb7ca387895aadaedcb56d9f4eaf11c66de7c53ab3f954b1f6702dcba21b5f3dd96a43397e02a1c660b6ec1262afdd7cd84095e6d4f267d2fcf7d7f744c18037ed30f9fe68b51664e103f8470c74d1367c9d6716b9f035efa94ead1f2b7633fc7a9ca844ede9a3cf00eb52bd99b191810f753948446ce8a9923f4ef812e983fd3b09b160efe802d7bd41462bc16b80c2e4e2513a9433ba41d9311d6285a7eb33dee44bd29ee353ab2332b69b1485941ec75f6c0d39d545666d3820d671e08c3c0af0ea663dc65b62aa2a567ed68dd057d1e174cd60dd6224a8c8ed06200a622a83bd768f9f2cac1c9ffcea8aa9c0d51863eed5ef1fe89439736f13e8544710429ce6fecb6.83bade666f6d92e87e0f8efdf2c41ada36a4436b34c985ab4488e365cbe88bad, status=200, messageCode=9020, message=Success]
sqlSelect  >>>> SELECT distinct PAGES.page_code,
  PAGES.module_code,
  PAGES.page_url,
  PAGES.menu_name,
  PAGES.PAGE_URL,
  PAGES.IMAGE,
  PAGES.PARENT_PAGE_CODE,
  PAGES.SHOW_MENU,
  PAGES.sequence_no,
  --MODULE.module_name,
  PAGES.menu_level,
  coalesce (ROLES.from_hour :: INTEGER, 0) from_hour,
  coalesce (ROLES.to_hour :: INTEGER, 24) to_hour,
  --MODULE.sequence_no MSEQ,
  ROLES.ACCESS_TYPE, 
 PAGES.APP_NAME FROM CATEGORY_ROLES,
  USER_ROLES,
  ROLES ,
  PAGE_UI_ROLES PAGE_ROLES,
  PAGES_UI PAGES,
 GROUP_ROLES 
  --,MODULES MODULE
WHERE 
USER_ROLES.user_id        =? AND ((PAGES.DOMAIN_TYPE IS NULL) OR PAGES.DOMAIN_TYPE = ?)
AND ((PAGES.CATEGORY_CODE IS NULL) OR PAGES.CATEGORY_CODE = ?)
AND USER_ROLES.role_code=ROLES.role_code
AND ROLES.domain_type           =? AND CATEGORY_ROLES.category_code= ? AND CATEGORY_ROLES.role_code=USER_ROLES.role_code 
AND ROLES.role_code             =PAGE_ROLES.role_code
AND (ROLES.status              IS NULL
OR ROLES.status                 ='Y')
AND PAGE_ROLES.page_code        =PAGES.page_code
--AND PAGES.module_code           =MODULE.module_code
AND (ROLES.role_type           IS NULL
OR ROLES.role_type              =(case 'ALL' when 'ALL' then ROLES.role_type else 'ALL' end))
AND ROLES.gateway_types LIKE '%WEB%'
AND PAGES.PAGE_TYPE IS NULL  ORDER BY 
--MODULE.application_id,
  --MODULE.sequence_no,
  PAGES.sequence_no
index.jsp explorerStr=Mozilla/5.0 (Windows NT 10.0; Win64; x64) AppleWebKit/537.36 (KHTML, like Gecko) Chrome/115.0.0.0 Safari/537.36
.....2
pretups123>>>>>>>>>>>>>>pretups123
abc/data1/pretupsapp/tomcat_trunk_springboot/vms/vmsdev/logs/cookies/
userId >>>>>>>>>>>>>>>>>>>>>>. NGLA0000001752
userId >>>>>>>>>>>>>>>>>>>>>>. 2023-08-09 14:28:32.885
POST
TokenResponseVO [token=f7ebdf1d78e7da6a7681ea64c4b06b5fb3e1804c290bdfe003766c5ad41d4d53.a8b11d52631cc288fccd2d4886fc57075d9eb834d30372206fa4d012d014550bc91be7f5d5f431b5c0c907744e41fafaab7eed2239cac21aad0852c3619a8b1c9296c5c94f07142c9b596a650f55a5c8be11116d378103f1ec8ff254744c0213dfaac335aeaa2c7c3566935fd13e6e4e20be1000f2dfbb4f4afefc15f02377cf0cf85b9c63d9363376172772576a50cca4e8b8c91d9d0985376a16205f977e11679aae7b4855672f481af76364199d0c7e9da7329f856ef6d8fbe28dc47df78e960c084d2c24dc8a7158da04f1b831616afb8dbe963dff02c2766befd73265933c1b1e0ce4b93a6cc690d5f0441d7a10b2b01e8525b291c0c57de9b4106f6d1fe3efd07c59c6b45bd3fe04ebb63190c9.13627990851ae68530b70f5c62489f91d73b3f1e06bd0340af00e5d0658697c9, refreshToken=f7ebdf1d78e7da6a7681ea64c4b06b5fb3e1804c290bdfe003766c5ad41d4d53.a8b11d52631cc288fccd2d4886fc57075d9eb834d30372206fa4d012d014550bc91be7f5d5f431b5c0c907744e41fafaab7eed2239cac21aad0852c3619a8b1c9296c5c94f07142c9b596a650f55a5c8be11116d378103f1ec8ff254744c0213dfaac335aeaa2c7c3566935fd13e6e4e20be1000f2dfbb4f4afefc15f02377cf0cf85b9c63d9363376172772576a50cca4e8b8c91d9d0985376a16205f977e11679aae7b4855672f481af76364199d0c16c5304c9908f8e34857c03ff1b28e57f7fc562422c5948c5796ba5255998b25132941075112b971f7fa767e28155f30405a83186fb29171a5e4ff0920145a49c45176d594225ce70f6ef2450f8ee58415920aac1d5ae1e7826fe82de4051ac9.cbb59a971960c4627eb409832649e576b25a6d28e3e8991c778e35b75f1f049d, status=200, messageCode=9020, message=Success]
sqlSelect  >>>> SELECT distinct PAGES.page_code,
  PAGES.module_code,
  PAGES.page_url,
  PAGES.menu_name,
  PAGES.PAGE_URL,
  PAGES.IMAGE,
  PAGES.PARENT_PAGE_CODE,
  PAGES.SHOW_MENU,
  PAGES.sequence_no,
  --MODULE.module_name,
  PAGES.menu_level,
  coalesce (ROLES.from_hour :: INTEGER, 0) from_hour,
  coalesce (ROLES.to_hour :: INTEGER, 24) to_hour,
  --MODULE.sequence_no MSEQ,
  ROLES.ACCESS_TYPE, 
 PAGES.APP_NAME FROM CATEGORY_ROLES,
  USER_ROLES,
  ROLES ,
  PAGE_UI_ROLES PAGE_ROLES,
  PAGES_UI PAGES,
 GROUP_ROLES 
  --,MODULES MODULE
WHERE 
USER_ROLES.user_id        =? AND ((PAGES.DOMAIN_TYPE IS NULL) OR PAGES.DOMAIN_TYPE = ?)
AND ((PAGES.CATEGORY_CODE IS NULL) OR PAGES.CATEGORY_CODE = ?)
AND USER_ROLES.role_code=ROLES.role_code
AND ROLES.domain_type           =? AND CATEGORY_ROLES.category_code= ? AND CATEGORY_ROLES.role_code=USER_ROLES.role_code 
AND ROLES.role_code             =PAGE_ROLES.role_code
AND (ROLES.status              IS NULL
OR ROLES.status                 ='Y')
AND PAGE_ROLES.page_code        =PAGES.page_code
--AND PAGES.module_code           =MODULE.module_code
AND (ROLES.role_type           IS NULL
OR ROLES.role_type              =(case 'ALL' when 'ALL' then ROLES.role_type else 'ALL' end))
AND ROLES.gateway_types LIKE '%WEB%'
AND PAGES.PAGE_TYPE IS NULL  ORDER BY 
--MODULE.application_id,
  --MODULE.sequence_no,
  PAGES.sequence_no
pretups123>>>>>>>>>>>>>>pretups123
abc/data1/pretupsapp/tomcat_trunk_springboot/vms/vmsdev/logs/cookies/
userId >>>>>>>>>>>>>>>>>>>>>>. NGLA0000001752
userId >>>>>>>>>>>>>>>>>>>>>>. 2023-08-09 14:30:22.358
POST
TokenResponseVO [token=f7ebdf1d78e7da6a7681ea64c4b06b5fb3e1804c290bdfe003766c5ad41d4d53.a8b11d52631cc288fccd2d4886fc57075d9eb834d30372206fa4d012d014550bc91be7f5d5f431b5c0c907744e41fafaab7eed2239cac21aad0852c3619a8b1c0729de408a75adf925d1171dadb77b748a8136823be0e1b2b78b797328ac019486feae3878c2ca9474ea8f22c5ac271106c55d07ef394b1739dceaeabb0fd2bc60b11206458aa0a031968fb475c125039d975cbb04f3a157de4def0b905e4204ddde9d44132518e764d8d89c90f1dee80c7f9380504b6415c0f7f40b71e8831925084a36e10b39e56aac1231a07a00e1331738cd7d4dd6605cef82fe2ee7341f633f7d678d73ccc4039a0cb7c4fc4ca8dcaece1e5ac99c449d7613a05bed562733e935e51602507be15b441ea5107508.8cf234f6addae192c44ddf016993aff042926aa1c10f7ae99ab293c166b4293e, refreshToken=f7ebdf1d78e7da6a7681ea64c4b06b5fb3e1804c290bdfe003766c5ad41d4d53.a8b11d52631cc288fccd2d4886fc57075d9eb834d30372206fa4d012d014550bc91be7f5d5f431b5c0c907744e41fafaab7eed2239cac21aad0852c3619a8b1c0729de408a75adf925d1171dadb77b748a8136823be0e1b2b78b797328ac019486feae3878c2ca9474ea8f22c5ac271106c55d07ef394b1739dceaeabb0fd2bc60b11206458aa0a031968fb475c125039d975cbb04f3a157de4def0b905e4204ddde9d44132518e764d8d89c90f1dee848568cd9aec2c1e2b6daf5cbaa0533153f11db84ec89064e6264fa1260dccb1ab57092b61c1381b80a9bf62b495141cfa88f380660eba21fb51e0c6009dd149c865328e33e15ac30196f02cbd8f3133ce11ff011760a37e6a803446165b974d0.cfcedfe7c3a365afb2a609832bcd2ba67271c4dd427a6579017c062e20300a76, status=200, messageCode=9020, message=Success]
index.jsp explorerStr=Mozilla/5.0 (Windows NT 10.0; Win64; x64) AppleWebKit/537.36 (KHTML, like Gecko) Chrome/115.0.0.0 Safari/537.36
.....2
index.jsp explorerStr=Mozilla/5.0 (Windows NT 10.0; Win64; x64) AppleWebKit/537.36 (KHTML, like Gecko) Chrome/115.0.0.0 Safari/537.36
.....2
pretups123>>>>>>>>>>>>>>pretups123
abc/data1/pretupsapp/tomcat_trunk_springboot/vms/vmsdev/logs/cookies/
userId >>>>>>>>>>>>>>>>>>>>>>. NGLA0000001752
userId >>>>>>>>>>>>>>>>>>>>>>. 2023-08-09 14:34:17.194
POST
TokenResponseVO [token=f7ebdf1d78e7da6a7681ea64c4b06b5fb3e1804c290bdfe003766c5ad41d4d53.a8b11d52631cc288fccd2d4886fc57075d9eb834d30372206fa4d012d014550bc91be7f5d5f431b5c0c907744e41fafaab7eed2239cac21aad0852c3619a8b1c0729de408a75adf9469f1c44606cbbea9ac66320d6c741a9682ab38366640060296c25d33bc0c80e742bf26c829c558da2cd89d1202271f3f108c0c63edff77e53437ddb5436f6979eb6e707d6657ead11a2eadefbe6a6b62e0b7c427e2e2338f25055bda3932ded87d1f2f83b4e54ed3168b38a838df6cb220e2ad881d1d2bb65aed253e7d93c3ce91911872250891172163b6422b5ce946ab59ef59052f0fe8895e5941ff72ceaad33c7c812e6f811e1a6c08d524b03cc18b9ce6497da578b039c4d169586b88c5b23e0151647bee4.a8a47dea6e71e3b5ac66b704b58cebae60d59f2d09a2f83ded0358d6e0f20df1, refreshToken=f7ebdf1d78e7da6a7681ea64c4b06b5fb3e1804c290bdfe003766c5ad41d4d53.a8b11d52631cc288fccd2d4886fc57075d9eb834d30372206fa4d012d014550bc91be7f5d5f431b5c0c907744e41fafaab7eed2239cac21aad0852c3619a8b1c0729de408a75adf9469f1c44606cbbea9ac66320d6c741a9682ab38366640060296c25d33bc0c80e742bf26c829c558da2cd89d1202271f3f108c0c63edff77e53437ddb5436f6979eb6e707d6657ead11a2eadefbe6a6b62e0b7c427e2e2338f25055bda3932ded87d1f2f83b4e54ed5a4dc61264a291e5691b9cffaa425c450984f27aae050490fac20efcaf3ecc889ffbd967f67c8ca52984869c452b5fb1f7a691159ab1d0c2f896c907cf3417a0a34bcb3ee96e2cbf5a2df5a2950d22e0bc914ec69440d1c59299faeb63de17cc.261c3e99b4fa20889f477968ecd89ce9ea40d7bfab7a9c5e3de96957ba18827e, status=200, messageCode=9020, message=Success]
index.jsp explorerStr=Mozilla/5.0 (Windows NT 10.0; Win64; x64) AppleWebKit/537.36 (KHTML, like Gecko) Chrome/115.0.0.0 Safari/537.36
.....2
POST
pretups123>>>>>>>>>>>>>>pretups123
abc/data1/pretupsapp/tomcat_trunk_springboot/vms/vmsdev/logs/cookies/
userId >>>>>>>>>>>>>>>>>>>>>>. NGBC0000003721
userId >>>>>>>>>>>>>>>>>>>>>>. 2023-08-09 14:42:35.959
POST
TokenResponseVO [token=f7ebdf1d78e7da6a7681ea64c4b06b5fb3e1804c290bdfe003766c5ad41d4d53.a8b11d52631cc2887fa326a5a9e7e184942a839cb7ca387895aadaedcb56d9f4eaf11c66de7c53ab3f954b1f6702dcba21b5f3dd96a43397e02a1c660b6ec1262afdd7cd84095e6d33bf3ec04435bf5ade4deb12cd3f837ed15ef40f10b4ec3f892a8a9900b74d6953175441918929e1d2fc2c1d2d20a83eefc733ca14cecdee9f6c40bbd90e4858698567bcf6fb80937e9df88ffd4ae5ca6aee3cc25d238510da3e98a5394fbb0f2b0aed63fcb819258223ef5722fdc7632a946857deb3aa3cf4001ebf3d82a6d340213476141edeefc04d0abdf0a880c87aca35fddaed2e9fe1056471293207b07d369afb790635fe814eba460d6eb7e534a24f6ce6fba105ca934925e159c39fe4e6833cb92f604fa04f36c068719147.b19b201350ab8fa8b22cca18647260932a58b5297adf90f4653ac729119bf2bc, refreshToken=f7ebdf1d78e7da6a7681ea64c4b06b5fb3e1804c290bdfe003766c5ad41d4d53.a8b11d52631cc2887fa326a5a9e7e184942a839cb7ca387895aadaedcb56d9f4eaf11c66de7c53ab3f954b1f6702dcba21b5f3dd96a43397e02a1c660b6ec1262afdd7cd84095e6d33bf3ec04435bf5ade4deb12cd3f837ed15ef40f10b4ec3f892a8a9900b74d6953175441918929e1d2fc2c1d2d20a83eefc733ca14cecdee9f6c40bbd90e4858698567bcf6fb80937e9df88ffd4ae5ca6aee3cc25d238510da3e98a5394fbb0f2b0aed63fcb81925b744cbbb74f522ec743110032eaed29d3e7f020df4d0383da489258b77c624684fe0d4add08f672f4e007f0936abd49ce2e6cc8e208bdcb3e320328d79086f0b55e8a7bb2d3251899c9ebcbf60b826d05c6b0297a58de452852b2134e6884468635812a13fa3cab6.d7b9753e2d3c38dac4d3260e5f691c9c0dbfe3a508d23c0eb6cd9630317522c6, status=200, messageCode=9020, message=Success]
sqlSelect  >>>> SELECT distinct PAGES.page_code,
  PAGES.module_code,
  PAGES.page_url,
  PAGES.menu_name,
  PAGES.PAGE_URL,
  PAGES.IMAGE,
  PAGES.PARENT_PAGE_CODE,
  PAGES.SHOW_MENU,
  PAGES.sequence_no,
  --MODULE.module_name,
  PAGES.menu_level,
  coalesce (ROLES.from_hour :: INTEGER, 0) from_hour,
  coalesce (ROLES.to_hour :: INTEGER, 24) to_hour,
  --MODULE.sequence_no MSEQ,
  ROLES.ACCESS_TYPE, 
 PAGES.APP_NAME FROM CATEGORY_ROLES,
  USER_ROLES,
  ROLES ,
  PAGE_UI_ROLES PAGE_ROLES,
  PAGES_UI PAGES,
 GROUP_ROLES 
  --,MODULES MODULE
WHERE 
USER_ROLES.user_id        =? AND ((PAGES.DOMAIN_TYPE IS NULL) OR PAGES.DOMAIN_TYPE = ?)
AND ((PAGES.CATEGORY_CODE IS NULL) OR PAGES.CATEGORY_CODE = ?)
AND USER_ROLES.role_code=ROLES.role_code
AND ROLES.domain_type           =? AND CATEGORY_ROLES.category_code= ? AND CATEGORY_ROLES.role_code=USER_ROLES.role_code 
AND ROLES.role_code             =PAGE_ROLES.role_code
AND (ROLES.status              IS NULL
OR ROLES.status                 ='Y')
AND PAGE_ROLES.page_code        =PAGES.page_code
--AND PAGES.module_code           =MODULE.module_code
AND (ROLES.role_type           IS NULL
OR ROLES.role_type              =(case 'ALL' when 'ALL' then ROLES.role_type else 'ALL' end))
AND ROLES.gateway_types LIKE '%WEB%'
AND PAGES.PAGE_TYPE IS NULL  ORDER BY 
--MODULE.application_id,
  --MODULE.sequence_no,
  PAGES.sequence_no
POST
POST
index.jsp explorerStr=Mozilla/5.0 (Windows NT 10.0; Win64; x64) AppleWebKit/537.36 (KHTML, like Gecko) Chrome/115.0.0.0 Safari/537.36
.....2
POST
POST
POST
pretups123>>>>>>>>>>>>>>pretups123
abc/data1/pretupsapp/tomcat_trunk_springboot/vms/vmsdev/logs/cookies/
userId >>>>>>>>>>>>>>>>>>>>>>. NGBC0000003721
userId >>>>>>>>>>>>>>>>>>>>>>. 2023-08-09 14:46:37.787
POST
TokenResponseVO [token=f7ebdf1d78e7da6a7681ea64c4b06b5fb3e1804c290bdfe003766c5ad41d4d53.a8b11d52631cc2887fa326a5a9e7e184942a839cb7ca387895aadaedcb56d9f4eaf11c66de7c53ab3f954b1f6702dcba21b5f3dd96a43397e02a1c660b6ec1262afdd7cd84095e6df917a45f944128d8923151fb11a352332cdee02b227c3eec9d3716d475458936c1d4ab84f53aeb2a26faa94f02026db4b63735e7b2f13ed4fd79c3ffdbe72d8f44f9782ee081f5550b40ac09c423623ef88492979472adc92a5ed8074758c37a6bce4e854268cb828ac11091f489760d8541628b62642ce77b0aa745c9b92a9cb832a0140a8494a357674acd48e1c9af2ed0a190564c7b414376f4db076cd081569093a91d171b9d327ee79c2817038ad9df4aea76de0a43ab548624305ed2ace7ceb764fd4b51dc6ab024eeb2da1c2e.4976b839d90fea40f43febfae05a5b3512812fc6f6935aeb9b57003864f48e1a, refreshToken=f7ebdf1d78e7da6a7681ea64c4b06b5fb3e1804c290bdfe003766c5ad41d4d53.a8b11d52631cc2887fa326a5a9e7e184942a839cb7ca387895aadaedcb56d9f4eaf11c66de7c53ab3f954b1f6702dcba21b5f3dd96a43397e02a1c660b6ec1262afdd7cd84095e6df917a45f944128d8923151fb11a352332cdee02b227c3eec9d3716d475458936c1d4ab84f53aeb2a26faa94f02026db4b63735e7b2f13ed4fd79c3ffdbe72d8f44f9782ee081f5550b40ac09c423623ef88492979472adc92a5ed8074758c37a6bce4e854268cb82c50413f79f727e19531785ed45849984256c115cdf585397d2a264acaf3f8bcdefa42a45b6e8a63d6a87886a462c4803722052cd5e8eba03c8161cda90f8f66a01f32edc3a6ca311fe17c43184b4972d6f0dbe2360e2d4cfcd0c757430e9a9787f5d03ef39af5eb8.bca053523c391e77d9df0da60bbdf401d122b654c7a29f9519a01ce677bdca7b, status=200, messageCode=9020, message=Success]
sqlSelect  >>>> SELECT distinct PAGES.page_code,
  PAGES.module_code,
  PAGES.page_url,
  PAGES.menu_name,
  PAGES.PAGE_URL,
  PAGES.IMAGE,
  PAGES.PARENT_PAGE_CODE,
  PAGES.SHOW_MENU,
  PAGES.sequence_no,
  --MODULE.module_name,
  PAGES.menu_level,
  coalesce (ROLES.from_hour :: INTEGER, 0) from_hour,
  coalesce (ROLES.to_hour :: INTEGER, 24) to_hour,
  --MODULE.sequence_no MSEQ,
  ROLES.ACCESS_TYPE, 
 PAGES.APP_NAME FROM CATEGORY_ROLES,
  USER_ROLES,
  ROLES ,
  PAGE_UI_ROLES PAGE_ROLES,
  PAGES_UI PAGES,
 GROUP_ROLES 
  --,MODULES MODULE
WHERE 
USER_ROLES.user_id        =? AND ((PAGES.DOMAIN_TYPE IS NULL) OR PAGES.DOMAIN_TYPE = ?)
AND ((PAGES.CATEGORY_CODE IS NULL) OR PAGES.CATEGORY_CODE = ?)
AND USER_ROLES.role_code=ROLES.role_code
AND ROLES.domain_type           =? AND CATEGORY_ROLES.category_code= ? AND CATEGORY_ROLES.role_code=USER_ROLES.role_code 
AND ROLES.role_code             =PAGE_ROLES.role_code
AND (ROLES.status              IS NULL
OR ROLES.status                 ='Y')
AND PAGE_ROLES.page_code        =PAGES.page_code
--AND PAGES.module_code           =MODULE.module_code
AND (ROLES.role_type           IS NULL
OR ROLES.role_type              =(case 'ALL' when 'ALL' then ROLES.role_type else 'ALL' end))
AND ROLES.gateway_types LIKE '%WEB%'
AND PAGES.PAGE_TYPE IS NULL  ORDER BY 
--MODULE.application_id,
  --MODULE.sequence_no,
  PAGES.sequence_no
pretups123>>>>>>>>>>>>>>pretups123
abc/data1/pretupsapp/tomcat_trunk_springboot/vms/vmsdev/logs/cookies/
userId >>>>>>>>>>>>>>>>>>>>>>. NGLA0000003720
userId >>>>>>>>>>>>>>>>>>>>>>. 2023-08-09 14:55:40.971
POST
TokenResponseVO [token=f7ebdf1d78e7da6a7681ea64c4b06b5fb3e1804c290bdfe003766c5ad41d4d53.a8b11d52631cc2888cf75624c9cabbf863eeb4d4be35a0f15ce9d9946e3c460beb2763fc97497913e35fab0a370505c24f67df38a88bf5f1563e8db47ee727fc8037210e2fa7941e225671b6e7b40dc7ae8b139ab050fb97f7d2a2d330891c0dce43bc1c59213c9bc6fdf0997fac8a320e2d6308a480766e4cc045cd636b8a29b65db5359242f89e9cc4e7b6e18e8fec92418efd2ace1d1b52837299113433a0364c3d89d8ec898088618066e89aa4999da9b4f935922308cad5368eddeff8affee514e02151dd4d39bf6205b1896379d8246b4669128dd1bfdcf1991b27c6c51989f0e667b19042a646543b8a0088e93d0fb7699a02e5ae6f44b13edcd1ccf8bfa3a051eb015e7e19062aef8e2f3593dc38fc29c6564ed3.f5db972cbc90130f1c6aa71d26bc908c3da9488ac93454415ba4b6fcc57213be, refreshToken=f7ebdf1d78e7da6a7681ea64c4b06b5fb3e1804c290bdfe003766c5ad41d4d53.a8b11d52631cc2888cf75624c9cabbf863eeb4d4be35a0f15ce9d9946e3c460beb2763fc97497913e35fab0a370505c24f67df38a88bf5f1563e8db47ee727fc8037210e2fa7941e225671b6e7b40dc7ae8b139ab050fb97f7d2a2d330891c0dce43bc1c59213c9bc6fdf0997fac8a320e2d6308a480766e4cc045cd636b8a29b65db5359242f89e9cc4e7b6e18e8fec92418efd2ace1d1b52837299113433a0364c3d89d8ec898088618066e89aa4999da9b4f935922308c1da3c16ae7e23a758e78a2d5f32ce557ee1675dab438f56c591651a3cde7a700616ae1f94404b802c21f21d88b2b701065fe12a754f3d117e5029f682a7c1ad47cc97caf051926b227c4d7158e27949c1af3db01ea4a176aa6dfc1b3861b151.5e05002f8c5c6b0a6e87620f8cf2dbe9b500f866f87d280c3d3a331b4d353b9e, status=200, messageCode=9020, message=Success]
sqlSelect  >>>> SELECT distinct PAGES.page_code,
  PAGES.module_code,
  PAGES.page_url,
  PAGES.menu_name,
  PAGES.PAGE_URL,
  PAGES.IMAGE,
  PAGES.PARENT_PAGE_CODE,
  PAGES.SHOW_MENU,
  PAGES.sequence_no,
  --MODULE.module_name,
  PAGES.menu_level,
  coalesce (ROLES.from_hour :: INTEGER, 0) from_hour,
  coalesce (ROLES.to_hour :: INTEGER, 24) to_hour,
  --MODULE.sequence_no MSEQ,
  ROLES.ACCESS_TYPE, 
 PAGES.APP_NAME FROM CATEGORY_ROLES,
  USER_ROLES,
  ROLES ,
  PAGE_UI_ROLES PAGE_ROLES,
  PAGES_UI PAGES,
 GROUP_ROLES 
  --,MODULES MODULE
WHERE 
USER_ROLES.user_id        =? AND ((PAGES.DOMAIN_TYPE IS NULL) OR PAGES.DOMAIN_TYPE = ?)
AND ((PAGES.CATEGORY_CODE IS NULL) OR PAGES.CATEGORY_CODE = ?)
AND USER_ROLES.role_code=ROLES.role_code
AND ROLES.domain_type           =? AND CATEGORY_ROLES.category_code= ? AND CATEGORY_ROLES.role_code=USER_ROLES.role_code 
AND ROLES.role_code             =PAGE_ROLES.role_code
AND (ROLES.status              IS NULL
OR ROLES.status                 ='Y')
AND PAGE_ROLES.page_code        =PAGES.page_code
--AND PAGES.module_code           =MODULE.module_code
AND (ROLES.role_type           IS NULL
OR ROLES.role_type              =(case 'ALL' when 'ALL' then ROLES.role_type else 'ALL' end))
AND ROLES.gateway_types LIKE '%WEB%'
AND PAGES.PAGE_TYPE IS NULL  ORDER BY 
--MODULE.application_id,
  --MODULE.sequence_no,
  PAGES.sequence_no
pretups123>>>>>>>>>>>>>>pretups123
abc/data1/pretupsapp/tomcat_trunk_springboot/vms/vmsdev/logs/cookies/
userId >>>>>>>>>>>>>>>>>>>>>>. NGLA0000001752
userId >>>>>>>>>>>>>>>>>>>>>>. 2023-08-09 15:01:31.147
POST
TokenResponseVO [token=f7ebdf1d78e7da6a7681ea64c4b06b5fb3e1804c290bdfe003766c5ad41d4d53.a8b11d52631cc288fccd2d4886fc57075d9eb834d30372206fa4d012d014550bc91be7f5d5f431b5c0c907744e41fafaab7eed2239cac21aad0852c3619a8b1c6346df92354b5a1e66d199619f02bf2bc1dab552d997ac3a7e9835e2f70163eb635f973784a75d3f6cea63c4cfa7bdaed7edc3e5ee1f2c9efee5febf9247f232992d8fc1816af771603cb6c2659de33ba6522a189329d127a30010b89a5bb4c29343bdc3cdb2c3b2127a905cb5af4e8cd0266cc593de69f2177f545fe02645034150c47b05809953fa477f56f0cd5bdbc6aa8306e9de2e3058e39a997eb9190cefd72d6cfe7b9c59bc2119c56c8e0df13dc2d147d8519864998784c64125667c0ffaa84843a0a4a5ce759d502429ef0b.4aab0dfcaa2a458a6443e4b9a6c1393905beb90eec0925c8b4789c3781b77a6e, refreshToken=f7ebdf1d78e7da6a7681ea64c4b06b5fb3e1804c290bdfe003766c5ad41d4d53.a8b11d52631cc288fccd2d4886fc57075d9eb834d30372206fa4d012d014550bc91be7f5d5f431b5c0c907744e41fafaab7eed2239cac21aad0852c3619a8b1c6346df92354b5a1e66d199619f02bf2bc1dab552d997ac3a7e9835e2f70163eb635f973784a75d3f6cea63c4cfa7bdaed7edc3e5ee1f2c9efee5febf9247f232992d8fc1816af771603cb6c2659de33ba6522a189329d127a30010b89a5bb4c29343bdc3cdb2c3b2127a905cb5af4e8c736aeddaf605f26c39cc7e5cf3388f51e5f6520f0cee2a3502d0708adcd998b19f50e6e1261464fd48e85a1af5e0ab3ea45d19fdb83490e93ebbfb6dfedb5d7f151223d43daa2134edde88dcfcb62e41d4ddf7fd3d1f3f60815ea71548f6a85d.18863ca4619cf12ec40197c9456e4f76f5c17226d8b5dde4fa43d51c5edb87a0, status=200, messageCode=9020, message=Success]
sqlSelect  >>>> SELECT distinct PAGES.page_code,
  PAGES.module_code,
  PAGES.page_url,
  PAGES.menu_name,
  PAGES.PAGE_URL,
  PAGES.IMAGE,
  PAGES.PARENT_PAGE_CODE,
  PAGES.SHOW_MENU,
  PAGES.sequence_no,
  --MODULE.module_name,
  PAGES.menu_level,
  coalesce (ROLES.from_hour :: INTEGER, 0) from_hour,
  coalesce (ROLES.to_hour :: INTEGER, 24) to_hour,
  --MODULE.sequence_no MSEQ,
  ROLES.ACCESS_TYPE, 
 PAGES.APP_NAME FROM CATEGORY_ROLES,
  USER_ROLES,
  ROLES ,
  PAGE_UI_ROLES PAGE_ROLES,
  PAGES_UI PAGES,
 GROUP_ROLES 
  --,MODULES MODULE
WHERE 
USER_ROLES.user_id        =? AND ((PAGES.DOMAIN_TYPE IS NULL) OR PAGES.DOMAIN_TYPE = ?)
AND ((PAGES.CATEGORY_CODE IS NULL) OR PAGES.CATEGORY_CODE = ?)
AND USER_ROLES.role_code=ROLES.role_code
AND ROLES.domain_type           =? AND CATEGORY_ROLES.category_code= ? AND CATEGORY_ROLES.role_code=USER_ROLES.role_code 
AND ROLES.role_code             =PAGE_ROLES.role_code
AND (ROLES.status              IS NULL
OR ROLES.status                 ='Y')
AND PAGE_ROLES.page_code        =PAGES.page_code
--AND PAGES.module_code           =MODULE.module_code
AND (ROLES.role_type           IS NULL
OR ROLES.role_type              =(case 'ALL' when 'ALL' then ROLES.role_type else 'ALL' end))
AND ROLES.gateway_types LIKE '%WEB%'
AND PAGES.PAGE_TYPE IS NULL  ORDER BY 
--MODULE.application_id,
  --MODULE.sequence_no,
  PAGES.sequence_no

