2023-06-30 21:33:29,888 [main] INFO com.classes.BaseTest - Loading all methods from -masterVO class
2023-06-30 21:33:29,896 [main] INFO com.utils._masterVO - Loading Properties file from: .//src//test//resources//sysconfig//Constant.properties
2023-06-30 21:33:29,899 [main] INFO com.utils._masterVO - Properties File Loaded successfully
2023-06-30 21:33:29,901 [main] INFO com.utils._masterVO - Loading Master Sheet from: src//test//resources//config//DataProvider.xlsx
2023-06-30 21:33:30,801 [main] INFO com.utils._masterVO - Master Sheet Loaded successfully
2023-06-30 21:33:30,804 [main] INFO com.utils._masterVO - Loading Client Library for Client Versioning from: .//src//test//resources//sysconfig//ClientLib.properties
2023-06-30 21:33:30,804 [main] INFO com.utils._masterVO - Client Library Loaded successfully
2023-06-30 21:33:31,115 [main] INFO com.utils._masterVO - loadGeoDomains Map returns ::ZO - AUTbKlI - AUToKa1C
2023-06-30 21:33:31,273 [main] INFO com.utils._masterVO - loadGeoDomains Map returns ::AR - AUT7dba - AUT63dCN
2023-06-30 21:33:31,408 [main] INFO com.utils._masterVO - loadGeoDomains Map returns ::SA - AUTO2Fm - AUTNelnh
2023-06-30 21:33:31,988 [main] INFO com.utils._masterVO - Loading test case file file from: .//src//test//resources//sysconfig//testCaseFile.properties
2023-06-30 21:33:32,009 [main] INFO com.utils._masterVO - Test cases file Loaded successfully
2023-06-30 21:33:32,010 [main] INFO com.utils._masterVO - Loading Web Cases Master file from: .//src//test//resources//config//testCaseFile.properties
2023-06-30 21:33:32,036 [main] INFO com.utils._masterVO - Gateway Cases Master File Loaded successfully
2023-06-30 21:33:32,070 [main] INFO com.dbrepository.DBHandler - Entered Access Handler :: PostGreSQL
2023-06-30 21:33:32,080 [main] INFO com.commons.CacheController - New Cache DAO Loaded :: UPDATECACHE_VER = 1
2023-06-30 21:33:32,129 [MLog-Init-Reporter] INFO com.mchange.v2.log.MLog - MLog clients using log4j logging.
2023-06-30 21:33:32,262 [main] INFO com.mchange.v2.c3p0.C3P0Registry - Initializing c3p0-0.9.5.2 [built 08-December-2015 22:06:04 -0800; debug? true; trace: 10]
2023-06-30 21:33:32,379 [main] INFO com.mchange.v2.c3p0.impl.AbstractPoolBackedDataSource - Initializing c3p0 pool... com.mchange.v2.c3p0.ComboPooledDataSource [ acquireIncrement -> 5, acquireRetryAttempts -> 30, acquireRetryDelay -> 1000, autoCommitOnClose -> false, automaticTestTable -> null, breakAfterAcquireFailure -> false, checkoutTimeout -> 0, connectionCustomizerClassName -> null, connectionTesterClassName -> com.mchange.v2.c3p0.impl.DefaultConnectionTester, contextClassLoaderSource -> caller, dataSourceName -> 1hge0z1ax3mb1771r3c6oo|64da2a7, debugUnreturnedConnectionStackTraces -> false, description -> null, driverClass -> org.postgresql.Driver, extensions -> {}, factoryClassLocation -> null, forceIgnoreUnresolvedTransactions -> false, forceSynchronousCheckins -> false, forceUseNamedDriverClass -> false, identityToken -> 1hge0z1ax3mb1771r3c6oo|64da2a7, idleConnectionTestPeriod -> 0, initialPoolSize -> 10, jdbcUrl -> jdbc:postgresql://172.30.38.120:5432/pretups_trunk_dev, maxAdministrativeTaskTime -> 0, maxConnectionAge -> 0, maxIdleTime -> 0, maxIdleTimeExcessConnections -> 0, maxPoolSize -> 20, maxStatements -> 0, maxStatementsPerConnection -> 0, minPoolSize -> 10, numHelperThreads -> 3, preferredTestQuery -> null, privilegeSpawnedThreads -> false, properties -> {user=******, password=******}, propertyCycle -> 0, statementCacheNumDeferredCloseThreads -> 0, testConnectionOnCheckin -> false, testConnectionOnCheckout -> false, unreturnedConnectionTimeout -> 0, userOverrides -> {}, usesTraditionalReflectiveProxies -> false ]
2023-06-30 21:33:33,063 [main] INFO com.dbrepository.PostGreSQLRepository - Entered :: getNetworkName()
2023-06-30 21:33:33,170 [main] INFO com.dbrepository.PostGreSQLRepository - Query Repository Returns: Network Name (Network GGN)
2023-06-30 21:33:33,172 [main] INFO com.dbrepository.PostGreSQLRepository - Entered :: getSystemPreference(AMOUNT_MULT_FACTOR)
2023-06-30 21:33:33,175 [main] INFO com.dbrepository.DBConnectionPool - Active Size:1 Cache Size:2
2023-06-30 21:33:33,272 [main] INFO com.dbrepository.PostGreSQLRepository - Query Repository Returns: DEFAULT_VALUE (100)
2023-06-30 21:33:33,275 [main] INFO com.dbrepository.PostGreSQLRepository - Entered :: getSystemPreference(MSISDN_PREFIX_LENGTH)
2023-06-30 21:33:33,279 [main] INFO com.dbrepository.DBConnectionPool - Active Size:2 Cache Size:1
2023-06-30 21:33:33,373 [main] INFO com.dbrepository.PostGreSQLRepository - Query Repository Returns: DEFAULT_VALUE (2)
2023-06-30 21:33:33,381 [main] INFO com.dbrepository.PostGreSQLRepository - Entered :: getSystemPreference(MAX_MSISDN_LENGTH)
2023-06-30 21:33:33,383 [main] INFO com.dbrepository.DBConnectionPool - Active Size:3 Cache Size:0
2023-06-30 21:33:33,665 [main] INFO com.dbrepository.PostGreSQLRepository - Query Repository Returns: DEFAULT_VALUE (15)
2023-06-30 21:33:33,667 [main] INFO com.dbrepository.PostGreSQLRepository - Entered :: getSystemPreference(USER_PRODUCT_MULTIPLE_WALLET)
2023-06-30 21:33:33,668 [main] INFO com.dbrepository.DBConnectionPool - Active Size:4 Cache Size:2
2023-06-30 21:33:33,763 [main] INFO com.dbrepository.PostGreSQLRepository - Query Repository Returns: DEFAULT_VALUE (false)
2023-06-30 21:33:33,766 [main] INFO com.dbrepository.PostGreSQLRepository - Entered :: getSystemPreference(EXTERNAL_DATE_FORMAT)
2023-06-30 21:33:33,768 [main] INFO com.dbrepository.DBConnectionPool - Active Size:5 Cache Size:1
2023-06-30 21:33:33,867 [main] INFO com.dbrepository.PostGreSQLRepository - Query Repository Returns: DEFAULT_VALUE (dd/MM/yyyy)
2023-06-30 21:33:33,870 [main] INFO com.dbrepository.PostGreSQLRepository - Entered :: getSystemPreference(DATE_FORMAT_CAL_JAVA)
2023-06-30 21:33:33,872 [main] INFO com.dbrepository.DBConnectionPool - Active Size:6 Cache Size:0
2023-06-30 21:33:34,145 [main] INFO com.dbrepository.PostGreSQLRepository - Query Repository Returns: DEFAULT_VALUE (dd/MM/yyyy)
2023-06-30 21:33:34,149 [main] INFO com.dbrepository.PostGreSQLRepository - Entered :: getSystemPreference(OTH_COM_CHNL)
2023-06-30 21:33:34,149 [main] INFO com.dbrepository.DBConnectionPool - Active Size:0 Cache Size:9
2023-06-30 21:33:34,257 [main] INFO com.dbrepository.PostGreSQLRepository - Query Repository Returns: DEFAULT_VALUE (false)
2023-06-30 21:33:34,258 [main] INFO com.dbrepository.PostGreSQLRepository - Entered :: getSystemPreference(DW_ALLOWED_GATEWAYS)
2023-06-30 21:33:34,258 [main] INFO com.dbrepository.DBConnectionPool - Active Size:0 Cache Size:9
2023-06-30 21:33:34,358 [main] INFO com.dbrepository.PostGreSQLRepository - Query Repository Returns: DEFAULT_VALUE (EXTGW,DWEXTGW)
2023-06-30 21:33:34,358 [main] INFO com.dbrepository.PostGreSQLRepository - Entered :: getSystemPreference(DEFAULT_LANGUAGE)
2023-06-30 21:33:34,358 [main] INFO com.dbrepository.DBConnectionPool - Active Size:0 Cache Size:9
2023-06-30 21:33:34,456 [main] INFO com.dbrepository.PostGreSQLRepository - Query Repository Returns: DEFAULT_VALUE (en)
2023-06-30 21:33:34,464 [main] INFO com.dbrepository.PostGreSQLRepository - Entered :: getSystemPreference(DEFAULT_COUNTRY)
2023-06-30 21:33:34,465 [main] INFO com.dbrepository.DBConnectionPool - Active Size:0 Cache Size:9
2023-06-30 21:33:34,559 [main] INFO com.dbrepository.PostGreSQLRepository - Query Repository Returns: DEFAULT_VALUE (US)
2023-06-30 21:33:34,562 [main] INFO com.utils._masterVO - Display Locale set to: en_US
2023-06-30 21:33:43,880 [main] INFO com.sshmanager.SSHService - Exiting getFileFromSFTP()
2023-06-30 21:33:48,201 [main] INFO com.sshmanager.SSHService - Exiting getFileFromSFTP()
2023-06-30 21:33:48,230 [main] INFO com.utils._masterVO - Loading Messages Resource properties File from: .//src//test//resources//sysconfig//English.properties
2023-06-30 21:33:48,273 [main] INFO com.utils._masterVO - Messages Resource Properties file Loaded successfully
2023-06-30 21:33:48,273 [main] INFO com.utils._masterVO - Loading Messages Resource properties File from: .//src//test//resources//sysconfig//C2S_English.properties
2023-06-30 21:33:48,291 [main] INFO com.utils._masterVO - Messages Resource Properties file Loaded successfully
2023-06-30 21:33:48,393 [main] INFO com.sshmanager.SSHService - Executing: grep '^[^#]' /data1/pretupsapp/tomcat9_pgdev/conf/pretups/LogConfig.props|grep '^log4j.appender.OneLineTXNLogC2S.File[ =]'|cut -d'=' -f2|sed 's/^[ 	]*//;s/[ 	]*$//'
2023-06-30 21:33:48,635 [main] INFO com.sshmanager.SSHService - Channel Exit Status: 0
2023-06-30 21:33:48,636 [main] INFO com.sshmanager.SSHService - Executing: grep '^[^#]' /data1/pretupsapp/tomcat9_pgdev/conf/pretups/LogConfig.props|grep '^log4j.appender.ChannelRequestDailyLog.File[ =]'|cut -d'=' -f2|sed 's/^[ 	]*//;s/[ 	]*$//'
2023-06-30 21:33:48,872 [main] INFO com.sshmanager.SSHService - Channel Exit Status: 0
2023-06-30 21:33:48,874 [main] INFO com.classes.BaseTest - Completed loading all methods from -masterVO class
2023-06-30 21:36:07,684 [main] INFO angular.testscripts.prereuisitesangular.NetworkProductMapping_TestScript - DataNetwork Admin
2023-06-30 21:36:07,718 [main] INFO angular.testscripts.prereuisitesangular.NetworkProductMapping_TestScript - Databtnadm
2023-06-30 21:36:07,726 [main] INFO angular.testscripts.prereuisitesangular.NetworkProductMapping_TestScript - DataCom@1111
2023-06-30 21:36:07,726 [main] INFO angular.testscripts.prereuisitesangular.NetworkProductMapping_TestScript - Value of k0
2023-06-30 21:36:07,763 [main] INFO angular.testscripts.prereuisitesangular.NetworkProductMapping_TestScript - ------------------ Test Case Execution Started For A_01_Test_Modify_Usage -------------------
2023-06-30 21:36:07,763 [main] INFO angular.testscripts.prereuisitesangular.NetworkProductMapping_TestScript - Entered A_01_Test_Modify_Usage(Network Admin, btnadm, Com@1111)
2023-06-30 21:36:08,404 [main] INFO angular.pageobjects.loginpages.LoginPageRevamp - Trying to select Language
2023-06-30 21:36:08,761 [main] INFO angular.pageobjects.loginpages.LoginPageRevamp - Language selected successfully as: English
2023-06-30 21:36:08,761 [main] INFO angular.pageobjects.loginpages.LoginPageRevamp - Trying to enter Login ID
2023-06-30 21:36:09,011 [main] INFO angular.pageobjects.loginpages.LoginPageRevamp - Login ID entered successfully as: btnadm
2023-06-30 21:36:09,016 [main] INFO angular.pageobjects.loginpages.LoginPageRevamp - Trying to enter Password
2023-06-30 21:36:09,282 [main] INFO angular.pageobjects.loginpages.LoginPageRevamp - Password entered successfully as: Com@1111
2023-06-30 21:36:09,292 [main] INFO angular.pageobjects.loginpages.LoginPageRevamp - Trying to click Login Button
2023-06-30 21:36:09,446 [main] INFO angular.pageobjects.loginpages.LoginPageRevamp - Login button clicked successfully
2023-06-30 21:36:09,518 [main] INFO angular.pageobjects.loginpages.LoginPageRevamp - Error Message Found on Login Screen: 
2023-06-30 21:36:09,526 [main] INFO angular.pageobjects.NetworkProductMapping - Trying to click on eTopUp tab
2023-06-30 21:36:19,544 [main] INFO angular.pageobjects.NetworkProductMapping - Checking visibility of eTopUp Tab
2023-06-30 21:36:39,672 [main] INFO angular.pageobjects.NetworkProductMapping - eTopUp tab is not visible
2023-06-30 21:36:39,683 [main] INFO angular.pageobjects.NetworkProductMapping - Unable to click on eTopUp tab as its not visible
2023-06-30 21:36:39,686 [main] INFO angular.pageobjects.NetworkProductMapping - Checking visibility of Network Product Mapping Link
2023-06-30 21:36:41,927 [main] INFO angular.pageobjects.NetworkProductMapping - Network Product Mapping link is vsisble
2023-06-30 21:36:42,075 [main] INFO angular.pageobjects.NetworkProductMapping - Clicked on Network Product mapping
2023-06-30 21:36:47,088 [main] INFO angular.pageobjects.NetworkProductMapping - Trying to click on Usage Dropdown
2023-06-30 21:36:47,139 [main] INFO com.classes.BaseTest - org.openqa.selenium.NoSuchElementException: no such element: Unable to locate element: {"method":"xpath","selector":"(//table//span[contains(@class,'ng-arrow-wrapper')])[1]"}
  (Session info: chrome=114.0.5735.199)
For documentation on this error, please visit: http://seleniumhq.org/exceptions/no_such_element.html
Build info: version: '3.10.0', revision: '176b4a9', time: '2018-03-02T19:03:16.397Z'
System info: host: 'MCKL-20005142', ip: '192.168.0.109', os.name: 'Windows 10', os.arch: 'amd64', os.version: '10.0', java.version: '1.8.0_291'
Driver info: org.openqa.selenium.chrome.ChromeDriver
Capabilities {acceptInsecureCerts: false, browserName: chrome, browserVersion: 114.0.5735.199, chrome: {chromedriverVersion: 114.0.5735.90 (386bc09e8f4f..., userDataDir: C:\Users\SOURAB~1.AWA\AppDa...}, goog:chromeOptions: {debuggerAddress: localhost:53791}, javascriptEnabled: true, networkConnectionEnabled: false, pageLoadStrategy: normal, platform: WINDOWS, platformName: WINDOWS, proxy: Proxy(), setWindowRect: true, strictFileInteractability: false, timeouts: {implicit: 0, pageLoad: 300000, script: 30000}, unhandledPromptBehavior: dismiss and notify, webauthn:extension:credBlob: true, webauthn:extension:largeBlob: true, webauthn:extension:minPinLength: true, webauthn:extension:prf: true, webauthn:virtualAuthenticators: true}
Session ID: f6fe8226722fba3ca632c264ecc00db5
*** Element info: {Using=xpath, value=(//table//span[contains(@class,'ng-arrow-wrapper')])[1]}
2023-06-30 21:36:47,247 [main] INFO com.sshmanager.SSHService - Executing: tail -n 1000 /data1/pretupsapp/tomcat9_pgdev/logs/catalina.out

2023-06-30 21:36:47,892 [main] INFO com.sshmanager.SSHService - Channel Exit Status: 0
