2023-08-11 16:06:42,604 [main] INFO com.classes.BaseTest - Loading all methods from -masterVO class
2023-08-11 16:06:42,612 [main] INFO com.utils._masterVO - Loading Properties file from: .//src//test//resources//sysconfig//Constant.properties
2023-08-11 16:06:42,617 [main] INFO com.utils._masterVO - Properties File Loaded successfully
2023-08-11 16:06:42,623 [main] INFO com.utils._masterVO - Loading Master Sheet from: src//test//resources//config//DataProvider.xlsx
2023-08-11 16:06:43,585 [main] INFO com.utils._masterVO - Master Sheet Loaded successfully
2023-08-11 16:06:43,589 [main] INFO com.utils._masterVO - Loading Client Library for Client Versioning from: .//src//test//resources//sysconfig//ClientLib.properties
2023-08-11 16:06:43,593 [main] INFO com.utils._masterVO - Client Library Loaded successfully
2023-08-11 16:06:43,934 [main] INFO com.utils._masterVO - loadGeoDomains Map returns ::ZO - AUTbKlI - AUToKa1C
2023-08-11 16:06:44,090 [main] INFO com.utils._masterVO - loadGeoDomains Map returns ::AR - AUT7dba - AUT63dCN
2023-08-11 16:06:44,221 [main] INFO com.utils._masterVO - loadGeoDomains Map returns ::SA - AUTO2Fm - AUTNelnh
2023-08-11 16:06:44,785 [main] INFO com.utils._masterVO - Loading test case file file from: .//src//test//resources//sysconfig//testCaseFile.properties
2023-08-11 16:06:44,803 [main] INFO com.utils._masterVO - Test cases file Loaded successfully
2023-08-11 16:06:44,806 [main] INFO com.utils._masterVO - Loading Web Cases Master file from: .//src//test//resources//config//testCaseFile.properties
2023-08-11 16:06:44,833 [main] INFO com.utils._masterVO - Gateway Cases Master File Loaded successfully
2023-08-11 16:06:44,888 [main] INFO com.dbrepository.DBHandler - Entered Access Handler :: PostGreSQL
2023-08-11 16:06:44,900 [main] INFO com.commons.CacheController - New Cache DAO Loaded :: UPDATECACHE_VER = 1
2023-08-11 16:06:44,962 [MLog-Init-Reporter] INFO com.mchange.v2.log.MLog - MLog clients using log4j logging.
2023-08-11 16:06:45,145 [main] INFO com.mchange.v2.c3p0.C3P0Registry - Initializing c3p0-0.9.5.2 [built 08-December-2015 22:06:04 -0800; debug? true; trace: 10]
2023-08-11 16:06:45,265 [main] INFO com.mchange.v2.c3p0.impl.AbstractPoolBackedDataSource - Initializing c3p0 pool... com.mchange.v2.c3p0.ComboPooledDataSource [ acquireIncrement -> 5, acquireRetryAttempts -> 30, acquireRetryDelay -> 1000, autoCommitOnClose -> false, automaticTestTable -> null, breakAfterAcquireFailure -> false, checkoutTimeout -> 0, connectionCustomizerClassName -> null, connectionTesterClassName -> com.mchange.v2.c3p0.impl.DefaultConnectionTester, contextClassLoaderSource -> caller, dataSourceName -> 1hge0z1ax1rb4k841buw45p|37eeec90, debugUnreturnedConnectionStackTraces -> false, description -> null, driverClass -> org.postgresql.Driver, extensions -> {}, factoryClassLocation -> null, forceIgnoreUnresolvedTransactions -> false, forceSynchronousCheckins -> false, forceUseNamedDriverClass -> false, identityToken -> 1hge0z1ax1rb4k841buw45p|37eeec90, idleConnectionTestPeriod -> 0, initialPoolSize -> 10, jdbcUrl -> jdbc:postgresql://172.30.38.120:5432/pretups_trunk_dev, maxAdministrativeTaskTime -> 0, maxConnectionAge -> 0, maxIdleTime -> 0, maxIdleTimeExcessConnections -> 0, maxPoolSize -> 20, maxStatements -> 0, maxStatementsPerConnection -> 0, minPoolSize -> 10, numHelperThreads -> 3, preferredTestQuery -> null, privilegeSpawnedThreads -> false, properties -> {user=******, password=******}, propertyCycle -> 0, statementCacheNumDeferredCloseThreads -> 0, testConnectionOnCheckin -> false, testConnectionOnCheckout -> false, unreturnedConnectionTimeout -> 0, userOverrides -> {}, usesTraditionalReflectiveProxies -> false ]
2023-08-11 16:06:45,901 [main] INFO com.dbrepository.PostGreSQLRepository - Entered :: getNetworkName()
2023-08-11 16:06:45,991 [main] INFO com.dbrepository.PostGreSQLRepository - Query Repository Returns: Network Name (Network GGN)
2023-08-11 16:06:45,996 [main] INFO com.dbrepository.PostGreSQLRepository - Entered :: getSystemPreference(AMOUNT_MULT_FACTOR)
2023-08-11 16:06:45,999 [main] INFO com.dbrepository.DBConnectionPool - Active Size:1 Cache Size:2
2023-08-11 16:06:46,079 [main] INFO com.dbrepository.PostGreSQLRepository - Query Repository Returns: DEFAULT_VALUE (100)
2023-08-11 16:06:46,096 [main] INFO com.dbrepository.PostGreSQLRepository - Entered :: getSystemPreference(MSISDN_PREFIX_LENGTH)
2023-08-11 16:06:46,100 [main] INFO com.dbrepository.DBConnectionPool - Active Size:2 Cache Size:1
2023-08-11 16:06:46,177 [main] INFO com.dbrepository.PostGreSQLRepository - Query Repository Returns: DEFAULT_VALUE (2)
2023-08-11 16:06:46,182 [main] INFO com.dbrepository.PostGreSQLRepository - Entered :: getSystemPreference(MAX_MSISDN_LENGTH)
2023-08-11 16:06:46,186 [main] INFO com.dbrepository.DBConnectionPool - Active Size:3 Cache Size:0
2023-08-11 16:06:46,327 [main] INFO com.dbrepository.PostGreSQLRepository - Query Repository Returns: DEFAULT_VALUE (15)
2023-08-11 16:06:46,332 [main] INFO com.dbrepository.PostGreSQLRepository - Entered :: getSystemPreference(USER_PRODUCT_MULTIPLE_WALLET)
2023-08-11 16:06:46,336 [main] INFO com.dbrepository.DBConnectionPool - Active Size:4 Cache Size:2
2023-08-11 16:06:46,411 [main] INFO com.dbrepository.PostGreSQLRepository - Query Repository Returns: DEFAULT_VALUE (false)
2023-08-11 16:06:46,483 [main] INFO com.dbrepository.PostGreSQLRepository - Entered :: getSystemPreference(EXTERNAL_DATE_FORMAT)
2023-08-11 16:06:46,489 [main] INFO com.dbrepository.DBConnectionPool - Active Size:5 Cache Size:1
2023-08-11 16:06:46,565 [main] INFO com.dbrepository.PostGreSQLRepository - Query Repository Returns: DEFAULT_VALUE (dd/MM/yyyy)
2023-08-11 16:06:46,570 [main] INFO com.dbrepository.PostGreSQLRepository - Entered :: getSystemPreference(DATE_FORMAT_CAL_JAVA)
2023-08-11 16:06:46,575 [main] INFO com.dbrepository.DBConnectionPool - Active Size:6 Cache Size:0
2023-08-11 16:06:46,681 [main] INFO com.dbrepository.PostGreSQLRepository - Query Repository Returns: DEFAULT_VALUE (dd/MM/yyyy)
2023-08-11 16:06:46,687 [main] INFO com.dbrepository.PostGreSQLRepository - Entered :: getSystemPreference(OTH_COM_CHNL)
2023-08-11 16:06:46,694 [main] INFO com.dbrepository.DBConnectionPool - Active Size:0 Cache Size:9
2023-08-11 16:06:46,767 [main] INFO com.dbrepository.PostGreSQLRepository - Query Repository Returns: DEFAULT_VALUE (false)
2023-08-11 16:06:46,772 [main] INFO com.dbrepository.PostGreSQLRepository - Entered :: getSystemPreference(DW_ALLOWED_GATEWAYS)
2023-08-11 16:06:46,776 [main] INFO com.dbrepository.DBConnectionPool - Active Size:0 Cache Size:9
2023-08-11 16:06:46,862 [main] INFO com.dbrepository.PostGreSQLRepository - Query Repository Returns: DEFAULT_VALUE (EXTGW,DWEXTGW)
2023-08-11 16:06:46,866 [main] INFO com.dbrepository.PostGreSQLRepository - Entered :: getSystemPreference(DEFAULT_LANGUAGE)
2023-08-11 16:06:46,868 [main] INFO com.dbrepository.DBConnectionPool - Active Size:0 Cache Size:9
2023-08-11 16:06:46,940 [main] INFO com.dbrepository.PostGreSQLRepository - Query Repository Returns: DEFAULT_VALUE (en)
2023-08-11 16:06:46,945 [main] INFO com.dbrepository.PostGreSQLRepository - Entered :: getSystemPreference(DEFAULT_COUNTRY)
2023-08-11 16:06:46,950 [main] INFO com.dbrepository.DBConnectionPool - Active Size:0 Cache Size:9
2023-08-11 16:06:47,028 [main] INFO com.dbrepository.PostGreSQLRepository - Query Repository Returns: DEFAULT_VALUE (US)
2023-08-11 16:06:47,033 [main] INFO com.utils._masterVO - Display Locale set to: en_US
2023-08-11 16:06:55,136 [main] INFO com.sshmanager.SSHService - Exiting getFileFromSFTP()
2023-08-11 16:06:58,536 [main] INFO com.sshmanager.SSHService - Exiting getFileFromSFTP()
2023-08-11 16:06:58,571 [main] INFO com.utils._masterVO - Loading Messages Resource properties File from: .//src//test//resources//sysconfig//English.properties
2023-08-11 16:06:58,613 [main] INFO com.utils._masterVO - Messages Resource Properties file Loaded successfully
2023-08-11 16:06:58,618 [main] INFO com.utils._masterVO - Loading Messages Resource properties File from: .//src//test//resources//sysconfig//C2S_English.properties
2023-08-11 16:06:58,636 [main] INFO com.utils._masterVO - Messages Resource Properties file Loaded successfully
2023-08-11 16:06:58,704 [main] INFO com.sshmanager.SSHService - Executing: grep '^[^#]' /data1/pretupsapp/tomcat9_pgdev/conf/pretups/LogConfig.props|grep '^log4j.appender.OneLineTXNLogC2S.File[ =]'|cut -d'=' -f2|sed 's/^[ 	]*//;s/[ 	]*$//'
2023-08-11 16:06:58,930 [main] INFO com.sshmanager.SSHService - Channel Exit Status: 0
2023-08-11 16:06:58,935 [main] INFO com.sshmanager.SSHService - Executing: grep '^[^#]' /data1/pretupsapp/tomcat9_pgdev/conf/pretups/LogConfig.props|grep '^log4j.appender.ChannelRequestDailyLog.File[ =]'|cut -d'=' -f2|sed 's/^[ 	]*//;s/[ 	]*$//'
2023-08-11 16:06:59,143 [main] INFO com.sshmanager.SSHService - Channel Exit Status: 0
2023-08-11 16:06:59,149 [main] INFO com.classes.BaseTest - Completed loading all methods from -masterVO class
