2023-09-18 15:50:42,415 [main] INFO com.classes.BaseTest - Loading all methods from -masterVO class
2023-09-18 15:50:42,426 [main] INFO com.utils._masterVO - Loading Properties file from: .//src//test//resources//sysconfig//Constant.properties
2023-09-18 15:50:42,439 [main] INFO com.utils._masterVO - Properties File Loaded successfully
2023-09-18 15:50:42,450 [main] INFO com.utils._masterVO - Loading Master Sheet from: src//test//resources//config//DataProvider.xlsx
2023-09-18 15:50:44,469 [main] INFO com.utils._masterVO - Master Sheet Loaded successfully
2023-09-18 15:50:44,507 [main] INFO com.utils._masterVO - Loading Client Library for Client Versioning from: .//src//test//resources//sysconfig//ClientLib.properties
2023-09-18 15:50:44,519 [main] INFO com.utils._masterVO - Client Library Loaded successfully
2023-09-18 15:50:46,363 [main] INFO com.utils._masterVO - loadGeoDomains Map returns ::ZO - AUTbKlI - AUToKa1C
2023-09-18 15:50:46,588 [main] INFO com.utils._masterVO - loadGeoDomains Map returns ::AR - AUT7dba - AUT63dCN
2023-09-18 15:50:46,745 [main] INFO com.utils._masterVO - loadGeoDomains Map returns ::SA - AUTO2Fm - AUTNelnh
2023-09-18 15:50:47,363 [main] INFO com.utils._masterVO - Loading test case file file from: .//src//test//resources//sysconfig//testCaseFile.properties
2023-09-18 15:50:47,397 [main] INFO com.utils._masterVO - Test cases file Loaded successfully
2023-09-18 15:50:47,411 [main] INFO com.utils._masterVO - Loading Web Cases Master file from: .//src//test//resources//config//testCaseFile.properties
2023-09-18 15:50:47,446 [main] INFO com.utils._masterVO - Gateway Cases Master File Loaded successfully
2023-09-18 15:50:47,489 [main] INFO com.dbrepository.DBHandler - Entered Access Handler :: PostGreSQL
2023-09-18 15:50:47,504 [main] INFO com.commons.CacheController - New Cache DAO Loaded :: UPDATECACHE_VER = 1
2023-09-18 15:50:47,552 [MLog-Init-Reporter] INFO com.mchange.v2.log.MLog - MLog clients using log4j logging.
2023-09-18 15:50:47,781 [main] INFO com.mchange.v2.c3p0.C3P0Registry - Initializing c3p0-0.9.5.2 [built 08-December-2015 22:06:04 -0800; debug? true; trace: 10]
2023-09-18 15:50:47,907 [main] INFO com.mchange.v2.c3p0.impl.AbstractPoolBackedDataSource - Initializing c3p0 pool... com.mchange.v2.c3p0.ComboPooledDataSource [ acquireIncrement -> 5, acquireRetryAttempts -> 30, acquireRetryDelay -> 1000, autoCommitOnClose -> false, automaticTestTable -> null, breakAfterAcquireFailure -> false, checkoutTimeout -> 0, connectionCustomizerClassName -> null, connectionTesterClassName -> com.mchange.v2.c3p0.impl.DefaultConnectionTester, contextClassLoaderSource -> caller, dataSourceName -> 1hge14aay1ak6cu51pgxw75|f415a95, debugUnreturnedConnectionStackTraces -> false, description -> null, driverClass -> org.postgresql.Driver, extensions -> {}, factoryClassLocation -> null, forceIgnoreUnresolvedTransactions -> false, forceSynchronousCheckins -> false, forceUseNamedDriverClass -> false, identityToken -> 1hge14aay1ak6cu51pgxw75|f415a95, idleConnectionTestPeriod -> 0, initialPoolSize -> 10, jdbcUrl -> jdbc:postgresql://172.30.38.120:5432/pretups_trunk_dev, maxAdministrativeTaskTime -> 0, maxConnectionAge -> 0, maxIdleTime -> 0, maxIdleTimeExcessConnections -> 0, maxPoolSize -> 20, maxStatements -> 0, maxStatementsPerConnection -> 0, minPoolSize -> 10, numHelperThreads -> 3, preferredTestQuery -> null, privilegeSpawnedThreads -> false, properties -> {user=******, password=******}, propertyCycle -> 0, statementCacheNumDeferredCloseThreads -> 0, testConnectionOnCheckin -> false, testConnectionOnCheckout -> false, unreturnedConnectionTimeout -> 0, userOverrides -> {}, usesTraditionalReflectiveProxies -> false ]
2023-09-18 15:50:49,893 [main] INFO com.dbrepository.PostGreSQLRepository - Entered :: getNetworkName()
2023-09-18 15:50:50,092 [main] INFO com.dbrepository.PostGreSQLRepository - Query Repository Returns: Network Name (Network GGN)
2023-09-18 15:50:50,102 [main] INFO com.dbrepository.PostGreSQLRepository - Entered :: getSystemPreference(AMOUNT_MULT_FACTOR)
2023-09-18 15:50:50,111 [main] INFO com.dbrepository.DBConnectionPool - Active Size:1 Cache Size:1
2023-09-18 15:50:50,277 [main] INFO com.dbrepository.PostGreSQLRepository - Query Repository Returns: DEFAULT_VALUE (100)
2023-09-18 15:50:50,289 [main] INFO com.dbrepository.PostGreSQLRepository - Entered :: getSystemPreference(MSISDN_PREFIX_LENGTH)
2023-09-18 15:50:50,299 [main] INFO com.dbrepository.DBConnectionPool - Active Size:2 Cache Size:1
2023-09-18 15:50:50,473 [main] INFO com.dbrepository.PostGreSQLRepository - Query Repository Returns: DEFAULT_VALUE (2)
2023-09-18 15:50:50,483 [main] INFO com.dbrepository.PostGreSQLRepository - Entered :: getSystemPreference(MAX_MSISDN_LENGTH)
2023-09-18 15:50:50,494 [main] INFO com.dbrepository.DBConnectionPool - Active Size:3 Cache Size:0
2023-09-18 15:50:50,910 [main] INFO com.dbrepository.PostGreSQLRepository - Query Repository Returns: DEFAULT_VALUE (15)
2023-09-18 15:50:50,921 [main] INFO com.dbrepository.PostGreSQLRepository - Entered :: getSystemPreference(USER_PRODUCT_MULTIPLE_WALLET)
2023-09-18 15:50:50,932 [main] INFO com.dbrepository.DBConnectionPool - Active Size:4 Cache Size:1
2023-09-18 15:50:51,204 [main] INFO com.dbrepository.PostGreSQLRepository - Query Repository Returns: DEFAULT_VALUE (false)
2023-09-18 15:50:51,214 [main] INFO com.dbrepository.PostGreSQLRepository - Entered :: getSystemPreference(EXTERNAL_DATE_FORMAT)
2023-09-18 15:50:51,224 [main] INFO com.dbrepository.DBConnectionPool - Active Size:5 Cache Size:0
2023-09-18 15:50:51,614 [main] INFO com.dbrepository.PostGreSQLRepository - Query Repository Returns: DEFAULT_VALUE (dd/MM/yyyy)
2023-09-18 15:50:51,626 [main] INFO com.dbrepository.PostGreSQLRepository - Entered :: getSystemPreference(DATE_FORMAT_CAL_JAVA)
2023-09-18 15:50:51,639 [main] INFO com.dbrepository.DBConnectionPool - Active Size:6 Cache Size:0
2023-09-18 15:50:51,877 [main] INFO com.dbrepository.PostGreSQLRepository - Query Repository Returns: DEFAULT_VALUE (dd/MM/yyyy)
2023-09-18 15:50:51,887 [main] INFO com.dbrepository.PostGreSQLRepository - Entered :: getSystemPreference(OTH_COM_CHNL)
2023-09-18 15:50:51,897 [main] INFO com.dbrepository.DBConnectionPool - Active Size:0 Cache Size:8
2023-09-18 15:50:52,028 [main] INFO com.dbrepository.PostGreSQLRepository - Query Repository Returns: DEFAULT_VALUE (false)
2023-09-18 15:50:52,038 [main] INFO com.dbrepository.PostGreSQLRepository - Entered :: getSystemPreference(DW_ALLOWED_GATEWAYS)
2023-09-18 15:50:52,048 [main] INFO com.dbrepository.DBConnectionPool - Active Size:0 Cache Size:8
2023-09-18 15:50:52,173 [main] INFO com.dbrepository.PostGreSQLRepository - Query Repository Returns: DEFAULT_VALUE (EXTGW,DWEXTGW)
2023-09-18 15:50:52,183 [main] INFO com.dbrepository.PostGreSQLRepository - Entered :: getSystemPreference(DEFAULT_LANGUAGE)
2023-09-18 15:50:52,194 [main] INFO com.dbrepository.DBConnectionPool - Active Size:0 Cache Size:9
2023-09-18 15:50:52,312 [main] INFO com.dbrepository.PostGreSQLRepository - Query Repository Returns: DEFAULT_VALUE (en)
2023-09-18 15:50:52,323 [main] INFO com.dbrepository.PostGreSQLRepository - Entered :: getSystemPreference(DEFAULT_COUNTRY)
2023-09-18 15:50:52,336 [main] INFO com.dbrepository.DBConnectionPool - Active Size:0 Cache Size:10
2023-09-18 15:50:52,491 [main] INFO com.dbrepository.PostGreSQLRepository - Query Repository Returns: DEFAULT_VALUE (US)
2023-09-18 15:50:52,502 [main] INFO com.utils._masterVO - Display Locale set to: en_US
2023-09-18 15:51:22,067 [main] INFO com.sshmanager.SSHService - Exiting getFileFromSFTP()
2023-09-18 15:51:30,190 [main] INFO com.sshmanager.SSHService - Exiting getFileFromSFTP()
2023-09-18 15:51:30,213 [main] INFO com.utils._masterVO - Loading Messages Resource properties File from: .//src//test//resources//sysconfig//English.properties
2023-09-18 15:51:30,278 [main] INFO com.utils._masterVO - Messages Resource Properties file Loaded successfully
2023-09-18 15:51:30,288 [main] INFO com.utils._masterVO - Loading Messages Resource properties File from: .//src//test//resources//sysconfig//C2S_English.properties
2023-09-18 15:51:30,349 [main] INFO com.utils._masterVO - Messages Resource Properties file Loaded successfully
2023-09-18 15:51:30,476 [main] INFO com.sshmanager.SSHService - Executing: grep '^[^#]' /data1/pretupsapp/tomcat9_pgdev/conf/pretups/LogConfig.props|grep '^log4j.appender.OneLineTXNLogC2S.File[ =]'|cut -d'=' -f2|sed 's/^[ 	]*//;s/[ 	]*$//'
2023-09-18 15:51:30,752 [main] INFO com.sshmanager.SSHService - Channel Exit Status: 0
2023-09-18 15:51:30,772 [main] INFO com.sshmanager.SSHService - Executing: grep '^[^#]' /data1/pretupsapp/tomcat9_pgdev/conf/pretups/LogConfig.props|grep '^log4j.appender.ChannelRequestDailyLog.File[ =]'|cut -d'=' -f2|sed 's/^[ 	]*//;s/[ 	]*$//'
2023-09-18 15:51:31,050 [main] INFO com.sshmanager.SSHService - Channel Exit Status: 0
2023-09-18 15:51:31,060 [main] INFO com.classes.BaseTest - Completed loading all methods from -masterVO class
2023-09-18 15:56:41,442 [main] INFO angular.testscripts.prereuisitesangular.CardGroup.BatchModifyC2SCardGroup_TestScript - DataNetwork Admin
2023-09-18 15:56:41,476 [main] INFO angular.testscripts.prereuisitesangular.CardGroup.BatchModifyC2SCardGroup_TestScript - Databtnadm
2023-09-18 15:56:41,500 [main] INFO angular.testscripts.prereuisitesangular.CardGroup.BatchModifyC2SCardGroup_TestScript - DataCom@1111
2023-09-18 15:56:41,526 [main] INFO angular.testscripts.prereuisitesangular.CardGroup.BatchModifyC2SCardGroup_TestScript - Value of k0
2023-09-18 15:56:41,575 [main] INFO angular.testscripts.prereuisitesangular.CardGroup.BatchModifyC2SCardGroup_TestScript - ------------------ Test Case Execution Started For A_01_Test_Batch_modify_C2S_cardgroup -------------------
2023-09-18 15:56:41,575 [main] INFO angular.testscripts.prereuisitesangular.CardGroup.BatchModifyC2SCardGroup_TestScript - Entered A_01_Test_Batch_modify_C2S_cardgroup(Network Admin, btnadm, Com@1111)
2023-09-18 15:56:58,831 [main] INFO angular.pageobjects.loginpages.LoginPageRevamp - Trying to select Language
2023-09-18 15:56:59,022 [main] INFO angular.pageobjects.loginpages.LoginPageRevamp - <b>Language Selector Not Found:</b>
2023-09-18 15:56:59,040 [main] INFO angular.pageobjects.loginpages.LoginPageRevamp - Trying to enter Login ID
2023-09-18 15:56:59,213 [main] INFO angular.pageobjects.loginpages.LoginPageRevamp - Login ID entered successfully as: btnadm
2023-09-18 15:56:59,232 [main] INFO angular.pageobjects.loginpages.LoginPageRevamp - Trying to enter Password
2023-09-18 15:56:59,483 [main] INFO angular.pageobjects.loginpages.LoginPageRevamp - Password entered successfully as: Com@1111
2023-09-18 15:56:59,507 [main] INFO angular.pageobjects.loginpages.LoginPageRevamp - Trying to click Login Button
2023-09-18 15:56:59,662 [main] INFO angular.pageobjects.loginpages.LoginPageRevamp - Unable to click on Login button
2023-09-18 15:56:59,729 [main] INFO angular.pageobjects.loginpages.LoginPageRevamp - Error Message Found on Login Screen: 
2023-09-18 15:57:09,751 [main] INFO angular.pageobjects.CardGroup.BulkModifyC2SCG - Trying to click on eTopUp tab
2023-09-18 15:57:19,783 [main] INFO angular.pageobjects.CardGroup.BulkModifyC2SCG - Checking visibility of eTopUp Tab
