2022-04-21 13:21:25,539 [main] INFO com.classes.BaseTest - Loading all methods from -masterVO class
2022-04-21 13:21:25,542 [main] INFO com.utils._masterVO - Loading Properties file from: .//src//test//resources//sysconfig//Constant.properties
2022-04-21 13:21:25,545 [main] INFO com.utils._masterVO - Properties File Loaded successfully
2022-04-21 13:21:25,547 [main] INFO com.utils._masterVO - Loading Master Sheet from: src//test//resources//config//DataProvider.xlsx
2022-04-21 13:21:26,137 [main] INFO com.utils._masterVO - Master Sheet Loaded successfully
2022-04-21 13:21:26,139 [main] INFO com.utils._masterVO - Loading Client Library for Client Versioning from: .//src//test//resources//sysconfig//ClientLib.properties
2022-04-21 13:21:26,152 [main] INFO com.utils._masterVO - Client Library Loaded successfully
2022-04-21 13:21:26,442 [main] INFO com.utils._masterVO - loadGeoDomains Map returns ::ZO - AUTbKlI - AUToKa1C
2022-04-21 13:21:26,561 [main] INFO com.utils._masterVO - loadGeoDomains Map returns ::AR - AUT7dba - AUT63dCN
2022-04-21 13:21:26,645 [main] INFO com.utils._masterVO - loadGeoDomains Map returns ::SA - AUTO2Fm - AUTNelnh
2022-04-21 13:21:27,091 [main] INFO com.utils._masterVO - Loading test case file file from: .//src//test//resources//sysconfig//testCaseFile.properties
2022-04-21 13:21:27,105 [main] INFO com.utils._masterVO - Test cases file Loaded successfully
2022-04-21 13:21:27,106 [main] INFO com.utils._masterVO - Loading Web Cases Master file from: .//src//test//resources//config//testCaseFile.properties
2022-04-21 13:21:27,122 [main] INFO com.utils._masterVO - Gateway Cases Master File Loaded successfully
2022-04-21 13:21:27,162 [main] INFO com.dbrepository.DBHandler - Entered Access Handler :: PostGreSQL
2022-04-21 13:21:27,168 [main] INFO com.commons.CacheController - New Cache DAO Loaded :: UPDATECACHE_VER = 1
2022-04-21 13:21:27,203 [MLog-Init-Reporter] INFO com.mchange.v2.log.MLog - MLog clients using log4j logging.
2022-04-21 13:21:27,287 [main] INFO com.mchange.v2.c3p0.C3P0Registry - Initializing c3p0-0.9.5.2 [built 08-December-2015 22:06:04 -0800; debug? true; trace: 10]
2022-04-21 13:21:27,360 [main] INFO com.mchange.v2.c3p0.impl.AbstractPoolBackedDataSource - Initializing c3p0 pool... com.mchange.v2.c3p0.ComboPooledDataSource [ acquireIncrement -> 5, acquireRetryAttempts -> 30, acquireRetryDelay -> 1000, autoCommitOnClose -> false, automaticTestTable -> null, breakAfterAcquireFailure -> false, checkoutTimeout -> 0, connectionCustomizerClassName -> null, connectionTesterClassName -> com.mchange.v2.c3p0.impl.DefaultConnectionTester, contextClassLoaderSource -> caller, dataSourceName -> 1hge148aoku75e11imr1eb|2a7ed1f, debugUnreturnedConnectionStackTraces -> false, description -> null, driverClass -> org.postgresql.Driver, extensions -> {}, factoryClassLocation -> null, forceIgnoreUnresolvedTransactions -> false, forceSynchronousCheckins -> false, forceUseNamedDriverClass -> false, identityToken -> 1hge148aoku75e11imr1eb|2a7ed1f, idleConnectionTestPeriod -> 0, initialPoolSize -> 10, jdbcUrl -> jdbc:postgresql://172.30.38.120:5432/pretups_trunk, maxAdministrativeTaskTime -> 0, maxConnectionAge -> 0, maxIdleTime -> 0, maxIdleTimeExcessConnections -> 0, maxPoolSize -> 20, maxStatements -> 0, maxStatementsPerConnection -> 0, minPoolSize -> 10, numHelperThreads -> 3, preferredTestQuery -> null, privilegeSpawnedThreads -> false, properties -> {user=******, password=******}, propertyCycle -> 0, statementCacheNumDeferredCloseThreads -> 0, testConnectionOnCheckin -> false, testConnectionOnCheckout -> false, unreturnedConnectionTimeout -> 0, userOverrides -> {}, usesTraditionalReflectiveProxies -> false ]
2022-04-21 13:21:28,789 [main] INFO com.dbrepository.PostGreSQLRepository - Entered :: getNetworkName()
2022-04-21 13:21:28,896 [main] INFO com.dbrepository.PostGreSQLRepository - Query Repository Returns: Network Name (Network GGN)
2022-04-21 13:21:28,898 [main] INFO com.dbrepository.PostGreSQLRepository - Entered :: getSystemPreference(AMOUNT_MULT_FACTOR)
2022-04-21 13:21:28,898 [main] INFO com.dbrepository.DBConnectionPool - Active Size:1 Cache Size:2
2022-04-21 13:21:28,955 [main] INFO com.dbrepository.PostGreSQLRepository - Query Repository Returns: DEFAULT_VALUE (100)
2022-04-21 13:21:28,958 [main] INFO com.dbrepository.PostGreSQLRepository - Entered :: getSystemPreference(MSISDN_PREFIX_LENGTH)
2022-04-21 13:21:28,961 [main] INFO com.dbrepository.DBConnectionPool - Active Size:2 Cache Size:1
2022-04-21 13:21:29,029 [main] INFO com.dbrepository.PostGreSQLRepository - Query Repository Returns: DEFAULT_VALUE (2)
2022-04-21 13:21:29,030 [main] INFO com.dbrepository.PostGreSQLRepository - Entered :: getSystemPreference(MAX_MSISDN_LENGTH)
2022-04-21 13:21:29,032 [main] INFO com.dbrepository.DBConnectionPool - Active Size:3 Cache Size:0
2022-04-21 13:21:29,120 [main] INFO com.dbrepository.PostGreSQLRepository - Query Repository Returns: DEFAULT_VALUE (15)
2022-04-21 13:21:29,123 [main] INFO com.dbrepository.PostGreSQLRepository - Entered :: getSystemPreference(USER_PRODUCT_MULTIPLE_WALLET)
2022-04-21 13:21:29,125 [main] INFO com.dbrepository.DBConnectionPool - Active Size:4 Cache Size:2
2022-04-21 13:21:29,174 [main] INFO com.dbrepository.PostGreSQLRepository - Query Repository Returns: DEFAULT_VALUE (false)
2022-04-21 13:21:29,176 [main] INFO com.dbrepository.PostGreSQLRepository - Entered :: getSystemPreference(EXTERNAL_DATE_FORMAT)
2022-04-21 13:21:29,177 [main] INFO com.dbrepository.DBConnectionPool - Active Size:5 Cache Size:1
2022-04-21 13:21:29,225 [main] INFO com.dbrepository.PostGreSQLRepository - Query Repository Returns: DEFAULT_VALUE (yyyy/MM/dd)
2022-04-21 13:21:29,227 [main] INFO com.dbrepository.PostGreSQLRepository - Entered :: getSystemPreference(DATE_FORMAT_CAL_JAVA)
2022-04-21 13:21:29,229 [main] INFO com.dbrepository.DBConnectionPool - Active Size:6 Cache Size:0
2022-04-21 13:21:29,362 [main] INFO com.dbrepository.PostGreSQLRepository - Query Repository Returns: DEFAULT_VALUE (yyyy/MM/dd)
2022-04-21 13:21:29,365 [main] INFO com.dbrepository.PostGreSQLRepository - Entered :: getSystemPreference(OTH_COM_CHNL)
2022-04-21 13:21:29,367 [main] INFO com.dbrepository.DBConnectionPool - Active Size:0 Cache Size:9
2022-04-21 13:21:29,427 [main] INFO com.dbrepository.PostGreSQLRepository - Query Repository Returns: DEFAULT_VALUE (false)
2022-04-21 13:21:29,429 [main] INFO com.dbrepository.PostGreSQLRepository - Entered :: getSystemPreference(DW_ALLOWED_GATEWAYS)
2022-04-21 13:21:29,431 [main] INFO com.dbrepository.DBConnectionPool - Active Size:0 Cache Size:9
2022-04-21 13:21:29,473 [main] INFO com.dbrepository.PostGreSQLRepository - Query Repository Returns: DEFAULT_VALUE (null)
2022-04-21 13:21:29,474 [main] INFO com.dbrepository.PostGreSQLRepository - Entered :: getSystemPreference(DEFAULT_LANGUAGE)
2022-04-21 13:21:29,475 [main] INFO com.dbrepository.DBConnectionPool - Active Size:0 Cache Size:9
2022-04-21 13:21:29,516 [main] INFO com.dbrepository.PostGreSQLRepository - Query Repository Returns: DEFAULT_VALUE (en)
2022-04-21 13:21:29,517 [main] INFO com.dbrepository.PostGreSQLRepository - Entered :: getSystemPreference(DEFAULT_COUNTRY)
2022-04-21 13:21:29,519 [main] INFO com.dbrepository.DBConnectionPool - Active Size:0 Cache Size:9
2022-04-21 13:21:29,584 [main] INFO com.dbrepository.PostGreSQLRepository - Query Repository Returns: DEFAULT_VALUE (US)
2022-04-21 13:21:29,584 [main] INFO com.utils._masterVO - Display Locale set to: en_US
2022-04-21 13:21:50,668 [main] ERROR com.sshmanager.SSHService - Error while getting SSH Server Instance : com.jcraft.jsch.JSchException: java.net.ConnectException: Connection timed out: connect
2022-04-21 13:21:50,698 [main] INFO com.utils._masterVO - Loading Messages Resource properties File from: .//src//test//resources//sysconfig//English.properties
2022-04-21 13:21:50,792 [main] INFO com.utils._masterVO - Messages Resource Properties file Loaded successfully
2022-04-21 13:21:50,794 [main] INFO com.utils._masterVO - Loading Messages Resource properties File from: .//src//test//resources//sysconfig//C2S_English.properties
2022-04-21 13:21:50,825 [main] INFO com.utils._masterVO - Messages Resource Properties file Loaded successfully
2022-04-21 13:21:50,828 [main] INFO com.dbrepository.PostGreSQLRepository - Entered getGatewayDetails('EXTGW','USSD','SMSC')
2022-04-21 13:21:50,831 [main] INFO com.dbrepository.DBConnectionPool - Active Size:0 Cache Size:10
2022-04-21 13:21:50,852 [main] INFO com.dbrepository.PostGreSQLRepository - getGatewayDetails() :: select query: SELECT rmg.gateway_code, mg.gateway_type, rmg.login_id, rmg.PASSWORD, rmg.content_type, rmg.service_port, mg.req_password_plain FROM message_gateway mg, req_message_gateway rmg WHERE mg.gateway_code = rmg.gateway_code AND rmg.gateway_code IN ('EXTGW','USSD','SMSC')
2022-04-21 13:21:50,915 [main] INFO com.dbrepository.PostGreSQLRepository - Database Returns: [[Ljava.lang.Object;@1046d517[{{EXTGW,EXTGW,pretups,0971500a350af5c3d1c0b12221a0558c,XML,190,Y},{USSD,USSD,pretups,0971500a350af5c3d1c0b12221a0558c,XML,190,Y},{SMSC,SMSC,pretups,0971500a350af5c3d1c0b12221a0558c,PLAIN,190,Y}}]
2022-04-21 13:21:50,918 [main] INFO com.dbrepository.PostGreSQLRepository - Exiting getGatewayDetails()
2022-04-21 13:21:50,926 [main] INFO com.utils._APIUtil - Entered getAPIServices(EXTGW)
2022-04-21 13:21:50,948 [main] INFO com.utils._APIUtil - Exiting getAPIServices([])
2022-04-21 13:21:50,952 [main] INFO com.utils._masterVO - Loading Gateway Cases Master file from: .//src//test//resources//config//GatewayMaster.xlsx
2022-04-21 13:21:51,256 [main] INFO com.utils.ExcelUtility - java.lang.NullPointerException
	at com.utils.ExcelUtility.getCellData(ExcelUtility.java:311)
	at com.utils._masterVO.loadGatewayCases(_masterVO.java:115)
	at com.utils._masterVO.loadExternalServices(_masterVO.java:448)
	at com.utils._masterVO.loadVO(_masterVO.java:81)
	at com.classes.BaseTest.setupReporter(BaseTest.java:85)
	at sun.reflect.NativeMethodAccessorImpl.invoke0(Native Method)
	at sun.reflect.NativeMethodAccessorImpl.invoke(Unknown Source)
	at sun.reflect.DelegatingMethodAccessorImpl.invoke(Unknown Source)
	at java.lang.reflect.Method.invoke(Unknown Source)
	at org.testng.internal.MethodInvocationHelper.invokeMethod(MethodInvocationHelper.java:124)
	at org.testng.internal.MethodInvocationHelper.invokeMethodConsideringTimeout(MethodInvocationHelper.java:59)
	at org.testng.internal.Invoker.invokeConfigurationMethod(Invoker.java:455)
	at org.testng.internal.Invoker.invokeConfigurations(Invoker.java:222)
	at org.testng.internal.Invoker.invokeConfigurations(Invoker.java:142)
	at org.testng.SuiteRunner.privateRun(SuiteRunner.java:401)
	at org.testng.SuiteRunner.run(SuiteRunner.java:364)
	at org.testng.SuiteRunnerWorker.runSuite(SuiteRunnerWorker.java:52)
	at org.testng.SuiteRunnerWorker.run(SuiteRunnerWorker.java:84)
	at org.testng.TestNG.runSuitesSequentially(TestNG.java:1208)
	at org.testng.TestNG.runSuitesLocally(TestNG.java:1137)
	at org.testng.TestNG.runSuites(TestNG.java:1049)
	at org.testng.TestNG.run(TestNG.java:1017)
	at org.testng.remote.AbstractRemoteTestNG.run(AbstractRemoteTestNG.java:115)
	at org.testng.remote.RemoteTestNG.initAndRun(RemoteTestNG.java:251)
	at org.testng.remote.RemoteTestNG.main(RemoteTestNG.java:77)

2022-04-21 13:21:51,268 [main] INFO com.utils.ExcelUtility - java.lang.NullPointerException
	at com.utils.ExcelUtility.getCellData(ExcelUtility.java:311)
	at com.utils._masterVO.loadGatewayCases(_masterVO.java:115)
	at com.utils._masterVO.loadExternalServices(_masterVO.java:448)
	at com.utils._masterVO.loadVO(_masterVO.java:81)
	at com.classes.BaseTest.setupReporter(BaseTest.java:85)
	at sun.reflect.NativeMethodAccessorImpl.invoke0(Native Method)
	at sun.reflect.NativeMethodAccessorImpl.invoke(Unknown Source)
	at sun.reflect.DelegatingMethodAccessorImpl.invoke(Unknown Source)
	at java.lang.reflect.Method.invoke(Unknown Source)
	at org.testng.internal.MethodInvocationHelper.invokeMethod(MethodInvocationHelper.java:124)
	at org.testng.internal.MethodInvocationHelper.invokeMethodConsideringTimeout(MethodInvocationHelper.java:59)
	at org.testng.internal.Invoker.invokeConfigurationMethod(Invoker.java:455)
	at org.testng.internal.Invoker.invokeConfigurations(Invoker.java:222)
	at org.testng.internal.Invoker.invokeConfigurations(Invoker.java:142)
	at org.testng.SuiteRunner.privateRun(SuiteRunner.java:401)
	at org.testng.SuiteRunner.run(SuiteRunner.java:364)
	at org.testng.SuiteRunnerWorker.runSuite(SuiteRunnerWorker.java:52)
	at org.testng.SuiteRunnerWorker.run(SuiteRunnerWorker.java:84)
	at org.testng.TestNG.runSuitesSequentially(TestNG.java:1208)
	at org.testng.TestNG.runSuitesLocally(TestNG.java:1137)
	at org.testng.TestNG.runSuites(TestNG.java:1049)
	at org.testng.TestNG.run(TestNG.java:1017)
	at org.testng.remote.AbstractRemoteTestNG.run(AbstractRemoteTestNG.java:115)
	at org.testng.remote.RemoteTestNG.initAndRun(RemoteTestNG.java:251)
	at org.testng.remote.RemoteTestNG.main(RemoteTestNG.java:77)

2022-04-21 13:21:51,273 [main] INFO com.utils.ExcelUtility - java.lang.NullPointerException
	at com.utils.ExcelUtility.getCellData(ExcelUtility.java:311)
	at com.utils._masterVO.loadGatewayCases(_masterVO.java:115)
	at com.utils._masterVO.loadExternalServices(_masterVO.java:448)
	at com.utils._masterVO.loadVO(_masterVO.java:81)
	at com.classes.BaseTest.setupReporter(BaseTest.java:85)
	at sun.reflect.NativeMethodAccessorImpl.invoke0(Native Method)
	at sun.reflect.NativeMethodAccessorImpl.invoke(Unknown Source)
	at sun.reflect.DelegatingMethodAccessorImpl.invoke(Unknown Source)
	at java.lang.reflect.Method.invoke(Unknown Source)
	at org.testng.internal.MethodInvocationHelper.invokeMethod(MethodInvocationHelper.java:124)
	at org.testng.internal.MethodInvocationHelper.invokeMethodConsideringTimeout(MethodInvocationHelper.java:59)
	at org.testng.internal.Invoker.invokeConfigurationMethod(Invoker.java:455)
	at org.testng.internal.Invoker.invokeConfigurations(Invoker.java:222)
	at org.testng.internal.Invoker.invokeConfigurations(Invoker.java:142)
	at org.testng.SuiteRunner.privateRun(SuiteRunner.java:401)
	at org.testng.SuiteRunner.run(SuiteRunner.java:364)
	at org.testng.SuiteRunnerWorker.runSuite(SuiteRunnerWorker.java:52)
	at org.testng.SuiteRunnerWorker.run(SuiteRunnerWorker.java:84)
	at org.testng.TestNG.runSuitesSequentially(TestNG.java:1208)
	at org.testng.TestNG.runSuitesLocally(TestNG.java:1137)
	at org.testng.TestNG.runSuites(TestNG.java:1049)
	at org.testng.TestNG.run(TestNG.java:1017)
	at org.testng.remote.AbstractRemoteTestNG.run(AbstractRemoteTestNG.java:115)
	at org.testng.remote.RemoteTestNG.initAndRun(RemoteTestNG.java:251)
	at org.testng.remote.RemoteTestNG.main(RemoteTestNG.java:77)

2022-04-21 13:21:51,310 [main] INFO com.utils.ExcelUtility - java.lang.NullPointerException
	at com.utils.ExcelUtility.getCellData(ExcelUtility.java:311)
	at com.utils._masterVO.loadGatewayCases(_masterVO.java:115)
	at com.utils._masterVO.loadExternalServices(_masterVO.java:448)
	at com.utils._masterVO.loadVO(_masterVO.java:81)
	at com.classes.BaseTest.setupReporter(BaseTest.java:85)
	at sun.reflect.NativeMethodAccessorImpl.invoke0(Native Method)
	at sun.reflect.NativeMethodAccessorImpl.invoke(Unknown Source)
	at sun.reflect.DelegatingMethodAccessorImpl.invoke(Unknown Source)
	at java.lang.reflect.Method.invoke(Unknown Source)
	at org.testng.internal.MethodInvocationHelper.invokeMethod(MethodInvocationHelper.java:124)
	at org.testng.internal.MethodInvocationHelper.invokeMethodConsideringTimeout(MethodInvocationHelper.java:59)
	at org.testng.internal.Invoker.invokeConfigurationMethod(Invoker.java:455)
	at org.testng.internal.Invoker.invokeConfigurations(Invoker.java:222)
	at org.testng.internal.Invoker.invokeConfigurations(Invoker.java:142)
	at org.testng.SuiteRunner.privateRun(SuiteRunner.java:401)
	at org.testng.SuiteRunner.run(SuiteRunner.java:364)
	at org.testng.SuiteRunnerWorker.runSuite(SuiteRunnerWorker.java:52)
	at org.testng.SuiteRunnerWorker.run(SuiteRunnerWorker.java:84)
	at org.testng.TestNG.runSuitesSequentially(TestNG.java:1208)
	at org.testng.TestNG.runSuitesLocally(TestNG.java:1137)
	at org.testng.TestNG.runSuites(TestNG.java:1049)
	at org.testng.TestNG.run(TestNG.java:1017)
	at org.testng.remote.AbstractRemoteTestNG.run(AbstractRemoteTestNG.java:115)
	at org.testng.remote.RemoteTestNG.initAndRun(RemoteTestNG.java:251)
	at org.testng.remote.RemoteTestNG.main(RemoteTestNG.java:77)

2022-04-21 13:21:51,390 [main] INFO com.utils.ExcelUtility - java.lang.NullPointerException
	at com.utils.ExcelUtility.getCellData(ExcelUtility.java:311)
	at com.utils._masterVO.loadGatewayCases(_masterVO.java:115)
	at com.utils._masterVO.loadExternalServices(_masterVO.java:448)
	at com.utils._masterVO.loadVO(_masterVO.java:81)
	at com.classes.BaseTest.setupReporter(BaseTest.java:85)
	at sun.reflect.NativeMethodAccessorImpl.invoke0(Native Method)
	at sun.reflect.NativeMethodAccessorImpl.invoke(Unknown Source)
	at sun.reflect.DelegatingMethodAccessorImpl.invoke(Unknown Source)
	at java.lang.reflect.Method.invoke(Unknown Source)
	at org.testng.internal.MethodInvocationHelper.invokeMethod(MethodInvocationHelper.java:124)
	at org.testng.internal.MethodInvocationHelper.invokeMethodConsideringTimeout(MethodInvocationHelper.java:59)
	at org.testng.internal.Invoker.invokeConfigurationMethod(Invoker.java:455)
	at org.testng.internal.Invoker.invokeConfigurations(Invoker.java:222)
	at org.testng.internal.Invoker.invokeConfigurations(Invoker.java:142)
	at org.testng.SuiteRunner.privateRun(SuiteRunner.java:401)
	at org.testng.SuiteRunner.run(SuiteRunner.java:364)
	at org.testng.SuiteRunnerWorker.runSuite(SuiteRunnerWorker.java:52)
	at org.testng.SuiteRunnerWorker.run(SuiteRunnerWorker.java:84)
	at org.testng.TestNG.runSuitesSequentially(TestNG.java:1208)
	at org.testng.TestNG.runSuitesLocally(TestNG.java:1137)
	at org.testng.TestNG.runSuites(TestNG.java:1049)
	at org.testng.TestNG.run(TestNG.java:1017)
	at org.testng.remote.AbstractRemoteTestNG.run(AbstractRemoteTestNG.java:115)
	at org.testng.remote.RemoteTestNG.initAndRun(RemoteTestNG.java:251)
	at org.testng.remote.RemoteTestNG.main(RemoteTestNG.java:77)

2022-04-21 13:21:51,433 [main] INFO com.utils.ExcelUtility - java.lang.NullPointerException
	at com.utils.ExcelUtility.getCellData(ExcelUtility.java:311)
	at com.utils._masterVO.loadGatewayCases(_masterVO.java:115)
	at com.utils._masterVO.loadExternalServices(_masterVO.java:448)
	at com.utils._masterVO.loadVO(_masterVO.java:81)
	at com.classes.BaseTest.setupReporter(BaseTest.java:85)
	at sun.reflect.NativeMethodAccessorImpl.invoke0(Native Method)
	at sun.reflect.NativeMethodAccessorImpl.invoke(Unknown Source)
	at sun.reflect.DelegatingMethodAccessorImpl.invoke(Unknown Source)
	at java.lang.reflect.Method.invoke(Unknown Source)
	at org.testng.internal.MethodInvocationHelper.invokeMethod(MethodInvocationHelper.java:124)
	at org.testng.internal.MethodInvocationHelper.invokeMethodConsideringTimeout(MethodInvocationHelper.java:59)
	at org.testng.internal.Invoker.invokeConfigurationMethod(Invoker.java:455)
	at org.testng.internal.Invoker.invokeConfigurations(Invoker.java:222)
	at org.testng.internal.Invoker.invokeConfigurations(Invoker.java:142)
	at org.testng.SuiteRunner.privateRun(SuiteRunner.java:401)
	at org.testng.SuiteRunner.run(SuiteRunner.java:364)
	at org.testng.SuiteRunnerWorker.runSuite(SuiteRunnerWorker.java:52)
	at org.testng.SuiteRunnerWorker.run(SuiteRunnerWorker.java:84)
	at org.testng.TestNG.runSuitesSequentially(TestNG.java:1208)
	at org.testng.TestNG.runSuitesLocally(TestNG.java:1137)
	at org.testng.TestNG.runSuites(TestNG.java:1049)
	at org.testng.TestNG.run(TestNG.java:1017)
	at org.testng.remote.AbstractRemoteTestNG.run(AbstractRemoteTestNG.java:115)
	at org.testng.remote.RemoteTestNG.initAndRun(RemoteTestNG.java:251)
	at org.testng.remote.RemoteTestNG.main(RemoteTestNG.java:77)

2022-04-21 13:21:51,434 [main] INFO com.utils.ExcelUtility - java.lang.NullPointerException
	at com.utils.ExcelUtility.getCellData(ExcelUtility.java:311)
	at com.utils._masterVO.loadGatewayCases(_masterVO.java:115)
	at com.utils._masterVO.loadExternalServices(_masterVO.java:448)
	at com.utils._masterVO.loadVO(_masterVO.java:81)
	at com.classes.BaseTest.setupReporter(BaseTest.java:85)
	at sun.reflect.NativeMethodAccessorImpl.invoke0(Native Method)
	at sun.reflect.NativeMethodAccessorImpl.invoke(Unknown Source)
	at sun.reflect.DelegatingMethodAccessorImpl.invoke(Unknown Source)
	at java.lang.reflect.Method.invoke(Unknown Source)
	at org.testng.internal.MethodInvocationHelper.invokeMethod(MethodInvocationHelper.java:124)
	at org.testng.internal.MethodInvocationHelper.invokeMethodConsideringTimeout(MethodInvocationHelper.java:59)
	at org.testng.internal.Invoker.invokeConfigurationMethod(Invoker.java:455)
	at org.testng.internal.Invoker.invokeConfigurations(Invoker.java:222)
	at org.testng.internal.Invoker.invokeConfigurations(Invoker.java:142)
	at org.testng.SuiteRunner.privateRun(SuiteRunner.java:401)
	at org.testng.SuiteRunner.run(SuiteRunner.java:364)
	at org.testng.SuiteRunnerWorker.runSuite(SuiteRunnerWorker.java:52)
	at org.testng.SuiteRunnerWorker.run(SuiteRunnerWorker.java:84)
	at org.testng.TestNG.runSuitesSequentially(TestNG.java:1208)
	at org.testng.TestNG.runSuitesLocally(TestNG.java:1137)
	at org.testng.TestNG.runSuites(TestNG.java:1049)
	at org.testng.TestNG.run(TestNG.java:1017)
	at org.testng.remote.AbstractRemoteTestNG.run(AbstractRemoteTestNG.java:115)
	at org.testng.remote.RemoteTestNG.initAndRun(RemoteTestNG.java:251)
	at org.testng.remote.RemoteTestNG.main(RemoteTestNG.java:77)

2022-04-21 13:21:51,449 [main] INFO com.utils.ExcelUtility - java.lang.NullPointerException
	at com.utils.ExcelUtility.getCellData(ExcelUtility.java:311)
	at com.utils._masterVO.loadGatewayCases(_masterVO.java:115)
	at com.utils._masterVO.loadExternalServices(_masterVO.java:448)
	at com.utils._masterVO.loadVO(_masterVO.java:81)
	at com.classes.BaseTest.setupReporter(BaseTest.java:85)
	at sun.reflect.NativeMethodAccessorImpl.invoke0(Native Method)
	at sun.reflect.NativeMethodAccessorImpl.invoke(Unknown Source)
	at sun.reflect.DelegatingMethodAccessorImpl.invoke(Unknown Source)
	at java.lang.reflect.Method.invoke(Unknown Source)
	at org.testng.internal.MethodInvocationHelper.invokeMethod(MethodInvocationHelper.java:124)
	at org.testng.internal.MethodInvocationHelper.invokeMethodConsideringTimeout(MethodInvocationHelper.java:59)
	at org.testng.internal.Invoker.invokeConfigurationMethod(Invoker.java:455)
	at org.testng.internal.Invoker.invokeConfigurations(Invoker.java:222)
	at org.testng.internal.Invoker.invokeConfigurations(Invoker.java:142)
	at org.testng.SuiteRunner.privateRun(SuiteRunner.java:401)
	at org.testng.SuiteRunner.run(SuiteRunner.java:364)
	at org.testng.SuiteRunnerWorker.runSuite(SuiteRunnerWorker.java:52)
	at org.testng.SuiteRunnerWorker.run(SuiteRunnerWorker.java:84)
	at org.testng.TestNG.runSuitesSequentially(TestNG.java:1208)
	at org.testng.TestNG.runSuitesLocally(TestNG.java:1137)
	at org.testng.TestNG.runSuites(TestNG.java:1049)
	at org.testng.TestNG.run(TestNG.java:1017)
	at org.testng.remote.AbstractRemoteTestNG.run(AbstractRemoteTestNG.java:115)
	at org.testng.remote.RemoteTestNG.initAndRun(RemoteTestNG.java:251)
	at org.testng.remote.RemoteTestNG.main(RemoteTestNG.java:77)

2022-04-21 13:21:51,450 [main] INFO com.utils.ExcelUtility - java.lang.NullPointerException
	at com.utils.ExcelUtility.getCellData(ExcelUtility.java:311)
	at com.utils._masterVO.loadGatewayCases(_masterVO.java:115)
	at com.utils._masterVO.loadExternalServices(_masterVO.java:448)
	at com.utils._masterVO.loadVO(_masterVO.java:81)
	at com.classes.BaseTest.setupReporter(BaseTest.java:85)
	at sun.reflect.NativeMethodAccessorImpl.invoke0(Native Method)
	at sun.reflect.NativeMethodAccessorImpl.invoke(Unknown Source)
	at sun.reflect.DelegatingMethodAccessorImpl.invoke(Unknown Source)
	at java.lang.reflect.Method.invoke(Unknown Source)
	at org.testng.internal.MethodInvocationHelper.invokeMethod(MethodInvocationHelper.java:124)
	at org.testng.internal.MethodInvocationHelper.invokeMethodConsideringTimeout(MethodInvocationHelper.java:59)
	at org.testng.internal.Invoker.invokeConfigurationMethod(Invoker.java:455)
	at org.testng.internal.Invoker.invokeConfigurations(Invoker.java:222)
	at org.testng.internal.Invoker.invokeConfigurations(Invoker.java:142)
	at org.testng.SuiteRunner.privateRun(SuiteRunner.java:401)
	at org.testng.SuiteRunner.run(SuiteRunner.java:364)
	at org.testng.SuiteRunnerWorker.runSuite(SuiteRunnerWorker.java:52)
	at org.testng.SuiteRunnerWorker.run(SuiteRunnerWorker.java:84)
	at org.testng.TestNG.runSuitesSequentially(TestNG.java:1208)
	at org.testng.TestNG.runSuitesLocally(TestNG.java:1137)
	at org.testng.TestNG.runSuites(TestNG.java:1049)
	at org.testng.TestNG.run(TestNG.java:1017)
	at org.testng.remote.AbstractRemoteTestNG.run(AbstractRemoteTestNG.java:115)
	at org.testng.remote.RemoteTestNG.initAndRun(RemoteTestNG.java:251)
	at org.testng.remote.RemoteTestNG.main(RemoteTestNG.java:77)

2022-04-21 13:21:51,451 [main] INFO com.utils.ExcelUtility - java.lang.NullPointerException
	at com.utils.ExcelUtility.getCellData(ExcelUtility.java:311)
	at com.utils._masterVO.loadGatewayCases(_masterVO.java:115)
	at com.utils._masterVO.loadExternalServices(_masterVO.java:448)
	at com.utils._masterVO.loadVO(_masterVO.java:81)
	at com.classes.BaseTest.setupReporter(BaseTest.java:85)
	at sun.reflect.NativeMethodAccessorImpl.invoke0(Native Method)
	at sun.reflect.NativeMethodAccessorImpl.invoke(Unknown Source)
	at sun.reflect.DelegatingMethodAccessorImpl.invoke(Unknown Source)
	at java.lang.reflect.Method.invoke(Unknown Source)
	at org.testng.internal.MethodInvocationHelper.invokeMethod(MethodInvocationHelper.java:124)
	at org.testng.internal.MethodInvocationHelper.invokeMethodConsideringTimeout(MethodInvocationHelper.java:59)
	at org.testng.internal.Invoker.invokeConfigurationMethod(Invoker.java:455)
	at org.testng.internal.Invoker.invokeConfigurations(Invoker.java:222)
	at org.testng.internal.Invoker.invokeConfigurations(Invoker.java:142)
	at org.testng.SuiteRunner.privateRun(SuiteRunner.java:401)
	at org.testng.SuiteRunner.run(SuiteRunner.java:364)
	at org.testng.SuiteRunnerWorker.runSuite(SuiteRunnerWorker.java:52)
	at org.testng.SuiteRunnerWorker.run(SuiteRunnerWorker.java:84)
	at org.testng.TestNG.runSuitesSequentially(TestNG.java:1208)
	at org.testng.TestNG.runSuitesLocally(TestNG.java:1137)
	at org.testng.TestNG.runSuites(TestNG.java:1049)
	at org.testng.TestNG.run(TestNG.java:1017)
	at org.testng.remote.AbstractRemoteTestNG.run(AbstractRemoteTestNG.java:115)
	at org.testng.remote.RemoteTestNG.initAndRun(RemoteTestNG.java:251)
	at org.testng.remote.RemoteTestNG.main(RemoteTestNG.java:77)

2022-04-21 13:21:51,452 [main] INFO com.utils.ExcelUtility - java.lang.NullPointerException
	at com.utils.ExcelUtility.getCellData(ExcelUtility.java:311)
	at com.utils._masterVO.loadGatewayCases(_masterVO.java:115)
	at com.utils._masterVO.loadExternalServices(_masterVO.java:448)
	at com.utils._masterVO.loadVO(_masterVO.java:81)
	at com.classes.BaseTest.setupReporter(BaseTest.java:85)
	at sun.reflect.NativeMethodAccessorImpl.invoke0(Native Method)
	at sun.reflect.NativeMethodAccessorImpl.invoke(Unknown Source)
	at sun.reflect.DelegatingMethodAccessorImpl.invoke(Unknown Source)
	at java.lang.reflect.Method.invoke(Unknown Source)
	at org.testng.internal.MethodInvocationHelper.invokeMethod(MethodInvocationHelper.java:124)
	at org.testng.internal.MethodInvocationHelper.invokeMethodConsideringTimeout(MethodInvocationHelper.java:59)
	at org.testng.internal.Invoker.invokeConfigurationMethod(Invoker.java:455)
	at org.testng.internal.Invoker.invokeConfigurations(Invoker.java:222)
	at org.testng.internal.Invoker.invokeConfigurations(Invoker.java:142)
	at org.testng.SuiteRunner.privateRun(SuiteRunner.java:401)
	at org.testng.SuiteRunner.run(SuiteRunner.java:364)
	at org.testng.SuiteRunnerWorker.runSuite(SuiteRunnerWorker.java:52)
	at org.testng.SuiteRunnerWorker.run(SuiteRunnerWorker.java:84)
	at org.testng.TestNG.runSuitesSequentially(TestNG.java:1208)
	at org.testng.TestNG.runSuitesLocally(TestNG.java:1137)
	at org.testng.TestNG.runSuites(TestNG.java:1049)
	at org.testng.TestNG.run(TestNG.java:1017)
	at org.testng.remote.AbstractRemoteTestNG.run(AbstractRemoteTestNG.java:115)
	at org.testng.remote.RemoteTestNG.initAndRun(RemoteTestNG.java:251)
	at org.testng.remote.RemoteTestNG.main(RemoteTestNG.java:77)

2022-04-21 13:21:51,456 [main] INFO com.utils.ExcelUtility - java.lang.NullPointerException
	at com.utils.ExcelUtility.getCellData(ExcelUtility.java:311)
	at com.utils._masterVO.loadGatewayCases(_masterVO.java:115)
	at com.utils._masterVO.loadExternalServices(_masterVO.java:448)
	at com.utils._masterVO.loadVO(_masterVO.java:81)
	at com.classes.BaseTest.setupReporter(BaseTest.java:85)
	at sun.reflect.NativeMethodAccessorImpl.invoke0(Native Method)
	at sun.reflect.NativeMethodAccessorImpl.invoke(Unknown Source)
	at sun.reflect.DelegatingMethodAccessorImpl.invoke(Unknown Source)
	at java.lang.reflect.Method.invoke(Unknown Source)
	at org.testng.internal.MethodInvocationHelper.invokeMethod(MethodInvocationHelper.java:124)
	at org.testng.internal.MethodInvocationHelper.invokeMethodConsideringTimeout(MethodInvocationHelper.java:59)
	at org.testng.internal.Invoker.invokeConfigurationMethod(Invoker.java:455)
	at org.testng.internal.Invoker.invokeConfigurations(Invoker.java:222)
	at org.testng.internal.Invoker.invokeConfigurations(Invoker.java:142)
	at org.testng.SuiteRunner.privateRun(SuiteRunner.java:401)
	at org.testng.SuiteRunner.run(SuiteRunner.java:364)
	at org.testng.SuiteRunnerWorker.runSuite(SuiteRunnerWorker.java:52)
	at org.testng.SuiteRunnerWorker.run(SuiteRunnerWorker.java:84)
	at org.testng.TestNG.runSuitesSequentially(TestNG.java:1208)
	at org.testng.TestNG.runSuitesLocally(TestNG.java:1137)
	at org.testng.TestNG.runSuites(TestNG.java:1049)
	at org.testng.TestNG.run(TestNG.java:1017)
	at org.testng.remote.AbstractRemoteTestNG.run(AbstractRemoteTestNG.java:115)
	at org.testng.remote.RemoteTestNG.initAndRun(RemoteTestNG.java:251)
	at org.testng.remote.RemoteTestNG.main(RemoteTestNG.java:77)

2022-04-21 13:21:51,458 [main] INFO com.utils.ExcelUtility - java.lang.NullPointerException
	at com.utils.ExcelUtility.getCellData(ExcelUtility.java:311)
	at com.utils._masterVO.loadGatewayCases(_masterVO.java:115)
	at com.utils._masterVO.loadExternalServices(_masterVO.java:448)
	at com.utils._masterVO.loadVO(_masterVO.java:81)
	at com.classes.BaseTest.setupReporter(BaseTest.java:85)
	at sun.reflect.NativeMethodAccessorImpl.invoke0(Native Method)
	at sun.reflect.NativeMethodAccessorImpl.invoke(Unknown Source)
	at sun.reflect.DelegatingMethodAccessorImpl.invoke(Unknown Source)
	at java.lang.reflect.Method.invoke(Unknown Source)
	at org.testng.internal.MethodInvocationHelper.invokeMethod(MethodInvocationHelper.java:124)
	at org.testng.internal.MethodInvocationHelper.invokeMethodConsideringTimeout(MethodInvocationHelper.java:59)
	at org.testng.internal.Invoker.invokeConfigurationMethod(Invoker.java:455)
	at org.testng.internal.Invoker.invokeConfigurations(Invoker.java:222)
	at org.testng.internal.Invoker.invokeConfigurations(Invoker.java:142)
	at org.testng.SuiteRunner.privateRun(SuiteRunner.java:401)
	at org.testng.SuiteRunner.run(SuiteRunner.java:364)
	at org.testng.SuiteRunnerWorker.runSuite(SuiteRunnerWorker.java:52)
	at org.testng.SuiteRunnerWorker.run(SuiteRunnerWorker.java:84)
	at org.testng.TestNG.runSuitesSequentially(TestNG.java:1208)
	at org.testng.TestNG.runSuitesLocally(TestNG.java:1137)
	at org.testng.TestNG.runSuites(TestNG.java:1049)
	at org.testng.TestNG.run(TestNG.java:1017)
	at org.testng.remote.AbstractRemoteTestNG.run(AbstractRemoteTestNG.java:115)
	at org.testng.remote.RemoteTestNG.initAndRun(RemoteTestNG.java:251)
	at org.testng.remote.RemoteTestNG.main(RemoteTestNG.java:77)

2022-04-21 13:21:51,459 [main] INFO com.utils.ExcelUtility - java.lang.NullPointerException
	at com.utils.ExcelUtility.getCellData(ExcelUtility.java:311)
	at com.utils._masterVO.loadGatewayCases(_masterVO.java:115)
	at com.utils._masterVO.loadExternalServices(_masterVO.java:448)
	at com.utils._masterVO.loadVO(_masterVO.java:81)
	at com.classes.BaseTest.setupReporter(BaseTest.java:85)
	at sun.reflect.NativeMethodAccessorImpl.invoke0(Native Method)
	at sun.reflect.NativeMethodAccessorImpl.invoke(Unknown Source)
	at sun.reflect.DelegatingMethodAccessorImpl.invoke(Unknown Source)
	at java.lang.reflect.Method.invoke(Unknown Source)
	at org.testng.internal.MethodInvocationHelper.invokeMethod(MethodInvocationHelper.java:124)
	at org.testng.internal.MethodInvocationHelper.invokeMethodConsideringTimeout(MethodInvocationHelper.java:59)
	at org.testng.internal.Invoker.invokeConfigurationMethod(Invoker.java:455)
	at org.testng.internal.Invoker.invokeConfigurations(Invoker.java:222)
	at org.testng.internal.Invoker.invokeConfigurations(Invoker.java:142)
	at org.testng.SuiteRunner.privateRun(SuiteRunner.java:401)
	at org.testng.SuiteRunner.run(SuiteRunner.java:364)
	at org.testng.SuiteRunnerWorker.runSuite(SuiteRunnerWorker.java:52)
	at org.testng.SuiteRunnerWorker.run(SuiteRunnerWorker.java:84)
	at org.testng.TestNG.runSuitesSequentially(TestNG.java:1208)
	at org.testng.TestNG.runSuitesLocally(TestNG.java:1137)
	at org.testng.TestNG.runSuites(TestNG.java:1049)
	at org.testng.TestNG.run(TestNG.java:1017)
	at org.testng.remote.AbstractRemoteTestNG.run(AbstractRemoteTestNG.java:115)
	at org.testng.remote.RemoteTestNG.initAndRun(RemoteTestNG.java:251)
	at org.testng.remote.RemoteTestNG.main(RemoteTestNG.java:77)

2022-04-21 13:21:51,459 [main] INFO com.utils.ExcelUtility - java.lang.NullPointerException
	at com.utils.ExcelUtility.getCellData(ExcelUtility.java:311)
	at com.utils._masterVO.loadGatewayCases(_masterVO.java:115)
	at com.utils._masterVO.loadExternalServices(_masterVO.java:448)
	at com.utils._masterVO.loadVO(_masterVO.java:81)
	at com.classes.BaseTest.setupReporter(BaseTest.java:85)
	at sun.reflect.NativeMethodAccessorImpl.invoke0(Native Method)
	at sun.reflect.NativeMethodAccessorImpl.invoke(Unknown Source)
	at sun.reflect.DelegatingMethodAccessorImpl.invoke(Unknown Source)
	at java.lang.reflect.Method.invoke(Unknown Source)
	at org.testng.internal.MethodInvocationHelper.invokeMethod(MethodInvocationHelper.java:124)
	at org.testng.internal.MethodInvocationHelper.invokeMethodConsideringTimeout(MethodInvocationHelper.java:59)
	at org.testng.internal.Invoker.invokeConfigurationMethod(Invoker.java:455)
	at org.testng.internal.Invoker.invokeConfigurations(Invoker.java:222)
	at org.testng.internal.Invoker.invokeConfigurations(Invoker.java:142)
	at org.testng.SuiteRunner.privateRun(SuiteRunner.java:401)
	at org.testng.SuiteRunner.run(SuiteRunner.java:364)
	at org.testng.SuiteRunnerWorker.runSuite(SuiteRunnerWorker.java:52)
	at org.testng.SuiteRunnerWorker.run(SuiteRunnerWorker.java:84)
	at org.testng.TestNG.runSuitesSequentially(TestNG.java:1208)
	at org.testng.TestNG.runSuitesLocally(TestNG.java:1137)
	at org.testng.TestNG.runSuites(TestNG.java:1049)
	at org.testng.TestNG.run(TestNG.java:1017)
	at org.testng.remote.AbstractRemoteTestNG.run(AbstractRemoteTestNG.java:115)
	at org.testng.remote.RemoteTestNG.initAndRun(RemoteTestNG.java:251)
	at org.testng.remote.RemoteTestNG.main(RemoteTestNG.java:77)

2022-04-21 13:21:51,522 [main] INFO com.utils.ExcelUtility - java.lang.NullPointerException
	at com.utils.ExcelUtility.getCellData(ExcelUtility.java:311)
	at com.utils._masterVO.loadGatewayCases(_masterVO.java:115)
	at com.utils._masterVO.loadExternalServices(_masterVO.java:448)
	at com.utils._masterVO.loadVO(_masterVO.java:81)
	at com.classes.BaseTest.setupReporter(BaseTest.java:85)
	at sun.reflect.NativeMethodAccessorImpl.invoke0(Native Method)
	at sun.reflect.NativeMethodAccessorImpl.invoke(Unknown Source)
	at sun.reflect.DelegatingMethodAccessorImpl.invoke(Unknown Source)
	at java.lang.reflect.Method.invoke(Unknown Source)
	at org.testng.internal.MethodInvocationHelper.invokeMethod(MethodInvocationHelper.java:124)
	at org.testng.internal.MethodInvocationHelper.invokeMethodConsideringTimeout(MethodInvocationHelper.java:59)
	at org.testng.internal.Invoker.invokeConfigurationMethod(Invoker.java:455)
	at org.testng.internal.Invoker.invokeConfigurations(Invoker.java:222)
	at org.testng.internal.Invoker.invokeConfigurations(Invoker.java:142)
	at org.testng.SuiteRunner.privateRun(SuiteRunner.java:401)
	at org.testng.SuiteRunner.run(SuiteRunner.java:364)
	at org.testng.SuiteRunnerWorker.runSuite(SuiteRunnerWorker.java:52)
	at org.testng.SuiteRunnerWorker.run(SuiteRunnerWorker.java:84)
	at org.testng.TestNG.runSuitesSequentially(TestNG.java:1208)
	at org.testng.TestNG.runSuitesLocally(TestNG.java:1137)
	at org.testng.TestNG.runSuites(TestNG.java:1049)
	at org.testng.TestNG.run(TestNG.java:1017)
	at org.testng.remote.AbstractRemoteTestNG.run(AbstractRemoteTestNG.java:115)
	at org.testng.remote.RemoteTestNG.initAndRun(RemoteTestNG.java:251)
	at org.testng.remote.RemoteTestNG.main(RemoteTestNG.java:77)

2022-04-21 13:21:51,523 [main] INFO com.utils.ExcelUtility - java.lang.NullPointerException
	at com.utils.ExcelUtility.getCellData(ExcelUtility.java:311)
	at com.utils._masterVO.loadGatewayCases(_masterVO.java:115)
	at com.utils._masterVO.loadExternalServices(_masterVO.java:448)
	at com.utils._masterVO.loadVO(_masterVO.java:81)
	at com.classes.BaseTest.setupReporter(BaseTest.java:85)
	at sun.reflect.NativeMethodAccessorImpl.invoke0(Native Method)
	at sun.reflect.NativeMethodAccessorImpl.invoke(Unknown Source)
	at sun.reflect.DelegatingMethodAccessorImpl.invoke(Unknown Source)
	at java.lang.reflect.Method.invoke(Unknown Source)
	at org.testng.internal.MethodInvocationHelper.invokeMethod(MethodInvocationHelper.java:124)
	at org.testng.internal.MethodInvocationHelper.invokeMethodConsideringTimeout(MethodInvocationHelper.java:59)
	at org.testng.internal.Invoker.invokeConfigurationMethod(Invoker.java:455)
	at org.testng.internal.Invoker.invokeConfigurations(Invoker.java:222)
	at org.testng.internal.Invoker.invokeConfigurations(Invoker.java:142)
	at org.testng.SuiteRunner.privateRun(SuiteRunner.java:401)
	at org.testng.SuiteRunner.run(SuiteRunner.java:364)
	at org.testng.SuiteRunnerWorker.runSuite(SuiteRunnerWorker.java:52)
	at org.testng.SuiteRunnerWorker.run(SuiteRunnerWorker.java:84)
	at org.testng.TestNG.runSuitesSequentially(TestNG.java:1208)
	at org.testng.TestNG.runSuitesLocally(TestNG.java:1137)
	at org.testng.TestNG.runSuites(TestNG.java:1049)
	at org.testng.TestNG.run(TestNG.java:1017)
	at org.testng.remote.AbstractRemoteTestNG.run(AbstractRemoteTestNG.java:115)
	at org.testng.remote.RemoteTestNG.initAndRun(RemoteTestNG.java:251)
	at org.testng.remote.RemoteTestNG.main(RemoteTestNG.java:77)

2022-04-21 13:21:51,530 [main] INFO com.utils.ExcelUtility - java.lang.NullPointerException
	at com.utils.ExcelUtility.getCellData(ExcelUtility.java:311)
	at com.utils._masterVO.loadGatewayCases(_masterVO.java:115)
	at com.utils._masterVO.loadExternalServices(_masterVO.java:448)
	at com.utils._masterVO.loadVO(_masterVO.java:81)
	at com.classes.BaseTest.setupReporter(BaseTest.java:85)
	at sun.reflect.NativeMethodAccessorImpl.invoke0(Native Method)
	at sun.reflect.NativeMethodAccessorImpl.invoke(Unknown Source)
	at sun.reflect.DelegatingMethodAccessorImpl.invoke(Unknown Source)
	at java.lang.reflect.Method.invoke(Unknown Source)
	at org.testng.internal.MethodInvocationHelper.invokeMethod(MethodInvocationHelper.java:124)
	at org.testng.internal.MethodInvocationHelper.invokeMethodConsideringTimeout(MethodInvocationHelper.java:59)
	at org.testng.internal.Invoker.invokeConfigurationMethod(Invoker.java:455)
	at org.testng.internal.Invoker.invokeConfigurations(Invoker.java:222)
	at org.testng.internal.Invoker.invokeConfigurations(Invoker.java:142)
	at org.testng.SuiteRunner.privateRun(SuiteRunner.java:401)
	at org.testng.SuiteRunner.run(SuiteRunner.java:364)
	at org.testng.SuiteRunnerWorker.runSuite(SuiteRunnerWorker.java:52)
	at org.testng.SuiteRunnerWorker.run(SuiteRunnerWorker.java:84)
	at org.testng.TestNG.runSuitesSequentially(TestNG.java:1208)
	at org.testng.TestNG.runSuitesLocally(TestNG.java:1137)
	at org.testng.TestNG.runSuites(TestNG.java:1049)
	at org.testng.TestNG.run(TestNG.java:1017)
	at org.testng.remote.AbstractRemoteTestNG.run(AbstractRemoteTestNG.java:115)
	at org.testng.remote.RemoteTestNG.initAndRun(RemoteTestNG.java:251)
	at org.testng.remote.RemoteTestNG.main(RemoteTestNG.java:77)

2022-04-21 13:21:51,531 [main] INFO com.utils.ExcelUtility - java.lang.NullPointerException
	at com.utils.ExcelUtility.getCellData(ExcelUtility.java:311)
	at com.utils._masterVO.loadGatewayCases(_masterVO.java:115)
	at com.utils._masterVO.loadExternalServices(_masterVO.java:448)
	at com.utils._masterVO.loadVO(_masterVO.java:81)
	at com.classes.BaseTest.setupReporter(BaseTest.java:85)
	at sun.reflect.NativeMethodAccessorImpl.invoke0(Native Method)
	at sun.reflect.NativeMethodAccessorImpl.invoke(Unknown Source)
	at sun.reflect.DelegatingMethodAccessorImpl.invoke(Unknown Source)
	at java.lang.reflect.Method.invoke(Unknown Source)
	at org.testng.internal.MethodInvocationHelper.invokeMethod(MethodInvocationHelper.java:124)
	at org.testng.internal.MethodInvocationHelper.invokeMethodConsideringTimeout(MethodInvocationHelper.java:59)
	at org.testng.internal.Invoker.invokeConfigurationMethod(Invoker.java:455)
	at org.testng.internal.Invoker.invokeConfigurations(Invoker.java:222)
	at org.testng.internal.Invoker.invokeConfigurations(Invoker.java:142)
	at org.testng.SuiteRunner.privateRun(SuiteRunner.java:401)
	at org.testng.SuiteRunner.run(SuiteRunner.java:364)
	at org.testng.SuiteRunnerWorker.runSuite(SuiteRunnerWorker.java:52)
	at org.testng.SuiteRunnerWorker.run(SuiteRunnerWorker.java:84)
	at org.testng.TestNG.runSuitesSequentially(TestNG.java:1208)
	at org.testng.TestNG.runSuitesLocally(TestNG.java:1137)
	at org.testng.TestNG.runSuites(TestNG.java:1049)
	at org.testng.TestNG.run(TestNG.java:1017)
	at org.testng.remote.AbstractRemoteTestNG.run(AbstractRemoteTestNG.java:115)
	at org.testng.remote.RemoteTestNG.initAndRun(RemoteTestNG.java:251)
	at org.testng.remote.RemoteTestNG.main(RemoteTestNG.java:77)

2022-04-21 13:21:51,532 [main] INFO com.utils.ExcelUtility - java.lang.NullPointerException
	at com.utils.ExcelUtility.getCellData(ExcelUtility.java:311)
	at com.utils._masterVO.loadGatewayCases(_masterVO.java:115)
	at com.utils._masterVO.loadExternalServices(_masterVO.java:448)
	at com.utils._masterVO.loadVO(_masterVO.java:81)
	at com.classes.BaseTest.setupReporter(BaseTest.java:85)
	at sun.reflect.NativeMethodAccessorImpl.invoke0(Native Method)
	at sun.reflect.NativeMethodAccessorImpl.invoke(Unknown Source)
	at sun.reflect.DelegatingMethodAccessorImpl.invoke(Unknown Source)
	at java.lang.reflect.Method.invoke(Unknown Source)
	at org.testng.internal.MethodInvocationHelper.invokeMethod(MethodInvocationHelper.java:124)
	at org.testng.internal.MethodInvocationHelper.invokeMethodConsideringTimeout(MethodInvocationHelper.java:59)
	at org.testng.internal.Invoker.invokeConfigurationMethod(Invoker.java:455)
	at org.testng.internal.Invoker.invokeConfigurations(Invoker.java:222)
	at org.testng.internal.Invoker.invokeConfigurations(Invoker.java:142)
	at org.testng.SuiteRunner.privateRun(SuiteRunner.java:401)
	at org.testng.SuiteRunner.run(SuiteRunner.java:364)
	at org.testng.SuiteRunnerWorker.runSuite(SuiteRunnerWorker.java:52)
	at org.testng.SuiteRunnerWorker.run(SuiteRunnerWorker.java:84)
	at org.testng.TestNG.runSuitesSequentially(TestNG.java:1208)
	at org.testng.TestNG.runSuitesLocally(TestNG.java:1137)
	at org.testng.TestNG.runSuites(TestNG.java:1049)
	at org.testng.TestNG.run(TestNG.java:1017)
	at org.testng.remote.AbstractRemoteTestNG.run(AbstractRemoteTestNG.java:115)
	at org.testng.remote.RemoteTestNG.initAndRun(RemoteTestNG.java:251)
	at org.testng.remote.RemoteTestNG.main(RemoteTestNG.java:77)

2022-04-21 13:21:51,532 [main] INFO com.utils.ExcelUtility - java.lang.NullPointerException
	at com.utils.ExcelUtility.getCellData(ExcelUtility.java:311)
	at com.utils._masterVO.loadGatewayCases(_masterVO.java:115)
	at com.utils._masterVO.loadExternalServices(_masterVO.java:448)
	at com.utils._masterVO.loadVO(_masterVO.java:81)
	at com.classes.BaseTest.setupReporter(BaseTest.java:85)
	at sun.reflect.NativeMethodAccessorImpl.invoke0(Native Method)
	at sun.reflect.NativeMethodAccessorImpl.invoke(Unknown Source)
	at sun.reflect.DelegatingMethodAccessorImpl.invoke(Unknown Source)
	at java.lang.reflect.Method.invoke(Unknown Source)
	at org.testng.internal.MethodInvocationHelper.invokeMethod(MethodInvocationHelper.java:124)
	at org.testng.internal.MethodInvocationHelper.invokeMethodConsideringTimeout(MethodInvocationHelper.java:59)
	at org.testng.internal.Invoker.invokeConfigurationMethod(Invoker.java:455)
	at org.testng.internal.Invoker.invokeConfigurations(Invoker.java:222)
	at org.testng.internal.Invoker.invokeConfigurations(Invoker.java:142)
	at org.testng.SuiteRunner.privateRun(SuiteRunner.java:401)
	at org.testng.SuiteRunner.run(SuiteRunner.java:364)
	at org.testng.SuiteRunnerWorker.runSuite(SuiteRunnerWorker.java:52)
	at org.testng.SuiteRunnerWorker.run(SuiteRunnerWorker.java:84)
	at org.testng.TestNG.runSuitesSequentially(TestNG.java:1208)
	at org.testng.TestNG.runSuitesLocally(TestNG.java:1137)
	at org.testng.TestNG.runSuites(TestNG.java:1049)
	at org.testng.TestNG.run(TestNG.java:1017)
	at org.testng.remote.AbstractRemoteTestNG.run(AbstractRemoteTestNG.java:115)
	at org.testng.remote.RemoteTestNG.initAndRun(RemoteTestNG.java:251)
	at org.testng.remote.RemoteTestNG.main(RemoteTestNG.java:77)

2022-04-21 13:21:51,533 [main] INFO com.utils.ExcelUtility - java.lang.NullPointerException
	at com.utils.ExcelUtility.getCellData(ExcelUtility.java:311)
	at com.utils._masterVO.loadGatewayCases(_masterVO.java:115)
	at com.utils._masterVO.loadExternalServices(_masterVO.java:448)
	at com.utils._masterVO.loadVO(_masterVO.java:81)
	at com.classes.BaseTest.setupReporter(BaseTest.java:85)
	at sun.reflect.NativeMethodAccessorImpl.invoke0(Native Method)
	at sun.reflect.NativeMethodAccessorImpl.invoke(Unknown Source)
	at sun.reflect.DelegatingMethodAccessorImpl.invoke(Unknown Source)
	at java.lang.reflect.Method.invoke(Unknown Source)
	at org.testng.internal.MethodInvocationHelper.invokeMethod(MethodInvocationHelper.java:124)
	at org.testng.internal.MethodInvocationHelper.invokeMethodConsideringTimeout(MethodInvocationHelper.java:59)
	at org.testng.internal.Invoker.invokeConfigurationMethod(Invoker.java:455)
	at org.testng.internal.Invoker.invokeConfigurations(Invoker.java:222)
	at org.testng.internal.Invoker.invokeConfigurations(Invoker.java:142)
	at org.testng.SuiteRunner.privateRun(SuiteRunner.java:401)
	at org.testng.SuiteRunner.run(SuiteRunner.java:364)
	at org.testng.SuiteRunnerWorker.runSuite(SuiteRunnerWorker.java:52)
	at org.testng.SuiteRunnerWorker.run(SuiteRunnerWorker.java:84)
	at org.testng.TestNG.runSuitesSequentially(TestNG.java:1208)
	at org.testng.TestNG.runSuitesLocally(TestNG.java:1137)
	at org.testng.TestNG.runSuites(TestNG.java:1049)
	at org.testng.TestNG.run(TestNG.java:1017)
	at org.testng.remote.AbstractRemoteTestNG.run(AbstractRemoteTestNG.java:115)
	at org.testng.remote.RemoteTestNG.initAndRun(RemoteTestNG.java:251)
	at org.testng.remote.RemoteTestNG.main(RemoteTestNG.java:77)

2022-04-21 13:21:51,534 [main] INFO com.utils.ExcelUtility - java.lang.NullPointerException
	at com.utils.ExcelUtility.getCellData(ExcelUtility.java:311)
	at com.utils._masterVO.loadGatewayCases(_masterVO.java:115)
	at com.utils._masterVO.loadExternalServices(_masterVO.java:448)
	at com.utils._masterVO.loadVO(_masterVO.java:81)
	at com.classes.BaseTest.setupReporter(BaseTest.java:85)
	at sun.reflect.NativeMethodAccessorImpl.invoke0(Native Method)
	at sun.reflect.NativeMethodAccessorImpl.invoke(Unknown Source)
	at sun.reflect.DelegatingMethodAccessorImpl.invoke(Unknown Source)
	at java.lang.reflect.Method.invoke(Unknown Source)
	at org.testng.internal.MethodInvocationHelper.invokeMethod(MethodInvocationHelper.java:124)
	at org.testng.internal.MethodInvocationHelper.invokeMethodConsideringTimeout(MethodInvocationHelper.java:59)
	at org.testng.internal.Invoker.invokeConfigurationMethod(Invoker.java:455)
	at org.testng.internal.Invoker.invokeConfigurations(Invoker.java:222)
	at org.testng.internal.Invoker.invokeConfigurations(Invoker.java:142)
	at org.testng.SuiteRunner.privateRun(SuiteRunner.java:401)
	at org.testng.SuiteRunner.run(SuiteRunner.java:364)
	at org.testng.SuiteRunnerWorker.runSuite(SuiteRunnerWorker.java:52)
	at org.testng.SuiteRunnerWorker.run(SuiteRunnerWorker.java:84)
	at org.testng.TestNG.runSuitesSequentially(TestNG.java:1208)
	at org.testng.TestNG.runSuitesLocally(TestNG.java:1137)
	at org.testng.TestNG.runSuites(TestNG.java:1049)
	at org.testng.TestNG.run(TestNG.java:1017)
	at org.testng.remote.AbstractRemoteTestNG.run(AbstractRemoteTestNG.java:115)
	at org.testng.remote.RemoteTestNG.initAndRun(RemoteTestNG.java:251)
	at org.testng.remote.RemoteTestNG.main(RemoteTestNG.java:77)

2022-04-21 13:21:51,534 [main] INFO com.utils.ExcelUtility - java.lang.NullPointerException
	at com.utils.ExcelUtility.getCellData(ExcelUtility.java:311)
	at com.utils._masterVO.loadGatewayCases(_masterVO.java:115)
	at com.utils._masterVO.loadExternalServices(_masterVO.java:448)
	at com.utils._masterVO.loadVO(_masterVO.java:81)
	at com.classes.BaseTest.setupReporter(BaseTest.java:85)
	at sun.reflect.NativeMethodAccessorImpl.invoke0(Native Method)
	at sun.reflect.NativeMethodAccessorImpl.invoke(Unknown Source)
	at sun.reflect.DelegatingMethodAccessorImpl.invoke(Unknown Source)
	at java.lang.reflect.Method.invoke(Unknown Source)
	at org.testng.internal.MethodInvocationHelper.invokeMethod(MethodInvocationHelper.java:124)
	at org.testng.internal.MethodInvocationHelper.invokeMethodConsideringTimeout(MethodInvocationHelper.java:59)
	at org.testng.internal.Invoker.invokeConfigurationMethod(Invoker.java:455)
	at org.testng.internal.Invoker.invokeConfigurations(Invoker.java:222)
	at org.testng.internal.Invoker.invokeConfigurations(Invoker.java:142)
	at org.testng.SuiteRunner.privateRun(SuiteRunner.java:401)
	at org.testng.SuiteRunner.run(SuiteRunner.java:364)
	at org.testng.SuiteRunnerWorker.runSuite(SuiteRunnerWorker.java:52)
	at org.testng.SuiteRunnerWorker.run(SuiteRunnerWorker.java:84)
	at org.testng.TestNG.runSuitesSequentially(TestNG.java:1208)
	at org.testng.TestNG.runSuitesLocally(TestNG.java:1137)
	at org.testng.TestNG.runSuites(TestNG.java:1049)
	at org.testng.TestNG.run(TestNG.java:1017)
	at org.testng.remote.AbstractRemoteTestNG.run(AbstractRemoteTestNG.java:115)
	at org.testng.remote.RemoteTestNG.initAndRun(RemoteTestNG.java:251)
	at org.testng.remote.RemoteTestNG.main(RemoteTestNG.java:77)

2022-04-21 13:21:51,535 [main] INFO com.utils.ExcelUtility - java.lang.NullPointerException
	at com.utils.ExcelUtility.getCellData(ExcelUtility.java:311)
	at com.utils._masterVO.loadGatewayCases(_masterVO.java:115)
	at com.utils._masterVO.loadExternalServices(_masterVO.java:448)
	at com.utils._masterVO.loadVO(_masterVO.java:81)
	at com.classes.BaseTest.setupReporter(BaseTest.java:85)
	at sun.reflect.NativeMethodAccessorImpl.invoke0(Native Method)
	at sun.reflect.NativeMethodAccessorImpl.invoke(Unknown Source)
	at sun.reflect.DelegatingMethodAccessorImpl.invoke(Unknown Source)
	at java.lang.reflect.Method.invoke(Unknown Source)
	at org.testng.internal.MethodInvocationHelper.invokeMethod(MethodInvocationHelper.java:124)
	at org.testng.internal.MethodInvocationHelper.invokeMethodConsideringTimeout(MethodInvocationHelper.java:59)
	at org.testng.internal.Invoker.invokeConfigurationMethod(Invoker.java:455)
	at org.testng.internal.Invoker.invokeConfigurations(Invoker.java:222)
	at org.testng.internal.Invoker.invokeConfigurations(Invoker.java:142)
	at org.testng.SuiteRunner.privateRun(SuiteRunner.java:401)
	at org.testng.SuiteRunner.run(SuiteRunner.java:364)
	at org.testng.SuiteRunnerWorker.runSuite(SuiteRunnerWorker.java:52)
	at org.testng.SuiteRunnerWorker.run(SuiteRunnerWorker.java:84)
	at org.testng.TestNG.runSuitesSequentially(TestNG.java:1208)
	at org.testng.TestNG.runSuitesLocally(TestNG.java:1137)
	at org.testng.TestNG.runSuites(TestNG.java:1049)
	at org.testng.TestNG.run(TestNG.java:1017)
	at org.testng.remote.AbstractRemoteTestNG.run(AbstractRemoteTestNG.java:115)
	at org.testng.remote.RemoteTestNG.initAndRun(RemoteTestNG.java:251)
	at org.testng.remote.RemoteTestNG.main(RemoteTestNG.java:77)

2022-04-21 13:21:51,536 [main] INFO com.utils.ExcelUtility - java.lang.NullPointerException
	at com.utils.ExcelUtility.getCellData(ExcelUtility.java:311)
	at com.utils._masterVO.loadGatewayCases(_masterVO.java:115)
	at com.utils._masterVO.loadExternalServices(_masterVO.java:448)
	at com.utils._masterVO.loadVO(_masterVO.java:81)
	at com.classes.BaseTest.setupReporter(BaseTest.java:85)
	at sun.reflect.NativeMethodAccessorImpl.invoke0(Native Method)
	at sun.reflect.NativeMethodAccessorImpl.invoke(Unknown Source)
	at sun.reflect.DelegatingMethodAccessorImpl.invoke(Unknown Source)
	at java.lang.reflect.Method.invoke(Unknown Source)
	at org.testng.internal.MethodInvocationHelper.invokeMethod(MethodInvocationHelper.java:124)
	at org.testng.internal.MethodInvocationHelper.invokeMethodConsideringTimeout(MethodInvocationHelper.java:59)
	at org.testng.internal.Invoker.invokeConfigurationMethod(Invoker.java:455)
	at org.testng.internal.Invoker.invokeConfigurations(Invoker.java:222)
	at org.testng.internal.Invoker.invokeConfigurations(Invoker.java:142)
	at org.testng.SuiteRunner.privateRun(SuiteRunner.java:401)
	at org.testng.SuiteRunner.run(SuiteRunner.java:364)
	at org.testng.SuiteRunnerWorker.runSuite(SuiteRunnerWorker.java:52)
	at org.testng.SuiteRunnerWorker.run(SuiteRunnerWorker.java:84)
	at org.testng.TestNG.runSuitesSequentially(TestNG.java:1208)
	at org.testng.TestNG.runSuitesLocally(TestNG.java:1137)
	at org.testng.TestNG.runSuites(TestNG.java:1049)
	at org.testng.TestNG.run(TestNG.java:1017)
	at org.testng.remote.AbstractRemoteTestNG.run(AbstractRemoteTestNG.java:115)
	at org.testng.remote.RemoteTestNG.initAndRun(RemoteTestNG.java:251)
	at org.testng.remote.RemoteTestNG.main(RemoteTestNG.java:77)

2022-04-21 13:21:51,537 [main] INFO com.utils.ExcelUtility - java.lang.NullPointerException
	at com.utils.ExcelUtility.getCellData(ExcelUtility.java:311)
	at com.utils._masterVO.loadGatewayCases(_masterVO.java:115)
	at com.utils._masterVO.loadExternalServices(_masterVO.java:448)
	at com.utils._masterVO.loadVO(_masterVO.java:81)
	at com.classes.BaseTest.setupReporter(BaseTest.java:85)
	at sun.reflect.NativeMethodAccessorImpl.invoke0(Native Method)
	at sun.reflect.NativeMethodAccessorImpl.invoke(Unknown Source)
	at sun.reflect.DelegatingMethodAccessorImpl.invoke(Unknown Source)
	at java.lang.reflect.Method.invoke(Unknown Source)
	at org.testng.internal.MethodInvocationHelper.invokeMethod(MethodInvocationHelper.java:124)
	at org.testng.internal.MethodInvocationHelper.invokeMethodConsideringTimeout(MethodInvocationHelper.java:59)
	at org.testng.internal.Invoker.invokeConfigurationMethod(Invoker.java:455)
	at org.testng.internal.Invoker.invokeConfigurations(Invoker.java:222)
	at org.testng.internal.Invoker.invokeConfigurations(Invoker.java:142)
	at org.testng.SuiteRunner.privateRun(SuiteRunner.java:401)
	at org.testng.SuiteRunner.run(SuiteRunner.java:364)
	at org.testng.SuiteRunnerWorker.runSuite(SuiteRunnerWorker.java:52)
	at org.testng.SuiteRunnerWorker.run(SuiteRunnerWorker.java:84)
	at org.testng.TestNG.runSuitesSequentially(TestNG.java:1208)
	at org.testng.TestNG.runSuitesLocally(TestNG.java:1137)
	at org.testng.TestNG.runSuites(TestNG.java:1049)
	at org.testng.TestNG.run(TestNG.java:1017)
	at org.testng.remote.AbstractRemoteTestNG.run(AbstractRemoteTestNG.java:115)
	at org.testng.remote.RemoteTestNG.initAndRun(RemoteTestNG.java:251)
	at org.testng.remote.RemoteTestNG.main(RemoteTestNG.java:77)

2022-04-21 13:21:51,538 [main] INFO com.utils.ExcelUtility - java.lang.NullPointerException
	at com.utils.ExcelUtility.getCellData(ExcelUtility.java:311)
	at com.utils._masterVO.loadGatewayCases(_masterVO.java:115)
	at com.utils._masterVO.loadExternalServices(_masterVO.java:448)
	at com.utils._masterVO.loadVO(_masterVO.java:81)
	at com.classes.BaseTest.setupReporter(BaseTest.java:85)
	at sun.reflect.NativeMethodAccessorImpl.invoke0(Native Method)
	at sun.reflect.NativeMethodAccessorImpl.invoke(Unknown Source)
	at sun.reflect.DelegatingMethodAccessorImpl.invoke(Unknown Source)
	at java.lang.reflect.Method.invoke(Unknown Source)
	at org.testng.internal.MethodInvocationHelper.invokeMethod(MethodInvocationHelper.java:124)
	at org.testng.internal.MethodInvocationHelper.invokeMethodConsideringTimeout(MethodInvocationHelper.java:59)
	at org.testng.internal.Invoker.invokeConfigurationMethod(Invoker.java:455)
	at org.testng.internal.Invoker.invokeConfigurations(Invoker.java:222)
	at org.testng.internal.Invoker.invokeConfigurations(Invoker.java:142)
	at org.testng.SuiteRunner.privateRun(SuiteRunner.java:401)
	at org.testng.SuiteRunner.run(SuiteRunner.java:364)
	at org.testng.SuiteRunnerWorker.runSuite(SuiteRunnerWorker.java:52)
	at org.testng.SuiteRunnerWorker.run(SuiteRunnerWorker.java:84)
	at org.testng.TestNG.runSuitesSequentially(TestNG.java:1208)
	at org.testng.TestNG.runSuitesLocally(TestNG.java:1137)
	at org.testng.TestNG.runSuites(TestNG.java:1049)
	at org.testng.TestNG.run(TestNG.java:1017)
	at org.testng.remote.AbstractRemoteTestNG.run(AbstractRemoteTestNG.java:115)
	at org.testng.remote.RemoteTestNG.initAndRun(RemoteTestNG.java:251)
	at org.testng.remote.RemoteTestNG.main(RemoteTestNG.java:77)

2022-04-21 13:21:51,539 [main] INFO com.utils.ExcelUtility - java.lang.NullPointerException
	at com.utils.ExcelUtility.getCellData(ExcelUtility.java:311)
	at com.utils._masterVO.loadGatewayCases(_masterVO.java:115)
	at com.utils._masterVO.loadExternalServices(_masterVO.java:448)
	at com.utils._masterVO.loadVO(_masterVO.java:81)
	at com.classes.BaseTest.setupReporter(BaseTest.java:85)
	at sun.reflect.NativeMethodAccessorImpl.invoke0(Native Method)
	at sun.reflect.NativeMethodAccessorImpl.invoke(Unknown Source)
	at sun.reflect.DelegatingMethodAccessorImpl.invoke(Unknown Source)
	at java.lang.reflect.Method.invoke(Unknown Source)
	at org.testng.internal.MethodInvocationHelper.invokeMethod(MethodInvocationHelper.java:124)
	at org.testng.internal.MethodInvocationHelper.invokeMethodConsideringTimeout(MethodInvocationHelper.java:59)
	at org.testng.internal.Invoker.invokeConfigurationMethod(Invoker.java:455)
	at org.testng.internal.Invoker.invokeConfigurations(Invoker.java:222)
	at org.testng.internal.Invoker.invokeConfigurations(Invoker.java:142)
	at org.testng.SuiteRunner.privateRun(SuiteRunner.java:401)
	at org.testng.SuiteRunner.run(SuiteRunner.java:364)
	at org.testng.SuiteRunnerWorker.runSuite(SuiteRunnerWorker.java:52)
	at org.testng.SuiteRunnerWorker.run(SuiteRunnerWorker.java:84)
	at org.testng.TestNG.runSuitesSequentially(TestNG.java:1208)
	at org.testng.TestNG.runSuitesLocally(TestNG.java:1137)
	at org.testng.TestNG.runSuites(TestNG.java:1049)
	at org.testng.TestNG.run(TestNG.java:1017)
	at org.testng.remote.AbstractRemoteTestNG.run(AbstractRemoteTestNG.java:115)
	at org.testng.remote.RemoteTestNG.initAndRun(RemoteTestNG.java:251)
	at org.testng.remote.RemoteTestNG.main(RemoteTestNG.java:77)

2022-04-21 13:21:51,539 [main] INFO com.utils.ExcelUtility - java.lang.NullPointerException
	at com.utils.ExcelUtility.getCellData(ExcelUtility.java:311)
	at com.utils._masterVO.loadGatewayCases(_masterVO.java:115)
	at com.utils._masterVO.loadExternalServices(_masterVO.java:448)
	at com.utils._masterVO.loadVO(_masterVO.java:81)
	at com.classes.BaseTest.setupReporter(BaseTest.java:85)
	at sun.reflect.NativeMethodAccessorImpl.invoke0(Native Method)
	at sun.reflect.NativeMethodAccessorImpl.invoke(Unknown Source)
	at sun.reflect.DelegatingMethodAccessorImpl.invoke(Unknown Source)
	at java.lang.reflect.Method.invoke(Unknown Source)
	at org.testng.internal.MethodInvocationHelper.invokeMethod(MethodInvocationHelper.java:124)
	at org.testng.internal.MethodInvocationHelper.invokeMethodConsideringTimeout(MethodInvocationHelper.java:59)
	at org.testng.internal.Invoker.invokeConfigurationMethod(Invoker.java:455)
	at org.testng.internal.Invoker.invokeConfigurations(Invoker.java:222)
	at org.testng.internal.Invoker.invokeConfigurations(Invoker.java:142)
	at org.testng.SuiteRunner.privateRun(SuiteRunner.java:401)
	at org.testng.SuiteRunner.run(SuiteRunner.java:364)
	at org.testng.SuiteRunnerWorker.runSuite(SuiteRunnerWorker.java:52)
	at org.testng.SuiteRunnerWorker.run(SuiteRunnerWorker.java:84)
	at org.testng.TestNG.runSuitesSequentially(TestNG.java:1208)
	at org.testng.TestNG.runSuitesLocally(TestNG.java:1137)
	at org.testng.TestNG.runSuites(TestNG.java:1049)
	at org.testng.TestNG.run(TestNG.java:1017)
	at org.testng.remote.AbstractRemoteTestNG.run(AbstractRemoteTestNG.java:115)
	at org.testng.remote.RemoteTestNG.initAndRun(RemoteTestNG.java:251)
	at org.testng.remote.RemoteTestNG.main(RemoteTestNG.java:77)

2022-04-21 13:21:51,540 [main] INFO com.utils.ExcelUtility - java.lang.NullPointerException
	at com.utils.ExcelUtility.getCellData(ExcelUtility.java:311)
	at com.utils._masterVO.loadGatewayCases(_masterVO.java:115)
	at com.utils._masterVO.loadExternalServices(_masterVO.java:448)
	at com.utils._masterVO.loadVO(_masterVO.java:81)
	at com.classes.BaseTest.setupReporter(BaseTest.java:85)
	at sun.reflect.NativeMethodAccessorImpl.invoke0(Native Method)
	at sun.reflect.NativeMethodAccessorImpl.invoke(Unknown Source)
	at sun.reflect.DelegatingMethodAccessorImpl.invoke(Unknown Source)
	at java.lang.reflect.Method.invoke(Unknown Source)
	at org.testng.internal.MethodInvocationHelper.invokeMethod(MethodInvocationHelper.java:124)
	at org.testng.internal.MethodInvocationHelper.invokeMethodConsideringTimeout(MethodInvocationHelper.java:59)
	at org.testng.internal.Invoker.invokeConfigurationMethod(Invoker.java:455)
	at org.testng.internal.Invoker.invokeConfigurations(Invoker.java:222)
	at org.testng.internal.Invoker.invokeConfigurations(Invoker.java:142)
	at org.testng.SuiteRunner.privateRun(SuiteRunner.java:401)
	at org.testng.SuiteRunner.run(SuiteRunner.java:364)
	at org.testng.SuiteRunnerWorker.runSuite(SuiteRunnerWorker.java:52)
	at org.testng.SuiteRunnerWorker.run(SuiteRunnerWorker.java:84)
	at org.testng.TestNG.runSuitesSequentially(TestNG.java:1208)
	at org.testng.TestNG.runSuitesLocally(TestNG.java:1137)
	at org.testng.TestNG.runSuites(TestNG.java:1049)
	at org.testng.TestNG.run(TestNG.java:1017)
	at org.testng.remote.AbstractRemoteTestNG.run(AbstractRemoteTestNG.java:115)
	at org.testng.remote.RemoteTestNG.initAndRun(RemoteTestNG.java:251)
	at org.testng.remote.RemoteTestNG.main(RemoteTestNG.java:77)

2022-04-21 13:21:51,540 [main] INFO com.utils.ExcelUtility - java.lang.NullPointerException
	at com.utils.ExcelUtility.getCellData(ExcelUtility.java:311)
	at com.utils._masterVO.loadGatewayCases(_masterVO.java:115)
	at com.utils._masterVO.loadExternalServices(_masterVO.java:448)
	at com.utils._masterVO.loadVO(_masterVO.java:81)
	at com.classes.BaseTest.setupReporter(BaseTest.java:85)
	at sun.reflect.NativeMethodAccessorImpl.invoke0(Native Method)
	at sun.reflect.NativeMethodAccessorImpl.invoke(Unknown Source)
	at sun.reflect.DelegatingMethodAccessorImpl.invoke(Unknown Source)
	at java.lang.reflect.Method.invoke(Unknown Source)
	at org.testng.internal.MethodInvocationHelper.invokeMethod(MethodInvocationHelper.java:124)
	at org.testng.internal.MethodInvocationHelper.invokeMethodConsideringTimeout(MethodInvocationHelper.java:59)
	at org.testng.internal.Invoker.invokeConfigurationMethod(Invoker.java:455)
	at org.testng.internal.Invoker.invokeConfigurations(Invoker.java:222)
	at org.testng.internal.Invoker.invokeConfigurations(Invoker.java:142)
	at org.testng.SuiteRunner.privateRun(SuiteRunner.java:401)
	at org.testng.SuiteRunner.run(SuiteRunner.java:364)
	at org.testng.SuiteRunnerWorker.runSuite(SuiteRunnerWorker.java:52)
	at org.testng.SuiteRunnerWorker.run(SuiteRunnerWorker.java:84)
	at org.testng.TestNG.runSuitesSequentially(TestNG.java:1208)
	at org.testng.TestNG.runSuitesLocally(TestNG.java:1137)
	at org.testng.TestNG.runSuites(TestNG.java:1049)
	at org.testng.TestNG.run(TestNG.java:1017)
	at org.testng.remote.AbstractRemoteTestNG.run(AbstractRemoteTestNG.java:115)
	at org.testng.remote.RemoteTestNG.initAndRun(RemoteTestNG.java:251)
	at org.testng.remote.RemoteTestNG.main(RemoteTestNG.java:77)

2022-04-21 13:21:51,541 [main] INFO com.utils.ExcelUtility - java.lang.NullPointerException
	at com.utils.ExcelUtility.getCellData(ExcelUtility.java:311)
	at com.utils._masterVO.loadGatewayCases(_masterVO.java:115)
	at com.utils._masterVO.loadExternalServices(_masterVO.java:448)
	at com.utils._masterVO.loadVO(_masterVO.java:81)
	at com.classes.BaseTest.setupReporter(BaseTest.java:85)
	at sun.reflect.NativeMethodAccessorImpl.invoke0(Native Method)
	at sun.reflect.NativeMethodAccessorImpl.invoke(Unknown Source)
	at sun.reflect.DelegatingMethodAccessorImpl.invoke(Unknown Source)
	at java.lang.reflect.Method.invoke(Unknown Source)
	at org.testng.internal.MethodInvocationHelper.invokeMethod(MethodInvocationHelper.java:124)
	at org.testng.internal.MethodInvocationHelper.invokeMethodConsideringTimeout(MethodInvocationHelper.java:59)
	at org.testng.internal.Invoker.invokeConfigurationMethod(Invoker.java:455)
	at org.testng.internal.Invoker.invokeConfigurations(Invoker.java:222)
	at org.testng.internal.Invoker.invokeConfigurations(Invoker.java:142)
	at org.testng.SuiteRunner.privateRun(SuiteRunner.java:401)
	at org.testng.SuiteRunner.run(SuiteRunner.java:364)
	at org.testng.SuiteRunnerWorker.runSuite(SuiteRunnerWorker.java:52)
	at org.testng.SuiteRunnerWorker.run(SuiteRunnerWorker.java:84)
	at org.testng.TestNG.runSuitesSequentially(TestNG.java:1208)
	at org.testng.TestNG.runSuitesLocally(TestNG.java:1137)
	at org.testng.TestNG.runSuites(TestNG.java:1049)
	at org.testng.TestNG.run(TestNG.java:1017)
	at org.testng.remote.AbstractRemoteTestNG.run(AbstractRemoteTestNG.java:115)
	at org.testng.remote.RemoteTestNG.initAndRun(RemoteTestNG.java:251)
	at org.testng.remote.RemoteTestNG.main(RemoteTestNG.java:77)

2022-04-21 13:21:51,541 [main] INFO com.utils.ExcelUtility - java.lang.NullPointerException
	at com.utils.ExcelUtility.getCellData(ExcelUtility.java:311)
	at com.utils._masterVO.loadGatewayCases(_masterVO.java:115)
	at com.utils._masterVO.loadExternalServices(_masterVO.java:448)
	at com.utils._masterVO.loadVO(_masterVO.java:81)
	at com.classes.BaseTest.setupReporter(BaseTest.java:85)
	at sun.reflect.NativeMethodAccessorImpl.invoke0(Native Method)
	at sun.reflect.NativeMethodAccessorImpl.invoke(Unknown Source)
	at sun.reflect.DelegatingMethodAccessorImpl.invoke(Unknown Source)
	at java.lang.reflect.Method.invoke(Unknown Source)
	at org.testng.internal.MethodInvocationHelper.invokeMethod(MethodInvocationHelper.java:124)
	at org.testng.internal.MethodInvocationHelper.invokeMethodConsideringTimeout(MethodInvocationHelper.java:59)
	at org.testng.internal.Invoker.invokeConfigurationMethod(Invoker.java:455)
	at org.testng.internal.Invoker.invokeConfigurations(Invoker.java:222)
	at org.testng.internal.Invoker.invokeConfigurations(Invoker.java:142)
	at org.testng.SuiteRunner.privateRun(SuiteRunner.java:401)
	at org.testng.SuiteRunner.run(SuiteRunner.java:364)
	at org.testng.SuiteRunnerWorker.runSuite(SuiteRunnerWorker.java:52)
	at org.testng.SuiteRunnerWorker.run(SuiteRunnerWorker.java:84)
	at org.testng.TestNG.runSuitesSequentially(TestNG.java:1208)
	at org.testng.TestNG.runSuitesLocally(TestNG.java:1137)
	at org.testng.TestNG.runSuites(TestNG.java:1049)
	at org.testng.TestNG.run(TestNG.java:1017)
	at org.testng.remote.AbstractRemoteTestNG.run(AbstractRemoteTestNG.java:115)
	at org.testng.remote.RemoteTestNG.initAndRun(RemoteTestNG.java:251)
	at org.testng.remote.RemoteTestNG.main(RemoteTestNG.java:77)

2022-04-21 13:21:51,543 [main] INFO com.utils.ExcelUtility - java.lang.NullPointerException
	at com.utils.ExcelUtility.getCellData(ExcelUtility.java:311)
	at com.utils._masterVO.loadGatewayCases(_masterVO.java:115)
	at com.utils._masterVO.loadExternalServices(_masterVO.java:448)
	at com.utils._masterVO.loadVO(_masterVO.java:81)
	at com.classes.BaseTest.setupReporter(BaseTest.java:85)
	at sun.reflect.NativeMethodAccessorImpl.invoke0(Native Method)
	at sun.reflect.NativeMethodAccessorImpl.invoke(Unknown Source)
	at sun.reflect.DelegatingMethodAccessorImpl.invoke(Unknown Source)
	at java.lang.reflect.Method.invoke(Unknown Source)
	at org.testng.internal.MethodInvocationHelper.invokeMethod(MethodInvocationHelper.java:124)
	at org.testng.internal.MethodInvocationHelper.invokeMethodConsideringTimeout(MethodInvocationHelper.java:59)
	at org.testng.internal.Invoker.invokeConfigurationMethod(Invoker.java:455)
	at org.testng.internal.Invoker.invokeConfigurations(Invoker.java:222)
	at org.testng.internal.Invoker.invokeConfigurations(Invoker.java:142)
	at org.testng.SuiteRunner.privateRun(SuiteRunner.java:401)
	at org.testng.SuiteRunner.run(SuiteRunner.java:364)
	at org.testng.SuiteRunnerWorker.runSuite(SuiteRunnerWorker.java:52)
	at org.testng.SuiteRunnerWorker.run(SuiteRunnerWorker.java:84)
	at org.testng.TestNG.runSuitesSequentially(TestNG.java:1208)
	at org.testng.TestNG.runSuitesLocally(TestNG.java:1137)
	at org.testng.TestNG.runSuites(TestNG.java:1049)
	at org.testng.TestNG.run(TestNG.java:1017)
	at org.testng.remote.AbstractRemoteTestNG.run(AbstractRemoteTestNG.java:115)
	at org.testng.remote.RemoteTestNG.initAndRun(RemoteTestNG.java:251)
	at org.testng.remote.RemoteTestNG.main(RemoteTestNG.java:77)

2022-04-21 13:21:51,544 [main] INFO com.utils.ExcelUtility - java.lang.NullPointerException
	at com.utils.ExcelUtility.getCellData(ExcelUtility.java:311)
	at com.utils._masterVO.loadGatewayCases(_masterVO.java:115)
	at com.utils._masterVO.loadExternalServices(_masterVO.java:448)
	at com.utils._masterVO.loadVO(_masterVO.java:81)
	at com.classes.BaseTest.setupReporter(BaseTest.java:85)
	at sun.reflect.NativeMethodAccessorImpl.invoke0(Native Method)
	at sun.reflect.NativeMethodAccessorImpl.invoke(Unknown Source)
	at sun.reflect.DelegatingMethodAccessorImpl.invoke(Unknown Source)
	at java.lang.reflect.Method.invoke(Unknown Source)
	at org.testng.internal.MethodInvocationHelper.invokeMethod(MethodInvocationHelper.java:124)
	at org.testng.internal.MethodInvocationHelper.invokeMethodConsideringTimeout(MethodInvocationHelper.java:59)
	at org.testng.internal.Invoker.invokeConfigurationMethod(Invoker.java:455)
	at org.testng.internal.Invoker.invokeConfigurations(Invoker.java:222)
	at org.testng.internal.Invoker.invokeConfigurations(Invoker.java:142)
	at org.testng.SuiteRunner.privateRun(SuiteRunner.java:401)
	at org.testng.SuiteRunner.run(SuiteRunner.java:364)
	at org.testng.SuiteRunnerWorker.runSuite(SuiteRunnerWorker.java:52)
	at org.testng.SuiteRunnerWorker.run(SuiteRunnerWorker.java:84)
	at org.testng.TestNG.runSuitesSequentially(TestNG.java:1208)
	at org.testng.TestNG.runSuitesLocally(TestNG.java:1137)
	at org.testng.TestNG.runSuites(TestNG.java:1049)
	at org.testng.TestNG.run(TestNG.java:1017)
	at org.testng.remote.AbstractRemoteTestNG.run(AbstractRemoteTestNG.java:115)
	at org.testng.remote.RemoteTestNG.initAndRun(RemoteTestNG.java:251)
	at org.testng.remote.RemoteTestNG.main(RemoteTestNG.java:77)

2022-04-21 13:21:51,544 [main] INFO com.utils.ExcelUtility - java.lang.NullPointerException
	at com.utils.ExcelUtility.getCellData(ExcelUtility.java:311)
	at com.utils._masterVO.loadGatewayCases(_masterVO.java:115)
	at com.utils._masterVO.loadExternalServices(_masterVO.java:448)
	at com.utils._masterVO.loadVO(_masterVO.java:81)
	at com.classes.BaseTest.setupReporter(BaseTest.java:85)
	at sun.reflect.NativeMethodAccessorImpl.invoke0(Native Method)
	at sun.reflect.NativeMethodAccessorImpl.invoke(Unknown Source)
	at sun.reflect.DelegatingMethodAccessorImpl.invoke(Unknown Source)
	at java.lang.reflect.Method.invoke(Unknown Source)
	at org.testng.internal.MethodInvocationHelper.invokeMethod(MethodInvocationHelper.java:124)
	at org.testng.internal.MethodInvocationHelper.invokeMethodConsideringTimeout(MethodInvocationHelper.java:59)
	at org.testng.internal.Invoker.invokeConfigurationMethod(Invoker.java:455)
	at org.testng.internal.Invoker.invokeConfigurations(Invoker.java:222)
	at org.testng.internal.Invoker.invokeConfigurations(Invoker.java:142)
	at org.testng.SuiteRunner.privateRun(SuiteRunner.java:401)
	at org.testng.SuiteRunner.run(SuiteRunner.java:364)
	at org.testng.SuiteRunnerWorker.runSuite(SuiteRunnerWorker.java:52)
	at org.testng.SuiteRunnerWorker.run(SuiteRunnerWorker.java:84)
	at org.testng.TestNG.runSuitesSequentially(TestNG.java:1208)
	at org.testng.TestNG.runSuitesLocally(TestNG.java:1137)
	at org.testng.TestNG.runSuites(TestNG.java:1049)
	at org.testng.TestNG.run(TestNG.java:1017)
	at org.testng.remote.AbstractRemoteTestNG.run(AbstractRemoteTestNG.java:115)
	at org.testng.remote.RemoteTestNG.initAndRun(RemoteTestNG.java:251)
	at org.testng.remote.RemoteTestNG.main(RemoteTestNG.java:77)

2022-04-21 13:21:51,546 [main] INFO com.utils.ExcelUtility - java.lang.NullPointerException
	at com.utils.ExcelUtility.getCellData(ExcelUtility.java:311)
	at com.utils._masterVO.loadGatewayCases(_masterVO.java:115)
	at com.utils._masterVO.loadExternalServices(_masterVO.java:448)
	at com.utils._masterVO.loadVO(_masterVO.java:81)
	at com.classes.BaseTest.setupReporter(BaseTest.java:85)
	at sun.reflect.NativeMethodAccessorImpl.invoke0(Native Method)
	at sun.reflect.NativeMethodAccessorImpl.invoke(Unknown Source)
	at sun.reflect.DelegatingMethodAccessorImpl.invoke(Unknown Source)
	at java.lang.reflect.Method.invoke(Unknown Source)
	at org.testng.internal.MethodInvocationHelper.invokeMethod(MethodInvocationHelper.java:124)
	at org.testng.internal.MethodInvocationHelper.invokeMethodConsideringTimeout(MethodInvocationHelper.java:59)
	at org.testng.internal.Invoker.invokeConfigurationMethod(Invoker.java:455)
	at org.testng.internal.Invoker.invokeConfigurations(Invoker.java:222)
	at org.testng.internal.Invoker.invokeConfigurations(Invoker.java:142)
	at org.testng.SuiteRunner.privateRun(SuiteRunner.java:401)
	at org.testng.SuiteRunner.run(SuiteRunner.java:364)
	at org.testng.SuiteRunnerWorker.runSuite(SuiteRunnerWorker.java:52)
	at org.testng.SuiteRunnerWorker.run(SuiteRunnerWorker.java:84)
	at org.testng.TestNG.runSuitesSequentially(TestNG.java:1208)
	at org.testng.TestNG.runSuitesLocally(TestNG.java:1137)
	at org.testng.TestNG.runSuites(TestNG.java:1049)
	at org.testng.TestNG.run(TestNG.java:1017)
	at org.testng.remote.AbstractRemoteTestNG.run(AbstractRemoteTestNG.java:115)
	at org.testng.remote.RemoteTestNG.initAndRun(RemoteTestNG.java:251)
	at org.testng.remote.RemoteTestNG.main(RemoteTestNG.java:77)

2022-04-21 13:21:51,546 [main] INFO com.utils.ExcelUtility - java.lang.NullPointerException
	at com.utils.ExcelUtility.getCellData(ExcelUtility.java:311)
	at com.utils._masterVO.loadGatewayCases(_masterVO.java:115)
	at com.utils._masterVO.loadExternalServices(_masterVO.java:448)
	at com.utils._masterVO.loadVO(_masterVO.java:81)
	at com.classes.BaseTest.setupReporter(BaseTest.java:85)
	at sun.reflect.NativeMethodAccessorImpl.invoke0(Native Method)
	at sun.reflect.NativeMethodAccessorImpl.invoke(Unknown Source)
	at sun.reflect.DelegatingMethodAccessorImpl.invoke(Unknown Source)
	at java.lang.reflect.Method.invoke(Unknown Source)
	at org.testng.internal.MethodInvocationHelper.invokeMethod(MethodInvocationHelper.java:124)
	at org.testng.internal.MethodInvocationHelper.invokeMethodConsideringTimeout(MethodInvocationHelper.java:59)
	at org.testng.internal.Invoker.invokeConfigurationMethod(Invoker.java:455)
	at org.testng.internal.Invoker.invokeConfigurations(Invoker.java:222)
	at org.testng.internal.Invoker.invokeConfigurations(Invoker.java:142)
	at org.testng.SuiteRunner.privateRun(SuiteRunner.java:401)
	at org.testng.SuiteRunner.run(SuiteRunner.java:364)
	at org.testng.SuiteRunnerWorker.runSuite(SuiteRunnerWorker.java:52)
	at org.testng.SuiteRunnerWorker.run(SuiteRunnerWorker.java:84)
	at org.testng.TestNG.runSuitesSequentially(TestNG.java:1208)
	at org.testng.TestNG.runSuitesLocally(TestNG.java:1137)
	at org.testng.TestNG.runSuites(TestNG.java:1049)
	at org.testng.TestNG.run(TestNG.java:1017)
	at org.testng.remote.AbstractRemoteTestNG.run(AbstractRemoteTestNG.java:115)
	at org.testng.remote.RemoteTestNG.initAndRun(RemoteTestNG.java:251)
	at org.testng.remote.RemoteTestNG.main(RemoteTestNG.java:77)

2022-04-21 13:21:51,548 [main] INFO com.utils.ExcelUtility - java.lang.NullPointerException
	at com.utils.ExcelUtility.getCellData(ExcelUtility.java:311)
	at com.utils._masterVO.loadGatewayCases(_masterVO.java:115)
	at com.utils._masterVO.loadExternalServices(_masterVO.java:448)
	at com.utils._masterVO.loadVO(_masterVO.java:81)
	at com.classes.BaseTest.setupReporter(BaseTest.java:85)
	at sun.reflect.NativeMethodAccessorImpl.invoke0(Native Method)
	at sun.reflect.NativeMethodAccessorImpl.invoke(Unknown Source)
	at sun.reflect.DelegatingMethodAccessorImpl.invoke(Unknown Source)
	at java.lang.reflect.Method.invoke(Unknown Source)
	at org.testng.internal.MethodInvocationHelper.invokeMethod(MethodInvocationHelper.java:124)
	at org.testng.internal.MethodInvocationHelper.invokeMethodConsideringTimeout(MethodInvocationHelper.java:59)
	at org.testng.internal.Invoker.invokeConfigurationMethod(Invoker.java:455)
	at org.testng.internal.Invoker.invokeConfigurations(Invoker.java:222)
	at org.testng.internal.Invoker.invokeConfigurations(Invoker.java:142)
	at org.testng.SuiteRunner.privateRun(SuiteRunner.java:401)
	at org.testng.SuiteRunner.run(SuiteRunner.java:364)
	at org.testng.SuiteRunnerWorker.runSuite(SuiteRunnerWorker.java:52)
	at org.testng.SuiteRunnerWorker.run(SuiteRunnerWorker.java:84)
	at org.testng.TestNG.runSuitesSequentially(TestNG.java:1208)
	at org.testng.TestNG.runSuitesLocally(TestNG.java:1137)
	at org.testng.TestNG.runSuites(TestNG.java:1049)
	at org.testng.TestNG.run(TestNG.java:1017)
	at org.testng.remote.AbstractRemoteTestNG.run(AbstractRemoteTestNG.java:115)
	at org.testng.remote.RemoteTestNG.initAndRun(RemoteTestNG.java:251)
	at org.testng.remote.RemoteTestNG.main(RemoteTestNG.java:77)

2022-04-21 13:21:51,549 [main] INFO com.utils.ExcelUtility - java.lang.NullPointerException
	at com.utils.ExcelUtility.getCellData(ExcelUtility.java:311)
	at com.utils._masterVO.loadGatewayCases(_masterVO.java:115)
	at com.utils._masterVO.loadExternalServices(_masterVO.java:448)
	at com.utils._masterVO.loadVO(_masterVO.java:81)
	at com.classes.BaseTest.setupReporter(BaseTest.java:85)
	at sun.reflect.NativeMethodAccessorImpl.invoke0(Native Method)
	at sun.reflect.NativeMethodAccessorImpl.invoke(Unknown Source)
	at sun.reflect.DelegatingMethodAccessorImpl.invoke(Unknown Source)
	at java.lang.reflect.Method.invoke(Unknown Source)
	at org.testng.internal.MethodInvocationHelper.invokeMethod(MethodInvocationHelper.java:124)
	at org.testng.internal.MethodInvocationHelper.invokeMethodConsideringTimeout(MethodInvocationHelper.java:59)
	at org.testng.internal.Invoker.invokeConfigurationMethod(Invoker.java:455)
	at org.testng.internal.Invoker.invokeConfigurations(Invoker.java:222)
	at org.testng.internal.Invoker.invokeConfigurations(Invoker.java:142)
	at org.testng.SuiteRunner.privateRun(SuiteRunner.java:401)
	at org.testng.SuiteRunner.run(SuiteRunner.java:364)
	at org.testng.SuiteRunnerWorker.runSuite(SuiteRunnerWorker.java:52)
	at org.testng.SuiteRunnerWorker.run(SuiteRunnerWorker.java:84)
	at org.testng.TestNG.runSuitesSequentially(TestNG.java:1208)
	at org.testng.TestNG.runSuitesLocally(TestNG.java:1137)
	at org.testng.TestNG.runSuites(TestNG.java:1049)
	at org.testng.TestNG.run(TestNG.java:1017)
	at org.testng.remote.AbstractRemoteTestNG.run(AbstractRemoteTestNG.java:115)
	at org.testng.remote.RemoteTestNG.initAndRun(RemoteTestNG.java:251)
	at org.testng.remote.RemoteTestNG.main(RemoteTestNG.java:77)

2022-04-21 13:21:51,549 [main] INFO com.utils.ExcelUtility - java.lang.NullPointerException
	at com.utils.ExcelUtility.getCellData(ExcelUtility.java:311)
	at com.utils._masterVO.loadGatewayCases(_masterVO.java:115)
	at com.utils._masterVO.loadExternalServices(_masterVO.java:448)
	at com.utils._masterVO.loadVO(_masterVO.java:81)
	at com.classes.BaseTest.setupReporter(BaseTest.java:85)
	at sun.reflect.NativeMethodAccessorImpl.invoke0(Native Method)
	at sun.reflect.NativeMethodAccessorImpl.invoke(Unknown Source)
	at sun.reflect.DelegatingMethodAccessorImpl.invoke(Unknown Source)
	at java.lang.reflect.Method.invoke(Unknown Source)
	at org.testng.internal.MethodInvocationHelper.invokeMethod(MethodInvocationHelper.java:124)
	at org.testng.internal.MethodInvocationHelper.invokeMethodConsideringTimeout(MethodInvocationHelper.java:59)
	at org.testng.internal.Invoker.invokeConfigurationMethod(Invoker.java:455)
	at org.testng.internal.Invoker.invokeConfigurations(Invoker.java:222)
	at org.testng.internal.Invoker.invokeConfigurations(Invoker.java:142)
	at org.testng.SuiteRunner.privateRun(SuiteRunner.java:401)
	at org.testng.SuiteRunner.run(SuiteRunner.java:364)
	at org.testng.SuiteRunnerWorker.runSuite(SuiteRunnerWorker.java:52)
	at org.testng.SuiteRunnerWorker.run(SuiteRunnerWorker.java:84)
	at org.testng.TestNG.runSuitesSequentially(TestNG.java:1208)
	at org.testng.TestNG.runSuitesLocally(TestNG.java:1137)
	at org.testng.TestNG.runSuites(TestNG.java:1049)
	at org.testng.TestNG.run(TestNG.java:1017)
	at org.testng.remote.AbstractRemoteTestNG.run(AbstractRemoteTestNG.java:115)
	at org.testng.remote.RemoteTestNG.initAndRun(RemoteTestNG.java:251)
	at org.testng.remote.RemoteTestNG.main(RemoteTestNG.java:77)

2022-04-21 13:21:51,550 [main] INFO com.utils.ExcelUtility - java.lang.NullPointerException
	at com.utils.ExcelUtility.getCellData(ExcelUtility.java:311)
	at com.utils._masterVO.loadGatewayCases(_masterVO.java:115)
	at com.utils._masterVO.loadExternalServices(_masterVO.java:448)
	at com.utils._masterVO.loadVO(_masterVO.java:81)
	at com.classes.BaseTest.setupReporter(BaseTest.java:85)
	at sun.reflect.NativeMethodAccessorImpl.invoke0(Native Method)
	at sun.reflect.NativeMethodAccessorImpl.invoke(Unknown Source)
	at sun.reflect.DelegatingMethodAccessorImpl.invoke(Unknown Source)
	at java.lang.reflect.Method.invoke(Unknown Source)
	at org.testng.internal.MethodInvocationHelper.invokeMethod(MethodInvocationHelper.java:124)
	at org.testng.internal.MethodInvocationHelper.invokeMethodConsideringTimeout(MethodInvocationHelper.java:59)
	at org.testng.internal.Invoker.invokeConfigurationMethod(Invoker.java:455)
	at org.testng.internal.Invoker.invokeConfigurations(Invoker.java:222)
	at org.testng.internal.Invoker.invokeConfigurations(Invoker.java:142)
	at org.testng.SuiteRunner.privateRun(SuiteRunner.java:401)
	at org.testng.SuiteRunner.run(SuiteRunner.java:364)
	at org.testng.SuiteRunnerWorker.runSuite(SuiteRunnerWorker.java:52)
	at org.testng.SuiteRunnerWorker.run(SuiteRunnerWorker.java:84)
	at org.testng.TestNG.runSuitesSequentially(TestNG.java:1208)
	at org.testng.TestNG.runSuitesLocally(TestNG.java:1137)
	at org.testng.TestNG.runSuites(TestNG.java:1049)
	at org.testng.TestNG.run(TestNG.java:1017)
	at org.testng.remote.AbstractRemoteTestNG.run(AbstractRemoteTestNG.java:115)
	at org.testng.remote.RemoteTestNG.initAndRun(RemoteTestNG.java:251)
	at org.testng.remote.RemoteTestNG.main(RemoteTestNG.java:77)

2022-04-21 13:21:51,550 [main] INFO com.utils.ExcelUtility - java.lang.NullPointerException
	at com.utils.ExcelUtility.getCellData(ExcelUtility.java:311)
	at com.utils._masterVO.loadGatewayCases(_masterVO.java:115)
	at com.utils._masterVO.loadExternalServices(_masterVO.java:448)
	at com.utils._masterVO.loadVO(_masterVO.java:81)
	at com.classes.BaseTest.setupReporter(BaseTest.java:85)
	at sun.reflect.NativeMethodAccessorImpl.invoke0(Native Method)
	at sun.reflect.NativeMethodAccessorImpl.invoke(Unknown Source)
	at sun.reflect.DelegatingMethodAccessorImpl.invoke(Unknown Source)
	at java.lang.reflect.Method.invoke(Unknown Source)
	at org.testng.internal.MethodInvocationHelper.invokeMethod(MethodInvocationHelper.java:124)
	at org.testng.internal.MethodInvocationHelper.invokeMethodConsideringTimeout(MethodInvocationHelper.java:59)
	at org.testng.internal.Invoker.invokeConfigurationMethod(Invoker.java:455)
	at org.testng.internal.Invoker.invokeConfigurations(Invoker.java:222)
	at org.testng.internal.Invoker.invokeConfigurations(Invoker.java:142)
	at org.testng.SuiteRunner.privateRun(SuiteRunner.java:401)
	at org.testng.SuiteRunner.run(SuiteRunner.java:364)
	at org.testng.SuiteRunnerWorker.runSuite(SuiteRunnerWorker.java:52)
	at org.testng.SuiteRunnerWorker.run(SuiteRunnerWorker.java:84)
	at org.testng.TestNG.runSuitesSequentially(TestNG.java:1208)
	at org.testng.TestNG.runSuitesLocally(TestNG.java:1137)
	at org.testng.TestNG.runSuites(TestNG.java:1049)
	at org.testng.TestNG.run(TestNG.java:1017)
	at org.testng.remote.AbstractRemoteTestNG.run(AbstractRemoteTestNG.java:115)
	at org.testng.remote.RemoteTestNG.initAndRun(RemoteTestNG.java:251)
	at org.testng.remote.RemoteTestNG.main(RemoteTestNG.java:77)

2022-04-21 13:21:52,243 [main] INFO com.utils._masterVO - Gateway Cases Master File Loaded successfully
2022-04-21 13:21:52,247 [main] INFO com.utils._APIUtil - Entered getAPIServices(USSD)
2022-04-21 13:21:52,251 [main] INFO com.utils._APIUtil - Exiting getAPIServices([])
2022-04-21 13:21:52,255 [main] INFO com.utils._masterVO - Loading Gateway Cases Master file from: .//src//test//resources//config//GatewayMaster.xlsx
2022-04-21 13:21:52,789 [main] INFO com.utils._masterVO - Gateway Cases Master File Loaded successfully
2022-04-21 13:21:52,794 [main] INFO com.utils._masterVO - Loading Gateway Cases Master file from: .//src//test//resources//config//GatewayMaster.xlsx
2022-04-21 13:21:53,145 [main] INFO com.utils._masterVO - Gateway Cases Master File Loaded successfully
2022-04-21 13:22:14,189 [main] ERROR com.sshmanager.SSHService - Error while getting SSH Server Instance : com.jcraft.jsch.JSchException: java.net.ConnectException: Connection timed out: connect
2022-04-21 13:22:14,215 [main] INFO com.classes.BaseTest - Completed loading all methods from -masterVO class
2022-04-21 13:23:47,055 [main] INFO angular.testscripts.prereuisitesangular.PreRequisite_C2STransferBulk_Revamp - ------------------ Test Case Execution Started For A_09_Test_C2SBulkTransferBlankSubService -------------------
2022-04-21 13:23:47,055 [main] INFO angular.testscripts.prereuisitesangular.PreRequisite_C2STransferBulk_Revamp - Entered A_09_Test_C2SBulkTransferBlankSubService(Root, Super Distributor, 1357, RC)
2022-04-21 13:23:47,240 [main] INFO com.utils.CommonUtils - Category Code for Super Distributor: DIST
2022-04-21 13:23:47,313 [main] INFO com.dbrepository.PostGreSQLRepository - Entered webInterface(Super Distributor)
2022-04-21 13:23:47,318 [main] INFO com.dbrepository.DBConnectionPool - Active Size:0 Cache Size:10
2022-04-21 13:23:47,320 [main] INFO com.dbrepository.PostGreSQLRepository - webInterface() :: select query: Select WEB_INTERFACE_ALLOWED from categories where category_name= ?
2022-04-21 13:23:47,364 [main] INFO com.dbrepository.PostGreSQLRepository - Database Returns: WEB_INTERFACE_ALLOWED (Y)
2022-04-21 13:23:47,368 [main] INFO com.dbrepository.PostGreSQLRepository - Exited webInterface()
2022-04-21 13:23:47,397 [main] INFO angular.feature.C2SBulkTransferRevamp - Entered performC2SBulkTransferBlankSubService(Root, Super Distributor, 1357, RC)
2022-04-21 13:23:47,516 [main] INFO angular.classes.LoginRevamp - LoginID found as: AUT_48675
2022-04-21 13:23:47,520 [main] INFO angular.classes.LoginRevamp - Password found as: com@2468
2022-04-21 13:23:47,523 [main] INFO angular.classes.LoginRevamp - Username found as: AUTFN1393 AUTLN2379
2022-04-21 13:23:48,130 [main] INFO angular.pageobjects.loginpages.LoginPageRevamp - Trying to select Language
2022-04-21 13:23:48,440 [main] INFO angular.pageobjects.loginpages.LoginPageRevamp - Language selected successfully as: English
2022-04-21 13:23:48,444 [main] INFO angular.pageobjects.loginpages.LoginPageRevamp - Trying to enter Login ID
2022-04-21 13:23:48,663 [main] INFO angular.pageobjects.loginpages.LoginPageRevamp - Login ID entered successfully as: AUT_48675
2022-04-21 13:23:48,666 [main] INFO angular.pageobjects.loginpages.LoginPageRevamp - Trying to enter Password
2022-04-21 13:23:48,877 [main] INFO angular.pageobjects.loginpages.LoginPageRevamp - Password entered successfully as: com@2468
2022-04-21 13:23:48,879 [main] INFO angular.pageobjects.loginpages.LoginPageRevamp - Trying to click Login Button
2022-04-21 13:23:48,979 [main] INFO angular.pageobjects.loginpages.LoginPageRevamp - Login button clicked successfully
2022-04-21 13:23:49,035 [main] INFO angular.pageobjects.loginpages.LoginPageRevamp - Error Message Found on Login Screen: 
2022-04-21 13:23:50,348 [main] INFO angular.pageobjects.RechargeBulk.RechargesBulk - Trying to click on Recharge Heading Link...
2022-04-21 13:23:50,468 [main] INFO angular.pageobjects.RechargeBulk.RechargesBulk - User clicked Recharged Heading Link.
2022-04-21 13:23:50,473 [main] INFO angular.pageobjects.RechargeBulk.RechargesBulk - Trying to click on Recharge Link...
2022-04-21 13:23:50,705 [main] INFO angular.pageobjects.RechargeBulk.RechargesBulk - User clicked Recharge Link
2022-04-21 13:23:50,709 [main] INFO angular.pageobjects.RechargeBulk.RechargesBulk - Trying clicking on C2S Bulk Operation Heading
2022-04-21 13:23:51,889 [main] INFO angular.pageobjects.RechargeBulk.RechargesBulk - User clicked C2S Bulk Operation Heading.
2022-04-21 13:23:56,904 [main] INFO angular.pageobjects.RechargeBulk.RechargesBulk - User Trying to click Bulk Prepaid Recharge
2022-04-21 13:23:57,016 [main] INFO angular.pageobjects.RechargeBulk.RechargesBulk - User clicked Bulk Prepaid Recharge Link.
2022-04-21 13:23:57,019 [main] INFO angular.pageobjects.RechargeBulk.RechargesBulk - Trying to click Mobile Number List icon...
2022-04-21 13:23:59,267 [main] INFO angular.pageobjects.RechargeBulk.RechargesBulk - User clicked Mobile Number List Download Button.
2022-04-21 13:23:59,296 [main] INFO angular.pageobjects.RechargeBulk.RechargesBulk - Trying to click User Template icon...
2022-04-21 13:24:01,421 [main] INFO angular.pageobjects.RechargeBulk.RechargesBulk - User clicked Template Download Button.
2022-04-21 13:24:01,448 [main] INFO angular.pageobjects.RechargeBulk.RechargesBulk - Getting File Path..
2022-04-21 13:24:04,469 [main] INFO angular.pageobjects.RechargeBulk.RechargesBulk - Latest File Path : .\src\test\resources\UploadDocuments\C2S_Bulk_Transfer\schedule1650527370717.xls
2022-04-21 13:24:04,499 [main] INFO com.utils.GenerateMSISDN - GenerateMSISDN class Returns: Remaining MSISDNLength (13)
2022-04-21 13:24:04,504 [main] INFO com.classes.UniqueChecker - The generated MSISDN is :: 721256249472408
2022-04-21 13:24:04,574 [main] INFO angular.pageobjects.RechargeBulk.RechargesBulk - Current Balance of user: 19058.0
2022-04-21 13:24:04,591 [main] INFO angular.pageobjects.RechargeBulk.RechargesBulk - Current Balance of user: 19058.0
2022-04-21 13:24:04,608 [main] INFO angular.pageobjects.RechargeBulk.RechargesBulk - Current Balance of user: 19058.0
2022-04-21 13:24:04,622 [main] INFO angular.pageobjects.RechargeBulk.RechargesBulk - Current Balance of user: 19058.0
2022-04-21 13:24:04,637 [main] INFO angular.pageobjects.RechargeBulk.RechargesBulk - Current Balance of user: 19058.0
2022-04-21 13:24:04,654 [main] INFO angular.pageobjects.RechargeBulk.RechargesBulk - Current Balance of user: 19058.0
2022-04-21 13:24:04,668 [main] INFO angular.pageobjects.RechargeBulk.RechargesBulk - Current Balance of user: 19058.0
2022-04-21 13:24:04,682 [main] INFO angular.pageobjects.RechargeBulk.RechargesBulk - Current Balance of user: 19058.0
2022-04-21 13:24:04,695 [main] INFO angular.pageobjects.RechargeBulk.RechargesBulk - Current Balance of user: 19058.0
2022-04-21 13:24:04,706 [main] INFO angular.pageobjects.RechargeBulk.RechargesBulk - Current Balance of user: 19058.0
2022-04-21 13:24:04,982 [main] INFO angular.feature.C2SBulkTransferRevamp - Writing to excel ....
2022-04-21 13:24:05,065 [main] INFO angular.feature.C2SBulkTransferRevamp - Written to Excel : MSISDN: 721256249472408, Sub Service: Blank, Amount: 200, Language Code: 0
2022-04-21 13:24:05,069 [main] INFO angular.pageobjects.RechargeBulk.RechargesBulk - Getting File Path..
2022-04-21 13:24:08,089 [main] INFO angular.pageobjects.RechargeBulk.RechargesBulk - Uploading File... 
2022-04-21 13:24:14,288 [main] INFO angular.pageobjects.RechargeBulk.RechargesBulk - Trying to click on Schedule Now checkbox...
2022-04-21 13:24:14,424 [main] INFO angular.pageobjects.RechargeBulk.RechargesBulk - User clicked Schedule Now checkbox
2022-04-21 13:24:14,427 [main] INFO angular.pageobjects.RechargeBulk.RechargesBulk - Trying to select the occurrence...
2022-04-21 13:24:14,685 [main] INFO angular.pageobjects.RechargeBulk.RechargesBulk - User selected Occurrence : Daily
2022-04-21 13:24:14,689 [main] INFO angular.pageobjects.RechargeBulk.RechargesBulk - Trying to enter the Number of iterations...
2022-04-21 13:24:14,857 [main] INFO angular.pageobjects.RechargeBulk.RechargesBulk - Number of iterations entered : 3
2022-04-21 13:24:14,861 [main] INFO angular.pageobjects.RechargeBulk.RechargesBulk - Trying to click on Recharge Button
2022-04-21 13:24:14,995 [main] INFO angular.pageobjects.RechargeBulk.RechargesBulk - User clicked Recharge Button
2022-04-21 13:24:14,997 [main] INFO angular.pageobjects.RechargeBulk.RechargesBulk - User will enter Channel User Pin 
2022-04-21 13:24:15,110 [main] INFO angular.pageobjects.RechargeBulk.RechargesBulk - User entered Channel User Pin: 1357
2022-04-21 13:24:15,214 [main] INFO angular.pageobjects.RechargeBulk.RechargesBulk - User clicked Recharge button
2022-04-21 13:24:15,305 [main] INFO angular.pageobjects.RechargeBulk.RechargesBulk - User clicked Recharge button
2022-04-21 13:24:15,942 [main] INFO angular.pageobjects.RechargeBulk.RechargesBulk - Trying to fetch batch ID..
2022-04-21 13:24:16,023 [main] INFO angular.pageobjects.RechargeBulk.RechargesBulk - Failed Reason on UI: Sub-service can not be blank.
2022-04-21 13:24:16,030 [main] INFO com.utils.Assertion - <pre><b>Expected: </b>Sub-service can not be blank.<br><b>Found: </b>Sub-service can not be blank.</pre>
2022-04-21 13:24:37,255 [main] ERROR com.sshmanager.SSHService - Error while getting SSH Server Instance : com.jcraft.jsch.JSchException: java.net.ConnectException: Connection timed out: connect
2022-04-21 13:24:37,283 [main] INFO angular.feature.C2SBulkTransferRevamp - Exiting performC2SBulkTransferBlankSubService
2022-04-21 13:24:37,284 [main] INFO angular.testscripts.prereuisitesangular.PreRequisite_C2STransferBulk_Revamp -  -----------------  Test Case Execution completed for A_09_Test_C2SBulkTransferBlankSubService -----------------
