2023-08-09 15:33:11,605 [main] INFO com.classes.BaseTest - Loading all methods from -masterVO class
2023-08-09 15:33:11,612 [main] INFO com.utils._masterVO - Loading Properties file from: .//src//test//resources//sysconfig//Constant.properties
2023-08-09 15:33:11,616 [main] INFO com.utils._masterVO - Properties File Loaded successfully
2023-08-09 15:33:11,620 [main] INFO com.utils._masterVO - Loading Master Sheet from: src//test//resources//config//DataProvider.xlsx
2023-08-09 15:33:12,417 [main] INFO com.utils._masterVO - Master Sheet Loaded successfully
2023-08-09 15:33:12,423 [main] INFO com.utils._masterVO - Loading Client Library for Client Versioning from: .//src//test//resources//sysconfig//ClientLib.properties
2023-08-09 15:33:12,439 [main] INFO com.utils._masterVO - Client Library Loaded successfully
2023-08-09 15:33:12,700 [main] INFO com.utils._masterVO - loadGeoDomains Map returns ::ZO - AUTbKlI - AUToKa1C
2023-08-09 15:33:12,842 [main] INFO com.utils._masterVO - loadGeoDomains Map returns ::AR - AUT7dba - AUT63dCN
2023-08-09 15:33:12,977 [main] INFO com.utils._masterVO - loadGeoDomains Map returns ::SA - AUTO2Fm - AUTNelnh
2023-08-09 15:33:13,492 [main] INFO com.utils._masterVO - Loading test case file file from: .//src//test//resources//sysconfig//testCaseFile.properties
2023-08-09 15:33:13,508 [main] INFO com.utils._masterVO - Test cases file Loaded successfully
2023-08-09 15:33:13,511 [main] INFO com.utils._masterVO - Loading Web Cases Master file from: .//src//test//resources//config//testCaseFile.properties
2023-08-09 15:33:13,529 [main] INFO com.utils._masterVO - Gateway Cases Master File Loaded successfully
2023-08-09 15:33:13,569 [main] INFO com.dbrepository.DBHandler - Entered Access Handler :: PostGreSQL
2023-08-09 15:33:13,576 [main] INFO com.commons.CacheController - New Cache DAO Loaded :: UPDATECACHE_VER = 1
2023-08-09 15:33:13,618 [MLog-Init-Reporter] INFO com.mchange.v2.log.MLog - MLog clients using log4j logging.
2023-08-09 15:33:13,720 [main] INFO com.mchange.v2.c3p0.C3P0Registry - Initializing c3p0-0.9.5.2 [built 08-December-2015 22:06:04 -0800; debug? true; trace: 10]
2023-08-09 15:33:13,816 [main] INFO com.mchange.v2.c3p0.impl.AbstractPoolBackedDataSource - Initializing c3p0 pool... com.mchange.v2.c3p0.ComboPooledDataSource [ acquireIncrement -> 5, acquireRetryAttempts -> 30, acquireRetryDelay -> 1000, autoCommitOnClose -> false, automaticTestTable -> null, breakAfterAcquireFailure -> false, checkoutTimeout -> 0, connectionCustomizerClassName -> null, connectionTesterClassName -> com.mchange.v2.c3p0.impl.DefaultConnectionTester, contextClassLoaderSource -> caller, dataSourceName -> 1hge0z1ax1of1qwnpt6e0u|6063d80a, debugUnreturnedConnectionStackTraces -> false, description -> null, driverClass -> org.postgresql.Driver, extensions -> {}, factoryClassLocation -> null, forceIgnoreUnresolvedTransactions -> false, forceSynchronousCheckins -> false, forceUseNamedDriverClass -> false, identityToken -> 1hge0z1ax1of1qwnpt6e0u|6063d80a, idleConnectionTestPeriod -> 0, initialPoolSize -> 10, jdbcUrl -> jdbc:postgresql://172.30.38.120:5432/pretups_trunk_dev, maxAdministrativeTaskTime -> 0, maxConnectionAge -> 0, maxIdleTime -> 0, maxIdleTimeExcessConnections -> 0, maxPoolSize -> 20, maxStatements -> 0, maxStatementsPerConnection -> 0, minPoolSize -> 10, numHelperThreads -> 3, preferredTestQuery -> null, privilegeSpawnedThreads -> false, properties -> {user=******, password=******}, propertyCycle -> 0, statementCacheNumDeferredCloseThreads -> 0, testConnectionOnCheckin -> false, testConnectionOnCheckout -> false, unreturnedConnectionTimeout -> 0, userOverrides -> {}, usesTraditionalReflectiveProxies -> false ]
2023-08-09 15:33:14,804 [main] INFO com.dbrepository.PostGreSQLRepository - Entered :: getNetworkName()
2023-08-09 15:33:14,965 [main] INFO com.dbrepository.PostGreSQLRepository - Query Repository Returns: Network Name (Network GGN)
2023-08-09 15:33:14,969 [main] INFO com.dbrepository.PostGreSQLRepository - Entered :: getSystemPreference(AMOUNT_MULT_FACTOR)
2023-08-09 15:33:14,973 [main] INFO com.dbrepository.DBConnectionPool - Active Size:1 Cache Size:2
2023-08-09 15:33:15,137 [main] INFO com.dbrepository.PostGreSQLRepository - Query Repository Returns: DEFAULT_VALUE (100)
2023-08-09 15:33:15,144 [main] INFO com.dbrepository.PostGreSQLRepository - Entered :: getSystemPreference(MSISDN_PREFIX_LENGTH)
2023-08-09 15:33:15,148 [main] INFO com.dbrepository.DBConnectionPool - Active Size:2 Cache Size:1
2023-08-09 15:33:15,295 [main] INFO com.dbrepository.PostGreSQLRepository - Query Repository Returns: DEFAULT_VALUE (2)
2023-08-09 15:33:15,300 [main] INFO com.dbrepository.PostGreSQLRepository - Entered :: getSystemPreference(MAX_MSISDN_LENGTH)
2023-08-09 15:33:15,303 [main] INFO com.dbrepository.DBConnectionPool - Active Size:3 Cache Size:0
2023-08-09 15:33:15,977 [main] INFO com.dbrepository.PostGreSQLRepository - Query Repository Returns: DEFAULT_VALUE (15)
2023-08-09 15:33:15,983 [main] INFO com.dbrepository.PostGreSQLRepository - Entered :: getSystemPreference(USER_PRODUCT_MULTIPLE_WALLET)
2023-08-09 15:33:15,987 [main] INFO com.dbrepository.DBConnectionPool - Active Size:4 Cache Size:2
2023-08-09 15:33:16,148 [main] INFO com.dbrepository.PostGreSQLRepository - Query Repository Returns: DEFAULT_VALUE (false)
2023-08-09 15:33:16,152 [main] INFO com.dbrepository.PostGreSQLRepository - Entered :: getSystemPreference(EXTERNAL_DATE_FORMAT)
2023-08-09 15:33:16,155 [main] INFO com.dbrepository.DBConnectionPool - Active Size:5 Cache Size:1
2023-08-09 15:33:16,308 [main] INFO com.dbrepository.PostGreSQLRepository - Query Repository Returns: DEFAULT_VALUE (dd/MM/yyyy)
2023-08-09 15:33:16,313 [main] INFO com.dbrepository.PostGreSQLRepository - Entered :: getSystemPreference(DATE_FORMAT_CAL_JAVA)
2023-08-09 15:33:16,318 [main] INFO com.dbrepository.DBConnectionPool - Active Size:6 Cache Size:0
2023-08-09 15:33:16,781 [main] INFO com.dbrepository.PostGreSQLRepository - Query Repository Returns: DEFAULT_VALUE (dd/MM/yyyy)
2023-08-09 15:33:16,785 [main] INFO com.dbrepository.PostGreSQLRepository - Entered :: getSystemPreference(OTH_COM_CHNL)
2023-08-09 15:33:16,790 [main] INFO com.dbrepository.DBConnectionPool - Active Size:0 Cache Size:8
2023-08-09 15:33:17,055 [main] INFO com.dbrepository.PostGreSQLRepository - Query Repository Returns: DEFAULT_VALUE (false)
2023-08-09 15:33:17,060 [main] INFO com.dbrepository.PostGreSQLRepository - Entered :: getSystemPreference(DW_ALLOWED_GATEWAYS)
2023-08-09 15:33:17,064 [main] INFO com.dbrepository.DBConnectionPool - Active Size:0 Cache Size:9
2023-08-09 15:33:17,290 [main] INFO com.dbrepository.PostGreSQLRepository - Query Repository Returns: DEFAULT_VALUE (EXTGW,DWEXTGW)
2023-08-09 15:33:17,296 [main] INFO com.dbrepository.PostGreSQLRepository - Entered :: getSystemPreference(DEFAULT_LANGUAGE)
2023-08-09 15:33:17,302 [main] INFO com.dbrepository.DBConnectionPool - Active Size:0 Cache Size:9
2023-08-09 15:33:17,480 [main] INFO com.dbrepository.PostGreSQLRepository - Query Repository Returns: DEFAULT_VALUE (en)
2023-08-09 15:33:17,486 [main] INFO com.dbrepository.PostGreSQLRepository - Entered :: getSystemPreference(DEFAULT_COUNTRY)
2023-08-09 15:33:17,491 [main] INFO com.dbrepository.DBConnectionPool - Active Size:0 Cache Size:9
2023-08-09 15:33:17,698 [main] INFO com.dbrepository.PostGreSQLRepository - Query Repository Returns: DEFAULT_VALUE (US)
2023-08-09 15:33:17,705 [main] INFO com.utils._masterVO - Display Locale set to: en_US
2023-08-09 15:33:39,947 [main] INFO com.sshmanager.SSHService - Exiting getFileFromSFTP()
2023-08-09 15:33:46,479 [main] INFO com.sshmanager.SSHService - Exiting getFileFromSFTP()
2023-08-09 15:33:46,508 [main] INFO com.utils._masterVO - Loading Messages Resource properties File from: .//src//test//resources//sysconfig//English.properties
2023-08-09 15:33:46,553 [main] INFO com.utils._masterVO - Messages Resource Properties file Loaded successfully
2023-08-09 15:33:46,557 [main] INFO com.utils._masterVO - Loading Messages Resource properties File from: .//src//test//resources//sysconfig//C2S_English.properties
2023-08-09 15:33:46,572 [main] INFO com.utils._masterVO - Messages Resource Properties file Loaded successfully
2023-08-09 15:33:46,703 [main] INFO com.sshmanager.SSHService - Executing: grep '^[^#]' /data1/pretupsapp/tomcat9_pgdev/conf/pretups/LogConfig.props|grep '^log4j.appender.OneLineTXNLogC2S.File[ =]'|cut -d'=' -f2|sed 's/^[ 	]*//;s/[ 	]*$//'
2023-08-09 15:33:47,049 [main] INFO com.sshmanager.SSHService - Channel Exit Status: 0
2023-08-09 15:33:47,053 [main] INFO com.sshmanager.SSHService - Executing: grep '^[^#]' /data1/pretupsapp/tomcat9_pgdev/conf/pretups/LogConfig.props|grep '^log4j.appender.ChannelRequestDailyLog.File[ =]'|cut -d'=' -f2|sed 's/^[ 	]*//;s/[ 	]*$//'
2023-08-09 15:33:47,363 [main] INFO com.sshmanager.SSHService - Channel Exit Status: 0
2023-08-09 15:33:47,367 [main] INFO com.classes.BaseTest - Completed loading all methods from -masterVO class
2023-08-09 15:36:49,970 [main] INFO angular.testscripts.prereuisitesangular.CardGroup.BatchModifyC2SCardGroup_TestScript - DataNetwork Admin
2023-08-09 15:36:50,009 [main] INFO angular.testscripts.prereuisitesangular.CardGroup.BatchModifyC2SCardGroup_TestScript - Databtnadm
2023-08-09 15:36:50,016 [main] INFO angular.testscripts.prereuisitesangular.CardGroup.BatchModifyC2SCardGroup_TestScript - DataCom@1111
2023-08-09 15:36:50,024 [main] INFO angular.testscripts.prereuisitesangular.CardGroup.BatchModifyC2SCardGroup_TestScript - Value of k0
2023-08-09 15:36:50,063 [main] INFO angular.testscripts.prereuisitesangular.CardGroup.BatchModifyC2SCardGroup_TestScript - ------------------ Test Case Execution Started For A_01_Test_Batch_modify_C2S_cardgroup -------------------
2023-08-09 15:36:50,063 [main] INFO angular.testscripts.prereuisitesangular.CardGroup.BatchModifyC2SCardGroup_TestScript - Entered A_01_Test_Batch_modify_C2S_cardgroup(Network Admin, btnadm, Com@1111)
2023-08-09 15:36:51,386 [main] INFO angular.pageobjects.loginpages.LoginPageRevamp - Trying to select Language
2023-08-09 15:36:51,793 [main] INFO angular.pageobjects.loginpages.LoginPageRevamp - Language selected successfully as: English
2023-08-09 15:36:51,798 [main] INFO angular.pageobjects.loginpages.LoginPageRevamp - Trying to enter Login ID
2023-08-09 15:36:52,085 [main] INFO angular.pageobjects.loginpages.LoginPageRevamp - Login ID entered successfully as: btnadm
2023-08-09 15:36:52,092 [main] INFO angular.pageobjects.loginpages.LoginPageRevamp - Trying to enter Password
2023-08-09 15:36:52,403 [main] INFO angular.pageobjects.loginpages.LoginPageRevamp - Password entered successfully as: Com@1111
2023-08-09 15:36:52,410 [main] INFO angular.pageobjects.loginpages.LoginPageRevamp - Trying to click Login Button
2023-08-09 15:36:52,582 [main] INFO angular.pageobjects.loginpages.LoginPageRevamp - Login button clicked successfully
2023-08-09 15:36:52,648 [main] INFO angular.pageobjects.loginpages.LoginPageRevamp - Error Message Found on Login Screen: 
2023-08-09 15:38:49,020 [main] INFO angular.pageobjects.CardGroup.BulkModifyC2SCG - Trying to click on eTopUp tab
2023-08-09 15:38:59,026 [main] INFO angular.pageobjects.CardGroup.BulkModifyC2SCG - Checking visibility of eTopUp Tab
2023-08-09 15:38:59,157 [main] INFO angular.pageobjects.CardGroup.BulkModifyC2SCG - eTopUp tab is visible
2023-08-09 15:38:59,415 [main] INFO angular.pageobjects.CardGroup.BulkModifyC2SCG - Clicked on eTopUp tab
2023-08-09 15:38:59,421 [main] INFO angular.pageobjects.CardGroup.BulkModifyC2SCG - Checking visibility of CardGroupLink
2023-08-09 15:38:59,559 [main] INFO angular.pageobjects.CardGroup.BulkModifyC2SCG - CardGroupLink link is vsisble
2023-08-09 15:38:59,835 [main] INFO angular.pageobjects.CardGroup.BulkModifyC2SCG - Clicked on Card Group
2023-08-09 15:40:43,788 [main] INFO angular.pageobjects.CardGroup.BulkModifyC2SCG - Trying to click on ChannelToSubscriber Link
2023-08-09 15:40:43,924 [main] INFO angular.pageobjects.CardGroup.BulkModifyC2SCG - Clicked on ChannelToSubscriber Link
2023-08-09 15:40:43,929 [main] INFO angular.pageobjects.CardGroup.BulkModifyC2SCG - Checking visibility of BulkOperation Button
2023-08-09 15:41:04,272 [main] INFO angular.pageobjects.CardGroup.BulkModifyC2SCG - BulkOperation Button is vsisble
2023-08-09 15:47:12,563 [main] INFO angular.pageobjects.CardGroup.BulkModifyC2SCG - Trying to click on Bulk Operation button
2023-08-09 15:47:12,775 [main] INFO angular.pageobjects.CardGroup.BulkModifyC2SCG - Clicked on Bulk Operation button
2023-08-09 15:47:12,781 [main] INFO angular.pageobjects.CardGroup.BulkModifyC2SCG - Trying to select Service Type
2023-08-09 15:47:34,735 [main] INFO angular.pageobjects.CardGroup.BulkModifyC2SCG - Selected value from DD :Advance Recharge
2023-08-09 15:48:19,639 [main] INFO angular.feature.CardGroup.BulkModifyC2SCG_Feature - Selecting date applicable from
2023-08-09 15:48:46,907 [main] INFO angular.pageobjects.CardGroup.BulkModifyC2SCG - Trying to click on SelectAll CheckBox
2023-08-09 15:48:48,217 [main] INFO angular.pageobjects.CardGroup.BulkModifyC2SCG - Clicked on SelectAll CheckBox
2023-08-09 15:48:57,696 [main] INFO angular.pageobjects.CardGroup.BulkModifyC2SCG - Trying to click on DownloadFile Link
2023-08-09 15:48:58,179 [main] INFO angular.pageobjects.CardGroup.BulkModifyC2SCG - Clicked on DownloadFile Link
2023-08-09 15:52:43,677 [main] INFO com.classes.BaseTest - java.lang.NullPointerException
2023-08-09 15:52:43,793 [main] INFO com.sshmanager.SSHService - Executing: tail -n 1000 /data1/pretupsapp/tomcat9_pgdev/logs/catalina.out

2023-08-09 15:52:44,721 [main] INFO com.sshmanager.SSHService - Channel Exit Status: 0
