2023-09-21 15:50:56,507 [main] INFO com.classes.BaseTest - Loading all methods from -masterVO class
2023-09-21 15:50:56,514 [main] INFO com.utils._masterVO - Loading Properties file from: .//src//test//resources//sysconfig//Constant.properties
2023-09-21 15:50:56,530 [main] INFO com.utils._masterVO - Properties File Loaded successfully
2023-09-21 15:50:56,545 [main] INFO com.utils._masterVO - Loading Master Sheet from: src//test//resources//config//DataProvider.xlsx
2023-09-21 15:50:57,416 [main] INFO com.utils._masterVO - Master Sheet Loaded successfully
2023-09-21 15:50:57,425 [main] INFO com.utils._masterVO - Loading Client Library for Client Versioning from: .//src//test//resources//sysconfig//ClientLib.properties
2023-09-21 15:50:57,441 [main] INFO com.utils._masterVO - Client Library Loaded successfully
2023-09-21 15:50:57,730 [main] INFO com.utils._masterVO - loadGeoDomains Map returns ::ZO - AUTbKlI - AUToKa1C
2023-09-21 15:50:57,898 [main] INFO com.utils._masterVO - loadGeoDomains Map returns ::AR - AUT7dba - AUT63dCN
2023-09-21 15:50:58,034 [main] INFO com.utils._masterVO - loadGeoDomains Map returns ::SA - AUTO2Fm - AUTNelnh
2023-09-21 15:50:58,590 [main] INFO com.utils._masterVO - Loading test case file file from: .//src//test//resources//sysconfig//testCaseFile.properties
2023-09-21 15:50:58,621 [main] INFO com.utils._masterVO - Test cases file Loaded successfully
2023-09-21 15:50:58,630 [main] INFO com.utils._masterVO - Loading Web Cases Master file from: .//src//test//resources//config//testCaseFile.properties
2023-09-21 15:50:58,669 [main] INFO com.utils._masterVO - Gateway Cases Master File Loaded successfully
2023-09-21 15:50:58,712 [main] INFO com.dbrepository.DBHandler - Entered Access Handler :: PostGreSQL
2023-09-21 15:50:58,732 [main] INFO com.commons.CacheController - New Cache DAO Loaded :: UPDATECACHE_VER = 1
2023-09-21 15:50:58,773 [MLog-Init-Reporter] INFO com.mchange.v2.log.MLog - MLog clients using log4j logging.
2023-09-21 15:50:58,884 [main] INFO com.mchange.v2.c3p0.C3P0Registry - Initializing c3p0-0.9.5.2 [built 08-December-2015 22:06:04 -0800; debug? true; trace: 10]
2023-09-21 15:50:58,994 [main] INFO com.mchange.v2.c3p0.impl.AbstractPoolBackedDataSource - Initializing c3p0 pool... com.mchange.v2.c3p0.ComboPooledDataSource [ acquireIncrement -> 5, acquireRetryAttempts -> 30, acquireRetryDelay -> 1000, autoCommitOnClose -> false, automaticTestTable -> null, breakAfterAcquireFailure -> false, checkoutTimeout -> 0, connectionCustomizerClassName -> null, connectionTesterClassName -> com.mchange.v2.c3p0.impl.DefaultConnectionTester, contextClassLoaderSource -> caller, dataSourceName -> 1hge14bay1eui5h9j1sd36|54709809, debugUnreturnedConnectionStackTraces -> false, description -> null, driverClass -> org.postgresql.Driver, extensions -> {}, factoryClassLocation -> null, forceIgnoreUnresolvedTransactions -> false, forceSynchronousCheckins -> false, forceUseNamedDriverClass -> false, identityToken -> 1hge14bay1eui5h9j1sd36|54709809, idleConnectionTestPeriod -> 0, initialPoolSize -> 10, jdbcUrl -> jdbc:postgresql://172.30.38.120:5432/pretups_trunk_dev, maxAdministrativeTaskTime -> 0, maxConnectionAge -> 0, maxIdleTime -> 0, maxIdleTimeExcessConnections -> 0, maxPoolSize -> 20, maxStatements -> 0, maxStatementsPerConnection -> 0, minPoolSize -> 10, numHelperThreads -> 3, preferredTestQuery -> null, privilegeSpawnedThreads -> false, properties -> {user=******, password=******}, propertyCycle -> 0, statementCacheNumDeferredCloseThreads -> 0, testConnectionOnCheckin -> false, testConnectionOnCheckout -> false, unreturnedConnectionTimeout -> 0, userOverrides -> {}, usesTraditionalReflectiveProxies -> false ]
2023-09-21 15:51:00,071 [main] INFO com.dbrepository.PostGreSQLRepository - Entered :: getNetworkName()
2023-09-21 15:51:00,284 [main] INFO com.dbrepository.PostGreSQLRepository - Query Repository Returns: Network Name (Network GGN)
2023-09-21 15:51:00,299 [main] INFO com.dbrepository.PostGreSQLRepository - Entered :: getSystemPreference(AMOUNT_MULT_FACTOR)
2023-09-21 15:51:00,315 [main] INFO com.dbrepository.DBConnectionPool - Active Size:1 Cache Size:2
2023-09-21 15:51:00,499 [main] INFO com.dbrepository.PostGreSQLRepository - Query Repository Returns: DEFAULT_VALUE (100)
2023-09-21 15:51:00,516 [main] INFO com.dbrepository.PostGreSQLRepository - Entered :: getSystemPreference(MSISDN_PREFIX_LENGTH)
2023-09-21 15:51:00,531 [main] INFO com.dbrepository.DBConnectionPool - Active Size:2 Cache Size:1
2023-09-21 15:51:00,715 [main] INFO com.dbrepository.PostGreSQLRepository - Query Repository Returns: DEFAULT_VALUE (2)
2023-09-21 15:51:00,746 [main] INFO com.dbrepository.PostGreSQLRepository - Entered :: getSystemPreference(MAX_MSISDN_LENGTH)
2023-09-21 15:51:00,748 [main] INFO com.dbrepository.DBConnectionPool - Active Size:3 Cache Size:0
2023-09-21 15:51:01,082 [main] INFO com.dbrepository.PostGreSQLRepository - Query Repository Returns: DEFAULT_VALUE (15)
2023-09-21 15:51:01,100 [main] INFO com.dbrepository.PostGreSQLRepository - Entered :: getSystemPreference(USER_PRODUCT_MULTIPLE_WALLET)
2023-09-21 15:51:01,115 [main] INFO com.dbrepository.DBConnectionPool - Active Size:4 Cache Size:2
2023-09-21 15:51:01,316 [main] INFO com.dbrepository.PostGreSQLRepository - Query Repository Returns: DEFAULT_VALUE (false)
2023-09-21 15:51:01,332 [main] INFO com.dbrepository.PostGreSQLRepository - Entered :: getSystemPreference(EXTERNAL_DATE_FORMAT)
2023-09-21 15:51:01,360 [main] INFO com.dbrepository.DBConnectionPool - Active Size:5 Cache Size:1
2023-09-21 15:51:01,547 [main] INFO com.dbrepository.PostGreSQLRepository - Query Repository Returns: DEFAULT_VALUE (dd/MM/yyyy)
2023-09-21 15:51:01,572 [main] INFO com.dbrepository.PostGreSQLRepository - Entered :: getSystemPreference(DATE_FORMAT_CAL_JAVA)
2023-09-21 15:51:01,575 [main] INFO com.dbrepository.DBConnectionPool - Active Size:6 Cache Size:0
2023-09-21 15:51:01,916 [main] INFO com.dbrepository.PostGreSQLRepository - Query Repository Returns: DEFAULT_VALUE (dd/MM/yyyy)
2023-09-21 15:51:01,949 [main] INFO com.dbrepository.PostGreSQLRepository - Entered :: getSystemPreference(OTH_COM_CHNL)
2023-09-21 15:51:01,956 [main] INFO com.dbrepository.DBConnectionPool - Active Size:0 Cache Size:9
2023-09-21 15:51:02,135 [main] INFO com.dbrepository.PostGreSQLRepository - Query Repository Returns: DEFAULT_VALUE (false)
2023-09-21 15:51:02,167 [main] INFO com.dbrepository.PostGreSQLRepository - Entered :: getSystemPreference(DW_ALLOWED_GATEWAYS)
2023-09-21 15:51:02,169 [main] INFO com.dbrepository.DBConnectionPool - Active Size:0 Cache Size:9
2023-09-21 15:51:02,365 [main] INFO com.dbrepository.PostGreSQLRepository - Query Repository Returns: DEFAULT_VALUE (EXTGW,DWEXTGW)
2023-09-21 15:51:02,390 [main] INFO com.dbrepository.PostGreSQLRepository - Entered :: getSystemPreference(DEFAULT_LANGUAGE)
2023-09-21 15:51:02,410 [main] INFO com.dbrepository.DBConnectionPool - Active Size:0 Cache Size:9
2023-09-21 15:51:02,586 [main] INFO com.dbrepository.PostGreSQLRepository - Query Repository Returns: DEFAULT_VALUE (en)
2023-09-21 15:51:02,617 [main] INFO com.dbrepository.PostGreSQLRepository - Entered :: getSystemPreference(DEFAULT_COUNTRY)
2023-09-21 15:51:02,633 [main] INFO com.dbrepository.DBConnectionPool - Active Size:0 Cache Size:10
2023-09-21 15:51:02,827 [main] INFO com.dbrepository.PostGreSQLRepository - Query Repository Returns: DEFAULT_VALUE (US)
2023-09-21 15:51:02,852 [main] INFO com.utils._masterVO - Display Locale set to: en_US
2023-09-21 15:51:22,231 [main] INFO com.sshmanager.SSHService - Exiting getFileFromSFTP()
2023-09-21 15:51:30,815 [main] INFO com.sshmanager.SSHService - Exiting getFileFromSFTP()
2023-09-21 15:51:30,841 [main] INFO com.utils._masterVO - Loading Messages Resource properties File from: .//src//test//resources//sysconfig//English.properties
2023-09-21 15:51:30,899 [main] INFO com.utils._masterVO - Messages Resource Properties file Loaded successfully
2023-09-21 15:51:30,915 [main] INFO com.utils._masterVO - Loading Messages Resource properties File from: .//src//test//resources//sysconfig//C2S_English.properties
2023-09-21 15:51:30,965 [main] INFO com.utils._masterVO - Messages Resource Properties file Loaded successfully
2023-09-21 15:51:31,159 [main] INFO com.sshmanager.SSHService - Executing: grep '^[^#]' /data1/pretupsapp/tomcat9_pgdev/conf/pretups/LogConfig.props|grep '^log4j.appender.OneLineTXNLogC2S.File[ =]'|cut -d'=' -f2|sed 's/^[ 	]*//;s/[ 	]*$//'
2023-09-21 15:51:31,564 [main] INFO com.sshmanager.SSHService - Channel Exit Status: 0
2023-09-21 15:51:31,579 [main] INFO com.sshmanager.SSHService - Executing: grep '^[^#]' /data1/pretupsapp/tomcat9_pgdev/conf/pretups/LogConfig.props|grep '^log4j.appender.ChannelRequestDailyLog.File[ =]'|cut -d'=' -f2|sed 's/^[ 	]*//;s/[ 	]*$//'
2023-09-21 15:51:31,986 [main] INFO com.sshmanager.SSHService - Channel Exit Status: 0
2023-09-21 15:51:32,009 [main] INFO com.classes.BaseTest - Completed loading all methods from -masterVO class
2023-09-21 15:56:21,420 [main] INFO angular.testscripts.prereuisitesangular.CardGroup.BatchModifyC2SCardGroup_TestScript - DataNetwork Admin
2023-09-21 15:56:21,471 [main] INFO angular.testscripts.prereuisitesangular.CardGroup.BatchModifyC2SCardGroup_TestScript - Databtnadm
2023-09-21 15:56:21,503 [main] INFO angular.testscripts.prereuisitesangular.CardGroup.BatchModifyC2SCardGroup_TestScript - DataCom@1111
2023-09-21 15:56:21,522 [main] INFO angular.testscripts.prereuisitesangular.CardGroup.BatchModifyC2SCardGroup_TestScript - Value of k0
2023-09-21 15:56:21,619 [main] INFO angular.testscripts.prereuisitesangular.CardGroup.BatchModifyC2SCardGroup_TestScript - ------------------ Test Case Execution Started For A_01_Test_Batch_modify_C2S_cardgroup -------------------
2023-09-21 15:56:21,619 [main] INFO angular.testscripts.prereuisitesangular.CardGroup.BatchModifyC2SCardGroup_TestScript - Entered A_01_Test_Batch_modify_C2S_cardgroup(Network Admin, btnadm, Com@1111)
2023-09-21 15:59:26,623 [main] INFO angular.pageobjects.loginpages.LoginPageRevamp - Trying to select Language
2023-09-21 15:59:52,374 [main] INFO angular.pageobjects.loginpages.LoginPageRevamp - Language selected successfully as: English
2023-09-21 16:00:03,827 [main] INFO angular.pageobjects.loginpages.LoginPageRevamp - Trying to enter Login ID
2023-09-21 16:00:04,248 [main] INFO angular.pageobjects.loginpages.LoginPageRevamp - Login ID entered successfully as: btnadm
2023-09-21 16:00:07,512 [main] INFO angular.pageobjects.loginpages.LoginPageRevamp - Trying to enter Password
2023-09-21 16:00:07,877 [main] INFO angular.pageobjects.loginpages.LoginPageRevamp - Password entered successfully as: Com@1111
2023-09-21 16:00:10,540 [main] INFO angular.pageobjects.loginpages.LoginPageRevamp - Trying to click Login Button
2023-09-21 16:00:10,777 [main] INFO angular.pageobjects.loginpages.LoginPageRevamp - Login button clicked successfully
2023-09-21 16:02:24,607 [main] INFO angular.pageobjects.CardGroup.BulkModifyC2SCG - Trying to click on eTopUp tab
2023-09-21 16:02:34,668 [main] INFO angular.pageobjects.CardGroup.BulkModifyC2SCG - Checking visibility of eTopUp Tab
2023-09-21 16:02:34,782 [main] INFO angular.pageobjects.CardGroup.BulkModifyC2SCG - eTopUp tab is visible
2023-09-21 16:02:34,955 [main] INFO angular.pageobjects.CardGroup.BulkModifyC2SCG - Clicked on eTopUp tab
2023-09-21 16:02:34,983 [main] INFO angular.pageobjects.CardGroup.BulkModifyC2SCG - Checking visibility of CardGroupLink
2023-09-21 16:02:35,111 [main] INFO angular.pageobjects.CardGroup.BulkModifyC2SCG - CardGroupLink link is vsisble
2023-09-21 16:02:35,350 [main] INFO angular.pageobjects.CardGroup.BulkModifyC2SCG - Clicked on Card Group
2023-09-21 16:02:38,419 [main] INFO angular.pageobjects.CardGroup.BulkModifyC2SCG - Trying to click on ChannelToSubscriber Link
2023-09-21 16:02:38,582 [main] INFO angular.pageobjects.CardGroup.BulkModifyC2SCG - Clicked on ChannelToSubscriber Link
2023-09-21 16:03:41,847 [main] INFO angular.pageobjects.CardGroup.BulkModifyC2SCG - Checking visibility of BulkOperation Button
2023-09-21 16:03:41,981 [main] INFO angular.pageobjects.CardGroup.BulkModifyC2SCG - BulkOperation Button is vsisble
2023-09-21 16:03:45,949 [main] INFO angular.pageobjects.CardGroup.BulkModifyC2SCG - Trying to click on Bulk Operation button
2023-09-21 16:03:46,566 [main] INFO angular.pageobjects.CardGroup.BulkModifyC2SCG - Clicked on Bulk Operation button
2023-09-21 16:05:30,131 [main] INFO angular.pageobjects.CardGroup.BulkModifyC2SCG - Trying to select Service Type
2023-09-21 16:10:58,944 [main] INFO angular.pageobjects.CardGroup.BulkModifyC2SCG - Selected value from DD :Advance Recharge
2023-09-21 16:12:07,759 [main] INFO angular.feature.CardGroup.BulkModifyC2SCG_Feature - Selecting date applicable from
2023-09-21 16:12:56,534 [main] INFO com.classes.BaseTest - org.openqa.selenium.TimeoutException: Expected condition failed: waiting for visibility of element located by By.xpath: //a[contains(@class,'ui-state-highlight')] (tried for 20 second(s) with 500 milliseconds interval)
2023-09-21 16:12:56,846 [main] INFO com.sshmanager.SSHService - Executing: tail -n 1000 /data1/pretupsapp/tomcat9_pgdev/logs/catalina.out

2023-09-21 16:13:03,660 [main] INFO com.sshmanager.SSHService - Channel Exit Status: 0
