2023-07-05 22:39:47,782 [main] INFO com.classes.BaseTest - Loading all methods from -masterVO class
2023-07-05 22:39:47,786 [main] INFO com.utils._masterVO - Loading Properties file from: .//src//test//resources//sysconfig//Constant.properties
2023-07-05 22:39:47,790 [main] INFO com.utils._masterVO - Properties File Loaded successfully
2023-07-05 22:39:47,792 [main] INFO com.utils._masterVO - Loading Master Sheet from: src//test//resources//config//DataProvider.xlsx
2023-07-05 22:39:48,539 [main] INFO com.utils._masterVO - Master Sheet Loaded successfully
2023-07-05 22:39:48,541 [main] INFO com.utils._masterVO - Loading Client Library for Client Versioning from: .//src//test//resources//sysconfig//ClientLib.properties
2023-07-05 22:39:48,553 [main] INFO com.utils._masterVO - Client Library Loaded successfully
2023-07-05 22:39:48,806 [main] INFO com.utils._masterVO - loadGeoDomains Map returns ::ZO - AUTbKlI - AUToKa1C
2023-07-05 22:39:48,922 [main] INFO com.utils._masterVO - loadGeoDomains Map returns ::AR - AUT7dba - AUT63dCN
2023-07-05 22:39:49,035 [main] INFO com.utils._masterVO - loadGeoDomains Map returns ::SA - AUTO2Fm - AUTNelnh
2023-07-05 22:39:49,508 [main] INFO com.utils._masterVO - Loading test case file file from: .//src//test//resources//sysconfig//testCaseFile.properties
2023-07-05 22:39:49,530 [main] INFO com.utils._masterVO - Test cases file Loaded successfully
2023-07-05 22:39:49,531 [main] INFO com.utils._masterVO - Loading Web Cases Master file from: .//src//test//resources//config//testCaseFile.properties
2023-07-05 22:39:49,548 [main] INFO com.utils._masterVO - Gateway Cases Master File Loaded successfully
2023-07-05 22:39:49,578 [main] INFO com.dbrepository.DBHandler - Entered Access Handler :: PostGreSQL
2023-07-05 22:39:49,584 [main] INFO com.commons.CacheController - New Cache DAO Loaded :: UPDATECACHE_VER = 1
2023-07-05 22:39:49,631 [MLog-Init-Reporter] INFO com.mchange.v2.log.MLog - MLog clients using log4j logging.
2023-07-05 22:39:49,738 [main] INFO com.mchange.v2.c3p0.C3P0Registry - Initializing c3p0-0.9.5.2 [built 08-December-2015 22:06:04 -0800; debug? true; trace: 10]
2023-07-05 22:39:49,824 [main] INFO com.mchange.v2.c3p0.impl.AbstractPoolBackedDataSource - Initializing c3p0 pool... com.mchange.v2.c3p0.ComboPooledDataSource [ acquireIncrement -> 5, acquireRetryAttempts -> 30, acquireRetryDelay -> 1000, autoCommitOnClose -> false, automaticTestTable -> null, breakAfterAcquireFailure -> false, checkoutTimeout -> 0, connectionCustomizerClassName -> null, connectionTesterClassName -> com.mchange.v2.c3p0.impl.DefaultConnectionTester, contextClassLoaderSource -> caller, dataSourceName -> 1hge0z1axatvjl31gvguyo|64da2a7, debugUnreturnedConnectionStackTraces -> false, description -> null, driverClass -> org.postgresql.Driver, extensions -> {}, factoryClassLocation -> null, forceIgnoreUnresolvedTransactions -> false, forceSynchronousCheckins -> false, forceUseNamedDriverClass -> false, identityToken -> 1hge0z1axatvjl31gvguyo|64da2a7, idleConnectionTestPeriod -> 0, initialPoolSize -> 10, jdbcUrl -> jdbc:postgresql://172.30.38.120:5432/pretups_trunk_dev, maxAdministrativeTaskTime -> 0, maxConnectionAge -> 0, maxIdleTime -> 0, maxIdleTimeExcessConnections -> 0, maxPoolSize -> 20, maxStatements -> 0, maxStatementsPerConnection -> 0, minPoolSize -> 10, numHelperThreads -> 3, preferredTestQuery -> null, privilegeSpawnedThreads -> false, properties -> {user=******, password=******}, propertyCycle -> 0, statementCacheNumDeferredCloseThreads -> 0, testConnectionOnCheckin -> false, testConnectionOnCheckout -> false, unreturnedConnectionTimeout -> 0, userOverrides -> {}, usesTraditionalReflectiveProxies -> false ]
2023-07-05 22:39:50,317 [main] INFO com.dbrepository.PostGreSQLRepository - Entered :: getNetworkName()
2023-07-05 22:39:50,387 [main] INFO com.dbrepository.PostGreSQLRepository - Query Repository Returns: Network Name (Network GGN)
2023-07-05 22:39:50,388 [main] INFO com.dbrepository.PostGreSQLRepository - Entered :: getSystemPreference(AMOUNT_MULT_FACTOR)
2023-07-05 22:39:50,390 [main] INFO com.dbrepository.DBConnectionPool - Active Size:1 Cache Size:2
2023-07-05 22:39:50,456 [main] INFO com.dbrepository.PostGreSQLRepository - Query Repository Returns: DEFAULT_VALUE (100)
2023-07-05 22:39:50,458 [main] INFO com.dbrepository.PostGreSQLRepository - Entered :: getSystemPreference(MSISDN_PREFIX_LENGTH)
2023-07-05 22:39:50,461 [main] INFO com.dbrepository.DBConnectionPool - Active Size:2 Cache Size:1
2023-07-05 22:39:50,538 [main] INFO com.dbrepository.PostGreSQLRepository - Query Repository Returns: DEFAULT_VALUE (2)
2023-07-05 22:39:50,539 [main] INFO com.dbrepository.PostGreSQLRepository - Entered :: getSystemPreference(MAX_MSISDN_LENGTH)
2023-07-05 22:39:50,540 [main] INFO com.dbrepository.DBConnectionPool - Active Size:3 Cache Size:0
2023-07-05 22:39:50,695 [main] INFO com.dbrepository.PostGreSQLRepository - Query Repository Returns: DEFAULT_VALUE (15)
2023-07-05 22:39:50,696 [main] INFO com.dbrepository.PostGreSQLRepository - Entered :: getSystemPreference(USER_PRODUCT_MULTIPLE_WALLET)
2023-07-05 22:39:50,697 [main] INFO com.dbrepository.DBConnectionPool - Active Size:4 Cache Size:2
2023-07-05 22:39:50,762 [main] INFO com.dbrepository.PostGreSQLRepository - Query Repository Returns: DEFAULT_VALUE (false)
2023-07-05 22:39:50,763 [main] INFO com.dbrepository.PostGreSQLRepository - Entered :: getSystemPreference(EXTERNAL_DATE_FORMAT)
2023-07-05 22:39:50,764 [main] INFO com.dbrepository.DBConnectionPool - Active Size:5 Cache Size:1
2023-07-05 22:39:50,827 [main] INFO com.dbrepository.PostGreSQLRepository - Query Repository Returns: DEFAULT_VALUE (dd/MM/yyyy)
2023-07-05 22:39:50,828 [main] INFO com.dbrepository.PostGreSQLRepository - Entered :: getSystemPreference(DATE_FORMAT_CAL_JAVA)
2023-07-05 22:39:50,829 [main] INFO com.dbrepository.DBConnectionPool - Active Size:6 Cache Size:0
2023-07-05 22:39:51,043 [main] INFO com.dbrepository.PostGreSQLRepository - Query Repository Returns: DEFAULT_VALUE (dd/MM/yyyy)
2023-07-05 22:39:51,045 [main] INFO com.dbrepository.PostGreSQLRepository - Entered :: getSystemPreference(OTH_COM_CHNL)
2023-07-05 22:39:51,046 [main] INFO com.dbrepository.DBConnectionPool - Active Size:0 Cache Size:9
2023-07-05 22:39:51,110 [main] INFO com.dbrepository.PostGreSQLRepository - Query Repository Returns: DEFAULT_VALUE (false)
2023-07-05 22:39:51,111 [main] INFO com.dbrepository.PostGreSQLRepository - Entered :: getSystemPreference(DW_ALLOWED_GATEWAYS)
2023-07-05 22:39:51,113 [main] INFO com.dbrepository.DBConnectionPool - Active Size:0 Cache Size:9
2023-07-05 22:39:51,175 [main] INFO com.dbrepository.PostGreSQLRepository - Query Repository Returns: DEFAULT_VALUE (EXTGW,DWEXTGW)
2023-07-05 22:39:51,177 [main] INFO com.dbrepository.PostGreSQLRepository - Entered :: getSystemPreference(DEFAULT_LANGUAGE)
2023-07-05 22:39:51,178 [main] INFO com.dbrepository.DBConnectionPool - Active Size:0 Cache Size:9
2023-07-05 22:39:51,238 [main] INFO com.dbrepository.PostGreSQLRepository - Query Repository Returns: DEFAULT_VALUE (en)
2023-07-05 22:39:51,239 [main] INFO com.dbrepository.PostGreSQLRepository - Entered :: getSystemPreference(DEFAULT_COUNTRY)
2023-07-05 22:39:51,241 [main] INFO com.dbrepository.DBConnectionPool - Active Size:0 Cache Size:9
2023-07-05 22:39:51,320 [main] INFO com.dbrepository.PostGreSQLRepository - Query Repository Returns: DEFAULT_VALUE (US)
2023-07-05 22:39:51,321 [main] INFO com.utils._masterVO - Display Locale set to: en_US
2023-07-05 22:39:59,625 [main] INFO com.sshmanager.SSHService - Exiting getFileFromSFTP()
2023-07-05 22:40:02,036 [main] INFO com.sshmanager.SSHService - Exiting getFileFromSFTP()
2023-07-05 22:40:02,046 [main] INFO com.utils._masterVO - Loading Messages Resource properties File from: .//src//test//resources//sysconfig//English.properties
2023-07-05 22:40:02,085 [main] INFO com.utils._masterVO - Messages Resource Properties file Loaded successfully
2023-07-05 22:40:02,086 [main] INFO com.utils._masterVO - Loading Messages Resource properties File from: .//src//test//resources//sysconfig//C2S_English.properties
2023-07-05 22:40:02,101 [main] INFO com.utils._masterVO - Messages Resource Properties file Loaded successfully
2023-07-05 22:40:02,165 [main] INFO com.sshmanager.SSHService - Executing: grep '^[^#]' /data1/pretupsapp/tomcat9_pgdev/conf/pretups/LogConfig.props|grep '^log4j.appender.OneLineTXNLogC2S.File[ =]'|cut -d'=' -f2|sed 's/^[ 	]*//;s/[ 	]*$//'
2023-07-05 22:40:02,343 [main] INFO com.sshmanager.SSHService - Channel Exit Status: 0
2023-07-05 22:40:02,344 [main] INFO com.sshmanager.SSHService - Executing: grep '^[^#]' /data1/pretupsapp/tomcat9_pgdev/conf/pretups/LogConfig.props|grep '^log4j.appender.ChannelRequestDailyLog.File[ =]'|cut -d'=' -f2|sed 's/^[ 	]*//;s/[ 	]*$//'
2023-07-05 22:40:02,533 [main] INFO com.sshmanager.SSHService - Channel Exit Status: 0
2023-07-05 22:40:02,535 [main] INFO com.classes.BaseTest - Completed loading all methods from -masterVO class
2023-07-05 22:42:17,313 [main] INFO angular.testscripts.prereuisitesangular.NetworkProductMapping_TestScript - DataNetwork Admin
2023-07-05 22:42:17,329 [main] INFO angular.testscripts.prereuisitesangular.NetworkProductMapping_TestScript - Databtnadm
2023-07-05 22:42:17,331 [main] INFO angular.testscripts.prereuisitesangular.NetworkProductMapping_TestScript - DataCom@1111
2023-07-05 22:42:17,332 [main] INFO angular.testscripts.prereuisitesangular.NetworkProductMapping_TestScript - Value of k0
2023-07-05 22:42:17,344 [main] INFO angular.testscripts.prereuisitesangular.NetworkProductMapping_TestScript - ------------------ Test Case Execution Started For A_02_Test_Modify_Status -------------------
2023-07-05 22:42:17,344 [main] INFO angular.testscripts.prereuisitesangular.NetworkProductMapping_TestScript - Entered A_02_Test_Modify_Status(Network Admin, btnadm, Com@1111)
2023-07-05 22:42:29,255 [main] INFO angular.pageobjects.loginpages.LoginPageRevamp - Trying to select Language
2023-07-05 22:42:30,730 [main] INFO angular.pageobjects.loginpages.LoginPageRevamp - Language selected successfully as: English
2023-07-05 22:42:30,762 [main] INFO angular.pageobjects.loginpages.LoginPageRevamp - Trying to enter Login ID
2023-07-05 22:42:31,518 [main] INFO angular.pageobjects.loginpages.LoginPageRevamp - Login ID entered successfully as: btnadm
2023-07-05 22:42:31,530 [main] INFO angular.pageobjects.loginpages.LoginPageRevamp - Trying to enter Password
2023-07-05 22:42:32,266 [main] INFO angular.pageobjects.loginpages.LoginPageRevamp - Password entered successfully as: Com@1111
2023-07-05 22:42:32,278 [main] INFO angular.pageobjects.loginpages.LoginPageRevamp - Trying to click Login Button
2023-07-05 22:42:32,913 [main] INFO angular.pageobjects.loginpages.LoginPageRevamp - Login button clicked successfully
2023-07-05 22:42:33,058 [main] INFO angular.pageobjects.loginpages.LoginPageRevamp - Error Message Found on Login Screen: 
2023-07-05 22:43:29,483 [main] INFO angular.pageobjects.NetworkProductMapping - Trying to click on eTopUp tab
2023-07-05 22:43:39,509 [main] INFO angular.pageobjects.NetworkProductMapping - Checking visibility of eTopUp Tab
2023-07-05 22:43:40,078 [main] INFO angular.pageobjects.NetworkProductMapping - eTopUp tab is visible
2023-07-05 22:43:40,264 [main] INFO angular.pageobjects.NetworkProductMapping - Clicked on eTopUp tab
2023-07-05 22:43:40,278 [main] INFO angular.pageobjects.NetworkProductMapping - Checking visibility of Network Product Mapping Link
2023-07-05 22:43:40,888 [main] INFO angular.pageobjects.NetworkProductMapping - Network Product Mapping link is vsisble
2023-07-05 22:43:41,080 [main] INFO angular.pageobjects.NetworkProductMapping - Clicked on Network Product mapping
2023-07-05 22:43:45,545 [main] INFO angular.pageobjects.NetworkProductMapping - Trying to click on Status dropdown
2023-07-05 22:43:45,718 [main] INFO angular.pageobjects.NetworkProductMapping - Clicked on Status Dropdown
2023-07-05 22:43:49,500 [main] INFO angular.pageobjects.NetworkProductMapping - Trying to fect data in Status Dropdown
2023-07-05 22:43:49,598 [main] INFO angular.pageobjects.NetworkProductMapping - Data present in the field is : Suspended
2023-07-05 22:43:51,792 [main] INFO angular.pageobjects.NetworkProductMapping - Trying to click on Proceed Button
2023-07-05 22:43:51,967 [main] INFO angular.pageobjects.NetworkProductMapping - Clicked on  Proceed Button
2023-07-05 22:43:52,484 [main] INFO angular.pageobjects.NetworkProductMapping - Trying to click on Done Button
2023-07-05 22:43:52,689 [main] INFO angular.pageobjects.NetworkProductMapping - Clicked on Done Button
