2022-03-18 15:55:48,656 [main] INFO com.classes.BaseTest - Loading all methods from -masterVO class
2022-03-18 15:55:48,685 [main] INFO com.utils._masterVO - Loading Properties file from: .//src//test//resources//sysconfig//Constant.properties
2022-03-18 15:55:48,716 [main] INFO com.utils._masterVO - Properties File Loaded successfully
2022-03-18 15:55:48,731 [main] INFO com.utils._masterVO - Loading Master Sheet from: src//test//resources//config//DataProvider.xlsx
2022-03-18 15:55:49,368 [main] INFO com.utils._masterVO - Master Sheet Loaded successfully
2022-03-18 15:55:49,384 [main] INFO com.utils._masterVO - Loading Client Library for Client Versioning from: .//src//test//resources//sysconfig//ClientLib.properties
2022-03-18 15:55:49,415 [main] INFO com.utils._masterVO - Client Library Loaded successfully
2022-03-18 15:55:49,667 [main] INFO com.utils._masterVO - loadGeoDomains Map returns ::ZO - AUTbKlI - AUToKa1C
2022-03-18 15:55:49,791 [main] INFO com.utils._masterVO - loadGeoDomains Map returns ::AR - AUT7dba - AUT63dCN
2022-03-18 15:55:49,900 [main] INFO com.utils._masterVO - loadGeoDomains Map returns ::SA - AUTO2Fm - AUTNelnh
2022-03-18 15:55:50,306 [main] INFO com.utils._masterVO - Loading test case file file from: .//src//test//resources//sysconfig//testCaseFile.properties
2022-03-18 15:55:50,337 [main] INFO com.utils._masterVO - Test cases file Loaded successfully
2022-03-18 15:55:50,351 [main] INFO com.utils._masterVO - Loading Web Cases Master file from: .//src//test//resources//config//testCaseFile.properties
2022-03-18 15:55:50,384 [main] INFO com.utils._masterVO - Gateway Cases Master File Loaded successfully
2022-03-18 15:55:50,431 [main] INFO com.dbrepository.DBHandler - Entered Access Handler :: PostGreSQL
2022-03-18 15:55:50,448 [main] INFO com.commons.CacheController - New Cache DAO Loaded :: UPDATECACHE_VER = 1
2022-03-18 15:55:50,476 [MLog-Init-Reporter] INFO com.mchange.v2.log.MLog - MLog clients using log4j logging.
2022-03-18 15:55:50,543 [main] INFO com.mchange.v2.c3p0.C3P0Registry - Initializing c3p0-0.9.5.2 [built 08-December-2015 22:06:04 -0800; debug? true; trace: 10]
2022-03-18 15:55:50,622 [main] INFO com.mchange.v2.c3p0.impl.AbstractPoolBackedDataSource - Initializing c3p0 pool... com.mchange.v2.c3p0.ComboPooledDataSource [ acquireIncrement -> 5, acquireRetryAttempts -> 30, acquireRetryDelay -> 1000, autoCommitOnClose -> false, automaticTestTable -> null, breakAfterAcquireFailure -> false, checkoutTimeout -> 0, connectionCustomizerClassName -> null, connectionTesterClassName -> com.mchange.v2.c3p0.impl.DefaultConnectionTester, contextClassLoaderSource -> caller, dataSourceName -> 1hge148an17fusa0gqn171|2cb2fc20, debugUnreturnedConnectionStackTraces -> false, description -> null, driverClass -> org.postgresql.Driver, extensions -> {}, factoryClassLocation -> null, forceIgnoreUnresolvedTransactions -> false, forceSynchronousCheckins -> false, forceUseNamedDriverClass -> false, identityToken -> 1hge148an17fusa0gqn171|2cb2fc20, idleConnectionTestPeriod -> 0, initialPoolSize -> 10, jdbcUrl -> jdbc:postgresql://172.30.38.120:5432/pretups_trunk, maxAdministrativeTaskTime -> 0, maxConnectionAge -> 0, maxIdleTime -> 0, maxIdleTimeExcessConnections -> 0, maxPoolSize -> 20, maxStatements -> 0, maxStatementsPerConnection -> 0, minPoolSize -> 10, numHelperThreads -> 3, preferredTestQuery -> null, privilegeSpawnedThreads -> false, properties -> {user=******, password=******}, propertyCycle -> 0, statementCacheNumDeferredCloseThreads -> 0, testConnectionOnCheckin -> false, testConnectionOnCheckout -> false, unreturnedConnectionTimeout -> 0, userOverrides -> {}, usesTraditionalReflectiveProxies -> false ]
2022-03-18 15:55:51,179 [main] INFO com.dbrepository.PostGreSQLRepository - Entered :: getNetworkName()
2022-03-18 15:55:51,332 [main] INFO com.dbrepository.PostGreSQLRepository - Query Repository Returns: Network Name (Network GGN)
2022-03-18 15:55:51,346 [main] INFO com.dbrepository.PostGreSQLRepository - Entered :: getSystemPreference(AMOUNT_MULT_FACTOR)
2022-03-18 15:55:51,363 [main] INFO com.dbrepository.DBConnectionPool - Active Size:1 Cache Size:2
2022-03-18 15:55:51,488 [main] INFO com.dbrepository.PostGreSQLRepository - Query Repository Returns: DEFAULT_VALUE (100)
2022-03-18 15:55:51,503 [main] INFO com.dbrepository.PostGreSQLRepository - Entered :: getSystemPreference(MSISDN_PREFIX_LENGTH)
2022-03-18 15:55:51,519 [main] INFO com.dbrepository.DBConnectionPool - Active Size:2 Cache Size:1
2022-03-18 15:55:51,612 [main] INFO com.dbrepository.PostGreSQLRepository - Query Repository Returns: DEFAULT_VALUE (2)
2022-03-18 15:55:51,626 [main] INFO com.dbrepository.PostGreSQLRepository - Entered :: getSystemPreference(MAX_MSISDN_LENGTH)
2022-03-18 15:55:51,642 [main] INFO com.dbrepository.DBConnectionPool - Active Size:3 Cache Size:3
2022-03-18 15:55:51,749 [main] INFO com.dbrepository.PostGreSQLRepository - Query Repository Returns: DEFAULT_VALUE (15)
2022-03-18 15:55:51,765 [main] INFO com.dbrepository.PostGreSQLRepository - Entered :: getSystemPreference(USER_PRODUCT_MULTIPLE_WALLET)
2022-03-18 15:55:51,781 [main] INFO com.dbrepository.DBConnectionPool - Active Size:4 Cache Size:2
2022-03-18 15:55:51,889 [main] INFO com.dbrepository.PostGreSQLRepository - Query Repository Returns: DEFAULT_VALUE (false)
2022-03-18 15:55:51,905 [main] INFO com.dbrepository.PostGreSQLRepository - Entered :: getSystemPreference(EXTERNAL_DATE_FORMAT)
2022-03-18 15:55:51,920 [main] INFO com.dbrepository.DBConnectionPool - Active Size:5 Cache Size:1
2022-03-18 15:55:52,014 [main] INFO com.dbrepository.PostGreSQLRepository - Query Repository Returns: DEFAULT_VALUE (yyyy/MM/dd)
2022-03-18 15:55:52,029 [main] INFO com.dbrepository.PostGreSQLRepository - Entered :: getSystemPreference(DATE_FORMAT_CAL_JAVA)
2022-03-18 15:55:52,043 [main] INFO com.dbrepository.DBConnectionPool - Active Size:0 Cache Size:9
2022-03-18 15:55:52,137 [main] INFO com.dbrepository.PostGreSQLRepository - Query Repository Returns: DEFAULT_VALUE (yyyy/MM/dd)
2022-03-18 15:55:52,153 [main] INFO com.dbrepository.PostGreSQLRepository - Entered :: getSystemPreference(OTH_COM_CHNL)
2022-03-18 15:55:52,169 [main] INFO com.dbrepository.DBConnectionPool - Active Size:0 Cache Size:9
2022-03-18 15:55:52,261 [main] INFO com.dbrepository.PostGreSQLRepository - Query Repository Returns: DEFAULT_VALUE (false)
2022-03-18 15:55:52,275 [main] INFO com.dbrepository.PostGreSQLRepository - Entered :: getSystemPreference(DW_ALLOWED_GATEWAYS)
2022-03-18 15:55:52,291 [main] INFO com.dbrepository.DBConnectionPool - Active Size:0 Cache Size:9
2022-03-18 15:55:52,432 [main] INFO com.dbrepository.PostGreSQLRepository - Query Repository Returns: DEFAULT_VALUE (null)
2022-03-18 15:55:52,448 [main] INFO com.dbrepository.PostGreSQLRepository - Entered :: getSystemPreference(DEFAULT_LANGUAGE)
2022-03-18 15:55:52,462 [main] INFO com.dbrepository.DBConnectionPool - Active Size:0 Cache Size:10
2022-03-18 15:55:52,555 [main] INFO com.dbrepository.PostGreSQLRepository - Query Repository Returns: DEFAULT_VALUE (en)
2022-03-18 15:55:52,571 [main] INFO com.dbrepository.PostGreSQLRepository - Entered :: getSystemPreference(DEFAULT_COUNTRY)
2022-03-18 15:55:52,585 [main] INFO com.dbrepository.DBConnectionPool - Active Size:0 Cache Size:10
2022-03-18 15:55:52,680 [main] INFO com.dbrepository.PostGreSQLRepository - Query Repository Returns: DEFAULT_VALUE (US)
2022-03-18 15:55:52,695 [main] INFO com.utils._masterVO - Display Locale set to: en_US
