2023-08-09 20:29:25,837 [main] INFO com.classes.BaseTest - Loading all methods from -masterVO class
2023-08-09 20:29:25,843 [main] INFO com.utils._masterVO - Loading Properties file from: .//src//test//resources//sysconfig//Constant.properties
2023-08-09 20:29:25,848 [main] INFO com.utils._masterVO - Properties File Loaded successfully
2023-08-09 20:29:25,852 [main] INFO com.utils._masterVO - Loading Master Sheet from: src//test//resources//config//DataProvider.xlsx
2023-08-09 20:29:26,748 [main] INFO com.utils._masterVO - Master Sheet Loaded successfully
2023-08-09 20:29:26,754 [main] INFO com.utils._masterVO - Loading Client Library for Client Versioning from: .//src//test//resources//sysconfig//ClientLib.properties
2023-08-09 20:29:26,769 [main] INFO com.utils._masterVO - Client Library Loaded successfully
2023-08-09 20:29:27,063 [main] INFO com.utils._masterVO - loadGeoDomains Map returns ::ZO - AUTbKlI - AUToKa1C
2023-08-09 20:29:27,229 [main] INFO com.utils._masterVO - loadGeoDomains Map returns ::AR - AUT7dba - AUT63dCN
2023-08-09 20:29:27,378 [main] INFO com.utils._masterVO - loadGeoDomains Map returns ::SA - AUTO2Fm - AUTNelnh
2023-08-09 20:29:27,957 [main] INFO com.utils._masterVO - Loading test case file file from: .//src//test//resources//sysconfig//testCaseFile.properties
2023-08-09 20:29:27,980 [main] INFO com.utils._masterVO - Test cases file Loaded successfully
2023-08-09 20:29:27,985 [main] INFO com.utils._masterVO - Loading Web Cases Master file from: .//src//test//resources//config//testCaseFile.properties
2023-08-09 20:29:28,009 [main] INFO com.utils._masterVO - Gateway Cases Master File Loaded successfully
2023-08-09 20:29:28,049 [main] INFO com.dbrepository.DBHandler - Entered Access Handler :: PostGreSQL
2023-08-09 20:29:28,056 [main] INFO com.commons.CacheController - New Cache DAO Loaded :: UPDATECACHE_VER = 1
2023-08-09 20:29:28,105 [MLog-Init-Reporter] INFO com.mchange.v2.log.MLog - MLog clients using log4j logging.
2023-08-09 20:29:28,235 [main] INFO com.mchange.v2.c3p0.C3P0Registry - Initializing c3p0-0.9.5.2 [built 08-December-2015 22:06:04 -0800; debug? true; trace: 10]
2023-08-09 20:29:28,344 [main] INFO com.mchange.v2.c3p0.impl.AbstractPoolBackedDataSource - Initializing c3p0 pool... com.mchange.v2.c3p0.ComboPooledDataSource [ acquireIncrement -> 5, acquireRetryAttempts -> 30, acquireRetryDelay -> 1000, autoCommitOnClose -> false, automaticTestTable -> null, breakAfterAcquireFailure -> false, checkoutTimeout -> 0, connectionCustomizerClassName -> null, connectionTesterClassName -> com.mchange.v2.c3p0.impl.DefaultConnectionTester, contextClassLoaderSource -> caller, dataSourceName -> 1hge0z1ax1opmpsr1vr2tdh|6063d80a, debugUnreturnedConnectionStackTraces -> false, description -> null, driverClass -> org.postgresql.Driver, extensions -> {}, factoryClassLocation -> null, forceIgnoreUnresolvedTransactions -> false, forceSynchronousCheckins -> false, forceUseNamedDriverClass -> false, identityToken -> 1hge0z1ax1opmpsr1vr2tdh|6063d80a, idleConnectionTestPeriod -> 0, initialPoolSize -> 10, jdbcUrl -> jdbc:postgresql://172.30.38.120:5432/pretups_trunk_dev, maxAdministrativeTaskTime -> 0, maxConnectionAge -> 0, maxIdleTime -> 0, maxIdleTimeExcessConnections -> 0, maxPoolSize -> 20, maxStatements -> 0, maxStatementsPerConnection -> 0, minPoolSize -> 10, numHelperThreads -> 3, preferredTestQuery -> null, privilegeSpawnedThreads -> false, properties -> {user=******, password=******}, propertyCycle -> 0, statementCacheNumDeferredCloseThreads -> 0, testConnectionOnCheckin -> false, testConnectionOnCheckout -> false, unreturnedConnectionTimeout -> 0, userOverrides -> {}, usesTraditionalReflectiveProxies -> false ]
2023-08-09 20:29:28,915 [main] INFO com.dbrepository.PostGreSQLRepository - Entered :: getNetworkName()
2023-08-09 20:29:29,003 [main] INFO com.dbrepository.PostGreSQLRepository - Query Repository Returns: Network Name (Network GGN)
2023-08-09 20:29:29,007 [main] INFO com.dbrepository.PostGreSQLRepository - Entered :: getSystemPreference(AMOUNT_MULT_FACTOR)
2023-08-09 20:29:29,012 [main] INFO com.dbrepository.DBConnectionPool - Active Size:1 Cache Size:2
2023-08-09 20:29:29,088 [main] INFO com.dbrepository.PostGreSQLRepository - Query Repository Returns: DEFAULT_VALUE (100)
2023-08-09 20:29:29,094 [main] INFO com.dbrepository.PostGreSQLRepository - Entered :: getSystemPreference(MSISDN_PREFIX_LENGTH)
2023-08-09 20:29:29,099 [main] INFO com.dbrepository.DBConnectionPool - Active Size:2 Cache Size:1
2023-08-09 20:29:29,175 [main] INFO com.dbrepository.PostGreSQLRepository - Query Repository Returns: DEFAULT_VALUE (2)
2023-08-09 20:29:29,180 [main] INFO com.dbrepository.PostGreSQLRepository - Entered :: getSystemPreference(MAX_MSISDN_LENGTH)
2023-08-09 20:29:29,186 [main] INFO com.dbrepository.DBConnectionPool - Active Size:3 Cache Size:0
2023-08-09 20:29:29,337 [main] INFO com.dbrepository.PostGreSQLRepository - Query Repository Returns: DEFAULT_VALUE (15)
2023-08-09 20:29:29,342 [main] INFO com.dbrepository.PostGreSQLRepository - Entered :: getSystemPreference(USER_PRODUCT_MULTIPLE_WALLET)
2023-08-09 20:29:29,347 [main] INFO com.dbrepository.DBConnectionPool - Active Size:4 Cache Size:2
2023-08-09 20:29:29,427 [main] INFO com.dbrepository.PostGreSQLRepository - Query Repository Returns: DEFAULT_VALUE (false)
2023-08-09 20:29:29,432 [main] INFO com.dbrepository.PostGreSQLRepository - Entered :: getSystemPreference(EXTERNAL_DATE_FORMAT)
2023-08-09 20:29:29,435 [main] INFO com.dbrepository.DBConnectionPool - Active Size:5 Cache Size:1
2023-08-09 20:29:29,511 [main] INFO com.dbrepository.PostGreSQLRepository - Query Repository Returns: DEFAULT_VALUE (dd/MM/yyyy)
2023-08-09 20:29:29,516 [main] INFO com.dbrepository.PostGreSQLRepository - Entered :: getSystemPreference(DATE_FORMAT_CAL_JAVA)
2023-08-09 20:29:29,521 [main] INFO com.dbrepository.DBConnectionPool - Active Size:6 Cache Size:0
2023-08-09 20:29:29,919 [main] INFO com.dbrepository.PostGreSQLRepository - Query Repository Returns: DEFAULT_VALUE (dd/MM/yyyy)
2023-08-09 20:29:29,925 [main] INFO com.dbrepository.PostGreSQLRepository - Entered :: getSystemPreference(OTH_COM_CHNL)
2023-08-09 20:29:29,932 [main] INFO com.dbrepository.DBConnectionPool - Active Size:0 Cache Size:9
2023-08-09 20:29:30,011 [main] INFO com.dbrepository.PostGreSQLRepository - Query Repository Returns: DEFAULT_VALUE (false)
2023-08-09 20:29:30,015 [main] INFO com.dbrepository.PostGreSQLRepository - Entered :: getSystemPreference(DW_ALLOWED_GATEWAYS)
2023-08-09 20:29:30,020 [main] INFO com.dbrepository.DBConnectionPool - Active Size:0 Cache Size:9
2023-08-09 20:29:30,096 [main] INFO com.dbrepository.PostGreSQLRepository - Query Repository Returns: DEFAULT_VALUE (EXTGW,DWEXTGW)
2023-08-09 20:29:30,100 [main] INFO com.dbrepository.PostGreSQLRepository - Entered :: getSystemPreference(DEFAULT_LANGUAGE)
2023-08-09 20:29:30,104 [main] INFO com.dbrepository.DBConnectionPool - Active Size:0 Cache Size:9
2023-08-09 20:29:30,177 [main] INFO com.dbrepository.PostGreSQLRepository - Query Repository Returns: DEFAULT_VALUE (en)
2023-08-09 20:29:30,182 [main] INFO com.dbrepository.PostGreSQLRepository - Entered :: getSystemPreference(DEFAULT_COUNTRY)
2023-08-09 20:29:30,186 [main] INFO com.dbrepository.DBConnectionPool - Active Size:0 Cache Size:9
2023-08-09 20:29:30,266 [main] INFO com.dbrepository.PostGreSQLRepository - Query Repository Returns: DEFAULT_VALUE (US)
2023-08-09 20:29:30,271 [main] INFO com.utils._masterVO - Display Locale set to: en_US
2023-08-09 20:29:39,036 [main] INFO com.sshmanager.SSHService - Exiting getFileFromSFTP()
2023-08-09 20:29:43,098 [main] INFO com.sshmanager.SSHService - Exiting getFileFromSFTP()
2023-08-09 20:29:43,130 [main] INFO com.utils._masterVO - Loading Messages Resource properties File from: .//src//test//resources//sysconfig//English.properties
2023-08-09 20:29:43,173 [main] INFO com.utils._masterVO - Messages Resource Properties file Loaded successfully
2023-08-09 20:29:43,177 [main] INFO com.utils._masterVO - Loading Messages Resource properties File from: .//src//test//resources//sysconfig//C2S_English.properties
2023-08-09 20:29:43,198 [main] INFO com.utils._masterVO - Messages Resource Properties file Loaded successfully
2023-08-09 20:29:43,272 [main] INFO com.sshmanager.SSHService - Executing: grep '^[^#]' /data1/pretupsapp/tomcat9_pgdev/conf/pretups/LogConfig.props|grep '^log4j.appender.OneLineTXNLogC2S.File[ =]'|cut -d'=' -f2|sed 's/^[ 	]*//;s/[ 	]*$//'
2023-08-09 20:29:43,470 [main] INFO com.sshmanager.SSHService - Channel Exit Status: 0
2023-08-09 20:29:43,473 [main] INFO com.sshmanager.SSHService - Executing: grep '^[^#]' /data1/pretupsapp/tomcat9_pgdev/conf/pretups/LogConfig.props|grep '^log4j.appender.ChannelRequestDailyLog.File[ =]'|cut -d'=' -f2|sed 's/^[ 	]*//;s/[ 	]*$//'
2023-08-09 20:29:43,661 [main] INFO com.sshmanager.SSHService - Channel Exit Status: 0
2023-08-09 20:29:43,664 [main] INFO com.classes.BaseTest - Completed loading all methods from -masterVO class
2023-08-09 20:31:59,696 [main] INFO angular.testscripts.prereuisitesangular.CardGroup.BatchModifyC2SCardGroup_TestScript - DataNetwork Admin
2023-08-09 20:31:59,726 [main] INFO angular.testscripts.prereuisitesangular.CardGroup.BatchModifyC2SCardGroup_TestScript - Databtnadm
2023-08-09 20:31:59,734 [main] INFO angular.testscripts.prereuisitesangular.CardGroup.BatchModifyC2SCardGroup_TestScript - DataCom@1111
2023-08-09 20:31:59,742 [main] INFO angular.testscripts.prereuisitesangular.CardGroup.BatchModifyC2SCardGroup_TestScript - Value of k0
2023-08-09 20:31:59,778 [main] INFO angular.testscripts.prereuisitesangular.CardGroup.BatchModifyC2SCardGroup_TestScript - ------------------ Test Case Execution Started For A_01_Test_Batch_modify_C2S_cardgroup -------------------
2023-08-09 20:31:59,778 [main] INFO angular.testscripts.prereuisitesangular.CardGroup.BatchModifyC2SCardGroup_TestScript - Entered A_01_Test_Batch_modify_C2S_cardgroup(Network Admin, btnadm, Com@1111)
2023-08-09 20:32:00,466 [main] INFO angular.pageobjects.loginpages.LoginPageRevamp - Trying to select Language
2023-08-09 20:32:00,892 [main] INFO angular.pageobjects.loginpages.LoginPageRevamp - Language selected successfully as: English
2023-08-09 20:32:00,901 [main] INFO angular.pageobjects.loginpages.LoginPageRevamp - Trying to enter Login ID
2023-08-09 20:32:01,200 [main] INFO angular.pageobjects.loginpages.LoginPageRevamp - Login ID entered successfully as: btnadm
2023-08-09 20:32:01,205 [main] INFO angular.pageobjects.loginpages.LoginPageRevamp - Trying to enter Password
2023-08-09 20:32:01,470 [main] INFO angular.pageobjects.loginpages.LoginPageRevamp - Password entered successfully as: Com@1111
2023-08-09 20:32:01,475 [main] INFO angular.pageobjects.loginpages.LoginPageRevamp - Trying to click Login Button
2023-08-09 20:32:01,640 [main] INFO angular.pageobjects.loginpages.LoginPageRevamp - Login button clicked successfully
2023-08-09 20:32:01,716 [main] INFO angular.pageobjects.loginpages.LoginPageRevamp - Error Message Found on Login Screen: 
2023-08-09 20:33:52,277 [main] INFO angular.pageobjects.CardGroup.BulkModifyC2SCG - Trying to click on eTopUp tab
2023-08-09 20:34:02,281 [main] INFO angular.pageobjects.CardGroup.BulkModifyC2SCG - Checking visibility of eTopUp Tab
2023-08-09 20:34:02,344 [main] INFO angular.pageobjects.CardGroup.BulkModifyC2SCG - eTopUp tab is visible
2023-08-09 20:34:02,459 [main] INFO angular.pageobjects.CardGroup.BulkModifyC2SCG - Clicked on eTopUp tab
2023-08-09 20:34:02,465 [main] INFO angular.pageobjects.CardGroup.BulkModifyC2SCG - Checking visibility of CardGroupLink
2023-08-09 20:34:02,531 [main] INFO angular.pageobjects.CardGroup.BulkModifyC2SCG - CardGroupLink link is vsisble
2023-08-09 20:34:02,658 [main] INFO angular.pageobjects.CardGroup.BulkModifyC2SCG - Clicked on Card Group
2023-08-09 20:34:45,473 [main] INFO angular.pageobjects.CardGroup.BulkModifyC2SCG - Trying to click on ChannelToSubscriber Link
2023-08-09 20:34:45,649 [main] INFO angular.pageobjects.CardGroup.BulkModifyC2SCG - Clicked on ChannelToSubscriber Link
2023-08-09 20:34:48,420 [main] INFO angular.pageobjects.CardGroup.BulkModifyC2SCG - Checking visibility of BulkOperation Button
2023-08-09 20:34:59,323 [main] INFO angular.pageobjects.CardGroup.BulkModifyC2SCG - BulkOperation Button is vsisble
2023-08-09 20:35:11,488 [main] INFO angular.pageobjects.CardGroup.BulkModifyC2SCG - Trying to click on Bulk Operation button
2023-08-09 20:35:11,658 [main] INFO angular.pageobjects.CardGroup.BulkModifyC2SCG - Clicked on Bulk Operation button
2023-08-09 20:35:11,663 [main] INFO angular.pageobjects.CardGroup.BulkModifyC2SCG - Trying to select Service Type
2023-08-09 20:37:10,733 [main] INFO angular.pageobjects.CardGroup.BulkModifyC2SCG - Selected value from DD :Advance Recharge
2023-08-09 20:37:18,026 [main] INFO angular.feature.CardGroup.BulkModifyC2SCG_Feature - Selecting date applicable from
2023-08-09 20:38:04,546 [main] INFO com.classes.BaseTest - org.openqa.selenium.TimeoutException: Expected condition failed: waiting for visibility of element located by By.xpath: //a[contains(@class,'ui-state-highlight')] (tried for 20 second(s) with 500 milliseconds interval)
Build info: version: '3.10.0', revision: '176b4a9', time: '2018-03-02T19:03:16.397Z'
System info: host: 'MCKL-20005142', ip: '192.168.0.109', os.name: 'Windows 10', os.arch: 'amd64', os.version: '10.0', java.version: '1.8.0_291'
Driver info: org.openqa.selenium.chrome.ChromeDriver
Capabilities {acceptInsecureCerts: false, browserName: chrome, browserVersion: 115.0.5790.111, chrome: {chromedriverVersion: 114.0.5735.90 (386bc09e8f4f..., userDataDir: C:\Users\SOURAB~1.AWA\AppDa...}, goog:chromeOptions: {debuggerAddress: localhost:58551}, javascriptEnabled: true, networkConnectionEnabled: false, pageLoadStrategy: normal, platform: WINDOWS, platformName: WINDOWS, proxy: Proxy(), setWindowRect: true, strictFileInteractability: false, timeouts: {implicit: 0, pageLoad: 300000, script: 30000}, unhandledPromptBehavior: dismiss and notify, webauthn:extension:credBlob: true, webauthn:extension:largeBlob: true, webauthn:extension:minPinLength: true, webauthn:extension:prf: true, webauthn:virtualAuthenticators: true}
Session ID: 4508a089acae0db234654979bcf6638a
2023-08-09 20:38:04,668 [main] INFO com.sshmanager.SSHService - Executing: tail -n 1000 /data1/pretupsapp/tomcat9_pgdev/logs/catalina.out

2023-08-09 20:38:05,544 [main] INFO com.sshmanager.SSHService - Channel Exit Status: 0
