2023-08-24 12:10:24,145 [main] INFO com.classes.BaseTest - Loading all methods from -masterVO class
2023-08-24 12:10:24,150 [main] INFO com.utils._masterVO - Loading Properties file from: .//src//test//resources//sysconfig//Constant.properties
2023-08-24 12:10:24,168 [main] INFO com.utils._masterVO - Properties File Loaded successfully
2023-08-24 12:10:24,171 [main] INFO com.utils._masterVO - Loading Master Sheet from: src//test//resources//config//DataProvider.xlsx
2023-08-24 12:10:24,919 [main] INFO com.utils._masterVO - Master Sheet Loaded successfully
2023-08-24 12:10:24,923 [main] INFO com.utils._masterVO - Loading Client Library for Client Versioning from: .//src//test//resources//sysconfig//ClientLib.properties
2023-08-24 12:10:24,928 [main] INFO com.utils._masterVO - Client Library Loaded successfully
2023-08-24 12:10:25,213 [main] INFO com.utils._masterVO - loadGeoDomains Map returns ::ZO - AUTbKlI - AUToKa1C
2023-08-24 12:10:25,332 [main] INFO com.utils._masterVO - loadGeoDomains Map returns ::AR - AUT7dba - AUT63dCN
2023-08-24 12:10:25,460 [main] INFO com.utils._masterVO - loadGeoDomains Map returns ::SA - AUTO2Fm - AUTNelnh
2023-08-24 12:10:25,881 [main] INFO com.utils._masterVO - Loading test case file file from: .//src//test//resources//sysconfig//testCaseFile.properties
2023-08-24 12:10:25,899 [main] INFO com.utils._masterVO - Test cases file Loaded successfully
2023-08-24 12:10:25,904 [main] INFO com.utils._masterVO - Loading Web Cases Master file from: .//src//test//resources//config//testCaseFile.properties
2023-08-24 12:10:25,922 [main] INFO com.utils._masterVO - Gateway Cases Master File Loaded successfully
2023-08-24 12:10:25,968 [main] INFO com.dbrepository.DBHandler - Entered Access Handler :: PostGreSQL
2023-08-24 12:10:25,978 [main] INFO com.commons.CacheController - New Cache DAO Loaded :: UPDATECACHE_VER = 1
2023-08-24 12:10:26,029 [MLog-Init-Reporter] INFO com.mchange.v2.log.MLog - MLog clients using log4j logging.
2023-08-24 12:10:26,165 [main] INFO com.mchange.v2.c3p0.C3P0Registry - Initializing c3p0-0.9.5.2 [built 08-December-2015 22:06:04 -0800; debug? true; trace: 10]
2023-08-24 12:10:26,244 [main] INFO com.mchange.v2.c3p0.impl.AbstractPoolBackedDataSource - Initializing c3p0 pool... com.mchange.v2.c3p0.ComboPooledDataSource [ acquireIncrement -> 5, acquireRetryAttempts -> 30, acquireRetryDelay -> 1000, autoCommitOnClose -> false, automaticTestTable -> null, breakAfterAcquireFailure -> false, checkoutTimeout -> 0, connectionCustomizerClassName -> null, connectionTesterClassName -> com.mchange.v2.c3p0.impl.DefaultConnectionTester, contextClassLoaderSource -> caller, dataSourceName -> 1hge0z1ayamaod1sw5wqp|29d80d2b, debugUnreturnedConnectionStackTraces -> false, description -> null, driverClass -> org.postgresql.Driver, extensions -> {}, factoryClassLocation -> null, forceIgnoreUnresolvedTransactions -> false, forceSynchronousCheckins -> false, forceUseNamedDriverClass -> false, identityToken -> 1hge0z1ayamaod1sw5wqp|29d80d2b, idleConnectionTestPeriod -> 0, initialPoolSize -> 10, jdbcUrl -> jdbc:postgresql://172.30.38.120:5432/pretups_trunk_dev, maxAdministrativeTaskTime -> 0, maxConnectionAge -> 0, maxIdleTime -> 0, maxIdleTimeExcessConnections -> 0, maxPoolSize -> 20, maxStatements -> 0, maxStatementsPerConnection -> 0, minPoolSize -> 10, numHelperThreads -> 3, preferredTestQuery -> null, privilegeSpawnedThreads -> false, properties -> {user=******, password=******}, propertyCycle -> 0, statementCacheNumDeferredCloseThreads -> 0, testConnectionOnCheckin -> false, testConnectionOnCheckout -> false, unreturnedConnectionTimeout -> 0, userOverrides -> {}, usesTraditionalReflectiveProxies -> false ]
2023-08-24 12:10:26,788 [main] INFO com.dbrepository.PostGreSQLRepository - Entered :: getNetworkName()
2023-08-24 12:10:26,873 [main] INFO com.dbrepository.PostGreSQLRepository - Query Repository Returns: Network Name (Network GGN)
2023-08-24 12:10:26,876 [main] INFO com.dbrepository.PostGreSQLRepository - Entered :: getSystemPreference(AMOUNT_MULT_FACTOR)
2023-08-24 12:10:26,878 [main] INFO com.dbrepository.DBConnectionPool - Active Size:1 Cache Size:2
2023-08-24 12:10:26,950 [main] INFO com.dbrepository.PostGreSQLRepository - Query Repository Returns: DEFAULT_VALUE (100)
2023-08-24 12:10:26,953 [main] INFO com.dbrepository.PostGreSQLRepository - Entered :: getSystemPreference(MSISDN_PREFIX_LENGTH)
2023-08-24 12:10:26,955 [main] INFO com.dbrepository.DBConnectionPool - Active Size:2 Cache Size:1
2023-08-24 12:10:27,030 [main] INFO com.dbrepository.PostGreSQLRepository - Query Repository Returns: DEFAULT_VALUE (2)
2023-08-24 12:10:27,033 [main] INFO com.dbrepository.PostGreSQLRepository - Entered :: getSystemPreference(MAX_MSISDN_LENGTH)
2023-08-24 12:10:27,035 [main] INFO com.dbrepository.DBConnectionPool - Active Size:3 Cache Size:0
2023-08-24 12:10:27,198 [main] INFO com.dbrepository.PostGreSQLRepository - Query Repository Returns: DEFAULT_VALUE (15)
2023-08-24 12:10:27,201 [main] INFO com.dbrepository.PostGreSQLRepository - Entered :: getSystemPreference(USER_PRODUCT_MULTIPLE_WALLET)
2023-08-24 12:10:27,202 [main] INFO com.dbrepository.DBConnectionPool - Active Size:4 Cache Size:2
2023-08-24 12:10:27,299 [main] INFO com.dbrepository.PostGreSQLRepository - Query Repository Returns: DEFAULT_VALUE (false)
2023-08-24 12:10:27,303 [main] INFO com.dbrepository.PostGreSQLRepository - Entered :: getSystemPreference(EXTERNAL_DATE_FORMAT)
2023-08-24 12:10:27,306 [main] INFO com.dbrepository.DBConnectionPool - Active Size:5 Cache Size:1
2023-08-24 12:10:27,398 [main] INFO com.dbrepository.PostGreSQLRepository - Query Repository Returns: DEFAULT_VALUE (dd/MM/yyyy)
2023-08-24 12:10:27,402 [main] INFO com.dbrepository.PostGreSQLRepository - Entered :: getSystemPreference(DATE_FORMAT_CAL_JAVA)
2023-08-24 12:10:27,404 [main] INFO com.dbrepository.DBConnectionPool - Active Size:6 Cache Size:0
2023-08-24 12:10:27,595 [main] INFO com.dbrepository.PostGreSQLRepository - Query Repository Returns: DEFAULT_VALUE (dd/MM/yyyy)
2023-08-24 12:10:27,598 [main] INFO com.dbrepository.PostGreSQLRepository - Entered :: getSystemPreference(OTH_COM_CHNL)
2023-08-24 12:10:27,600 [main] INFO com.dbrepository.DBConnectionPool - Active Size:0 Cache Size:9
2023-08-24 12:10:27,692 [main] INFO com.dbrepository.PostGreSQLRepository - Query Repository Returns: DEFAULT_VALUE (false)
2023-08-24 12:10:27,694 [main] INFO com.dbrepository.PostGreSQLRepository - Entered :: getSystemPreference(DW_ALLOWED_GATEWAYS)
2023-08-24 12:10:27,697 [main] INFO com.dbrepository.DBConnectionPool - Active Size:0 Cache Size:9
2023-08-24 12:10:27,792 [main] INFO com.dbrepository.PostGreSQLRepository - Query Repository Returns: DEFAULT_VALUE (EXTGW,DWEXTGW)
2023-08-24 12:10:27,795 [main] INFO com.dbrepository.PostGreSQLRepository - Entered :: getSystemPreference(DEFAULT_LANGUAGE)
2023-08-24 12:10:27,798 [main] INFO com.dbrepository.DBConnectionPool - Active Size:0 Cache Size:9
2023-08-24 12:10:27,868 [main] INFO com.dbrepository.PostGreSQLRepository - Query Repository Returns: DEFAULT_VALUE (en)
2023-08-24 12:10:27,871 [main] INFO com.dbrepository.PostGreSQLRepository - Entered :: getSystemPreference(DEFAULT_COUNTRY)
2023-08-24 12:10:27,874 [main] INFO com.dbrepository.DBConnectionPool - Active Size:0 Cache Size:9
2023-08-24 12:10:27,956 [main] INFO com.dbrepository.PostGreSQLRepository - Query Repository Returns: DEFAULT_VALUE (US)
2023-08-24 12:10:27,959 [main] INFO com.utils._masterVO - Display Locale set to: en_US
2023-08-24 12:10:36,336 [main] INFO com.sshmanager.SSHService - Exiting getFileFromSFTP()
2023-08-24 12:10:38,568 [main] INFO com.sshmanager.SSHService - Exiting getFileFromSFTP()
2023-08-24 12:10:38,580 [main] INFO com.utils._masterVO - Loading Messages Resource properties File from: .//src//test//resources//sysconfig//English.properties
2023-08-24 12:10:38,614 [main] INFO com.utils._masterVO - Messages Resource Properties file Loaded successfully
2023-08-24 12:10:38,615 [main] INFO com.utils._masterVO - Loading Messages Resource properties File from: .//src//test//resources//sysconfig//C2S_English.properties
2023-08-24 12:10:38,632 [main] INFO com.utils._masterVO - Messages Resource Properties file Loaded successfully
2023-08-24 12:10:38,725 [main] INFO com.sshmanager.SSHService - Executing: grep '^[^#]' /data1/pretupsapp/tomcat9_pgdev/conf/pretups/LogConfig.props|grep '^log4j.appender.OneLineTXNLogC2S.File[ =]'|cut -d'=' -f2|sed 's/^[ 	]*//;s/[ 	]*$//'
2023-08-24 12:10:38,948 [main] INFO com.sshmanager.SSHService - Channel Exit Status: 0
2023-08-24 12:10:38,950 [main] INFO com.sshmanager.SSHService - Executing: grep '^[^#]' /data1/pretupsapp/tomcat9_pgdev/conf/pretups/LogConfig.props|grep '^log4j.appender.ChannelRequestDailyLog.File[ =]'|cut -d'=' -f2|sed 's/^[ 	]*//;s/[ 	]*$//'
2023-08-24 12:10:39,194 [main] INFO com.sshmanager.SSHService - Channel Exit Status: 0
2023-08-24 12:10:39,196 [main] INFO com.classes.BaseTest - Completed loading all methods from -masterVO class
2023-08-24 12:12:08,697 [main] INFO angular.testscripts.prereuisitesangular.NetworkProductMapping_TestScript - DataNetwork Admin
2023-08-24 12:12:08,714 [main] INFO angular.testscripts.prereuisitesangular.NetworkProductMapping_TestScript - Databtnadm
2023-08-24 12:12:08,717 [main] INFO angular.testscripts.prereuisitesangular.NetworkProductMapping_TestScript - DataCom@1111
2023-08-24 12:12:08,719 [main] INFO angular.testscripts.prereuisitesangular.NetworkProductMapping_TestScript - Value of k0
2023-08-24 12:12:08,746 [main] INFO angular.testscripts.prereuisitesangular.NetworkProductMapping_TestScript - ------------------ Test Case Execution Started For A_01_Test_Modify_Usage -------------------
2023-08-24 12:12:08,746 [main] INFO angular.testscripts.prereuisitesangular.NetworkProductMapping_TestScript - Entered A_01_Test_Modify_Usage(Network Admin, btnadm, Com@1111)
2023-08-24 12:12:08,765 [main] INFO com.classes.BaseTest - java.lang.NullPointerException
2023-08-24 12:12:08,849 [main] INFO com.sshmanager.SSHService - Executing: tail -n 1000 /data1/pretupsapp/tomcat9_pgdev/logs/catalina.out

2023-08-24 12:12:09,417 [main] INFO com.sshmanager.SSHService - Channel Exit Status: 0
2023-08-24 12:12:09,434 [main] INFO com.classes.BaseTest - java.lang.NullPointerException
	at com.classes.GetScreenshot.capture(GetScreenshot.java:34)
	at com.classes.BaseTest.resultGenerator(BaseTest.java:155)
	at sun.reflect.NativeMethodAccessorImpl.invoke0(Native Method)
	at sun.reflect.NativeMethodAccessorImpl.invoke(NativeMethodAccessorImpl.java:62)
	at sun.reflect.DelegatingMethodAccessorImpl.invoke(DelegatingMethodAccessorImpl.java:43)
	at java.lang.reflect.Method.invoke(Method.java:498)
	at org.testng.internal.MethodInvocationHelper.invokeMethod(MethodInvocationHelper.java:86)
	at org.testng.internal.Invoker.invokeConfigurationMethod(Invoker.java:514)
	at org.testng.internal.Invoker.invokeConfigurations(Invoker.java:215)
	at org.testng.internal.Invoker.invokeMethod(Invoker.java:709)
	at org.testng.internal.Invoker.invokeTestMethod(Invoker.java:822)
	at org.testng.internal.Invoker.invokeTestMethods(Invoker.java:1130)
	at org.testng.internal.TestMethodWorker.invokeTestMethods(TestMethodWorker.java:129)
	at org.testng.internal.TestMethodWorker.run(TestMethodWorker.java:112)
	at org.testng.TestRunner.privateRun(TestRunner.java:782)
	at org.testng.TestRunner.run(TestRunner.java:632)
	at org.testng.SuiteRunner.runTest(SuiteRunner.java:366)
	at org.testng.SuiteRunner.runSequentially(SuiteRunner.java:361)
	at org.testng.SuiteRunner.privateRun(SuiteRunner.java:319)
	at org.testng.SuiteRunner.run(SuiteRunner.java:268)
	at org.testng.SuiteRunnerWorker.runSuite(SuiteRunnerWorker.java:52)
	at org.testng.SuiteRunnerWorker.run(SuiteRunnerWorker.java:86)
	at org.testng.TestNG.runSuitesSequentially(TestNG.java:1244)
	at org.testng.TestNG.runSuitesLocally(TestNG.java:1169)
	at org.testng.TestNG.run(TestNG.java:1064)
	at org.testng.remote.RemoteTestNG.run(RemoteTestNG.java:113)
	at org.testng.remote.RemoteTestNG.initAndRun(RemoteTestNG.java:206)
	at org.testng.remote.RemoteTestNG.main(RemoteTestNG.java:177)

