2022-04-25 12:17:10,835 [main] INFO com.classes.BaseTest - Loading all methods from -masterVO class
2022-04-25 12:17:10,838 [main] INFO com.utils._masterVO - Loading Properties file from: .//src//test//resources//sysconfig//Constant.properties
2022-04-25 12:17:10,841 [main] INFO com.utils._masterVO - Properties File Loaded successfully
2022-04-25 12:17:10,842 [main] INFO com.utils._masterVO - Loading Master Sheet from: src//test//resources//config//DataProvider.xlsx
2022-04-25 12:17:11,434 [main] INFO com.utils._masterVO - Master Sheet Loaded successfully
2022-04-25 12:17:11,435 [main] INFO com.utils._masterVO - Loading Client Library for Client Versioning from: .//src//test//resources//sysconfig//ClientLib.properties
2022-04-25 12:17:11,447 [main] INFO com.utils._masterVO - Client Library Loaded successfully
2022-04-25 12:17:11,669 [main] INFO com.utils._masterVO - loadGeoDomains Map returns ::ZO - AUTbKlI - AUToKa1C
2022-04-25 12:17:11,796 [main] INFO com.utils._masterVO - loadGeoDomains Map returns ::AR - AUT7dba - AUT63dCN
2022-04-25 12:17:11,883 [main] INFO com.utils._masterVO - loadGeoDomains Map returns ::SA - AUTO2Fm - AUTNelnh
2022-04-25 12:17:12,283 [main] INFO com.utils._masterVO - Loading test case file file from: .//src//test//resources//sysconfig//testCaseFile.properties
2022-04-25 12:17:12,302 [main] INFO com.utils._masterVO - Test cases file Loaded successfully
2022-04-25 12:17:12,303 [main] INFO com.utils._masterVO - Loading Web Cases Master file from: .//src//test//resources//config//testCaseFile.properties
2022-04-25 12:17:12,317 [main] INFO com.utils._masterVO - Gateway Cases Master File Loaded successfully
2022-04-25 12:17:12,343 [main] INFO com.dbrepository.DBHandler - Entered Access Handler :: PostGreSQL
2022-04-25 12:17:12,346 [main] INFO com.commons.CacheController - New Cache DAO Loaded :: UPDATECACHE_VER = 1
2022-04-25 12:17:12,365 [MLog-Init-Reporter] INFO com.mchange.v2.log.MLog - MLog clients using log4j logging.
2022-04-25 12:17:12,442 [main] INFO com.mchange.v2.c3p0.C3P0Registry - Initializing c3p0-0.9.5.2 [built 08-December-2015 22:06:04 -0800; debug? true; trace: 10]
2022-04-25 12:17:12,518 [main] INFO com.mchange.v2.c3p0.impl.AbstractPoolBackedDataSource - Initializing c3p0 pool... com.mchange.v2.c3p0.ComboPooledDataSource [ acquireIncrement -> 5, acquireRetryAttempts -> 30, acquireRetryDelay -> 1000, autoCommitOnClose -> false, automaticTestTable -> null, breakAfterAcquireFailure -> false, checkoutTimeout -> 0, connectionCustomizerClassName -> null, connectionTesterClassName -> com.mchange.v2.c3p0.impl.DefaultConnectionTester, contextClassLoaderSource -> caller, dataSourceName -> 1hge148aoqhnxn41xhki3n|4ea5b703, debugUnreturnedConnectionStackTraces -> false, description -> null, driverClass -> org.postgresql.Driver, extensions -> {}, factoryClassLocation -> null, forceIgnoreUnresolvedTransactions -> false, forceSynchronousCheckins -> false, forceUseNamedDriverClass -> false, identityToken -> 1hge148aoqhnxn41xhki3n|4ea5b703, idleConnectionTestPeriod -> 0, initialPoolSize -> 10, jdbcUrl -> jdbc:postgresql://172.30.38.120:5432/pretups_trunk, maxAdministrativeTaskTime -> 0, maxConnectionAge -> 0, maxIdleTime -> 0, maxIdleTimeExcessConnections -> 0, maxPoolSize -> 20, maxStatements -> 0, maxStatementsPerConnection -> 0, minPoolSize -> 10, numHelperThreads -> 3, preferredTestQuery -> null, privilegeSpawnedThreads -> false, properties -> {user=******, password=******}, propertyCycle -> 0, statementCacheNumDeferredCloseThreads -> 0, testConnectionOnCheckin -> false, testConnectionOnCheckout -> false, unreturnedConnectionTimeout -> 0, userOverrides -> {}, usesTraditionalReflectiveProxies -> false ]
2022-04-25 12:17:12,939 [main] INFO com.dbrepository.PostGreSQLRepository - Entered :: getNetworkName()
2022-04-25 12:17:13,008 [main] INFO com.dbrepository.PostGreSQLRepository - Query Repository Returns: Network Name (Network GGN)
2022-04-25 12:17:13,010 [main] INFO com.dbrepository.PostGreSQLRepository - Entered :: getSystemPreference(AMOUNT_MULT_FACTOR)
2022-04-25 12:17:13,012 [main] INFO com.dbrepository.DBConnectionPool - Active Size:1 Cache Size:2
2022-04-25 12:17:13,069 [main] INFO com.dbrepository.PostGreSQLRepository - Query Repository Returns: DEFAULT_VALUE (100)
2022-04-25 12:17:13,072 [main] INFO com.dbrepository.PostGreSQLRepository - Entered :: getSystemPreference(MSISDN_PREFIX_LENGTH)
2022-04-25 12:17:13,074 [main] INFO com.dbrepository.DBConnectionPool - Active Size:2 Cache Size:1
2022-04-25 12:17:13,131 [main] INFO com.dbrepository.PostGreSQLRepository - Query Repository Returns: DEFAULT_VALUE (2)
2022-04-25 12:17:13,132 [main] INFO com.dbrepository.PostGreSQLRepository - Entered :: getSystemPreference(MAX_MSISDN_LENGTH)
2022-04-25 12:17:13,134 [main] INFO com.dbrepository.DBConnectionPool - Active Size:3 Cache Size:0
2022-04-25 12:17:13,233 [main] INFO com.dbrepository.PostGreSQLRepository - Query Repository Returns: DEFAULT_VALUE (15)
2022-04-25 12:17:13,235 [main] INFO com.dbrepository.PostGreSQLRepository - Entered :: getSystemPreference(USER_PRODUCT_MULTIPLE_WALLET)
2022-04-25 12:17:13,237 [main] INFO com.dbrepository.DBConnectionPool - Active Size:4 Cache Size:2
2022-04-25 12:17:13,297 [main] INFO com.dbrepository.PostGreSQLRepository - Query Repository Returns: DEFAULT_VALUE (false)
2022-04-25 12:17:13,299 [main] INFO com.dbrepository.PostGreSQLRepository - Entered :: getSystemPreference(EXTERNAL_DATE_FORMAT)
2022-04-25 12:17:13,300 [main] INFO com.dbrepository.DBConnectionPool - Active Size:5 Cache Size:1
2022-04-25 12:17:13,358 [main] INFO com.dbrepository.PostGreSQLRepository - Query Repository Returns: DEFAULT_VALUE (yyyy/MM/dd)
2022-04-25 12:17:13,359 [main] INFO com.dbrepository.PostGreSQLRepository - Entered :: getSystemPreference(DATE_FORMAT_CAL_JAVA)
2022-04-25 12:17:13,360 [main] INFO com.dbrepository.DBConnectionPool - Active Size:6 Cache Size:0
2022-04-25 12:17:13,517 [main] INFO com.dbrepository.PostGreSQLRepository - Query Repository Returns: DEFAULT_VALUE (yyyy/MM/dd)
2022-04-25 12:17:13,520 [main] INFO com.dbrepository.PostGreSQLRepository - Entered :: getSystemPreference(OTH_COM_CHNL)
2022-04-25 12:17:13,522 [main] INFO com.dbrepository.DBConnectionPool - Active Size:0 Cache Size:9
2022-04-25 12:17:13,579 [main] INFO com.dbrepository.PostGreSQLRepository - Query Repository Returns: DEFAULT_VALUE (false)
2022-04-25 12:17:13,582 [main] INFO com.dbrepository.PostGreSQLRepository - Entered :: getSystemPreference(DW_ALLOWED_GATEWAYS)
2022-04-25 12:17:13,583 [main] INFO com.dbrepository.DBConnectionPool - Active Size:0 Cache Size:9
2022-04-25 12:17:13,643 [main] INFO com.dbrepository.PostGreSQLRepository - Query Repository Returns: DEFAULT_VALUE (null)
2022-04-25 12:17:13,645 [main] INFO com.dbrepository.PostGreSQLRepository - Entered :: getSystemPreference(DEFAULT_LANGUAGE)
2022-04-25 12:17:13,647 [main] INFO com.dbrepository.DBConnectionPool - Active Size:0 Cache Size:9
2022-04-25 12:17:13,703 [main] INFO com.dbrepository.PostGreSQLRepository - Query Repository Returns: DEFAULT_VALUE (en)
2022-04-25 12:17:13,705 [main] INFO com.dbrepository.PostGreSQLRepository - Entered :: getSystemPreference(DEFAULT_COUNTRY)
2022-04-25 12:17:13,706 [main] INFO com.dbrepository.DBConnectionPool - Active Size:0 Cache Size:9
2022-04-25 12:17:13,764 [main] INFO com.dbrepository.PostGreSQLRepository - Query Repository Returns: DEFAULT_VALUE (US)
2022-04-25 12:17:13,766 [main] INFO com.utils._masterVO - Display Locale set to: en_US
2022-04-25 12:17:34,843 [main] ERROR com.sshmanager.SSHService - Error while getting SSH Server Instance : com.jcraft.jsch.JSchException: java.net.ConnectException: Connection timed out: connect
2022-04-25 12:17:34,874 [main] INFO com.utils._masterVO - Loading Messages Resource properties File from: .//src//test//resources//sysconfig//English.properties
2022-04-25 12:17:34,902 [main] INFO com.utils._masterVO - Messages Resource Properties file Loaded successfully
2022-04-25 12:17:34,903 [main] INFO com.utils._masterVO - Loading Messages Resource properties File from: .//src//test//resources//sysconfig//C2S_English.properties
2022-04-25 12:17:34,912 [main] INFO com.utils._masterVO - Messages Resource Properties file Loaded successfully
2022-04-25 12:17:34,913 [main] INFO com.dbrepository.PostGreSQLRepository - Entered getGatewayDetails('EXTGW','USSD','SMSC')
2022-04-25 12:17:34,914 [main] INFO com.dbrepository.DBConnectionPool - Active Size:0 Cache Size:10
2022-04-25 12:17:34,919 [main] INFO com.dbrepository.PostGreSQLRepository - getGatewayDetails() :: select query: SELECT rmg.gateway_code, mg.gateway_type, rmg.login_id, rmg.PASSWORD, rmg.content_type, rmg.service_port, mg.req_password_plain FROM message_gateway mg, req_message_gateway rmg WHERE mg.gateway_code = rmg.gateway_code AND rmg.gateway_code IN ('EXTGW','USSD','SMSC')
2022-04-25 12:17:34,992 [main] INFO com.dbrepository.PostGreSQLRepository - Database Returns: [[Ljava.lang.Object;@ca30bc1[{{EXTGW,EXTGW,pretups,0971500a350af5c3d1c0b12221a0558c,XML,190,Y},{USSD,USSD,pretups,0971500a350af5c3d1c0b12221a0558c,XML,190,Y},{SMSC,SMSC,pretups,0971500a350af5c3d1c0b12221a0558c,PLAIN,190,Y}}]
2022-04-25 12:17:34,993 [main] INFO com.dbrepository.PostGreSQLRepository - Exiting getGatewayDetails()
2022-04-25 12:17:34,996 [main] INFO com.utils._APIUtil - Entered getAPIServices(EXTGW)
2022-04-25 12:17:35,003 [main] INFO com.utils._APIUtil - Exiting getAPIServices([])
2022-04-25 12:17:35,004 [main] INFO com.utils._masterVO - Loading Gateway Cases Master file from: .//src//test//resources//config//GatewayMaster.xlsx
2022-04-25 12:17:35,113 [main] INFO com.utils.ExcelUtility - java.lang.NullPointerException
	at com.utils.ExcelUtility.getCellData(ExcelUtility.java:311)
	at com.utils._masterVO.loadGatewayCases(_masterVO.java:115)
	at com.utils._masterVO.loadExternalServices(_masterVO.java:448)
	at com.utils._masterVO.loadVO(_masterVO.java:81)
	at com.classes.BaseTest.setupReporter(BaseTest.java:85)
	at sun.reflect.NativeMethodAccessorImpl.invoke0(Native Method)
	at sun.reflect.NativeMethodAccessorImpl.invoke(Unknown Source)
	at sun.reflect.DelegatingMethodAccessorImpl.invoke(Unknown Source)
	at java.lang.reflect.Method.invoke(Unknown Source)
	at org.testng.internal.MethodInvocationHelper.invokeMethod(MethodInvocationHelper.java:124)
	at org.testng.internal.MethodInvocationHelper.invokeMethodConsideringTimeout(MethodInvocationHelper.java:59)
	at org.testng.internal.Invoker.invokeConfigurationMethod(Invoker.java:455)
	at org.testng.internal.Invoker.invokeConfigurations(Invoker.java:222)
	at org.testng.internal.Invoker.invokeConfigurations(Invoker.java:142)
	at org.testng.SuiteRunner.privateRun(SuiteRunner.java:401)
	at org.testng.SuiteRunner.run(SuiteRunner.java:364)
	at org.testng.SuiteRunnerWorker.runSuite(SuiteRunnerWorker.java:52)
	at org.testng.SuiteRunnerWorker.run(SuiteRunnerWorker.java:84)
	at org.testng.TestNG.runSuitesSequentially(TestNG.java:1208)
	at org.testng.TestNG.runSuitesLocally(TestNG.java:1137)
	at org.testng.TestNG.runSuites(TestNG.java:1049)
	at org.testng.TestNG.run(TestNG.java:1017)
	at org.testng.remote.AbstractRemoteTestNG.run(AbstractRemoteTestNG.java:115)
	at org.testng.remote.RemoteTestNG.initAndRun(RemoteTestNG.java:251)
	at org.testng.remote.RemoteTestNG.main(RemoteTestNG.java:77)

2022-04-25 12:17:35,117 [main] INFO com.utils.ExcelUtility - java.lang.NullPointerException
	at com.utils.ExcelUtility.getCellData(ExcelUtility.java:311)
	at com.utils._masterVO.loadGatewayCases(_masterVO.java:115)
	at com.utils._masterVO.loadExternalServices(_masterVO.java:448)
	at com.utils._masterVO.loadVO(_masterVO.java:81)
	at com.classes.BaseTest.setupReporter(BaseTest.java:85)
	at sun.reflect.NativeMethodAccessorImpl.invoke0(Native Method)
	at sun.reflect.NativeMethodAccessorImpl.invoke(Unknown Source)
	at sun.reflect.DelegatingMethodAccessorImpl.invoke(Unknown Source)
	at java.lang.reflect.Method.invoke(Unknown Source)
	at org.testng.internal.MethodInvocationHelper.invokeMethod(MethodInvocationHelper.java:124)
	at org.testng.internal.MethodInvocationHelper.invokeMethodConsideringTimeout(MethodInvocationHelper.java:59)
	at org.testng.internal.Invoker.invokeConfigurationMethod(Invoker.java:455)
	at org.testng.internal.Invoker.invokeConfigurations(Invoker.java:222)
	at org.testng.internal.Invoker.invokeConfigurations(Invoker.java:142)
	at org.testng.SuiteRunner.privateRun(SuiteRunner.java:401)
	at org.testng.SuiteRunner.run(SuiteRunner.java:364)
	at org.testng.SuiteRunnerWorker.runSuite(SuiteRunnerWorker.java:52)
	at org.testng.SuiteRunnerWorker.run(SuiteRunnerWorker.java:84)
	at org.testng.TestNG.runSuitesSequentially(TestNG.java:1208)
	at org.testng.TestNG.runSuitesLocally(TestNG.java:1137)
	at org.testng.TestNG.runSuites(TestNG.java:1049)
	at org.testng.TestNG.run(TestNG.java:1017)
	at org.testng.remote.AbstractRemoteTestNG.run(AbstractRemoteTestNG.java:115)
	at org.testng.remote.RemoteTestNG.initAndRun(RemoteTestNG.java:251)
	at org.testng.remote.RemoteTestNG.main(RemoteTestNG.java:77)

2022-04-25 12:17:35,120 [main] INFO com.utils.ExcelUtility - java.lang.NullPointerException
	at com.utils.ExcelUtility.getCellData(ExcelUtility.java:311)
	at com.utils._masterVO.loadGatewayCases(_masterVO.java:115)
	at com.utils._masterVO.loadExternalServices(_masterVO.java:448)
	at com.utils._masterVO.loadVO(_masterVO.java:81)
	at com.classes.BaseTest.setupReporter(BaseTest.java:85)
	at sun.reflect.NativeMethodAccessorImpl.invoke0(Native Method)
	at sun.reflect.NativeMethodAccessorImpl.invoke(Unknown Source)
	at sun.reflect.DelegatingMethodAccessorImpl.invoke(Unknown Source)
	at java.lang.reflect.Method.invoke(Unknown Source)
	at org.testng.internal.MethodInvocationHelper.invokeMethod(MethodInvocationHelper.java:124)
	at org.testng.internal.MethodInvocationHelper.invokeMethodConsideringTimeout(MethodInvocationHelper.java:59)
	at org.testng.internal.Invoker.invokeConfigurationMethod(Invoker.java:455)
	at org.testng.internal.Invoker.invokeConfigurations(Invoker.java:222)
	at org.testng.internal.Invoker.invokeConfigurations(Invoker.java:142)
	at org.testng.SuiteRunner.privateRun(SuiteRunner.java:401)
	at org.testng.SuiteRunner.run(SuiteRunner.java:364)
	at org.testng.SuiteRunnerWorker.runSuite(SuiteRunnerWorker.java:52)
	at org.testng.SuiteRunnerWorker.run(SuiteRunnerWorker.java:84)
	at org.testng.TestNG.runSuitesSequentially(TestNG.java:1208)
	at org.testng.TestNG.runSuitesLocally(TestNG.java:1137)
	at org.testng.TestNG.runSuites(TestNG.java:1049)
	at org.testng.TestNG.run(TestNG.java:1017)
	at org.testng.remote.AbstractRemoteTestNG.run(AbstractRemoteTestNG.java:115)
	at org.testng.remote.RemoteTestNG.initAndRun(RemoteTestNG.java:251)
	at org.testng.remote.RemoteTestNG.main(RemoteTestNG.java:77)

2022-04-25 12:17:35,137 [main] INFO com.utils.ExcelUtility - java.lang.NullPointerException
	at com.utils.ExcelUtility.getCellData(ExcelUtility.java:311)
	at com.utils._masterVO.loadGatewayCases(_masterVO.java:115)
	at com.utils._masterVO.loadExternalServices(_masterVO.java:448)
	at com.utils._masterVO.loadVO(_masterVO.java:81)
	at com.classes.BaseTest.setupReporter(BaseTest.java:85)
	at sun.reflect.NativeMethodAccessorImpl.invoke0(Native Method)
	at sun.reflect.NativeMethodAccessorImpl.invoke(Unknown Source)
	at sun.reflect.DelegatingMethodAccessorImpl.invoke(Unknown Source)
	at java.lang.reflect.Method.invoke(Unknown Source)
	at org.testng.internal.MethodInvocationHelper.invokeMethod(MethodInvocationHelper.java:124)
	at org.testng.internal.MethodInvocationHelper.invokeMethodConsideringTimeout(MethodInvocationHelper.java:59)
	at org.testng.internal.Invoker.invokeConfigurationMethod(Invoker.java:455)
	at org.testng.internal.Invoker.invokeConfigurations(Invoker.java:222)
	at org.testng.internal.Invoker.invokeConfigurations(Invoker.java:142)
	at org.testng.SuiteRunner.privateRun(SuiteRunner.java:401)
	at org.testng.SuiteRunner.run(SuiteRunner.java:364)
	at org.testng.SuiteRunnerWorker.runSuite(SuiteRunnerWorker.java:52)
	at org.testng.SuiteRunnerWorker.run(SuiteRunnerWorker.java:84)
	at org.testng.TestNG.runSuitesSequentially(TestNG.java:1208)
	at org.testng.TestNG.runSuitesLocally(TestNG.java:1137)
	at org.testng.TestNG.runSuites(TestNG.java:1049)
	at org.testng.TestNG.run(TestNG.java:1017)
	at org.testng.remote.AbstractRemoteTestNG.run(AbstractRemoteTestNG.java:115)
	at org.testng.remote.RemoteTestNG.initAndRun(RemoteTestNG.java:251)
	at org.testng.remote.RemoteTestNG.main(RemoteTestNG.java:77)

2022-04-25 12:17:35,163 [main] INFO com.utils.ExcelUtility - java.lang.NullPointerException
	at com.utils.ExcelUtility.getCellData(ExcelUtility.java:311)
	at com.utils._masterVO.loadGatewayCases(_masterVO.java:115)
	at com.utils._masterVO.loadExternalServices(_masterVO.java:448)
	at com.utils._masterVO.loadVO(_masterVO.java:81)
	at com.classes.BaseTest.setupReporter(BaseTest.java:85)
	at sun.reflect.NativeMethodAccessorImpl.invoke0(Native Method)
	at sun.reflect.NativeMethodAccessorImpl.invoke(Unknown Source)
	at sun.reflect.DelegatingMethodAccessorImpl.invoke(Unknown Source)
	at java.lang.reflect.Method.invoke(Unknown Source)
	at org.testng.internal.MethodInvocationHelper.invokeMethod(MethodInvocationHelper.java:124)
	at org.testng.internal.MethodInvocationHelper.invokeMethodConsideringTimeout(MethodInvocationHelper.java:59)
	at org.testng.internal.Invoker.invokeConfigurationMethod(Invoker.java:455)
	at org.testng.internal.Invoker.invokeConfigurations(Invoker.java:222)
	at org.testng.internal.Invoker.invokeConfigurations(Invoker.java:142)
	at org.testng.SuiteRunner.privateRun(SuiteRunner.java:401)
	at org.testng.SuiteRunner.run(SuiteRunner.java:364)
	at org.testng.SuiteRunnerWorker.runSuite(SuiteRunnerWorker.java:52)
	at org.testng.SuiteRunnerWorker.run(SuiteRunnerWorker.java:84)
	at org.testng.TestNG.runSuitesSequentially(TestNG.java:1208)
	at org.testng.TestNG.runSuitesLocally(TestNG.java:1137)
	at org.testng.TestNG.runSuites(TestNG.java:1049)
	at org.testng.TestNG.run(TestNG.java:1017)
	at org.testng.remote.AbstractRemoteTestNG.run(AbstractRemoteTestNG.java:115)
	at org.testng.remote.RemoteTestNG.initAndRun(RemoteTestNG.java:251)
	at org.testng.remote.RemoteTestNG.main(RemoteTestNG.java:77)

2022-04-25 12:17:35,180 [main] INFO com.utils.ExcelUtility - java.lang.NullPointerException
	at com.utils.ExcelUtility.getCellData(ExcelUtility.java:311)
	at com.utils._masterVO.loadGatewayCases(_masterVO.java:115)
	at com.utils._masterVO.loadExternalServices(_masterVO.java:448)
	at com.utils._masterVO.loadVO(_masterVO.java:81)
	at com.classes.BaseTest.setupReporter(BaseTest.java:85)
	at sun.reflect.NativeMethodAccessorImpl.invoke0(Native Method)
	at sun.reflect.NativeMethodAccessorImpl.invoke(Unknown Source)
	at sun.reflect.DelegatingMethodAccessorImpl.invoke(Unknown Source)
	at java.lang.reflect.Method.invoke(Unknown Source)
	at org.testng.internal.MethodInvocationHelper.invokeMethod(MethodInvocationHelper.java:124)
	at org.testng.internal.MethodInvocationHelper.invokeMethodConsideringTimeout(MethodInvocationHelper.java:59)
	at org.testng.internal.Invoker.invokeConfigurationMethod(Invoker.java:455)
	at org.testng.internal.Invoker.invokeConfigurations(Invoker.java:222)
	at org.testng.internal.Invoker.invokeConfigurations(Invoker.java:142)
	at org.testng.SuiteRunner.privateRun(SuiteRunner.java:401)
	at org.testng.SuiteRunner.run(SuiteRunner.java:364)
	at org.testng.SuiteRunnerWorker.runSuite(SuiteRunnerWorker.java:52)
	at org.testng.SuiteRunnerWorker.run(SuiteRunnerWorker.java:84)
	at org.testng.TestNG.runSuitesSequentially(TestNG.java:1208)
	at org.testng.TestNG.runSuitesLocally(TestNG.java:1137)
	at org.testng.TestNG.runSuites(TestNG.java:1049)
	at org.testng.TestNG.run(TestNG.java:1017)
	at org.testng.remote.AbstractRemoteTestNG.run(AbstractRemoteTestNG.java:115)
	at org.testng.remote.RemoteTestNG.initAndRun(RemoteTestNG.java:251)
	at org.testng.remote.RemoteTestNG.main(RemoteTestNG.java:77)

2022-04-25 12:17:35,180 [main] INFO com.utils.ExcelUtility - java.lang.NullPointerException
	at com.utils.ExcelUtility.getCellData(ExcelUtility.java:311)
	at com.utils._masterVO.loadGatewayCases(_masterVO.java:115)
	at com.utils._masterVO.loadExternalServices(_masterVO.java:448)
	at com.utils._masterVO.loadVO(_masterVO.java:81)
	at com.classes.BaseTest.setupReporter(BaseTest.java:85)
	at sun.reflect.NativeMethodAccessorImpl.invoke0(Native Method)
	at sun.reflect.NativeMethodAccessorImpl.invoke(Unknown Source)
	at sun.reflect.DelegatingMethodAccessorImpl.invoke(Unknown Source)
	at java.lang.reflect.Method.invoke(Unknown Source)
	at org.testng.internal.MethodInvocationHelper.invokeMethod(MethodInvocationHelper.java:124)
	at org.testng.internal.MethodInvocationHelper.invokeMethodConsideringTimeout(MethodInvocationHelper.java:59)
	at org.testng.internal.Invoker.invokeConfigurationMethod(Invoker.java:455)
	at org.testng.internal.Invoker.invokeConfigurations(Invoker.java:222)
	at org.testng.internal.Invoker.invokeConfigurations(Invoker.java:142)
	at org.testng.SuiteRunner.privateRun(SuiteRunner.java:401)
	at org.testng.SuiteRunner.run(SuiteRunner.java:364)
	at org.testng.SuiteRunnerWorker.runSuite(SuiteRunnerWorker.java:52)
	at org.testng.SuiteRunnerWorker.run(SuiteRunnerWorker.java:84)
	at org.testng.TestNG.runSuitesSequentially(TestNG.java:1208)
	at org.testng.TestNG.runSuitesLocally(TestNG.java:1137)
	at org.testng.TestNG.runSuites(TestNG.java:1049)
	at org.testng.TestNG.run(TestNG.java:1017)
	at org.testng.remote.AbstractRemoteTestNG.run(AbstractRemoteTestNG.java:115)
	at org.testng.remote.RemoteTestNG.initAndRun(RemoteTestNG.java:251)
	at org.testng.remote.RemoteTestNG.main(RemoteTestNG.java:77)

2022-04-25 12:17:35,192 [main] INFO com.utils.ExcelUtility - java.lang.NullPointerException
	at com.utils.ExcelUtility.getCellData(ExcelUtility.java:311)
	at com.utils._masterVO.loadGatewayCases(_masterVO.java:115)
	at com.utils._masterVO.loadExternalServices(_masterVO.java:448)
	at com.utils._masterVO.loadVO(_masterVO.java:81)
	at com.classes.BaseTest.setupReporter(BaseTest.java:85)
	at sun.reflect.NativeMethodAccessorImpl.invoke0(Native Method)
	at sun.reflect.NativeMethodAccessorImpl.invoke(Unknown Source)
	at sun.reflect.DelegatingMethodAccessorImpl.invoke(Unknown Source)
	at java.lang.reflect.Method.invoke(Unknown Source)
	at org.testng.internal.MethodInvocationHelper.invokeMethod(MethodInvocationHelper.java:124)
	at org.testng.internal.MethodInvocationHelper.invokeMethodConsideringTimeout(MethodInvocationHelper.java:59)
	at org.testng.internal.Invoker.invokeConfigurationMethod(Invoker.java:455)
	at org.testng.internal.Invoker.invokeConfigurations(Invoker.java:222)
	at org.testng.internal.Invoker.invokeConfigurations(Invoker.java:142)
	at org.testng.SuiteRunner.privateRun(SuiteRunner.java:401)
	at org.testng.SuiteRunner.run(SuiteRunner.java:364)
	at org.testng.SuiteRunnerWorker.runSuite(SuiteRunnerWorker.java:52)
	at org.testng.SuiteRunnerWorker.run(SuiteRunnerWorker.java:84)
	at org.testng.TestNG.runSuitesSequentially(TestNG.java:1208)
	at org.testng.TestNG.runSuitesLocally(TestNG.java:1137)
	at org.testng.TestNG.runSuites(TestNG.java:1049)
	at org.testng.TestNG.run(TestNG.java:1017)
	at org.testng.remote.AbstractRemoteTestNG.run(AbstractRemoteTestNG.java:115)
	at org.testng.remote.RemoteTestNG.initAndRun(RemoteTestNG.java:251)
	at org.testng.remote.RemoteTestNG.main(RemoteTestNG.java:77)

2022-04-25 12:17:35,193 [main] INFO com.utils.ExcelUtility - java.lang.NullPointerException
	at com.utils.ExcelUtility.getCellData(ExcelUtility.java:311)
	at com.utils._masterVO.loadGatewayCases(_masterVO.java:115)
	at com.utils._masterVO.loadExternalServices(_masterVO.java:448)
	at com.utils._masterVO.loadVO(_masterVO.java:81)
	at com.classes.BaseTest.setupReporter(BaseTest.java:85)
	at sun.reflect.NativeMethodAccessorImpl.invoke0(Native Method)
	at sun.reflect.NativeMethodAccessorImpl.invoke(Unknown Source)
	at sun.reflect.DelegatingMethodAccessorImpl.invoke(Unknown Source)
	at java.lang.reflect.Method.invoke(Unknown Source)
	at org.testng.internal.MethodInvocationHelper.invokeMethod(MethodInvocationHelper.java:124)
	at org.testng.internal.MethodInvocationHelper.invokeMethodConsideringTimeout(MethodInvocationHelper.java:59)
	at org.testng.internal.Invoker.invokeConfigurationMethod(Invoker.java:455)
	at org.testng.internal.Invoker.invokeConfigurations(Invoker.java:222)
	at org.testng.internal.Invoker.invokeConfigurations(Invoker.java:142)
	at org.testng.SuiteRunner.privateRun(SuiteRunner.java:401)
	at org.testng.SuiteRunner.run(SuiteRunner.java:364)
	at org.testng.SuiteRunnerWorker.runSuite(SuiteRunnerWorker.java:52)
	at org.testng.SuiteRunnerWorker.run(SuiteRunnerWorker.java:84)
	at org.testng.TestNG.runSuitesSequentially(TestNG.java:1208)
	at org.testng.TestNG.runSuitesLocally(TestNG.java:1137)
	at org.testng.TestNG.runSuites(TestNG.java:1049)
	at org.testng.TestNG.run(TestNG.java:1017)
	at org.testng.remote.AbstractRemoteTestNG.run(AbstractRemoteTestNG.java:115)
	at org.testng.remote.RemoteTestNG.initAndRun(RemoteTestNG.java:251)
	at org.testng.remote.RemoteTestNG.main(RemoteTestNG.java:77)

2022-04-25 12:17:35,193 [main] INFO com.utils.ExcelUtility - java.lang.NullPointerException
	at com.utils.ExcelUtility.getCellData(ExcelUtility.java:311)
	at com.utils._masterVO.loadGatewayCases(_masterVO.java:115)
	at com.utils._masterVO.loadExternalServices(_masterVO.java:448)
	at com.utils._masterVO.loadVO(_masterVO.java:81)
	at com.classes.BaseTest.setupReporter(BaseTest.java:85)
	at sun.reflect.NativeMethodAccessorImpl.invoke0(Native Method)
	at sun.reflect.NativeMethodAccessorImpl.invoke(Unknown Source)
	at sun.reflect.DelegatingMethodAccessorImpl.invoke(Unknown Source)
	at java.lang.reflect.Method.invoke(Unknown Source)
	at org.testng.internal.MethodInvocationHelper.invokeMethod(MethodInvocationHelper.java:124)
	at org.testng.internal.MethodInvocationHelper.invokeMethodConsideringTimeout(MethodInvocationHelper.java:59)
	at org.testng.internal.Invoker.invokeConfigurationMethod(Invoker.java:455)
	at org.testng.internal.Invoker.invokeConfigurations(Invoker.java:222)
	at org.testng.internal.Invoker.invokeConfigurations(Invoker.java:142)
	at org.testng.SuiteRunner.privateRun(SuiteRunner.java:401)
	at org.testng.SuiteRunner.run(SuiteRunner.java:364)
	at org.testng.SuiteRunnerWorker.runSuite(SuiteRunnerWorker.java:52)
	at org.testng.SuiteRunnerWorker.run(SuiteRunnerWorker.java:84)
	at org.testng.TestNG.runSuitesSequentially(TestNG.java:1208)
	at org.testng.TestNG.runSuitesLocally(TestNG.java:1137)
	at org.testng.TestNG.runSuites(TestNG.java:1049)
	at org.testng.TestNG.run(TestNG.java:1017)
	at org.testng.remote.AbstractRemoteTestNG.run(AbstractRemoteTestNG.java:115)
	at org.testng.remote.RemoteTestNG.initAndRun(RemoteTestNG.java:251)
	at org.testng.remote.RemoteTestNG.main(RemoteTestNG.java:77)

2022-04-25 12:17:35,194 [main] INFO com.utils.ExcelUtility - java.lang.NullPointerException
	at com.utils.ExcelUtility.getCellData(ExcelUtility.java:311)
	at com.utils._masterVO.loadGatewayCases(_masterVO.java:115)
	at com.utils._masterVO.loadExternalServices(_masterVO.java:448)
	at com.utils._masterVO.loadVO(_masterVO.java:81)
	at com.classes.BaseTest.setupReporter(BaseTest.java:85)
	at sun.reflect.NativeMethodAccessorImpl.invoke0(Native Method)
	at sun.reflect.NativeMethodAccessorImpl.invoke(Unknown Source)
	at sun.reflect.DelegatingMethodAccessorImpl.invoke(Unknown Source)
	at java.lang.reflect.Method.invoke(Unknown Source)
	at org.testng.internal.MethodInvocationHelper.invokeMethod(MethodInvocationHelper.java:124)
	at org.testng.internal.MethodInvocationHelper.invokeMethodConsideringTimeout(MethodInvocationHelper.java:59)
	at org.testng.internal.Invoker.invokeConfigurationMethod(Invoker.java:455)
	at org.testng.internal.Invoker.invokeConfigurations(Invoker.java:222)
	at org.testng.internal.Invoker.invokeConfigurations(Invoker.java:142)
	at org.testng.SuiteRunner.privateRun(SuiteRunner.java:401)
	at org.testng.SuiteRunner.run(SuiteRunner.java:364)
	at org.testng.SuiteRunnerWorker.runSuite(SuiteRunnerWorker.java:52)
	at org.testng.SuiteRunnerWorker.run(SuiteRunnerWorker.java:84)
	at org.testng.TestNG.runSuitesSequentially(TestNG.java:1208)
	at org.testng.TestNG.runSuitesLocally(TestNG.java:1137)
	at org.testng.TestNG.runSuites(TestNG.java:1049)
	at org.testng.TestNG.run(TestNG.java:1017)
	at org.testng.remote.AbstractRemoteTestNG.run(AbstractRemoteTestNG.java:115)
	at org.testng.remote.RemoteTestNG.initAndRun(RemoteTestNG.java:251)
	at org.testng.remote.RemoteTestNG.main(RemoteTestNG.java:77)

2022-04-25 12:17:35,197 [main] INFO com.utils.ExcelUtility - java.lang.NullPointerException
	at com.utils.ExcelUtility.getCellData(ExcelUtility.java:311)
	at com.utils._masterVO.loadGatewayCases(_masterVO.java:115)
	at com.utils._masterVO.loadExternalServices(_masterVO.java:448)
	at com.utils._masterVO.loadVO(_masterVO.java:81)
	at com.classes.BaseTest.setupReporter(BaseTest.java:85)
	at sun.reflect.NativeMethodAccessorImpl.invoke0(Native Method)
	at sun.reflect.NativeMethodAccessorImpl.invoke(Unknown Source)
	at sun.reflect.DelegatingMethodAccessorImpl.invoke(Unknown Source)
	at java.lang.reflect.Method.invoke(Unknown Source)
	at org.testng.internal.MethodInvocationHelper.invokeMethod(MethodInvocationHelper.java:124)
	at org.testng.internal.MethodInvocationHelper.invokeMethodConsideringTimeout(MethodInvocationHelper.java:59)
	at org.testng.internal.Invoker.invokeConfigurationMethod(Invoker.java:455)
	at org.testng.internal.Invoker.invokeConfigurations(Invoker.java:222)
	at org.testng.internal.Invoker.invokeConfigurations(Invoker.java:142)
	at org.testng.SuiteRunner.privateRun(SuiteRunner.java:401)
	at org.testng.SuiteRunner.run(SuiteRunner.java:364)
	at org.testng.SuiteRunnerWorker.runSuite(SuiteRunnerWorker.java:52)
	at org.testng.SuiteRunnerWorker.run(SuiteRunnerWorker.java:84)
	at org.testng.TestNG.runSuitesSequentially(TestNG.java:1208)
	at org.testng.TestNG.runSuitesLocally(TestNG.java:1137)
	at org.testng.TestNG.runSuites(TestNG.java:1049)
	at org.testng.TestNG.run(TestNG.java:1017)
	at org.testng.remote.AbstractRemoteTestNG.run(AbstractRemoteTestNG.java:115)
	at org.testng.remote.RemoteTestNG.initAndRun(RemoteTestNG.java:251)
	at org.testng.remote.RemoteTestNG.main(RemoteTestNG.java:77)

2022-04-25 12:17:35,197 [main] INFO com.utils.ExcelUtility - java.lang.NullPointerException
	at com.utils.ExcelUtility.getCellData(ExcelUtility.java:311)
	at com.utils._masterVO.loadGatewayCases(_masterVO.java:115)
	at com.utils._masterVO.loadExternalServices(_masterVO.java:448)
	at com.utils._masterVO.loadVO(_masterVO.java:81)
	at com.classes.BaseTest.setupReporter(BaseTest.java:85)
	at sun.reflect.NativeMethodAccessorImpl.invoke0(Native Method)
	at sun.reflect.NativeMethodAccessorImpl.invoke(Unknown Source)
	at sun.reflect.DelegatingMethodAccessorImpl.invoke(Unknown Source)
	at java.lang.reflect.Method.invoke(Unknown Source)
	at org.testng.internal.MethodInvocationHelper.invokeMethod(MethodInvocationHelper.java:124)
	at org.testng.internal.MethodInvocationHelper.invokeMethodConsideringTimeout(MethodInvocationHelper.java:59)
	at org.testng.internal.Invoker.invokeConfigurationMethod(Invoker.java:455)
	at org.testng.internal.Invoker.invokeConfigurations(Invoker.java:222)
	at org.testng.internal.Invoker.invokeConfigurations(Invoker.java:142)
	at org.testng.SuiteRunner.privateRun(SuiteRunner.java:401)
	at org.testng.SuiteRunner.run(SuiteRunner.java:364)
	at org.testng.SuiteRunnerWorker.runSuite(SuiteRunnerWorker.java:52)
	at org.testng.SuiteRunnerWorker.run(SuiteRunnerWorker.java:84)
	at org.testng.TestNG.runSuitesSequentially(TestNG.java:1208)
	at org.testng.TestNG.runSuitesLocally(TestNG.java:1137)
	at org.testng.TestNG.runSuites(TestNG.java:1049)
	at org.testng.TestNG.run(TestNG.java:1017)
	at org.testng.remote.AbstractRemoteTestNG.run(AbstractRemoteTestNG.java:115)
	at org.testng.remote.RemoteTestNG.initAndRun(RemoteTestNG.java:251)
	at org.testng.remote.RemoteTestNG.main(RemoteTestNG.java:77)

2022-04-25 12:17:35,198 [main] INFO com.utils.ExcelUtility - java.lang.NullPointerException
	at com.utils.ExcelUtility.getCellData(ExcelUtility.java:311)
	at com.utils._masterVO.loadGatewayCases(_masterVO.java:115)
	at com.utils._masterVO.loadExternalServices(_masterVO.java:448)
	at com.utils._masterVO.loadVO(_masterVO.java:81)
	at com.classes.BaseTest.setupReporter(BaseTest.java:85)
	at sun.reflect.NativeMethodAccessorImpl.invoke0(Native Method)
	at sun.reflect.NativeMethodAccessorImpl.invoke(Unknown Source)
	at sun.reflect.DelegatingMethodAccessorImpl.invoke(Unknown Source)
	at java.lang.reflect.Method.invoke(Unknown Source)
	at org.testng.internal.MethodInvocationHelper.invokeMethod(MethodInvocationHelper.java:124)
	at org.testng.internal.MethodInvocationHelper.invokeMethodConsideringTimeout(MethodInvocationHelper.java:59)
	at org.testng.internal.Invoker.invokeConfigurationMethod(Invoker.java:455)
	at org.testng.internal.Invoker.invokeConfigurations(Invoker.java:222)
	at org.testng.internal.Invoker.invokeConfigurations(Invoker.java:142)
	at org.testng.SuiteRunner.privateRun(SuiteRunner.java:401)
	at org.testng.SuiteRunner.run(SuiteRunner.java:364)
	at org.testng.SuiteRunnerWorker.runSuite(SuiteRunnerWorker.java:52)
	at org.testng.SuiteRunnerWorker.run(SuiteRunnerWorker.java:84)
	at org.testng.TestNG.runSuitesSequentially(TestNG.java:1208)
	at org.testng.TestNG.runSuitesLocally(TestNG.java:1137)
	at org.testng.TestNG.runSuites(TestNG.java:1049)
	at org.testng.TestNG.run(TestNG.java:1017)
	at org.testng.remote.AbstractRemoteTestNG.run(AbstractRemoteTestNG.java:115)
	at org.testng.remote.RemoteTestNG.initAndRun(RemoteTestNG.java:251)
	at org.testng.remote.RemoteTestNG.main(RemoteTestNG.java:77)

2022-04-25 12:17:35,199 [main] INFO com.utils.ExcelUtility - java.lang.NullPointerException
	at com.utils.ExcelUtility.getCellData(ExcelUtility.java:311)
	at com.utils._masterVO.loadGatewayCases(_masterVO.java:115)
	at com.utils._masterVO.loadExternalServices(_masterVO.java:448)
	at com.utils._masterVO.loadVO(_masterVO.java:81)
	at com.classes.BaseTest.setupReporter(BaseTest.java:85)
	at sun.reflect.NativeMethodAccessorImpl.invoke0(Native Method)
	at sun.reflect.NativeMethodAccessorImpl.invoke(Unknown Source)
	at sun.reflect.DelegatingMethodAccessorImpl.invoke(Unknown Source)
	at java.lang.reflect.Method.invoke(Unknown Source)
	at org.testng.internal.MethodInvocationHelper.invokeMethod(MethodInvocationHelper.java:124)
	at org.testng.internal.MethodInvocationHelper.invokeMethodConsideringTimeout(MethodInvocationHelper.java:59)
	at org.testng.internal.Invoker.invokeConfigurationMethod(Invoker.java:455)
	at org.testng.internal.Invoker.invokeConfigurations(Invoker.java:222)
	at org.testng.internal.Invoker.invokeConfigurations(Invoker.java:142)
	at org.testng.SuiteRunner.privateRun(SuiteRunner.java:401)
	at org.testng.SuiteRunner.run(SuiteRunner.java:364)
	at org.testng.SuiteRunnerWorker.runSuite(SuiteRunnerWorker.java:52)
	at org.testng.SuiteRunnerWorker.run(SuiteRunnerWorker.java:84)
	at org.testng.TestNG.runSuitesSequentially(TestNG.java:1208)
	at org.testng.TestNG.runSuitesLocally(TestNG.java:1137)
	at org.testng.TestNG.runSuites(TestNG.java:1049)
	at org.testng.TestNG.run(TestNG.java:1017)
	at org.testng.remote.AbstractRemoteTestNG.run(AbstractRemoteTestNG.java:115)
	at org.testng.remote.RemoteTestNG.initAndRun(RemoteTestNG.java:251)
	at org.testng.remote.RemoteTestNG.main(RemoteTestNG.java:77)

2022-04-25 12:17:35,222 [main] INFO com.utils.ExcelUtility - java.lang.NullPointerException
	at com.utils.ExcelUtility.getCellData(ExcelUtility.java:311)
	at com.utils._masterVO.loadGatewayCases(_masterVO.java:115)
	at com.utils._masterVO.loadExternalServices(_masterVO.java:448)
	at com.utils._masterVO.loadVO(_masterVO.java:81)
	at com.classes.BaseTest.setupReporter(BaseTest.java:85)
	at sun.reflect.NativeMethodAccessorImpl.invoke0(Native Method)
	at sun.reflect.NativeMethodAccessorImpl.invoke(Unknown Source)
	at sun.reflect.DelegatingMethodAccessorImpl.invoke(Unknown Source)
	at java.lang.reflect.Method.invoke(Unknown Source)
	at org.testng.internal.MethodInvocationHelper.invokeMethod(MethodInvocationHelper.java:124)
	at org.testng.internal.MethodInvocationHelper.invokeMethodConsideringTimeout(MethodInvocationHelper.java:59)
	at org.testng.internal.Invoker.invokeConfigurationMethod(Invoker.java:455)
	at org.testng.internal.Invoker.invokeConfigurations(Invoker.java:222)
	at org.testng.internal.Invoker.invokeConfigurations(Invoker.java:142)
	at org.testng.SuiteRunner.privateRun(SuiteRunner.java:401)
	at org.testng.SuiteRunner.run(SuiteRunner.java:364)
	at org.testng.SuiteRunnerWorker.runSuite(SuiteRunnerWorker.java:52)
	at org.testng.SuiteRunnerWorker.run(SuiteRunnerWorker.java:84)
	at org.testng.TestNG.runSuitesSequentially(TestNG.java:1208)
	at org.testng.TestNG.runSuitesLocally(TestNG.java:1137)
	at org.testng.TestNG.runSuites(TestNG.java:1049)
	at org.testng.TestNG.run(TestNG.java:1017)
	at org.testng.remote.AbstractRemoteTestNG.run(AbstractRemoteTestNG.java:115)
	at org.testng.remote.RemoteTestNG.initAndRun(RemoteTestNG.java:251)
	at org.testng.remote.RemoteTestNG.main(RemoteTestNG.java:77)

2022-04-25 12:17:35,222 [main] INFO com.utils.ExcelUtility - java.lang.NullPointerException
	at com.utils.ExcelUtility.getCellData(ExcelUtility.java:311)
	at com.utils._masterVO.loadGatewayCases(_masterVO.java:115)
	at com.utils._masterVO.loadExternalServices(_masterVO.java:448)
	at com.utils._masterVO.loadVO(_masterVO.java:81)
	at com.classes.BaseTest.setupReporter(BaseTest.java:85)
	at sun.reflect.NativeMethodAccessorImpl.invoke0(Native Method)
	at sun.reflect.NativeMethodAccessorImpl.invoke(Unknown Source)
	at sun.reflect.DelegatingMethodAccessorImpl.invoke(Unknown Source)
	at java.lang.reflect.Method.invoke(Unknown Source)
	at org.testng.internal.MethodInvocationHelper.invokeMethod(MethodInvocationHelper.java:124)
	at org.testng.internal.MethodInvocationHelper.invokeMethodConsideringTimeout(MethodInvocationHelper.java:59)
	at org.testng.internal.Invoker.invokeConfigurationMethod(Invoker.java:455)
	at org.testng.internal.Invoker.invokeConfigurations(Invoker.java:222)
	at org.testng.internal.Invoker.invokeConfigurations(Invoker.java:142)
	at org.testng.SuiteRunner.privateRun(SuiteRunner.java:401)
	at org.testng.SuiteRunner.run(SuiteRunner.java:364)
	at org.testng.SuiteRunnerWorker.runSuite(SuiteRunnerWorker.java:52)
	at org.testng.SuiteRunnerWorker.run(SuiteRunnerWorker.java:84)
	at org.testng.TestNG.runSuitesSequentially(TestNG.java:1208)
	at org.testng.TestNG.runSuitesLocally(TestNG.java:1137)
	at org.testng.TestNG.runSuites(TestNG.java:1049)
	at org.testng.TestNG.run(TestNG.java:1017)
	at org.testng.remote.AbstractRemoteTestNG.run(AbstractRemoteTestNG.java:115)
	at org.testng.remote.RemoteTestNG.initAndRun(RemoteTestNG.java:251)
	at org.testng.remote.RemoteTestNG.main(RemoteTestNG.java:77)

2022-04-25 12:17:35,226 [main] INFO com.utils.ExcelUtility - java.lang.NullPointerException
	at com.utils.ExcelUtility.getCellData(ExcelUtility.java:311)
	at com.utils._masterVO.loadGatewayCases(_masterVO.java:115)
	at com.utils._masterVO.loadExternalServices(_masterVO.java:448)
	at com.utils._masterVO.loadVO(_masterVO.java:81)
	at com.classes.BaseTest.setupReporter(BaseTest.java:85)
	at sun.reflect.NativeMethodAccessorImpl.invoke0(Native Method)
	at sun.reflect.NativeMethodAccessorImpl.invoke(Unknown Source)
	at sun.reflect.DelegatingMethodAccessorImpl.invoke(Unknown Source)
	at java.lang.reflect.Method.invoke(Unknown Source)
	at org.testng.internal.MethodInvocationHelper.invokeMethod(MethodInvocationHelper.java:124)
	at org.testng.internal.MethodInvocationHelper.invokeMethodConsideringTimeout(MethodInvocationHelper.java:59)
	at org.testng.internal.Invoker.invokeConfigurationMethod(Invoker.java:455)
	at org.testng.internal.Invoker.invokeConfigurations(Invoker.java:222)
	at org.testng.internal.Invoker.invokeConfigurations(Invoker.java:142)
	at org.testng.SuiteRunner.privateRun(SuiteRunner.java:401)
	at org.testng.SuiteRunner.run(SuiteRunner.java:364)
	at org.testng.SuiteRunnerWorker.runSuite(SuiteRunnerWorker.java:52)
	at org.testng.SuiteRunnerWorker.run(SuiteRunnerWorker.java:84)
	at org.testng.TestNG.runSuitesSequentially(TestNG.java:1208)
	at org.testng.TestNG.runSuitesLocally(TestNG.java:1137)
	at org.testng.TestNG.runSuites(TestNG.java:1049)
	at org.testng.TestNG.run(TestNG.java:1017)
	at org.testng.remote.AbstractRemoteTestNG.run(AbstractRemoteTestNG.java:115)
	at org.testng.remote.RemoteTestNG.initAndRun(RemoteTestNG.java:251)
	at org.testng.remote.RemoteTestNG.main(RemoteTestNG.java:77)

2022-04-25 12:17:35,227 [main] INFO com.utils.ExcelUtility - java.lang.NullPointerException
	at com.utils.ExcelUtility.getCellData(ExcelUtility.java:311)
	at com.utils._masterVO.loadGatewayCases(_masterVO.java:115)
	at com.utils._masterVO.loadExternalServices(_masterVO.java:448)
	at com.utils._masterVO.loadVO(_masterVO.java:81)
	at com.classes.BaseTest.setupReporter(BaseTest.java:85)
	at sun.reflect.NativeMethodAccessorImpl.invoke0(Native Method)
	at sun.reflect.NativeMethodAccessorImpl.invoke(Unknown Source)
	at sun.reflect.DelegatingMethodAccessorImpl.invoke(Unknown Source)
	at java.lang.reflect.Method.invoke(Unknown Source)
	at org.testng.internal.MethodInvocationHelper.invokeMethod(MethodInvocationHelper.java:124)
	at org.testng.internal.MethodInvocationHelper.invokeMethodConsideringTimeout(MethodInvocationHelper.java:59)
	at org.testng.internal.Invoker.invokeConfigurationMethod(Invoker.java:455)
	at org.testng.internal.Invoker.invokeConfigurations(Invoker.java:222)
	at org.testng.internal.Invoker.invokeConfigurations(Invoker.java:142)
	at org.testng.SuiteRunner.privateRun(SuiteRunner.java:401)
	at org.testng.SuiteRunner.run(SuiteRunner.java:364)
	at org.testng.SuiteRunnerWorker.runSuite(SuiteRunnerWorker.java:52)
	at org.testng.SuiteRunnerWorker.run(SuiteRunnerWorker.java:84)
	at org.testng.TestNG.runSuitesSequentially(TestNG.java:1208)
	at org.testng.TestNG.runSuitesLocally(TestNG.java:1137)
	at org.testng.TestNG.runSuites(TestNG.java:1049)
	at org.testng.TestNG.run(TestNG.java:1017)
	at org.testng.remote.AbstractRemoteTestNG.run(AbstractRemoteTestNG.java:115)
	at org.testng.remote.RemoteTestNG.initAndRun(RemoteTestNG.java:251)
	at org.testng.remote.RemoteTestNG.main(RemoteTestNG.java:77)

2022-04-25 12:17:35,227 [main] INFO com.utils.ExcelUtility - java.lang.NullPointerException
	at com.utils.ExcelUtility.getCellData(ExcelUtility.java:311)
	at com.utils._masterVO.loadGatewayCases(_masterVO.java:115)
	at com.utils._masterVO.loadExternalServices(_masterVO.java:448)
	at com.utils._masterVO.loadVO(_masterVO.java:81)
	at com.classes.BaseTest.setupReporter(BaseTest.java:85)
	at sun.reflect.NativeMethodAccessorImpl.invoke0(Native Method)
	at sun.reflect.NativeMethodAccessorImpl.invoke(Unknown Source)
	at sun.reflect.DelegatingMethodAccessorImpl.invoke(Unknown Source)
	at java.lang.reflect.Method.invoke(Unknown Source)
	at org.testng.internal.MethodInvocationHelper.invokeMethod(MethodInvocationHelper.java:124)
	at org.testng.internal.MethodInvocationHelper.invokeMethodConsideringTimeout(MethodInvocationHelper.java:59)
	at org.testng.internal.Invoker.invokeConfigurationMethod(Invoker.java:455)
	at org.testng.internal.Invoker.invokeConfigurations(Invoker.java:222)
	at org.testng.internal.Invoker.invokeConfigurations(Invoker.java:142)
	at org.testng.SuiteRunner.privateRun(SuiteRunner.java:401)
	at org.testng.SuiteRunner.run(SuiteRunner.java:364)
	at org.testng.SuiteRunnerWorker.runSuite(SuiteRunnerWorker.java:52)
	at org.testng.SuiteRunnerWorker.run(SuiteRunnerWorker.java:84)
	at org.testng.TestNG.runSuitesSequentially(TestNG.java:1208)
	at org.testng.TestNG.runSuitesLocally(TestNG.java:1137)
	at org.testng.TestNG.runSuites(TestNG.java:1049)
	at org.testng.TestNG.run(TestNG.java:1017)
	at org.testng.remote.AbstractRemoteTestNG.run(AbstractRemoteTestNG.java:115)
	at org.testng.remote.RemoteTestNG.initAndRun(RemoteTestNG.java:251)
	at org.testng.remote.RemoteTestNG.main(RemoteTestNG.java:77)

2022-04-25 12:17:35,228 [main] INFO com.utils.ExcelUtility - java.lang.NullPointerException
	at com.utils.ExcelUtility.getCellData(ExcelUtility.java:311)
	at com.utils._masterVO.loadGatewayCases(_masterVO.java:115)
	at com.utils._masterVO.loadExternalServices(_masterVO.java:448)
	at com.utils._masterVO.loadVO(_masterVO.java:81)
	at com.classes.BaseTest.setupReporter(BaseTest.java:85)
	at sun.reflect.NativeMethodAccessorImpl.invoke0(Native Method)
	at sun.reflect.NativeMethodAccessorImpl.invoke(Unknown Source)
	at sun.reflect.DelegatingMethodAccessorImpl.invoke(Unknown Source)
	at java.lang.reflect.Method.invoke(Unknown Source)
	at org.testng.internal.MethodInvocationHelper.invokeMethod(MethodInvocationHelper.java:124)
	at org.testng.internal.MethodInvocationHelper.invokeMethodConsideringTimeout(MethodInvocationHelper.java:59)
	at org.testng.internal.Invoker.invokeConfigurationMethod(Invoker.java:455)
	at org.testng.internal.Invoker.invokeConfigurations(Invoker.java:222)
	at org.testng.internal.Invoker.invokeConfigurations(Invoker.java:142)
	at org.testng.SuiteRunner.privateRun(SuiteRunner.java:401)
	at org.testng.SuiteRunner.run(SuiteRunner.java:364)
	at org.testng.SuiteRunnerWorker.runSuite(SuiteRunnerWorker.java:52)
	at org.testng.SuiteRunnerWorker.run(SuiteRunnerWorker.java:84)
	at org.testng.TestNG.runSuitesSequentially(TestNG.java:1208)
	at org.testng.TestNG.runSuitesLocally(TestNG.java:1137)
	at org.testng.TestNG.runSuites(TestNG.java:1049)
	at org.testng.TestNG.run(TestNG.java:1017)
	at org.testng.remote.AbstractRemoteTestNG.run(AbstractRemoteTestNG.java:115)
	at org.testng.remote.RemoteTestNG.initAndRun(RemoteTestNG.java:251)
	at org.testng.remote.RemoteTestNG.main(RemoteTestNG.java:77)

2022-04-25 12:17:35,228 [main] INFO com.utils.ExcelUtility - java.lang.NullPointerException
	at com.utils.ExcelUtility.getCellData(ExcelUtility.java:311)
	at com.utils._masterVO.loadGatewayCases(_masterVO.java:115)
	at com.utils._masterVO.loadExternalServices(_masterVO.java:448)
	at com.utils._masterVO.loadVO(_masterVO.java:81)
	at com.classes.BaseTest.setupReporter(BaseTest.java:85)
	at sun.reflect.NativeMethodAccessorImpl.invoke0(Native Method)
	at sun.reflect.NativeMethodAccessorImpl.invoke(Unknown Source)
	at sun.reflect.DelegatingMethodAccessorImpl.invoke(Unknown Source)
	at java.lang.reflect.Method.invoke(Unknown Source)
	at org.testng.internal.MethodInvocationHelper.invokeMethod(MethodInvocationHelper.java:124)
	at org.testng.internal.MethodInvocationHelper.invokeMethodConsideringTimeout(MethodInvocationHelper.java:59)
	at org.testng.internal.Invoker.invokeConfigurationMethod(Invoker.java:455)
	at org.testng.internal.Invoker.invokeConfigurations(Invoker.java:222)
	at org.testng.internal.Invoker.invokeConfigurations(Invoker.java:142)
	at org.testng.SuiteRunner.privateRun(SuiteRunner.java:401)
	at org.testng.SuiteRunner.run(SuiteRunner.java:364)
	at org.testng.SuiteRunnerWorker.runSuite(SuiteRunnerWorker.java:52)
	at org.testng.SuiteRunnerWorker.run(SuiteRunnerWorker.java:84)
	at org.testng.TestNG.runSuitesSequentially(TestNG.java:1208)
	at org.testng.TestNG.runSuitesLocally(TestNG.java:1137)
	at org.testng.TestNG.runSuites(TestNG.java:1049)
	at org.testng.TestNG.run(TestNG.java:1017)
	at org.testng.remote.AbstractRemoteTestNG.run(AbstractRemoteTestNG.java:115)
	at org.testng.remote.RemoteTestNG.initAndRun(RemoteTestNG.java:251)
	at org.testng.remote.RemoteTestNG.main(RemoteTestNG.java:77)

2022-04-25 12:17:35,229 [main] INFO com.utils.ExcelUtility - java.lang.NullPointerException
	at com.utils.ExcelUtility.getCellData(ExcelUtility.java:311)
	at com.utils._masterVO.loadGatewayCases(_masterVO.java:115)
	at com.utils._masterVO.loadExternalServices(_masterVO.java:448)
	at com.utils._masterVO.loadVO(_masterVO.java:81)
	at com.classes.BaseTest.setupReporter(BaseTest.java:85)
	at sun.reflect.NativeMethodAccessorImpl.invoke0(Native Method)
	at sun.reflect.NativeMethodAccessorImpl.invoke(Unknown Source)
	at sun.reflect.DelegatingMethodAccessorImpl.invoke(Unknown Source)
	at java.lang.reflect.Method.invoke(Unknown Source)
	at org.testng.internal.MethodInvocationHelper.invokeMethod(MethodInvocationHelper.java:124)
	at org.testng.internal.MethodInvocationHelper.invokeMethodConsideringTimeout(MethodInvocationHelper.java:59)
	at org.testng.internal.Invoker.invokeConfigurationMethod(Invoker.java:455)
	at org.testng.internal.Invoker.invokeConfigurations(Invoker.java:222)
	at org.testng.internal.Invoker.invokeConfigurations(Invoker.java:142)
	at org.testng.SuiteRunner.privateRun(SuiteRunner.java:401)
	at org.testng.SuiteRunner.run(SuiteRunner.java:364)
	at org.testng.SuiteRunnerWorker.runSuite(SuiteRunnerWorker.java:52)
	at org.testng.SuiteRunnerWorker.run(SuiteRunnerWorker.java:84)
	at org.testng.TestNG.runSuitesSequentially(TestNG.java:1208)
	at org.testng.TestNG.runSuitesLocally(TestNG.java:1137)
	at org.testng.TestNG.runSuites(TestNG.java:1049)
	at org.testng.TestNG.run(TestNG.java:1017)
	at org.testng.remote.AbstractRemoteTestNG.run(AbstractRemoteTestNG.java:115)
	at org.testng.remote.RemoteTestNG.initAndRun(RemoteTestNG.java:251)
	at org.testng.remote.RemoteTestNG.main(RemoteTestNG.java:77)

2022-04-25 12:17:35,229 [main] INFO com.utils.ExcelUtility - java.lang.NullPointerException
	at com.utils.ExcelUtility.getCellData(ExcelUtility.java:311)
	at com.utils._masterVO.loadGatewayCases(_masterVO.java:115)
	at com.utils._masterVO.loadExternalServices(_masterVO.java:448)
	at com.utils._masterVO.loadVO(_masterVO.java:81)
	at com.classes.BaseTest.setupReporter(BaseTest.java:85)
	at sun.reflect.NativeMethodAccessorImpl.invoke0(Native Method)
	at sun.reflect.NativeMethodAccessorImpl.invoke(Unknown Source)
	at sun.reflect.DelegatingMethodAccessorImpl.invoke(Unknown Source)
	at java.lang.reflect.Method.invoke(Unknown Source)
	at org.testng.internal.MethodInvocationHelper.invokeMethod(MethodInvocationHelper.java:124)
	at org.testng.internal.MethodInvocationHelper.invokeMethodConsideringTimeout(MethodInvocationHelper.java:59)
	at org.testng.internal.Invoker.invokeConfigurationMethod(Invoker.java:455)
	at org.testng.internal.Invoker.invokeConfigurations(Invoker.java:222)
	at org.testng.internal.Invoker.invokeConfigurations(Invoker.java:142)
	at org.testng.SuiteRunner.privateRun(SuiteRunner.java:401)
	at org.testng.SuiteRunner.run(SuiteRunner.java:364)
	at org.testng.SuiteRunnerWorker.runSuite(SuiteRunnerWorker.java:52)
	at org.testng.SuiteRunnerWorker.run(SuiteRunnerWorker.java:84)
	at org.testng.TestNG.runSuitesSequentially(TestNG.java:1208)
	at org.testng.TestNG.runSuitesLocally(TestNG.java:1137)
	at org.testng.TestNG.runSuites(TestNG.java:1049)
	at org.testng.TestNG.run(TestNG.java:1017)
	at org.testng.remote.AbstractRemoteTestNG.run(AbstractRemoteTestNG.java:115)
	at org.testng.remote.RemoteTestNG.initAndRun(RemoteTestNG.java:251)
	at org.testng.remote.RemoteTestNG.main(RemoteTestNG.java:77)

2022-04-25 12:17:35,230 [main] INFO com.utils.ExcelUtility - java.lang.NullPointerException
	at com.utils.ExcelUtility.getCellData(ExcelUtility.java:311)
	at com.utils._masterVO.loadGatewayCases(_masterVO.java:115)
	at com.utils._masterVO.loadExternalServices(_masterVO.java:448)
	at com.utils._masterVO.loadVO(_masterVO.java:81)
	at com.classes.BaseTest.setupReporter(BaseTest.java:85)
	at sun.reflect.NativeMethodAccessorImpl.invoke0(Native Method)
	at sun.reflect.NativeMethodAccessorImpl.invoke(Unknown Source)
	at sun.reflect.DelegatingMethodAccessorImpl.invoke(Unknown Source)
	at java.lang.reflect.Method.invoke(Unknown Source)
	at org.testng.internal.MethodInvocationHelper.invokeMethod(MethodInvocationHelper.java:124)
	at org.testng.internal.MethodInvocationHelper.invokeMethodConsideringTimeout(MethodInvocationHelper.java:59)
	at org.testng.internal.Invoker.invokeConfigurationMethod(Invoker.java:455)
	at org.testng.internal.Invoker.invokeConfigurations(Invoker.java:222)
	at org.testng.internal.Invoker.invokeConfigurations(Invoker.java:142)
	at org.testng.SuiteRunner.privateRun(SuiteRunner.java:401)
	at org.testng.SuiteRunner.run(SuiteRunner.java:364)
	at org.testng.SuiteRunnerWorker.runSuite(SuiteRunnerWorker.java:52)
	at org.testng.SuiteRunnerWorker.run(SuiteRunnerWorker.java:84)
	at org.testng.TestNG.runSuitesSequentially(TestNG.java:1208)
	at org.testng.TestNG.runSuitesLocally(TestNG.java:1137)
	at org.testng.TestNG.runSuites(TestNG.java:1049)
	at org.testng.TestNG.run(TestNG.java:1017)
	at org.testng.remote.AbstractRemoteTestNG.run(AbstractRemoteTestNG.java:115)
	at org.testng.remote.RemoteTestNG.initAndRun(RemoteTestNG.java:251)
	at org.testng.remote.RemoteTestNG.main(RemoteTestNG.java:77)

2022-04-25 12:17:35,230 [main] INFO com.utils.ExcelUtility - java.lang.NullPointerException
	at com.utils.ExcelUtility.getCellData(ExcelUtility.java:311)
	at com.utils._masterVO.loadGatewayCases(_masterVO.java:115)
	at com.utils._masterVO.loadExternalServices(_masterVO.java:448)
	at com.utils._masterVO.loadVO(_masterVO.java:81)
	at com.classes.BaseTest.setupReporter(BaseTest.java:85)
	at sun.reflect.NativeMethodAccessorImpl.invoke0(Native Method)
	at sun.reflect.NativeMethodAccessorImpl.invoke(Unknown Source)
	at sun.reflect.DelegatingMethodAccessorImpl.invoke(Unknown Source)
	at java.lang.reflect.Method.invoke(Unknown Source)
	at org.testng.internal.MethodInvocationHelper.invokeMethod(MethodInvocationHelper.java:124)
	at org.testng.internal.MethodInvocationHelper.invokeMethodConsideringTimeout(MethodInvocationHelper.java:59)
	at org.testng.internal.Invoker.invokeConfigurationMethod(Invoker.java:455)
	at org.testng.internal.Invoker.invokeConfigurations(Invoker.java:222)
	at org.testng.internal.Invoker.invokeConfigurations(Invoker.java:142)
	at org.testng.SuiteRunner.privateRun(SuiteRunner.java:401)
	at org.testng.SuiteRunner.run(SuiteRunner.java:364)
	at org.testng.SuiteRunnerWorker.runSuite(SuiteRunnerWorker.java:52)
	at org.testng.SuiteRunnerWorker.run(SuiteRunnerWorker.java:84)
	at org.testng.TestNG.runSuitesSequentially(TestNG.java:1208)
	at org.testng.TestNG.runSuitesLocally(TestNG.java:1137)
	at org.testng.TestNG.runSuites(TestNG.java:1049)
	at org.testng.TestNG.run(TestNG.java:1017)
	at org.testng.remote.AbstractRemoteTestNG.run(AbstractRemoteTestNG.java:115)
	at org.testng.remote.RemoteTestNG.initAndRun(RemoteTestNG.java:251)
	at org.testng.remote.RemoteTestNG.main(RemoteTestNG.java:77)

2022-04-25 12:17:35,231 [main] INFO com.utils.ExcelUtility - java.lang.NullPointerException
	at com.utils.ExcelUtility.getCellData(ExcelUtility.java:311)
	at com.utils._masterVO.loadGatewayCases(_masterVO.java:115)
	at com.utils._masterVO.loadExternalServices(_masterVO.java:448)
	at com.utils._masterVO.loadVO(_masterVO.java:81)
	at com.classes.BaseTest.setupReporter(BaseTest.java:85)
	at sun.reflect.NativeMethodAccessorImpl.invoke0(Native Method)
	at sun.reflect.NativeMethodAccessorImpl.invoke(Unknown Source)
	at sun.reflect.DelegatingMethodAccessorImpl.invoke(Unknown Source)
	at java.lang.reflect.Method.invoke(Unknown Source)
	at org.testng.internal.MethodInvocationHelper.invokeMethod(MethodInvocationHelper.java:124)
	at org.testng.internal.MethodInvocationHelper.invokeMethodConsideringTimeout(MethodInvocationHelper.java:59)
	at org.testng.internal.Invoker.invokeConfigurationMethod(Invoker.java:455)
	at org.testng.internal.Invoker.invokeConfigurations(Invoker.java:222)
	at org.testng.internal.Invoker.invokeConfigurations(Invoker.java:142)
	at org.testng.SuiteRunner.privateRun(SuiteRunner.java:401)
	at org.testng.SuiteRunner.run(SuiteRunner.java:364)
	at org.testng.SuiteRunnerWorker.runSuite(SuiteRunnerWorker.java:52)
	at org.testng.SuiteRunnerWorker.run(SuiteRunnerWorker.java:84)
	at org.testng.TestNG.runSuitesSequentially(TestNG.java:1208)
	at org.testng.TestNG.runSuitesLocally(TestNG.java:1137)
	at org.testng.TestNG.runSuites(TestNG.java:1049)
	at org.testng.TestNG.run(TestNG.java:1017)
	at org.testng.remote.AbstractRemoteTestNG.run(AbstractRemoteTestNG.java:115)
	at org.testng.remote.RemoteTestNG.initAndRun(RemoteTestNG.java:251)
	at org.testng.remote.RemoteTestNG.main(RemoteTestNG.java:77)

2022-04-25 12:17:35,232 [main] INFO com.utils.ExcelUtility - java.lang.NullPointerException
	at com.utils.ExcelUtility.getCellData(ExcelUtility.java:311)
	at com.utils._masterVO.loadGatewayCases(_masterVO.java:115)
	at com.utils._masterVO.loadExternalServices(_masterVO.java:448)
	at com.utils._masterVO.loadVO(_masterVO.java:81)
	at com.classes.BaseTest.setupReporter(BaseTest.java:85)
	at sun.reflect.NativeMethodAccessorImpl.invoke0(Native Method)
	at sun.reflect.NativeMethodAccessorImpl.invoke(Unknown Source)
	at sun.reflect.DelegatingMethodAccessorImpl.invoke(Unknown Source)
	at java.lang.reflect.Method.invoke(Unknown Source)
	at org.testng.internal.MethodInvocationHelper.invokeMethod(MethodInvocationHelper.java:124)
	at org.testng.internal.MethodInvocationHelper.invokeMethodConsideringTimeout(MethodInvocationHelper.java:59)
	at org.testng.internal.Invoker.invokeConfigurationMethod(Invoker.java:455)
	at org.testng.internal.Invoker.invokeConfigurations(Invoker.java:222)
	at org.testng.internal.Invoker.invokeConfigurations(Invoker.java:142)
	at org.testng.SuiteRunner.privateRun(SuiteRunner.java:401)
	at org.testng.SuiteRunner.run(SuiteRunner.java:364)
	at org.testng.SuiteRunnerWorker.runSuite(SuiteRunnerWorker.java:52)
	at org.testng.SuiteRunnerWorker.run(SuiteRunnerWorker.java:84)
	at org.testng.TestNG.runSuitesSequentially(TestNG.java:1208)
	at org.testng.TestNG.runSuitesLocally(TestNG.java:1137)
	at org.testng.TestNG.runSuites(TestNG.java:1049)
	at org.testng.TestNG.run(TestNG.java:1017)
	at org.testng.remote.AbstractRemoteTestNG.run(AbstractRemoteTestNG.java:115)
	at org.testng.remote.RemoteTestNG.initAndRun(RemoteTestNG.java:251)
	at org.testng.remote.RemoteTestNG.main(RemoteTestNG.java:77)

2022-04-25 12:17:35,233 [main] INFO com.utils.ExcelUtility - java.lang.NullPointerException
	at com.utils.ExcelUtility.getCellData(ExcelUtility.java:311)
	at com.utils._masterVO.loadGatewayCases(_masterVO.java:115)
	at com.utils._masterVO.loadExternalServices(_masterVO.java:448)
	at com.utils._masterVO.loadVO(_masterVO.java:81)
	at com.classes.BaseTest.setupReporter(BaseTest.java:85)
	at sun.reflect.NativeMethodAccessorImpl.invoke0(Native Method)
	at sun.reflect.NativeMethodAccessorImpl.invoke(Unknown Source)
	at sun.reflect.DelegatingMethodAccessorImpl.invoke(Unknown Source)
	at java.lang.reflect.Method.invoke(Unknown Source)
	at org.testng.internal.MethodInvocationHelper.invokeMethod(MethodInvocationHelper.java:124)
	at org.testng.internal.MethodInvocationHelper.invokeMethodConsideringTimeout(MethodInvocationHelper.java:59)
	at org.testng.internal.Invoker.invokeConfigurationMethod(Invoker.java:455)
	at org.testng.internal.Invoker.invokeConfigurations(Invoker.java:222)
	at org.testng.internal.Invoker.invokeConfigurations(Invoker.java:142)
	at org.testng.SuiteRunner.privateRun(SuiteRunner.java:401)
	at org.testng.SuiteRunner.run(SuiteRunner.java:364)
	at org.testng.SuiteRunnerWorker.runSuite(SuiteRunnerWorker.java:52)
	at org.testng.SuiteRunnerWorker.run(SuiteRunnerWorker.java:84)
	at org.testng.TestNG.runSuitesSequentially(TestNG.java:1208)
	at org.testng.TestNG.runSuitesLocally(TestNG.java:1137)
	at org.testng.TestNG.runSuites(TestNG.java:1049)
	at org.testng.TestNG.run(TestNG.java:1017)
	at org.testng.remote.AbstractRemoteTestNG.run(AbstractRemoteTestNG.java:115)
	at org.testng.remote.RemoteTestNG.initAndRun(RemoteTestNG.java:251)
	at org.testng.remote.RemoteTestNG.main(RemoteTestNG.java:77)

2022-04-25 12:17:35,233 [main] INFO com.utils.ExcelUtility - java.lang.NullPointerException
	at com.utils.ExcelUtility.getCellData(ExcelUtility.java:311)
	at com.utils._masterVO.loadGatewayCases(_masterVO.java:115)
	at com.utils._masterVO.loadExternalServices(_masterVO.java:448)
	at com.utils._masterVO.loadVO(_masterVO.java:81)
	at com.classes.BaseTest.setupReporter(BaseTest.java:85)
	at sun.reflect.NativeMethodAccessorImpl.invoke0(Native Method)
	at sun.reflect.NativeMethodAccessorImpl.invoke(Unknown Source)
	at sun.reflect.DelegatingMethodAccessorImpl.invoke(Unknown Source)
	at java.lang.reflect.Method.invoke(Unknown Source)
	at org.testng.internal.MethodInvocationHelper.invokeMethod(MethodInvocationHelper.java:124)
	at org.testng.internal.MethodInvocationHelper.invokeMethodConsideringTimeout(MethodInvocationHelper.java:59)
	at org.testng.internal.Invoker.invokeConfigurationMethod(Invoker.java:455)
	at org.testng.internal.Invoker.invokeConfigurations(Invoker.java:222)
	at org.testng.internal.Invoker.invokeConfigurations(Invoker.java:142)
	at org.testng.SuiteRunner.privateRun(SuiteRunner.java:401)
	at org.testng.SuiteRunner.run(SuiteRunner.java:364)
	at org.testng.SuiteRunnerWorker.runSuite(SuiteRunnerWorker.java:52)
	at org.testng.SuiteRunnerWorker.run(SuiteRunnerWorker.java:84)
	at org.testng.TestNG.runSuitesSequentially(TestNG.java:1208)
	at org.testng.TestNG.runSuitesLocally(TestNG.java:1137)
	at org.testng.TestNG.runSuites(TestNG.java:1049)
	at org.testng.TestNG.run(TestNG.java:1017)
	at org.testng.remote.AbstractRemoteTestNG.run(AbstractRemoteTestNG.java:115)
	at org.testng.remote.RemoteTestNG.initAndRun(RemoteTestNG.java:251)
	at org.testng.remote.RemoteTestNG.main(RemoteTestNG.java:77)

2022-04-25 12:17:35,234 [main] INFO com.utils.ExcelUtility - java.lang.NullPointerException
	at com.utils.ExcelUtility.getCellData(ExcelUtility.java:311)
	at com.utils._masterVO.loadGatewayCases(_masterVO.java:115)
	at com.utils._masterVO.loadExternalServices(_masterVO.java:448)
	at com.utils._masterVO.loadVO(_masterVO.java:81)
	at com.classes.BaseTest.setupReporter(BaseTest.java:85)
	at sun.reflect.NativeMethodAccessorImpl.invoke0(Native Method)
	at sun.reflect.NativeMethodAccessorImpl.invoke(Unknown Source)
	at sun.reflect.DelegatingMethodAccessorImpl.invoke(Unknown Source)
	at java.lang.reflect.Method.invoke(Unknown Source)
	at org.testng.internal.MethodInvocationHelper.invokeMethod(MethodInvocationHelper.java:124)
	at org.testng.internal.MethodInvocationHelper.invokeMethodConsideringTimeout(MethodInvocationHelper.java:59)
	at org.testng.internal.Invoker.invokeConfigurationMethod(Invoker.java:455)
	at org.testng.internal.Invoker.invokeConfigurations(Invoker.java:222)
	at org.testng.internal.Invoker.invokeConfigurations(Invoker.java:142)
	at org.testng.SuiteRunner.privateRun(SuiteRunner.java:401)
	at org.testng.SuiteRunner.run(SuiteRunner.java:364)
	at org.testng.SuiteRunnerWorker.runSuite(SuiteRunnerWorker.java:52)
	at org.testng.SuiteRunnerWorker.run(SuiteRunnerWorker.java:84)
	at org.testng.TestNG.runSuitesSequentially(TestNG.java:1208)
	at org.testng.TestNG.runSuitesLocally(TestNG.java:1137)
	at org.testng.TestNG.runSuites(TestNG.java:1049)
	at org.testng.TestNG.run(TestNG.java:1017)
	at org.testng.remote.AbstractRemoteTestNG.run(AbstractRemoteTestNG.java:115)
	at org.testng.remote.RemoteTestNG.initAndRun(RemoteTestNG.java:251)
	at org.testng.remote.RemoteTestNG.main(RemoteTestNG.java:77)

2022-04-25 12:17:35,234 [main] INFO com.utils.ExcelUtility - java.lang.NullPointerException
	at com.utils.ExcelUtility.getCellData(ExcelUtility.java:311)
	at com.utils._masterVO.loadGatewayCases(_masterVO.java:115)
	at com.utils._masterVO.loadExternalServices(_masterVO.java:448)
	at com.utils._masterVO.loadVO(_masterVO.java:81)
	at com.classes.BaseTest.setupReporter(BaseTest.java:85)
	at sun.reflect.NativeMethodAccessorImpl.invoke0(Native Method)
	at sun.reflect.NativeMethodAccessorImpl.invoke(Unknown Source)
	at sun.reflect.DelegatingMethodAccessorImpl.invoke(Unknown Source)
	at java.lang.reflect.Method.invoke(Unknown Source)
	at org.testng.internal.MethodInvocationHelper.invokeMethod(MethodInvocationHelper.java:124)
	at org.testng.internal.MethodInvocationHelper.invokeMethodConsideringTimeout(MethodInvocationHelper.java:59)
	at org.testng.internal.Invoker.invokeConfigurationMethod(Invoker.java:455)
	at org.testng.internal.Invoker.invokeConfigurations(Invoker.java:222)
	at org.testng.internal.Invoker.invokeConfigurations(Invoker.java:142)
	at org.testng.SuiteRunner.privateRun(SuiteRunner.java:401)
	at org.testng.SuiteRunner.run(SuiteRunner.java:364)
	at org.testng.SuiteRunnerWorker.runSuite(SuiteRunnerWorker.java:52)
	at org.testng.SuiteRunnerWorker.run(SuiteRunnerWorker.java:84)
	at org.testng.TestNG.runSuitesSequentially(TestNG.java:1208)
	at org.testng.TestNG.runSuitesLocally(TestNG.java:1137)
	at org.testng.TestNG.runSuites(TestNG.java:1049)
	at org.testng.TestNG.run(TestNG.java:1017)
	at org.testng.remote.AbstractRemoteTestNG.run(AbstractRemoteTestNG.java:115)
	at org.testng.remote.RemoteTestNG.initAndRun(RemoteTestNG.java:251)
	at org.testng.remote.RemoteTestNG.main(RemoteTestNG.java:77)

2022-04-25 12:17:35,235 [main] INFO com.utils.ExcelUtility - java.lang.NullPointerException
	at com.utils.ExcelUtility.getCellData(ExcelUtility.java:311)
	at com.utils._masterVO.loadGatewayCases(_masterVO.java:115)
	at com.utils._masterVO.loadExternalServices(_masterVO.java:448)
	at com.utils._masterVO.loadVO(_masterVO.java:81)
	at com.classes.BaseTest.setupReporter(BaseTest.java:85)
	at sun.reflect.NativeMethodAccessorImpl.invoke0(Native Method)
	at sun.reflect.NativeMethodAccessorImpl.invoke(Unknown Source)
	at sun.reflect.DelegatingMethodAccessorImpl.invoke(Unknown Source)
	at java.lang.reflect.Method.invoke(Unknown Source)
	at org.testng.internal.MethodInvocationHelper.invokeMethod(MethodInvocationHelper.java:124)
	at org.testng.internal.MethodInvocationHelper.invokeMethodConsideringTimeout(MethodInvocationHelper.java:59)
	at org.testng.internal.Invoker.invokeConfigurationMethod(Invoker.java:455)
	at org.testng.internal.Invoker.invokeConfigurations(Invoker.java:222)
	at org.testng.internal.Invoker.invokeConfigurations(Invoker.java:142)
	at org.testng.SuiteRunner.privateRun(SuiteRunner.java:401)
	at org.testng.SuiteRunner.run(SuiteRunner.java:364)
	at org.testng.SuiteRunnerWorker.runSuite(SuiteRunnerWorker.java:52)
	at org.testng.SuiteRunnerWorker.run(SuiteRunnerWorker.java:84)
	at org.testng.TestNG.runSuitesSequentially(TestNG.java:1208)
	at org.testng.TestNG.runSuitesLocally(TestNG.java:1137)
	at org.testng.TestNG.runSuites(TestNG.java:1049)
	at org.testng.TestNG.run(TestNG.java:1017)
	at org.testng.remote.AbstractRemoteTestNG.run(AbstractRemoteTestNG.java:115)
	at org.testng.remote.RemoteTestNG.initAndRun(RemoteTestNG.java:251)
	at org.testng.remote.RemoteTestNG.main(RemoteTestNG.java:77)

2022-04-25 12:17:35,235 [main] INFO com.utils.ExcelUtility - java.lang.NullPointerException
	at com.utils.ExcelUtility.getCellData(ExcelUtility.java:311)
	at com.utils._masterVO.loadGatewayCases(_masterVO.java:115)
	at com.utils._masterVO.loadExternalServices(_masterVO.java:448)
	at com.utils._masterVO.loadVO(_masterVO.java:81)
	at com.classes.BaseTest.setupReporter(BaseTest.java:85)
	at sun.reflect.NativeMethodAccessorImpl.invoke0(Native Method)
	at sun.reflect.NativeMethodAccessorImpl.invoke(Unknown Source)
	at sun.reflect.DelegatingMethodAccessorImpl.invoke(Unknown Source)
	at java.lang.reflect.Method.invoke(Unknown Source)
	at org.testng.internal.MethodInvocationHelper.invokeMethod(MethodInvocationHelper.java:124)
	at org.testng.internal.MethodInvocationHelper.invokeMethodConsideringTimeout(MethodInvocationHelper.java:59)
	at org.testng.internal.Invoker.invokeConfigurationMethod(Invoker.java:455)
	at org.testng.internal.Invoker.invokeConfigurations(Invoker.java:222)
	at org.testng.internal.Invoker.invokeConfigurations(Invoker.java:142)
	at org.testng.SuiteRunner.privateRun(SuiteRunner.java:401)
	at org.testng.SuiteRunner.run(SuiteRunner.java:364)
	at org.testng.SuiteRunnerWorker.runSuite(SuiteRunnerWorker.java:52)
	at org.testng.SuiteRunnerWorker.run(SuiteRunnerWorker.java:84)
	at org.testng.TestNG.runSuitesSequentially(TestNG.java:1208)
	at org.testng.TestNG.runSuitesLocally(TestNG.java:1137)
	at org.testng.TestNG.runSuites(TestNG.java:1049)
	at org.testng.TestNG.run(TestNG.java:1017)
	at org.testng.remote.AbstractRemoteTestNG.run(AbstractRemoteTestNG.java:115)
	at org.testng.remote.RemoteTestNG.initAndRun(RemoteTestNG.java:251)
	at org.testng.remote.RemoteTestNG.main(RemoteTestNG.java:77)

2022-04-25 12:17:35,237 [main] INFO com.utils.ExcelUtility - java.lang.NullPointerException
	at com.utils.ExcelUtility.getCellData(ExcelUtility.java:311)
	at com.utils._masterVO.loadGatewayCases(_masterVO.java:115)
	at com.utils._masterVO.loadExternalServices(_masterVO.java:448)
	at com.utils._masterVO.loadVO(_masterVO.java:81)
	at com.classes.BaseTest.setupReporter(BaseTest.java:85)
	at sun.reflect.NativeMethodAccessorImpl.invoke0(Native Method)
	at sun.reflect.NativeMethodAccessorImpl.invoke(Unknown Source)
	at sun.reflect.DelegatingMethodAccessorImpl.invoke(Unknown Source)
	at java.lang.reflect.Method.invoke(Unknown Source)
	at org.testng.internal.MethodInvocationHelper.invokeMethod(MethodInvocationHelper.java:124)
	at org.testng.internal.MethodInvocationHelper.invokeMethodConsideringTimeout(MethodInvocationHelper.java:59)
	at org.testng.internal.Invoker.invokeConfigurationMethod(Invoker.java:455)
	at org.testng.internal.Invoker.invokeConfigurations(Invoker.java:222)
	at org.testng.internal.Invoker.invokeConfigurations(Invoker.java:142)
	at org.testng.SuiteRunner.privateRun(SuiteRunner.java:401)
	at org.testng.SuiteRunner.run(SuiteRunner.java:364)
	at org.testng.SuiteRunnerWorker.runSuite(SuiteRunnerWorker.java:52)
	at org.testng.SuiteRunnerWorker.run(SuiteRunnerWorker.java:84)
	at org.testng.TestNG.runSuitesSequentially(TestNG.java:1208)
	at org.testng.TestNG.runSuitesLocally(TestNG.java:1137)
	at org.testng.TestNG.runSuites(TestNG.java:1049)
	at org.testng.TestNG.run(TestNG.java:1017)
	at org.testng.remote.AbstractRemoteTestNG.run(AbstractRemoteTestNG.java:115)
	at org.testng.remote.RemoteTestNG.initAndRun(RemoteTestNG.java:251)
	at org.testng.remote.RemoteTestNG.main(RemoteTestNG.java:77)

2022-04-25 12:17:35,238 [main] INFO com.utils.ExcelUtility - java.lang.NullPointerException
	at com.utils.ExcelUtility.getCellData(ExcelUtility.java:311)
	at com.utils._masterVO.loadGatewayCases(_masterVO.java:115)
	at com.utils._masterVO.loadExternalServices(_masterVO.java:448)
	at com.utils._masterVO.loadVO(_masterVO.java:81)
	at com.classes.BaseTest.setupReporter(BaseTest.java:85)
	at sun.reflect.NativeMethodAccessorImpl.invoke0(Native Method)
	at sun.reflect.NativeMethodAccessorImpl.invoke(Unknown Source)
	at sun.reflect.DelegatingMethodAccessorImpl.invoke(Unknown Source)
	at java.lang.reflect.Method.invoke(Unknown Source)
	at org.testng.internal.MethodInvocationHelper.invokeMethod(MethodInvocationHelper.java:124)
	at org.testng.internal.MethodInvocationHelper.invokeMethodConsideringTimeout(MethodInvocationHelper.java:59)
	at org.testng.internal.Invoker.invokeConfigurationMethod(Invoker.java:455)
	at org.testng.internal.Invoker.invokeConfigurations(Invoker.java:222)
	at org.testng.internal.Invoker.invokeConfigurations(Invoker.java:142)
	at org.testng.SuiteRunner.privateRun(SuiteRunner.java:401)
	at org.testng.SuiteRunner.run(SuiteRunner.java:364)
	at org.testng.SuiteRunnerWorker.runSuite(SuiteRunnerWorker.java:52)
	at org.testng.SuiteRunnerWorker.run(SuiteRunnerWorker.java:84)
	at org.testng.TestNG.runSuitesSequentially(TestNG.java:1208)
	at org.testng.TestNG.runSuitesLocally(TestNG.java:1137)
	at org.testng.TestNG.runSuites(TestNG.java:1049)
	at org.testng.TestNG.run(TestNG.java:1017)
	at org.testng.remote.AbstractRemoteTestNG.run(AbstractRemoteTestNG.java:115)
	at org.testng.remote.RemoteTestNG.initAndRun(RemoteTestNG.java:251)
	at org.testng.remote.RemoteTestNG.main(RemoteTestNG.java:77)

2022-04-25 12:17:35,238 [main] INFO com.utils.ExcelUtility - java.lang.NullPointerException
	at com.utils.ExcelUtility.getCellData(ExcelUtility.java:311)
	at com.utils._masterVO.loadGatewayCases(_masterVO.java:115)
	at com.utils._masterVO.loadExternalServices(_masterVO.java:448)
	at com.utils._masterVO.loadVO(_masterVO.java:81)
	at com.classes.BaseTest.setupReporter(BaseTest.java:85)
	at sun.reflect.NativeMethodAccessorImpl.invoke0(Native Method)
	at sun.reflect.NativeMethodAccessorImpl.invoke(Unknown Source)
	at sun.reflect.DelegatingMethodAccessorImpl.invoke(Unknown Source)
	at java.lang.reflect.Method.invoke(Unknown Source)
	at org.testng.internal.MethodInvocationHelper.invokeMethod(MethodInvocationHelper.java:124)
	at org.testng.internal.MethodInvocationHelper.invokeMethodConsideringTimeout(MethodInvocationHelper.java:59)
	at org.testng.internal.Invoker.invokeConfigurationMethod(Invoker.java:455)
	at org.testng.internal.Invoker.invokeConfigurations(Invoker.java:222)
	at org.testng.internal.Invoker.invokeConfigurations(Invoker.java:142)
	at org.testng.SuiteRunner.privateRun(SuiteRunner.java:401)
	at org.testng.SuiteRunner.run(SuiteRunner.java:364)
	at org.testng.SuiteRunnerWorker.runSuite(SuiteRunnerWorker.java:52)
	at org.testng.SuiteRunnerWorker.run(SuiteRunnerWorker.java:84)
	at org.testng.TestNG.runSuitesSequentially(TestNG.java:1208)
	at org.testng.TestNG.runSuitesLocally(TestNG.java:1137)
	at org.testng.TestNG.runSuites(TestNG.java:1049)
	at org.testng.TestNG.run(TestNG.java:1017)
	at org.testng.remote.AbstractRemoteTestNG.run(AbstractRemoteTestNG.java:115)
	at org.testng.remote.RemoteTestNG.initAndRun(RemoteTestNG.java:251)
	at org.testng.remote.RemoteTestNG.main(RemoteTestNG.java:77)

2022-04-25 12:17:35,238 [main] INFO com.utils.ExcelUtility - java.lang.NullPointerException
	at com.utils.ExcelUtility.getCellData(ExcelUtility.java:311)
	at com.utils._masterVO.loadGatewayCases(_masterVO.java:115)
	at com.utils._masterVO.loadExternalServices(_masterVO.java:448)
	at com.utils._masterVO.loadVO(_masterVO.java:81)
	at com.classes.BaseTest.setupReporter(BaseTest.java:85)
	at sun.reflect.NativeMethodAccessorImpl.invoke0(Native Method)
	at sun.reflect.NativeMethodAccessorImpl.invoke(Unknown Source)
	at sun.reflect.DelegatingMethodAccessorImpl.invoke(Unknown Source)
	at java.lang.reflect.Method.invoke(Unknown Source)
	at org.testng.internal.MethodInvocationHelper.invokeMethod(MethodInvocationHelper.java:124)
	at org.testng.internal.MethodInvocationHelper.invokeMethodConsideringTimeout(MethodInvocationHelper.java:59)
	at org.testng.internal.Invoker.invokeConfigurationMethod(Invoker.java:455)
	at org.testng.internal.Invoker.invokeConfigurations(Invoker.java:222)
	at org.testng.internal.Invoker.invokeConfigurations(Invoker.java:142)
	at org.testng.SuiteRunner.privateRun(SuiteRunner.java:401)
	at org.testng.SuiteRunner.run(SuiteRunner.java:364)
	at org.testng.SuiteRunnerWorker.runSuite(SuiteRunnerWorker.java:52)
	at org.testng.SuiteRunnerWorker.run(SuiteRunnerWorker.java:84)
	at org.testng.TestNG.runSuitesSequentially(TestNG.java:1208)
	at org.testng.TestNG.runSuitesLocally(TestNG.java:1137)
	at org.testng.TestNG.runSuites(TestNG.java:1049)
	at org.testng.TestNG.run(TestNG.java:1017)
	at org.testng.remote.AbstractRemoteTestNG.run(AbstractRemoteTestNG.java:115)
	at org.testng.remote.RemoteTestNG.initAndRun(RemoteTestNG.java:251)
	at org.testng.remote.RemoteTestNG.main(RemoteTestNG.java:77)

2022-04-25 12:17:35,239 [main] INFO com.utils.ExcelUtility - java.lang.NullPointerException
	at com.utils.ExcelUtility.getCellData(ExcelUtility.java:311)
	at com.utils._masterVO.loadGatewayCases(_masterVO.java:115)
	at com.utils._masterVO.loadExternalServices(_masterVO.java:448)
	at com.utils._masterVO.loadVO(_masterVO.java:81)
	at com.classes.BaseTest.setupReporter(BaseTest.java:85)
	at sun.reflect.NativeMethodAccessorImpl.invoke0(Native Method)
	at sun.reflect.NativeMethodAccessorImpl.invoke(Unknown Source)
	at sun.reflect.DelegatingMethodAccessorImpl.invoke(Unknown Source)
	at java.lang.reflect.Method.invoke(Unknown Source)
	at org.testng.internal.MethodInvocationHelper.invokeMethod(MethodInvocationHelper.java:124)
	at org.testng.internal.MethodInvocationHelper.invokeMethodConsideringTimeout(MethodInvocationHelper.java:59)
	at org.testng.internal.Invoker.invokeConfigurationMethod(Invoker.java:455)
	at org.testng.internal.Invoker.invokeConfigurations(Invoker.java:222)
	at org.testng.internal.Invoker.invokeConfigurations(Invoker.java:142)
	at org.testng.SuiteRunner.privateRun(SuiteRunner.java:401)
	at org.testng.SuiteRunner.run(SuiteRunner.java:364)
	at org.testng.SuiteRunnerWorker.runSuite(SuiteRunnerWorker.java:52)
	at org.testng.SuiteRunnerWorker.run(SuiteRunnerWorker.java:84)
	at org.testng.TestNG.runSuitesSequentially(TestNG.java:1208)
	at org.testng.TestNG.runSuitesLocally(TestNG.java:1137)
	at org.testng.TestNG.runSuites(TestNG.java:1049)
	at org.testng.TestNG.run(TestNG.java:1017)
	at org.testng.remote.AbstractRemoteTestNG.run(AbstractRemoteTestNG.java:115)
	at org.testng.remote.RemoteTestNG.initAndRun(RemoteTestNG.java:251)
	at org.testng.remote.RemoteTestNG.main(RemoteTestNG.java:77)

2022-04-25 12:17:35,240 [main] INFO com.utils.ExcelUtility - java.lang.NullPointerException
	at com.utils.ExcelUtility.getCellData(ExcelUtility.java:311)
	at com.utils._masterVO.loadGatewayCases(_masterVO.java:115)
	at com.utils._masterVO.loadExternalServices(_masterVO.java:448)
	at com.utils._masterVO.loadVO(_masterVO.java:81)
	at com.classes.BaseTest.setupReporter(BaseTest.java:85)
	at sun.reflect.NativeMethodAccessorImpl.invoke0(Native Method)
	at sun.reflect.NativeMethodAccessorImpl.invoke(Unknown Source)
	at sun.reflect.DelegatingMethodAccessorImpl.invoke(Unknown Source)
	at java.lang.reflect.Method.invoke(Unknown Source)
	at org.testng.internal.MethodInvocationHelper.invokeMethod(MethodInvocationHelper.java:124)
	at org.testng.internal.MethodInvocationHelper.invokeMethodConsideringTimeout(MethodInvocationHelper.java:59)
	at org.testng.internal.Invoker.invokeConfigurationMethod(Invoker.java:455)
	at org.testng.internal.Invoker.invokeConfigurations(Invoker.java:222)
	at org.testng.internal.Invoker.invokeConfigurations(Invoker.java:142)
	at org.testng.SuiteRunner.privateRun(SuiteRunner.java:401)
	at org.testng.SuiteRunner.run(SuiteRunner.java:364)
	at org.testng.SuiteRunnerWorker.runSuite(SuiteRunnerWorker.java:52)
	at org.testng.SuiteRunnerWorker.run(SuiteRunnerWorker.java:84)
	at org.testng.TestNG.runSuitesSequentially(TestNG.java:1208)
	at org.testng.TestNG.runSuitesLocally(TestNG.java:1137)
	at org.testng.TestNG.runSuites(TestNG.java:1049)
	at org.testng.TestNG.run(TestNG.java:1017)
	at org.testng.remote.AbstractRemoteTestNG.run(AbstractRemoteTestNG.java:115)
	at org.testng.remote.RemoteTestNG.initAndRun(RemoteTestNG.java:251)
	at org.testng.remote.RemoteTestNG.main(RemoteTestNG.java:77)

2022-04-25 12:17:35,240 [main] INFO com.utils.ExcelUtility - java.lang.NullPointerException
	at com.utils.ExcelUtility.getCellData(ExcelUtility.java:311)
	at com.utils._masterVO.loadGatewayCases(_masterVO.java:115)
	at com.utils._masterVO.loadExternalServices(_masterVO.java:448)
	at com.utils._masterVO.loadVO(_masterVO.java:81)
	at com.classes.BaseTest.setupReporter(BaseTest.java:85)
	at sun.reflect.NativeMethodAccessorImpl.invoke0(Native Method)
	at sun.reflect.NativeMethodAccessorImpl.invoke(Unknown Source)
	at sun.reflect.DelegatingMethodAccessorImpl.invoke(Unknown Source)
	at java.lang.reflect.Method.invoke(Unknown Source)
	at org.testng.internal.MethodInvocationHelper.invokeMethod(MethodInvocationHelper.java:124)
	at org.testng.internal.MethodInvocationHelper.invokeMethodConsideringTimeout(MethodInvocationHelper.java:59)
	at org.testng.internal.Invoker.invokeConfigurationMethod(Invoker.java:455)
	at org.testng.internal.Invoker.invokeConfigurations(Invoker.java:222)
	at org.testng.internal.Invoker.invokeConfigurations(Invoker.java:142)
	at org.testng.SuiteRunner.privateRun(SuiteRunner.java:401)
	at org.testng.SuiteRunner.run(SuiteRunner.java:364)
	at org.testng.SuiteRunnerWorker.runSuite(SuiteRunnerWorker.java:52)
	at org.testng.SuiteRunnerWorker.run(SuiteRunnerWorker.java:84)
	at org.testng.TestNG.runSuitesSequentially(TestNG.java:1208)
	at org.testng.TestNG.runSuitesLocally(TestNG.java:1137)
	at org.testng.TestNG.runSuites(TestNG.java:1049)
	at org.testng.TestNG.run(TestNG.java:1017)
	at org.testng.remote.AbstractRemoteTestNG.run(AbstractRemoteTestNG.java:115)
	at org.testng.remote.RemoteTestNG.initAndRun(RemoteTestNG.java:251)
	at org.testng.remote.RemoteTestNG.main(RemoteTestNG.java:77)

2022-04-25 12:17:35,241 [main] INFO com.utils.ExcelUtility - java.lang.NullPointerException
	at com.utils.ExcelUtility.getCellData(ExcelUtility.java:311)
	at com.utils._masterVO.loadGatewayCases(_masterVO.java:115)
	at com.utils._masterVO.loadExternalServices(_masterVO.java:448)
	at com.utils._masterVO.loadVO(_masterVO.java:81)
	at com.classes.BaseTest.setupReporter(BaseTest.java:85)
	at sun.reflect.NativeMethodAccessorImpl.invoke0(Native Method)
	at sun.reflect.NativeMethodAccessorImpl.invoke(Unknown Source)
	at sun.reflect.DelegatingMethodAccessorImpl.invoke(Unknown Source)
	at java.lang.reflect.Method.invoke(Unknown Source)
	at org.testng.internal.MethodInvocationHelper.invokeMethod(MethodInvocationHelper.java:124)
	at org.testng.internal.MethodInvocationHelper.invokeMethodConsideringTimeout(MethodInvocationHelper.java:59)
	at org.testng.internal.Invoker.invokeConfigurationMethod(Invoker.java:455)
	at org.testng.internal.Invoker.invokeConfigurations(Invoker.java:222)
	at org.testng.internal.Invoker.invokeConfigurations(Invoker.java:142)
	at org.testng.SuiteRunner.privateRun(SuiteRunner.java:401)
	at org.testng.SuiteRunner.run(SuiteRunner.java:364)
	at org.testng.SuiteRunnerWorker.runSuite(SuiteRunnerWorker.java:52)
	at org.testng.SuiteRunnerWorker.run(SuiteRunnerWorker.java:84)
	at org.testng.TestNG.runSuitesSequentially(TestNG.java:1208)
	at org.testng.TestNG.runSuitesLocally(TestNG.java:1137)
	at org.testng.TestNG.runSuites(TestNG.java:1049)
	at org.testng.TestNG.run(TestNG.java:1017)
	at org.testng.remote.AbstractRemoteTestNG.run(AbstractRemoteTestNG.java:115)
	at org.testng.remote.RemoteTestNG.initAndRun(RemoteTestNG.java:251)
	at org.testng.remote.RemoteTestNG.main(RemoteTestNG.java:77)

2022-04-25 12:17:35,241 [main] INFO com.utils.ExcelUtility - java.lang.NullPointerException
	at com.utils.ExcelUtility.getCellData(ExcelUtility.java:311)
	at com.utils._masterVO.loadGatewayCases(_masterVO.java:115)
	at com.utils._masterVO.loadExternalServices(_masterVO.java:448)
	at com.utils._masterVO.loadVO(_masterVO.java:81)
	at com.classes.BaseTest.setupReporter(BaseTest.java:85)
	at sun.reflect.NativeMethodAccessorImpl.invoke0(Native Method)
	at sun.reflect.NativeMethodAccessorImpl.invoke(Unknown Source)
	at sun.reflect.DelegatingMethodAccessorImpl.invoke(Unknown Source)
	at java.lang.reflect.Method.invoke(Unknown Source)
	at org.testng.internal.MethodInvocationHelper.invokeMethod(MethodInvocationHelper.java:124)
	at org.testng.internal.MethodInvocationHelper.invokeMethodConsideringTimeout(MethodInvocationHelper.java:59)
	at org.testng.internal.Invoker.invokeConfigurationMethod(Invoker.java:455)
	at org.testng.internal.Invoker.invokeConfigurations(Invoker.java:222)
	at org.testng.internal.Invoker.invokeConfigurations(Invoker.java:142)
	at org.testng.SuiteRunner.privateRun(SuiteRunner.java:401)
	at org.testng.SuiteRunner.run(SuiteRunner.java:364)
	at org.testng.SuiteRunnerWorker.runSuite(SuiteRunnerWorker.java:52)
	at org.testng.SuiteRunnerWorker.run(SuiteRunnerWorker.java:84)
	at org.testng.TestNG.runSuitesSequentially(TestNG.java:1208)
	at org.testng.TestNG.runSuitesLocally(TestNG.java:1137)
	at org.testng.TestNG.runSuites(TestNG.java:1049)
	at org.testng.TestNG.run(TestNG.java:1017)
	at org.testng.remote.AbstractRemoteTestNG.run(AbstractRemoteTestNG.java:115)
	at org.testng.remote.RemoteTestNG.initAndRun(RemoteTestNG.java:251)
	at org.testng.remote.RemoteTestNG.main(RemoteTestNG.java:77)

2022-04-25 12:17:35,242 [main] INFO com.utils.ExcelUtility - java.lang.NullPointerException
	at com.utils.ExcelUtility.getCellData(ExcelUtility.java:311)
	at com.utils._masterVO.loadGatewayCases(_masterVO.java:115)
	at com.utils._masterVO.loadExternalServices(_masterVO.java:448)
	at com.utils._masterVO.loadVO(_masterVO.java:81)
	at com.classes.BaseTest.setupReporter(BaseTest.java:85)
	at sun.reflect.NativeMethodAccessorImpl.invoke0(Native Method)
	at sun.reflect.NativeMethodAccessorImpl.invoke(Unknown Source)
	at sun.reflect.DelegatingMethodAccessorImpl.invoke(Unknown Source)
	at java.lang.reflect.Method.invoke(Unknown Source)
	at org.testng.internal.MethodInvocationHelper.invokeMethod(MethodInvocationHelper.java:124)
	at org.testng.internal.MethodInvocationHelper.invokeMethodConsideringTimeout(MethodInvocationHelper.java:59)
	at org.testng.internal.Invoker.invokeConfigurationMethod(Invoker.java:455)
	at org.testng.internal.Invoker.invokeConfigurations(Invoker.java:222)
	at org.testng.internal.Invoker.invokeConfigurations(Invoker.java:142)
	at org.testng.SuiteRunner.privateRun(SuiteRunner.java:401)
	at org.testng.SuiteRunner.run(SuiteRunner.java:364)
	at org.testng.SuiteRunnerWorker.runSuite(SuiteRunnerWorker.java:52)
	at org.testng.SuiteRunnerWorker.run(SuiteRunnerWorker.java:84)
	at org.testng.TestNG.runSuitesSequentially(TestNG.java:1208)
	at org.testng.TestNG.runSuitesLocally(TestNG.java:1137)
	at org.testng.TestNG.runSuites(TestNG.java:1049)
	at org.testng.TestNG.run(TestNG.java:1017)
	at org.testng.remote.AbstractRemoteTestNG.run(AbstractRemoteTestNG.java:115)
	at org.testng.remote.RemoteTestNG.initAndRun(RemoteTestNG.java:251)
	at org.testng.remote.RemoteTestNG.main(RemoteTestNG.java:77)

2022-04-25 12:17:35,571 [main] INFO com.utils._masterVO - Gateway Cases Master File Loaded successfully
2022-04-25 12:17:35,573 [main] INFO com.utils._APIUtil - Entered getAPIServices(USSD)
2022-04-25 12:17:35,575 [main] INFO com.utils._APIUtil - Exiting getAPIServices([])
2022-04-25 12:17:35,577 [main] INFO com.utils._masterVO - Loading Gateway Cases Master file from: .//src//test//resources//config//GatewayMaster.xlsx
2022-04-25 12:17:35,784 [main] INFO com.utils._masterVO - Gateway Cases Master File Loaded successfully
2022-04-25 12:17:35,786 [main] INFO com.utils._masterVO - Loading Gateway Cases Master file from: .//src//test//resources//config//GatewayMaster.xlsx
2022-04-25 12:17:35,896 [main] INFO com.utils._masterVO - Gateway Cases Master File Loaded successfully
2022-04-25 12:17:56,949 [main] ERROR com.sshmanager.SSHService - Error while getting SSH Server Instance : com.jcraft.jsch.JSchException: java.net.ConnectException: Connection timed out: connect
2022-04-25 12:17:56,974 [main] INFO com.classes.BaseTest - Completed loading all methods from -masterVO class
2022-04-25 12:19:27,608 [main] INFO com.utils.ExcelUtility - java.lang.NullPointerException

2022-04-25 12:19:27,824 [main] INFO com.utils.ExcelUtility - java.lang.NullPointerException

2022-04-25 12:19:27,894 [main] INFO com.utils.ExcelUtility - java.lang.NullPointerException

2022-04-25 12:19:28,033 [main] INFO com.utils.ExcelUtility - java.lang.NullPointerException

2022-04-25 12:19:28,101 [main] INFO com.utils.ExcelUtility - java.lang.NullPointerException

2022-04-25 12:19:28,174 [main] INFO com.utils.ExcelUtility - java.lang.NullPointerException

2022-04-25 12:19:28,713 [main] INFO com.utils.ExcelUtility - java.lang.NullPointerException

2022-04-25 12:19:28,880 [main] INFO com.utils.ExcelUtility - java.lang.NullPointerException

2022-04-25 12:19:28,945 [main] INFO com.utils.ExcelUtility - java.lang.NullPointerException

2022-04-25 12:19:29,087 [main] INFO com.utils.ExcelUtility - java.lang.NullPointerException

2022-04-25 12:19:29,141 [main] INFO com.utils.ExcelUtility - java.lang.NullPointerException

2022-04-25 12:19:29,196 [main] INFO com.utils.ExcelUtility - java.lang.NullPointerException

2022-04-25 12:19:29,699 [main] INFO com.utils.ExcelUtility - java.lang.NullPointerException

2022-04-25 12:19:29,859 [main] INFO com.utils.ExcelUtility - java.lang.NullPointerException

2022-04-25 12:19:29,916 [main] INFO com.utils.ExcelUtility - java.lang.NullPointerException

2022-04-25 12:19:30,036 [main] INFO com.utils.ExcelUtility - java.lang.NullPointerException

2022-04-25 12:19:30,095 [main] INFO com.utils.ExcelUtility - java.lang.NullPointerException

2022-04-25 12:19:30,158 [main] INFO com.utils.ExcelUtility - java.lang.NullPointerException

2022-04-25 12:19:30,652 [main] INFO com.utils.ExcelUtility - java.lang.NullPointerException

2022-04-25 12:19:30,807 [main] INFO com.utils.ExcelUtility - java.lang.NullPointerException

2022-04-25 12:19:30,868 [main] INFO com.utils.ExcelUtility - java.lang.NullPointerException

2022-04-25 12:19:30,990 [main] INFO com.utils.ExcelUtility - java.lang.NullPointerException

2022-04-25 12:19:31,057 [main] INFO com.utils.ExcelUtility - java.lang.NullPointerException

2022-04-25 12:19:31,124 [main] INFO com.utils.ExcelUtility - java.lang.NullPointerException

2022-04-25 12:19:31,602 [main] INFO com.utils.ExcelUtility - java.lang.NullPointerException

2022-04-25 12:19:31,761 [main] INFO com.utils.ExcelUtility - java.lang.NullPointerException

2022-04-25 12:19:31,833 [main] INFO com.utils.ExcelUtility - java.lang.NullPointerException

2022-04-25 12:19:31,980 [main] INFO com.utils.ExcelUtility - java.lang.NullPointerException

2022-04-25 12:19:32,056 [main] INFO com.utils.ExcelUtility - java.lang.NullPointerException

2022-04-25 12:19:32,117 [main] INFO com.utils.ExcelUtility - java.lang.NullPointerException

2022-04-25 12:19:32,613 [main] INFO com.utils.ExcelUtility - java.lang.NullPointerException

2022-04-25 12:19:32,777 [main] INFO com.utils.ExcelUtility - java.lang.NullPointerException

2022-04-25 12:19:32,835 [main] INFO com.utils.ExcelUtility - java.lang.NullPointerException

2022-04-25 12:19:32,959 [main] INFO com.utils.ExcelUtility - java.lang.NullPointerException

2022-04-25 12:19:33,025 [main] INFO com.utils.ExcelUtility - java.lang.NullPointerException

2022-04-25 12:19:33,089 [main] INFO com.utils.ExcelUtility - java.lang.NullPointerException

2022-04-25 12:19:33,558 [main] INFO com.utils.ExcelUtility - java.lang.NullPointerException

2022-04-25 12:19:33,720 [main] INFO com.utils.ExcelUtility - java.lang.NullPointerException

2022-04-25 12:19:33,799 [main] INFO com.utils.ExcelUtility - java.lang.NullPointerException

2022-04-25 12:19:33,951 [main] INFO com.utils.ExcelUtility - java.lang.NullPointerException

2022-04-25 12:19:34,012 [main] INFO com.utils.ExcelUtility - java.lang.NullPointerException

2022-04-25 12:19:34,066 [main] INFO com.utils.ExcelUtility - java.lang.NullPointerException

2022-04-25 12:19:34,531 [main] INFO com.utils.ExcelUtility - java.lang.NullPointerException

2022-04-25 12:19:34,695 [main] INFO com.utils.ExcelUtility - java.lang.NullPointerException

2022-04-25 12:19:34,752 [main] INFO com.utils.ExcelUtility - java.lang.NullPointerException

2022-04-25 12:19:34,888 [main] INFO com.utils.ExcelUtility - java.lang.NullPointerException

2022-04-25 12:19:34,970 [main] INFO com.utils.ExcelUtility - java.lang.NullPointerException

2022-04-25 12:19:35,036 [main] INFO com.utils.ExcelUtility - java.lang.NullPointerException

2022-04-25 12:19:35,516 [main] INFO com.utils.ExcelUtility - java.lang.NullPointerException

2022-04-25 12:19:35,695 [main] INFO com.utils.ExcelUtility - java.lang.NullPointerException

2022-04-25 12:19:35,759 [main] INFO com.utils.ExcelUtility - java.lang.NullPointerException

2022-04-25 12:19:35,880 [main] INFO com.utils.ExcelUtility - java.lang.NullPointerException

2022-04-25 12:19:35,963 [main] INFO com.utils.ExcelUtility - java.lang.NullPointerException

2022-04-25 12:19:36,016 [main] INFO com.utils.ExcelUtility - java.lang.NullPointerException

2022-04-25 12:19:36,463 [main] INFO com.utils.ExcelUtility - java.lang.NullPointerException

2022-04-25 12:19:36,613 [main] INFO com.utils.ExcelUtility - java.lang.NullPointerException

2022-04-25 12:19:36,668 [main] INFO com.utils.ExcelUtility - java.lang.NullPointerException

2022-04-25 12:19:36,792 [main] INFO com.utils.ExcelUtility - java.lang.NullPointerException

2022-04-25 12:19:36,853 [main] INFO com.utils.ExcelUtility - java.lang.NullPointerException

2022-04-25 12:19:36,916 [main] INFO com.utils.ExcelUtility - java.lang.NullPointerException

2022-04-25 12:19:37,380 [main] INFO com.utils.ExcelUtility - java.lang.NullPointerException

2022-04-25 12:19:37,523 [main] INFO com.utils.ExcelUtility - java.lang.NullPointerException

2022-04-25 12:19:37,587 [main] INFO com.utils.ExcelUtility - java.lang.NullPointerException

2022-04-25 12:19:37,707 [main] INFO com.utils.ExcelUtility - java.lang.NullPointerException

2022-04-25 12:19:37,760 [main] INFO com.utils.ExcelUtility - java.lang.NullPointerException

2022-04-25 12:19:37,815 [main] INFO com.utils.ExcelUtility - java.lang.NullPointerException

2022-04-25 12:19:38,285 [main] INFO com.utils.ExcelUtility - java.lang.NullPointerException

2022-04-25 12:19:38,463 [main] INFO com.utils.ExcelUtility - java.lang.NullPointerException

2022-04-25 12:19:38,518 [main] INFO com.utils.ExcelUtility - java.lang.NullPointerException

2022-04-25 12:19:38,639 [main] INFO com.utils.ExcelUtility - java.lang.NullPointerException

2022-04-25 12:19:38,700 [main] INFO com.utils.ExcelUtility - java.lang.NullPointerException

2022-04-25 12:19:38,757 [main] INFO com.utils.ExcelUtility - java.lang.NullPointerException

2022-04-25 12:19:39,256 [main] INFO com.utils.ExcelUtility - java.lang.NullPointerException

2022-04-25 12:19:39,407 [main] INFO com.utils.ExcelUtility - java.lang.NullPointerException

2022-04-25 12:19:39,468 [main] INFO com.utils.ExcelUtility - java.lang.NullPointerException

2022-04-25 12:19:39,597 [main] INFO com.utils.ExcelUtility - java.lang.NullPointerException

2022-04-25 12:19:39,655 [main] INFO com.utils.ExcelUtility - java.lang.NullPointerException

2022-04-25 12:19:39,719 [main] INFO com.utils.ExcelUtility - java.lang.NullPointerException

2022-04-25 12:19:40,141 [main] INFO com.utils.ExcelUtility - java.lang.NullPointerException

2022-04-25 12:19:40,280 [main] INFO com.utils.ExcelUtility - java.lang.NullPointerException

2022-04-25 12:19:40,325 [main] INFO com.utils.ExcelUtility - java.lang.NullPointerException

2022-04-25 12:19:40,437 [main] INFO com.utils.ExcelUtility - java.lang.NullPointerException

2022-04-25 12:19:40,493 [main] INFO com.utils.ExcelUtility - java.lang.NullPointerException

2022-04-25 12:19:40,560 [main] INFO com.utils.ExcelUtility - java.lang.NullPointerException

2022-04-25 12:19:41,019 [main] INFO com.utils.ExcelUtility - java.lang.NullPointerException

2022-04-25 12:19:41,165 [main] INFO com.utils.ExcelUtility - java.lang.NullPointerException

2022-04-25 12:19:41,212 [main] INFO com.utils.ExcelUtility - java.lang.NullPointerException

2022-04-25 12:19:41,323 [main] INFO com.utils.ExcelUtility - java.lang.NullPointerException

2022-04-25 12:19:41,394 [main] INFO com.utils.ExcelUtility - java.lang.NullPointerException

2022-04-25 12:19:41,453 [main] INFO com.utils.ExcelUtility - java.lang.NullPointerException

2022-04-25 12:19:41,964 [main] INFO com.utils.ExcelUtility - java.lang.NullPointerException

2022-04-25 12:19:42,099 [main] INFO com.utils.ExcelUtility - java.lang.NullPointerException

2022-04-25 12:19:42,173 [main] INFO com.utils.ExcelUtility - java.lang.NullPointerException

2022-04-25 12:19:42,279 [main] INFO com.utils.ExcelUtility - java.lang.NullPointerException

2022-04-25 12:19:42,329 [main] INFO com.utils.ExcelUtility - java.lang.NullPointerException

2022-04-25 12:19:42,397 [main] INFO com.utils.ExcelUtility - java.lang.NullPointerException

2022-04-25 12:19:42,846 [main] INFO com.utils.ExcelUtility - java.lang.NullPointerException

2022-04-25 12:19:42,963 [main] INFO com.utils.ExcelUtility - java.lang.NullPointerException

2022-04-25 12:19:43,019 [main] INFO com.utils.ExcelUtility - java.lang.NullPointerException

2022-04-25 12:19:43,136 [main] INFO com.utils.ExcelUtility - java.lang.NullPointerException

2022-04-25 12:19:43,193 [main] INFO com.utils.ExcelUtility - java.lang.NullPointerException

2022-04-25 12:19:43,249 [main] INFO com.utils.ExcelUtility - java.lang.NullPointerException

2022-04-25 12:19:43,660 [main] INFO com.utils.ExcelUtility - java.lang.NullPointerException

2022-04-25 12:19:43,783 [main] INFO com.utils.ExcelUtility - java.lang.NullPointerException

2022-04-25 12:19:43,845 [main] INFO com.utils.ExcelUtility - java.lang.NullPointerException

2022-04-25 12:19:43,983 [main] INFO com.utils.ExcelUtility - java.lang.NullPointerException

2022-04-25 12:19:44,037 [main] INFO com.utils.ExcelUtility - java.lang.NullPointerException

2022-04-25 12:19:44,093 [main] INFO com.utils.ExcelUtility - java.lang.NullPointerException

