2023-07-05 23:05:22,994 [main] INFO com.classes.BaseTest - Loading all methods from -masterVO class
2023-07-05 23:05:22,998 [main] INFO com.utils._masterVO - Loading Properties file from: .//src//test//resources//sysconfig//Constant.properties
2023-07-05 23:05:23,002 [main] INFO com.utils._masterVO - Properties File Loaded successfully
2023-07-05 23:05:23,004 [main] INFO com.utils._masterVO - Loading Master Sheet from: src//test//resources//config//DataProvider.xlsx
2023-07-05 23:05:23,798 [main] INFO com.utils._masterVO - Master Sheet Loaded successfully
2023-07-05 23:05:23,800 [main] INFO com.utils._masterVO - Loading Client Library for Client Versioning from: .//src//test//resources//sysconfig//ClientLib.properties
2023-07-05 23:05:23,813 [main] INFO com.utils._masterVO - Client Library Loaded successfully
2023-07-05 23:05:24,107 [main] INFO com.utils._masterVO - loadGeoDomains Map returns ::ZO - AUTbKlI - AUToKa1C
2023-07-05 23:05:24,264 [main] INFO com.utils._masterVO - loadGeoDomains Map returns ::AR - AUT7dba - AUT63dCN
2023-07-05 23:05:24,383 [main] INFO com.utils._masterVO - loadGeoDomains Map returns ::SA - AUTO2Fm - AUTNelnh
2023-07-05 23:05:24,897 [main] INFO com.utils._masterVO - Loading test case file file from: .//src//test//resources//sysconfig//testCaseFile.properties
2023-07-05 23:05:24,917 [main] INFO com.utils._masterVO - Test cases file Loaded successfully
2023-07-05 23:05:24,919 [main] INFO com.utils._masterVO - Loading Web Cases Master file from: .//src//test//resources//config//testCaseFile.properties
2023-07-05 23:05:24,946 [main] INFO com.utils._masterVO - Gateway Cases Master File Loaded successfully
2023-07-05 23:05:24,977 [main] INFO com.dbrepository.DBHandler - Entered Access Handler :: PostGreSQL
2023-07-05 23:05:24,982 [main] INFO com.commons.CacheController - New Cache DAO Loaded :: UPDATECACHE_VER = 1
2023-07-05 23:05:25,031 [MLog-Init-Reporter] INFO com.mchange.v2.log.MLog - MLog clients using log4j logging.
2023-07-05 23:05:25,153 [main] INFO com.mchange.v2.c3p0.C3P0Registry - Initializing c3p0-0.9.5.2 [built 08-December-2015 22:06:04 -0800; debug? true; trace: 10]
2023-07-05 23:05:25,263 [main] INFO com.mchange.v2.c3p0.impl.AbstractPoolBackedDataSource - Initializing c3p0 pool... com.mchange.v2.c3p0.ComboPooledDataSource [ acquireIncrement -> 5, acquireRetryAttempts -> 30, acquireRetryDelay -> 1000, autoCommitOnClose -> false, automaticTestTable -> null, breakAfterAcquireFailure -> false, checkoutTimeout -> 0, connectionCustomizerClassName -> null, connectionTesterClassName -> com.mchange.v2.c3p0.impl.DefaultConnectionTester, contextClassLoaderSource -> caller, dataSourceName -> 1hge0z1axausgba1jzr3ox|64da2a7, debugUnreturnedConnectionStackTraces -> false, description -> null, driverClass -> org.postgresql.Driver, extensions -> {}, factoryClassLocation -> null, forceIgnoreUnresolvedTransactions -> false, forceSynchronousCheckins -> false, forceUseNamedDriverClass -> false, identityToken -> 1hge0z1axausgba1jzr3ox|64da2a7, idleConnectionTestPeriod -> 0, initialPoolSize -> 10, jdbcUrl -> jdbc:postgresql://172.30.38.120:5432/pretups_trunk_dev, maxAdministrativeTaskTime -> 0, maxConnectionAge -> 0, maxIdleTime -> 0, maxIdleTimeExcessConnections -> 0, maxPoolSize -> 20, maxStatements -> 0, maxStatementsPerConnection -> 0, minPoolSize -> 10, numHelperThreads -> 3, preferredTestQuery -> null, privilegeSpawnedThreads -> false, properties -> {user=******, password=******}, propertyCycle -> 0, statementCacheNumDeferredCloseThreads -> 0, testConnectionOnCheckin -> false, testConnectionOnCheckout -> false, unreturnedConnectionTimeout -> 0, userOverrides -> {}, usesTraditionalReflectiveProxies -> false ]
2023-07-05 23:05:25,886 [main] INFO com.dbrepository.PostGreSQLRepository - Entered :: getNetworkName()
2023-07-05 23:05:26,071 [main] INFO com.dbrepository.PostGreSQLRepository - Query Repository Returns: Network Name (Network GGN)
2023-07-05 23:05:26,072 [main] INFO com.dbrepository.PostGreSQLRepository - Entered :: getSystemPreference(AMOUNT_MULT_FACTOR)
2023-07-05 23:05:26,074 [main] INFO com.dbrepository.DBConnectionPool - Active Size:1 Cache Size:2
2023-07-05 23:05:26,165 [main] INFO com.dbrepository.PostGreSQLRepository - Query Repository Returns: DEFAULT_VALUE (100)
2023-07-05 23:05:26,168 [main] INFO com.dbrepository.PostGreSQLRepository - Entered :: getSystemPreference(MSISDN_PREFIX_LENGTH)
2023-07-05 23:05:26,169 [main] INFO com.dbrepository.DBConnectionPool - Active Size:2 Cache Size:1
2023-07-05 23:05:26,407 [main] INFO com.dbrepository.PostGreSQLRepository - Query Repository Returns: DEFAULT_VALUE (2)
2023-07-05 23:05:26,409 [main] INFO com.dbrepository.PostGreSQLRepository - Entered :: getSystemPreference(MAX_MSISDN_LENGTH)
2023-07-05 23:05:26,409 [main] INFO com.dbrepository.DBConnectionPool - Active Size:3 Cache Size:0
2023-07-05 23:05:26,684 [main] INFO com.dbrepository.PostGreSQLRepository - Query Repository Returns: DEFAULT_VALUE (15)
2023-07-05 23:05:26,686 [main] INFO com.dbrepository.PostGreSQLRepository - Entered :: getSystemPreference(USER_PRODUCT_MULTIPLE_WALLET)
2023-07-05 23:05:26,687 [main] INFO com.dbrepository.DBConnectionPool - Active Size:4 Cache Size:2
2023-07-05 23:05:26,786 [main] INFO com.dbrepository.PostGreSQLRepository - Query Repository Returns: DEFAULT_VALUE (false)
2023-07-05 23:05:26,788 [main] INFO com.dbrepository.PostGreSQLRepository - Entered :: getSystemPreference(EXTERNAL_DATE_FORMAT)
2023-07-05 23:05:26,789 [main] INFO com.dbrepository.DBConnectionPool - Active Size:5 Cache Size:1
2023-07-05 23:05:26,914 [main] INFO com.dbrepository.PostGreSQLRepository - Query Repository Returns: DEFAULT_VALUE (dd/MM/yyyy)
2023-07-05 23:05:26,916 [main] INFO com.dbrepository.PostGreSQLRepository - Entered :: getSystemPreference(DATE_FORMAT_CAL_JAVA)
2023-07-05 23:05:26,917 [main] INFO com.dbrepository.DBConnectionPool - Active Size:6 Cache Size:0
2023-07-05 23:05:27,546 [main] INFO com.dbrepository.PostGreSQLRepository - Query Repository Returns: DEFAULT_VALUE (dd/MM/yyyy)
2023-07-05 23:05:27,547 [main] INFO com.dbrepository.PostGreSQLRepository - Entered :: getSystemPreference(OTH_COM_CHNL)
2023-07-05 23:05:27,548 [main] INFO com.dbrepository.DBConnectionPool - Active Size:0 Cache Size:9
2023-07-05 23:05:27,819 [main] INFO com.dbrepository.PostGreSQLRepository - Query Repository Returns: DEFAULT_VALUE (false)
2023-07-05 23:05:27,820 [main] INFO com.dbrepository.PostGreSQLRepository - Entered :: getSystemPreference(DW_ALLOWED_GATEWAYS)
2023-07-05 23:05:27,820 [main] INFO com.dbrepository.DBConnectionPool - Active Size:0 Cache Size:9
2023-07-05 23:05:27,931 [main] INFO com.dbrepository.PostGreSQLRepository - Query Repository Returns: DEFAULT_VALUE (EXTGW,DWEXTGW)
2023-07-05 23:05:27,932 [main] INFO com.dbrepository.PostGreSQLRepository - Entered :: getSystemPreference(DEFAULT_LANGUAGE)
2023-07-05 23:05:27,933 [main] INFO com.dbrepository.DBConnectionPool - Active Size:0 Cache Size:9
2023-07-05 23:05:28,022 [main] INFO com.dbrepository.PostGreSQLRepository - Query Repository Returns: DEFAULT_VALUE (en)
2023-07-05 23:05:28,023 [main] INFO com.dbrepository.PostGreSQLRepository - Entered :: getSystemPreference(DEFAULT_COUNTRY)
2023-07-05 23:05:28,024 [main] INFO com.dbrepository.DBConnectionPool - Active Size:0 Cache Size:9
2023-07-05 23:05:28,203 [main] INFO com.dbrepository.PostGreSQLRepository - Query Repository Returns: DEFAULT_VALUE (US)
2023-07-05 23:05:28,204 [main] INFO com.utils._masterVO - Display Locale set to: en_US
2023-07-05 23:05:39,602 [main] INFO com.sshmanager.SSHService - Exiting getFileFromSFTP()
2023-07-05 23:05:44,136 [main] INFO com.sshmanager.SSHService - Exiting getFileFromSFTP()
2023-07-05 23:05:44,146 [main] INFO com.utils._masterVO - Loading Messages Resource properties File from: .//src//test//resources//sysconfig//English.properties
2023-07-05 23:05:44,183 [main] INFO com.utils._masterVO - Messages Resource Properties file Loaded successfully
2023-07-05 23:05:44,185 [main] INFO com.utils._masterVO - Loading Messages Resource properties File from: .//src//test//resources//sysconfig//C2S_English.properties
2023-07-05 23:05:44,199 [main] INFO com.utils._masterVO - Messages Resource Properties file Loaded successfully
2023-07-05 23:05:44,284 [main] INFO com.sshmanager.SSHService - Executing: grep '^[^#]' /data1/pretupsapp/tomcat9_pgdev/conf/pretups/LogConfig.props|grep '^log4j.appender.OneLineTXNLogC2S.File[ =]'|cut -d'=' -f2|sed 's/^[ 	]*//;s/[ 	]*$//'
2023-07-05 23:05:44,503 [main] INFO com.sshmanager.SSHService - Channel Exit Status: 0
2023-07-05 23:05:44,504 [main] INFO com.sshmanager.SSHService - Executing: grep '^[^#]' /data1/pretupsapp/tomcat9_pgdev/conf/pretups/LogConfig.props|grep '^log4j.appender.ChannelRequestDailyLog.File[ =]'|cut -d'=' -f2|sed 's/^[ 	]*//;s/[ 	]*$//'
2023-07-05 23:05:45,310 [main] INFO com.sshmanager.SSHService - Channel Exit Status: 0
2023-07-05 23:05:45,311 [main] INFO com.classes.BaseTest - Completed loading all methods from -masterVO class
2023-07-05 23:08:18,953 [main] INFO angular.testscripts.prereuisitesangular.NetworkProductMapping_TestScript - DataNetwork Admin
2023-07-05 23:08:18,970 [main] INFO angular.testscripts.prereuisitesangular.NetworkProductMapping_TestScript - Databtnadm
2023-07-05 23:08:18,972 [main] INFO angular.testscripts.prereuisitesangular.NetworkProductMapping_TestScript - DataCom@1111
2023-07-05 23:08:18,974 [main] INFO angular.testscripts.prereuisitesangular.NetworkProductMapping_TestScript - Value of k0
2023-07-05 23:08:18,988 [main] INFO angular.testscripts.prereuisitesangular.NetworkProductMapping_TestScript - ------------------ Test Case Execution Started For A_03_Test_modify_Language1 -------------------
2023-07-05 23:08:18,988 [main] INFO angular.testscripts.prereuisitesangular.NetworkProductMapping_TestScript - Entered A_03_Test_modify_Language1(Network Admin, btnadm, Com@1111)
2023-07-05 23:08:38,948 [main] INFO angular.pageobjects.loginpages.LoginPageRevamp - Trying to select Language
2023-07-05 23:08:41,322 [main] INFO angular.pageobjects.loginpages.LoginPageRevamp - Language selected successfully as: English
2023-07-05 23:08:41,342 [main] INFO angular.pageobjects.loginpages.LoginPageRevamp - Trying to enter Login ID
2023-07-05 23:08:42,074 [main] INFO angular.pageobjects.loginpages.LoginPageRevamp - Login ID entered successfully as: btnadm
2023-07-05 23:08:42,086 [main] INFO angular.pageobjects.loginpages.LoginPageRevamp - Trying to enter Password
2023-07-05 23:08:42,753 [main] INFO angular.pageobjects.loginpages.LoginPageRevamp - Password entered successfully as: Com@1111
2023-07-05 23:08:42,767 [main] INFO angular.pageobjects.loginpages.LoginPageRevamp - Trying to click Login Button
2023-07-05 23:08:43,324 [main] INFO angular.pageobjects.loginpages.LoginPageRevamp - Login button clicked successfully
2023-07-05 23:08:43,454 [main] INFO angular.pageobjects.loginpages.LoginPageRevamp - Error Message Found on Login Screen: 
2023-07-05 23:09:45,421 [main] INFO angular.pageobjects.NetworkProductMapping - Trying to click on eTopUp tab
2023-07-05 23:09:55,439 [main] INFO angular.pageobjects.NetworkProductMapping - Checking visibility of eTopUp Tab
2023-07-05 23:09:55,902 [main] INFO angular.pageobjects.NetworkProductMapping - eTopUp tab is visible
2023-07-05 23:09:56,053 [main] INFO angular.pageobjects.NetworkProductMapping - Clicked on eTopUp tab
2023-07-05 23:09:56,065 [main] INFO angular.pageobjects.NetworkProductMapping - Checking visibility of Network Product Mapping Link
2023-07-05 23:09:56,518 [main] INFO angular.pageobjects.NetworkProductMapping - Network Product Mapping link is vsisble
2023-07-05 23:09:56,669 [main] INFO angular.pageobjects.NetworkProductMapping - Clicked on Network Product mapping
2023-07-05 23:10:21,553 [main] INFO angular.pageobjects.NetworkProductMapping - Trying to click on Language1message field
2023-07-05 23:10:21,690 [main] INFO angular.pageobjects.NetworkProductMapping - clicked on Language1message field
2023-07-05 23:10:29,142 [main] INFO angular.pageobjects.NetworkProductMapping - Trying to click on Proceed Button
2023-07-05 23:10:29,271 [main] INFO angular.pageobjects.NetworkProductMapping - Clicked on  Proceed Button
2023-07-05 23:10:32,748 [main] INFO angular.pageobjects.NetworkProductMapping - Trying to click on Done Button
2023-07-05 23:10:38,252 [main] INFO com.classes.BaseTest - org.openqa.selenium.NoSuchElementException: no such element: Unable to locate element: {"method":"xpath","selector":"//button[@id='doneBtn']//span"}
  (Session info: chrome=114.0.5735.199)
For documentation on this error, please visit: http://seleniumhq.org/exceptions/no_such_element.html
Build info: version: '3.10.0', revision: '176b4a9', time: '2018-03-02T19:03:16.397Z'
System info: host: 'MCKL-20005142', ip: '192.168.0.109', os.name: 'Windows 10', os.arch: 'amd64', os.version: '10.0', java.version: '1.8.0_291'
Driver info: org.openqa.selenium.chrome.ChromeDriver
Capabilities {acceptInsecureCerts: false, browserName: chrome, browserVersion: 114.0.5735.199, chrome: {chromedriverVersion: 114.0.5735.90 (386bc09e8f4f..., userDataDir: C:\Users\SOURAB~1.AWA\AppDa...}, goog:chromeOptions: {debuggerAddress: localhost:57250}, javascriptEnabled: true, networkConnectionEnabled: false, pageLoadStrategy: normal, platform: WINDOWS, platformName: WINDOWS, proxy: Proxy(), setWindowRect: true, strictFileInteractability: false, timeouts: {implicit: 0, pageLoad: 300000, script: 30000}, unhandledPromptBehavior: dismiss and notify, webauthn:extension:credBlob: true, webauthn:extension:largeBlob: true, webauthn:extension:minPinLength: true, webauthn:extension:prf: true, webauthn:virtualAuthenticators: true}
Session ID: 7361210838a0151015849243317c9af0
*** Element info: {Using=xpath, value=//button[@id='doneBtn']//span}
2023-07-05 23:10:42,267 [main] INFO com.sshmanager.SSHService - Executing: tail -n 1000 /data1/pretupsapp/tomcat9_pgdev/logs/catalina.out

2023-07-05 23:10:43,606 [main] INFO com.sshmanager.SSHService - Channel Exit Status: 0
