2022-02-15 13:18:29,545 [main] INFO com.classes.BaseTest - Loading all methods from -masterVO class
2022-02-15 13:18:29,548 [main] INFO com.utils._masterVO - Loading Properties file from: .//src//test//resources//sysconfig//Constant.properties
2022-02-15 13:18:29,550 [main] INFO com.utils._masterVO - Properties File Loaded successfully
2022-02-15 13:18:29,552 [main] INFO com.utils._masterVO - Loading Master Sheet from: src//test//resources//config//DataProvider.xlsx
2022-02-15 13:18:30,215 [main] INFO com.utils._masterVO - Master Sheet Loaded successfully
2022-02-15 13:18:30,217 [main] INFO com.utils._masterVO - Loading Client Library for Client Versioning from: .//src//test//resources//sysconfig//ClientLib.properties
2022-02-15 13:18:30,230 [main] INFO com.utils._masterVO - Client Library Loaded successfully
2022-02-15 13:18:30,503 [main] INFO com.utils._masterVO - loadGeoDomains Map returns ::ZO - AUTbKlI - AUToKa1C
2022-02-15 13:18:30,645 [main] INFO com.utils._masterVO - loadGeoDomains Map returns ::AR - AUT7dba - AUT63dCN
2022-02-15 13:18:30,777 [main] INFO com.utils._masterVO - loadGeoDomains Map returns ::SA - AUTO2Fm - AUTNelnh
2022-02-15 13:18:31,301 [main] INFO com.utils._masterVO - Loading test case file file from: .//src//test//resources//sysconfig//testCaseFile.properties
2022-02-15 13:18:31,321 [main] INFO com.utils._masterVO - Test cases file Loaded successfully
2022-02-15 13:18:31,323 [main] INFO com.utils._masterVO - Loading Web Cases Master file from: .//src//test//resources//config//testCaseFile.properties
2022-02-15 13:18:31,342 [main] INFO com.utils._masterVO - Gateway Cases Master File Loaded successfully
2022-02-15 13:18:31,375 [main] INFO com.dbrepository.DBHandler - Entered Access Handler :: PostGreSQL
2022-02-15 13:18:31,380 [main] INFO com.commons.CacheController - New Cache DAO Loaded :: UPDATECACHE_VER = 1
2022-02-15 13:18:31,414 [MLog-Init-Reporter] INFO com.mchange.v2.log.MLog - MLog clients using log4j logging.
2022-02-15 13:18:31,487 [main] INFO com.mchange.v2.c3p0.C3P0Registry - Initializing c3p0-0.9.5.2 [built 08-December-2015 22:06:04 -0800; debug? true; trace: 10]
2022-02-15 13:18:31,574 [main] INFO com.mchange.v2.c3p0.impl.AbstractPoolBackedDataSource - Initializing c3p0 pool... com.mchange.v2.c3p0.ComboPooledDataSource [ acquireIncrement -> 5, acquireRetryAttempts -> 30, acquireRetryDelay -> 1000, autoCommitOnClose -> false, automaticTestTable -> null, breakAfterAcquireFailure -> false, checkoutTimeout -> 0, connectionCustomizerClassName -> null, connectionTesterClassName -> com.mchange.v2.c3p0.impl.DefaultConnectionTester, contextClassLoaderSource -> caller, dataSourceName -> 1hge145am1y0p4d21tlqa0d|13579834, debugUnreturnedConnectionStackTraces -> false, description -> null, driverClass -> org.postgresql.Driver, extensions -> {}, factoryClassLocation -> null, forceIgnoreUnresolvedTransactions -> false, forceSynchronousCheckins -> false, forceUseNamedDriverClass -> false, identityToken -> 1hge145am1y0p4d21tlqa0d|13579834, idleConnectionTestPeriod -> 0, initialPoolSize -> 10, jdbcUrl -> jdbc:postgresql://172.30.38.120:5432/pretups_trunk, maxAdministrativeTaskTime -> 0, maxConnectionAge -> 0, maxIdleTime -> 0, maxIdleTimeExcessConnections -> 0, maxPoolSize -> 20, maxStatements -> 0, maxStatementsPerConnection -> 0, minPoolSize -> 10, numHelperThreads -> 3, preferredTestQuery -> null, privilegeSpawnedThreads -> false, properties -> {user=******, password=******}, propertyCycle -> 0, statementCacheNumDeferredCloseThreads -> 0, testConnectionOnCheckin -> false, testConnectionOnCheckout -> false, unreturnedConnectionTimeout -> 0, userOverrides -> {}, usesTraditionalReflectiveProxies -> false ]
2022-02-15 13:18:32,252 [main] INFO com.dbrepository.PostGreSQLRepository - Entered :: getNetworkName()
2022-02-15 13:18:32,359 [main] INFO com.dbrepository.PostGreSQLRepository - Query Repository Returns: Network Name (Network GGN)
2022-02-15 13:18:32,360 [main] INFO com.dbrepository.PostGreSQLRepository - Entered :: getSystemPreference(AMOUNT_MULT_FACTOR)
2022-02-15 13:18:32,362 [main] INFO com.dbrepository.DBConnectionPool - Active Size:1 Cache Size:2
2022-02-15 13:18:32,467 [main] INFO com.dbrepository.PostGreSQLRepository - Query Repository Returns: DEFAULT_VALUE (100)
2022-02-15 13:18:32,472 [main] INFO com.dbrepository.PostGreSQLRepository - Entered :: getSystemPreference(MSISDN_PREFIX_LENGTH)
2022-02-15 13:18:32,474 [main] INFO com.dbrepository.DBConnectionPool - Active Size:2 Cache Size:1
2022-02-15 13:18:32,586 [main] INFO com.dbrepository.PostGreSQLRepository - Query Repository Returns: DEFAULT_VALUE (2)
2022-02-15 13:18:32,588 [main] INFO com.dbrepository.PostGreSQLRepository - Entered :: getSystemPreference(MAX_MSISDN_LENGTH)
2022-02-15 13:18:32,589 [main] INFO com.dbrepository.DBConnectionPool - Active Size:3 Cache Size:0
2022-02-15 13:18:32,864 [main] INFO com.dbrepository.PostGreSQLRepository - Query Repository Returns: DEFAULT_VALUE (15)
2022-02-15 13:18:32,866 [main] INFO com.dbrepository.PostGreSQLRepository - Entered :: getSystemPreference(USER_PRODUCT_MULTIPLE_WALLET)
2022-02-15 13:18:32,868 [main] INFO com.dbrepository.DBConnectionPool - Active Size:4 Cache Size:2
2022-02-15 13:18:32,969 [main] INFO com.dbrepository.PostGreSQLRepository - Query Repository Returns: DEFAULT_VALUE (false)
2022-02-15 13:18:32,971 [main] INFO com.dbrepository.PostGreSQLRepository - Entered :: getSystemPreference(EXTERNAL_DATE_FORMAT)
2022-02-15 13:18:32,973 [main] INFO com.dbrepository.DBConnectionPool - Active Size:5 Cache Size:1
2022-02-15 13:18:33,074 [main] INFO com.dbrepository.PostGreSQLRepository - Query Repository Returns: DEFAULT_VALUE (yyyy/MM/dd)
2022-02-15 13:18:33,076 [main] INFO com.dbrepository.PostGreSQLRepository - Entered :: getSystemPreference(DATE_FORMAT_CAL_JAVA)
2022-02-15 13:18:33,079 [main] INFO com.dbrepository.DBConnectionPool - Active Size:6 Cache Size:0
2022-02-15 13:18:33,369 [main] INFO com.dbrepository.PostGreSQLRepository - Query Repository Returns: DEFAULT_VALUE (yyyy/MM/dd)
2022-02-15 13:18:33,370 [main] INFO com.dbrepository.PostGreSQLRepository - Entered :: getSystemPreference(OTH_COM_CHNL)
2022-02-15 13:18:33,371 [main] INFO com.dbrepository.DBConnectionPool - Active Size:0 Cache Size:9
2022-02-15 13:18:33,471 [main] INFO com.dbrepository.PostGreSQLRepository - Query Repository Returns: DEFAULT_VALUE (false)
2022-02-15 13:18:33,472 [main] INFO com.dbrepository.PostGreSQLRepository - Entered :: getSystemPreference(DW_ALLOWED_GATEWAYS)
2022-02-15 13:18:33,474 [main] INFO com.dbrepository.DBConnectionPool - Active Size:0 Cache Size:9
2022-02-15 13:18:33,687 [main] INFO com.dbrepository.PostGreSQLRepository - Exception while fetching System Preference: 
2022-02-15 13:18:33,689 [main] INFO com.dbrepository.PostGreSQLRepository - org.postgresql.util.PSQLException: ResultSet not positioned properly, perhaps you need to call next.
	at org.postgresql.jdbc.PgResultSet.checkResultSet(PgResultSet.java:2772)
	at org.postgresql.jdbc.PgResultSet.getString(PgResultSet.java:1894)
	at com.mchange.v2.c3p0.impl.NewProxyResultSet.getString(NewProxyResultSet.java:4865)
	at com.dbrepository.PostGreSQLRepository.getSystemPreference(PostGreSQLRepository.java:238)
	at com.utils._masterVO.loadPreferences(_masterVO.java:351)
	at com.utils._masterVO.loadVO(_masterVO.java:76)
	at com.classes.BaseTest.setupReporter(BaseTest.java:85)
	at sun.reflect.NativeMethodAccessorImpl.invoke0(Native Method)
	at sun.reflect.NativeMethodAccessorImpl.invoke(Unknown Source)
	at sun.reflect.DelegatingMethodAccessorImpl.invoke(Unknown Source)
	at java.lang.reflect.Method.invoke(Unknown Source)
	at org.testng.internal.MethodInvocationHelper.invokeMethod(MethodInvocationHelper.java:124)
	at org.testng.internal.MethodInvocationHelper.invokeMethodConsideringTimeout(MethodInvocationHelper.java:59)
	at org.testng.internal.Invoker.invokeConfigurationMethod(Invoker.java:455)
	at org.testng.internal.Invoker.invokeConfigurations(Invoker.java:222)
	at org.testng.internal.Invoker.invokeConfigurations(Invoker.java:142)
	at org.testng.SuiteRunner.privateRun(SuiteRunner.java:401)
	at org.testng.SuiteRunner.run(SuiteRunner.java:364)
	at org.testng.SuiteRunnerWorker.runSuite(SuiteRunnerWorker.java:52)
	at org.testng.SuiteRunnerWorker.run(SuiteRunnerWorker.java:84)
	at org.testng.TestNG.runSuitesSequentially(TestNG.java:1208)
	at org.testng.TestNG.runSuitesLocally(TestNG.java:1137)
	at org.testng.TestNG.runSuites(TestNG.java:1049)
	at org.testng.TestNG.run(TestNG.java:1017)
	at org.testng.remote.AbstractRemoteTestNG.run(AbstractRemoteTestNG.java:115)
	at org.testng.remote.RemoteTestNG.initAndRun(RemoteTestNG.java:251)
	at org.testng.remote.RemoteTestNG.main(RemoteTestNG.java:77)

2022-02-15 13:18:33,690 [main] INFO com.dbrepository.PostGreSQLRepository - Query Repository Returns: DEFAULT_VALUE (null)
2022-02-15 13:18:33,692 [main] INFO com.dbrepository.PostGreSQLRepository - Entered :: getSystemPreference(DEFAULT_LANGUAGE)
2022-02-15 13:18:33,693 [main] INFO com.dbrepository.DBConnectionPool - Active Size:0 Cache Size:9
2022-02-15 13:18:33,795 [main] INFO com.dbrepository.PostGreSQLRepository - Query Repository Returns: DEFAULT_VALUE (en)
2022-02-15 13:18:33,796 [main] INFO com.dbrepository.PostGreSQLRepository - Entered :: getSystemPreference(DEFAULT_COUNTRY)
2022-02-15 13:18:33,798 [main] INFO com.dbrepository.DBConnectionPool - Active Size:0 Cache Size:10
2022-02-15 13:18:33,907 [main] INFO com.dbrepository.PostGreSQLRepository - Query Repository Returns: DEFAULT_VALUE (US)
2022-02-15 13:18:33,909 [main] INFO com.utils._masterVO - Display Locale set to: en_US
2022-02-15 13:18:54,979 [main] ERROR com.sshmanager.SSHService - Error while getting SSH Server Instance : com.jcraft.jsch.JSchException: java.net.ConnectException: Connection timed out: connect
2022-02-15 13:18:55,008 [main] INFO com.utils._masterVO - Loading Messages Resource properties File from: .//src//test//resources//sysconfig//English.properties
2022-02-15 13:18:55,055 [main] INFO com.utils._masterVO - Messages Resource Properties file Loaded successfully
2022-02-15 13:18:55,056 [main] INFO com.utils._masterVO - Loading Messages Resource properties File from: .//src//test//resources//sysconfig//C2S_English.properties
2022-02-15 13:18:55,068 [main] INFO com.utils._masterVO - Messages Resource Properties file Loaded successfully
2022-02-15 13:18:55,069 [main] INFO com.dbrepository.PostGreSQLRepository - Entered getGatewayDetails('EXTGW','USSD','SMSC')
2022-02-15 13:18:55,070 [main] INFO com.dbrepository.DBConnectionPool - Active Size:0 Cache Size:10
2022-02-15 13:18:55,073 [main] INFO com.dbrepository.PostGreSQLRepository - getGatewayDetails() :: select query: SELECT rmg.gateway_code, mg.gateway_type, rmg.login_id, rmg.PASSWORD, rmg.content_type, rmg.service_port, mg.req_password_plain FROM message_gateway mg, req_message_gateway rmg WHERE mg.gateway_code = rmg.gateway_code AND rmg.gateway_code IN ('EXTGW','USSD','SMSC')
2022-02-15 13:18:55,189 [main] INFO com.dbrepository.PostGreSQLRepository - Database Returns: [[Ljava.lang.Object;@673bb956[{{EXTGW,EXTGW,pretups,0971500a350af5c3d1c0b12221a0558c,XML,190,Y},{USSD,USSD,pretups,0971500a350af5c3d1c0b12221a0558c,XML,190,Y},{SMSC,SMSC,pretups,0971500a350af5c3d1c0b12221a0558c,PLAIN,190,Y}}]
2022-02-15 13:18:55,191 [main] INFO com.dbrepository.PostGreSQLRepository - Exiting getGatewayDetails()
2022-02-15 13:18:55,194 [main] INFO com.utils._APIUtil - Entered getAPIServices(EXTGW)
2022-02-15 13:18:55,201 [main] INFO com.utils._APIUtil - Exiting getAPIServices([])
2022-02-15 13:18:55,204 [main] INFO com.utils._masterVO - Loading Gateway Cases Master file from: .//src//test//resources//config//GatewayMaster.xlsx
2022-02-15 13:18:55,345 [main] INFO com.utils.ExcelUtility - java.lang.NullPointerException
	at com.utils.ExcelUtility.getCellData(ExcelUtility.java:311)
	at com.utils._masterVO.loadGatewayCases(_masterVO.java:116)
	at com.utils._masterVO.loadExternalServices(_masterVO.java:449)
	at com.utils._masterVO.loadVO(_masterVO.java:82)
	at com.classes.BaseTest.setupReporter(BaseTest.java:85)
	at sun.reflect.NativeMethodAccessorImpl.invoke0(Native Method)
	at sun.reflect.NativeMethodAccessorImpl.invoke(Unknown Source)
	at sun.reflect.DelegatingMethodAccessorImpl.invoke(Unknown Source)
	at java.lang.reflect.Method.invoke(Unknown Source)
	at org.testng.internal.MethodInvocationHelper.invokeMethod(MethodInvocationHelper.java:124)
	at org.testng.internal.MethodInvocationHelper.invokeMethodConsideringTimeout(MethodInvocationHelper.java:59)
	at org.testng.internal.Invoker.invokeConfigurationMethod(Invoker.java:455)
	at org.testng.internal.Invoker.invokeConfigurations(Invoker.java:222)
	at org.testng.internal.Invoker.invokeConfigurations(Invoker.java:142)
	at org.testng.SuiteRunner.privateRun(SuiteRunner.java:401)
	at org.testng.SuiteRunner.run(SuiteRunner.java:364)
	at org.testng.SuiteRunnerWorker.runSuite(SuiteRunnerWorker.java:52)
	at org.testng.SuiteRunnerWorker.run(SuiteRunnerWorker.java:84)
	at org.testng.TestNG.runSuitesSequentially(TestNG.java:1208)
	at org.testng.TestNG.runSuitesLocally(TestNG.java:1137)
	at org.testng.TestNG.runSuites(TestNG.java:1049)
	at org.testng.TestNG.run(TestNG.java:1017)
	at org.testng.remote.AbstractRemoteTestNG.run(AbstractRemoteTestNG.java:115)
	at org.testng.remote.RemoteTestNG.initAndRun(RemoteTestNG.java:251)
	at org.testng.remote.RemoteTestNG.main(RemoteTestNG.java:77)

2022-02-15 13:18:55,350 [main] INFO com.utils.ExcelUtility - java.lang.NullPointerException
	at com.utils.ExcelUtility.getCellData(ExcelUtility.java:311)
	at com.utils._masterVO.loadGatewayCases(_masterVO.java:116)
	at com.utils._masterVO.loadExternalServices(_masterVO.java:449)
	at com.utils._masterVO.loadVO(_masterVO.java:82)
	at com.classes.BaseTest.setupReporter(BaseTest.java:85)
	at sun.reflect.NativeMethodAccessorImpl.invoke0(Native Method)
	at sun.reflect.NativeMethodAccessorImpl.invoke(Unknown Source)
	at sun.reflect.DelegatingMethodAccessorImpl.invoke(Unknown Source)
	at java.lang.reflect.Method.invoke(Unknown Source)
	at org.testng.internal.MethodInvocationHelper.invokeMethod(MethodInvocationHelper.java:124)
	at org.testng.internal.MethodInvocationHelper.invokeMethodConsideringTimeout(MethodInvocationHelper.java:59)
	at org.testng.internal.Invoker.invokeConfigurationMethod(Invoker.java:455)
	at org.testng.internal.Invoker.invokeConfigurations(Invoker.java:222)
	at org.testng.internal.Invoker.invokeConfigurations(Invoker.java:142)
	at org.testng.SuiteRunner.privateRun(SuiteRunner.java:401)
	at org.testng.SuiteRunner.run(SuiteRunner.java:364)
	at org.testng.SuiteRunnerWorker.runSuite(SuiteRunnerWorker.java:52)
	at org.testng.SuiteRunnerWorker.run(SuiteRunnerWorker.java:84)
	at org.testng.TestNG.runSuitesSequentially(TestNG.java:1208)
	at org.testng.TestNG.runSuitesLocally(TestNG.java:1137)
	at org.testng.TestNG.runSuites(TestNG.java:1049)
	at org.testng.TestNG.run(TestNG.java:1017)
	at org.testng.remote.AbstractRemoteTestNG.run(AbstractRemoteTestNG.java:115)
	at org.testng.remote.RemoteTestNG.initAndRun(RemoteTestNG.java:251)
	at org.testng.remote.RemoteTestNG.main(RemoteTestNG.java:77)

2022-02-15 13:18:55,354 [main] INFO com.utils.ExcelUtility - java.lang.NullPointerException
	at com.utils.ExcelUtility.getCellData(ExcelUtility.java:311)
	at com.utils._masterVO.loadGatewayCases(_masterVO.java:116)
	at com.utils._masterVO.loadExternalServices(_masterVO.java:449)
	at com.utils._masterVO.loadVO(_masterVO.java:82)
	at com.classes.BaseTest.setupReporter(BaseTest.java:85)
	at sun.reflect.NativeMethodAccessorImpl.invoke0(Native Method)
	at sun.reflect.NativeMethodAccessorImpl.invoke(Unknown Source)
	at sun.reflect.DelegatingMethodAccessorImpl.invoke(Unknown Source)
	at java.lang.reflect.Method.invoke(Unknown Source)
	at org.testng.internal.MethodInvocationHelper.invokeMethod(MethodInvocationHelper.java:124)
	at org.testng.internal.MethodInvocationHelper.invokeMethodConsideringTimeout(MethodInvocationHelper.java:59)
	at org.testng.internal.Invoker.invokeConfigurationMethod(Invoker.java:455)
	at org.testng.internal.Invoker.invokeConfigurations(Invoker.java:222)
	at org.testng.internal.Invoker.invokeConfigurations(Invoker.java:142)
	at org.testng.SuiteRunner.privateRun(SuiteRunner.java:401)
	at org.testng.SuiteRunner.run(SuiteRunner.java:364)
	at org.testng.SuiteRunnerWorker.runSuite(SuiteRunnerWorker.java:52)
	at org.testng.SuiteRunnerWorker.run(SuiteRunnerWorker.java:84)
	at org.testng.TestNG.runSuitesSequentially(TestNG.java:1208)
	at org.testng.TestNG.runSuitesLocally(TestNG.java:1137)
	at org.testng.TestNG.runSuites(TestNG.java:1049)
	at org.testng.TestNG.run(TestNG.java:1017)
	at org.testng.remote.AbstractRemoteTestNG.run(AbstractRemoteTestNG.java:115)
	at org.testng.remote.RemoteTestNG.initAndRun(RemoteTestNG.java:251)
	at org.testng.remote.RemoteTestNG.main(RemoteTestNG.java:77)

2022-02-15 13:18:55,368 [main] INFO com.utils.ExcelUtility - java.lang.NullPointerException
	at com.utils.ExcelUtility.getCellData(ExcelUtility.java:311)
	at com.utils._masterVO.loadGatewayCases(_masterVO.java:116)
	at com.utils._masterVO.loadExternalServices(_masterVO.java:449)
	at com.utils._masterVO.loadVO(_masterVO.java:82)
	at com.classes.BaseTest.setupReporter(BaseTest.java:85)
	at sun.reflect.NativeMethodAccessorImpl.invoke0(Native Method)
	at sun.reflect.NativeMethodAccessorImpl.invoke(Unknown Source)
	at sun.reflect.DelegatingMethodAccessorImpl.invoke(Unknown Source)
	at java.lang.reflect.Method.invoke(Unknown Source)
	at org.testng.internal.MethodInvocationHelper.invokeMethod(MethodInvocationHelper.java:124)
	at org.testng.internal.MethodInvocationHelper.invokeMethodConsideringTimeout(MethodInvocationHelper.java:59)
	at org.testng.internal.Invoker.invokeConfigurationMethod(Invoker.java:455)
	at org.testng.internal.Invoker.invokeConfigurations(Invoker.java:222)
	at org.testng.internal.Invoker.invokeConfigurations(Invoker.java:142)
	at org.testng.SuiteRunner.privateRun(SuiteRunner.java:401)
	at org.testng.SuiteRunner.run(SuiteRunner.java:364)
	at org.testng.SuiteRunnerWorker.runSuite(SuiteRunnerWorker.java:52)
	at org.testng.SuiteRunnerWorker.run(SuiteRunnerWorker.java:84)
	at org.testng.TestNG.runSuitesSequentially(TestNG.java:1208)
	at org.testng.TestNG.runSuitesLocally(TestNG.java:1137)
	at org.testng.TestNG.runSuites(TestNG.java:1049)
	at org.testng.TestNG.run(TestNG.java:1017)
	at org.testng.remote.AbstractRemoteTestNG.run(AbstractRemoteTestNG.java:115)
	at org.testng.remote.RemoteTestNG.initAndRun(RemoteTestNG.java:251)
	at org.testng.remote.RemoteTestNG.main(RemoteTestNG.java:77)

2022-02-15 13:18:55,408 [main] INFO com.utils.ExcelUtility - java.lang.NullPointerException
	at com.utils.ExcelUtility.getCellData(ExcelUtility.java:311)
	at com.utils._masterVO.loadGatewayCases(_masterVO.java:116)
	at com.utils._masterVO.loadExternalServices(_masterVO.java:449)
	at com.utils._masterVO.loadVO(_masterVO.java:82)
	at com.classes.BaseTest.setupReporter(BaseTest.java:85)
	at sun.reflect.NativeMethodAccessorImpl.invoke0(Native Method)
	at sun.reflect.NativeMethodAccessorImpl.invoke(Unknown Source)
	at sun.reflect.DelegatingMethodAccessorImpl.invoke(Unknown Source)
	at java.lang.reflect.Method.invoke(Unknown Source)
	at org.testng.internal.MethodInvocationHelper.invokeMethod(MethodInvocationHelper.java:124)
	at org.testng.internal.MethodInvocationHelper.invokeMethodConsideringTimeout(MethodInvocationHelper.java:59)
	at org.testng.internal.Invoker.invokeConfigurationMethod(Invoker.java:455)
	at org.testng.internal.Invoker.invokeConfigurations(Invoker.java:222)
	at org.testng.internal.Invoker.invokeConfigurations(Invoker.java:142)
	at org.testng.SuiteRunner.privateRun(SuiteRunner.java:401)
	at org.testng.SuiteRunner.run(SuiteRunner.java:364)
	at org.testng.SuiteRunnerWorker.runSuite(SuiteRunnerWorker.java:52)
	at org.testng.SuiteRunnerWorker.run(SuiteRunnerWorker.java:84)
	at org.testng.TestNG.runSuitesSequentially(TestNG.java:1208)
	at org.testng.TestNG.runSuitesLocally(TestNG.java:1137)
	at org.testng.TestNG.runSuites(TestNG.java:1049)
	at org.testng.TestNG.run(TestNG.java:1017)
	at org.testng.remote.AbstractRemoteTestNG.run(AbstractRemoteTestNG.java:115)
	at org.testng.remote.RemoteTestNG.initAndRun(RemoteTestNG.java:251)
	at org.testng.remote.RemoteTestNG.main(RemoteTestNG.java:77)

2022-02-15 13:18:55,428 [main] INFO com.utils.ExcelUtility - java.lang.NullPointerException
	at com.utils.ExcelUtility.getCellData(ExcelUtility.java:311)
	at com.utils._masterVO.loadGatewayCases(_masterVO.java:116)
	at com.utils._masterVO.loadExternalServices(_masterVO.java:449)
	at com.utils._masterVO.loadVO(_masterVO.java:82)
	at com.classes.BaseTest.setupReporter(BaseTest.java:85)
	at sun.reflect.NativeMethodAccessorImpl.invoke0(Native Method)
	at sun.reflect.NativeMethodAccessorImpl.invoke(Unknown Source)
	at sun.reflect.DelegatingMethodAccessorImpl.invoke(Unknown Source)
	at java.lang.reflect.Method.invoke(Unknown Source)
	at org.testng.internal.MethodInvocationHelper.invokeMethod(MethodInvocationHelper.java:124)
	at org.testng.internal.MethodInvocationHelper.invokeMethodConsideringTimeout(MethodInvocationHelper.java:59)
	at org.testng.internal.Invoker.invokeConfigurationMethod(Invoker.java:455)
	at org.testng.internal.Invoker.invokeConfigurations(Invoker.java:222)
	at org.testng.internal.Invoker.invokeConfigurations(Invoker.java:142)
	at org.testng.SuiteRunner.privateRun(SuiteRunner.java:401)
	at org.testng.SuiteRunner.run(SuiteRunner.java:364)
	at org.testng.SuiteRunnerWorker.runSuite(SuiteRunnerWorker.java:52)
	at org.testng.SuiteRunnerWorker.run(SuiteRunnerWorker.java:84)
	at org.testng.TestNG.runSuitesSequentially(TestNG.java:1208)
	at org.testng.TestNG.runSuitesLocally(TestNG.java:1137)
	at org.testng.TestNG.runSuites(TestNG.java:1049)
	at org.testng.TestNG.run(TestNG.java:1017)
	at org.testng.remote.AbstractRemoteTestNG.run(AbstractRemoteTestNG.java:115)
	at org.testng.remote.RemoteTestNG.initAndRun(RemoteTestNG.java:251)
	at org.testng.remote.RemoteTestNG.main(RemoteTestNG.java:77)

2022-02-15 13:18:55,429 [main] INFO com.utils.ExcelUtility - java.lang.NullPointerException
	at com.utils.ExcelUtility.getCellData(ExcelUtility.java:311)
	at com.utils._masterVO.loadGatewayCases(_masterVO.java:116)
	at com.utils._masterVO.loadExternalServices(_masterVO.java:449)
	at com.utils._masterVO.loadVO(_masterVO.java:82)
	at com.classes.BaseTest.setupReporter(BaseTest.java:85)
	at sun.reflect.NativeMethodAccessorImpl.invoke0(Native Method)
	at sun.reflect.NativeMethodAccessorImpl.invoke(Unknown Source)
	at sun.reflect.DelegatingMethodAccessorImpl.invoke(Unknown Source)
	at java.lang.reflect.Method.invoke(Unknown Source)
	at org.testng.internal.MethodInvocationHelper.invokeMethod(MethodInvocationHelper.java:124)
	at org.testng.internal.MethodInvocationHelper.invokeMethodConsideringTimeout(MethodInvocationHelper.java:59)
	at org.testng.internal.Invoker.invokeConfigurationMethod(Invoker.java:455)
	at org.testng.internal.Invoker.invokeConfigurations(Invoker.java:222)
	at org.testng.internal.Invoker.invokeConfigurations(Invoker.java:142)
	at org.testng.SuiteRunner.privateRun(SuiteRunner.java:401)
	at org.testng.SuiteRunner.run(SuiteRunner.java:364)
	at org.testng.SuiteRunnerWorker.runSuite(SuiteRunnerWorker.java:52)
	at org.testng.SuiteRunnerWorker.run(SuiteRunnerWorker.java:84)
	at org.testng.TestNG.runSuitesSequentially(TestNG.java:1208)
	at org.testng.TestNG.runSuitesLocally(TestNG.java:1137)
	at org.testng.TestNG.runSuites(TestNG.java:1049)
	at org.testng.TestNG.run(TestNG.java:1017)
	at org.testng.remote.AbstractRemoteTestNG.run(AbstractRemoteTestNG.java:115)
	at org.testng.remote.RemoteTestNG.initAndRun(RemoteTestNG.java:251)
	at org.testng.remote.RemoteTestNG.main(RemoteTestNG.java:77)

2022-02-15 13:18:55,440 [main] INFO com.utils.ExcelUtility - java.lang.NullPointerException
	at com.utils.ExcelUtility.getCellData(ExcelUtility.java:311)
	at com.utils._masterVO.loadGatewayCases(_masterVO.java:116)
	at com.utils._masterVO.loadExternalServices(_masterVO.java:449)
	at com.utils._masterVO.loadVO(_masterVO.java:82)
	at com.classes.BaseTest.setupReporter(BaseTest.java:85)
	at sun.reflect.NativeMethodAccessorImpl.invoke0(Native Method)
	at sun.reflect.NativeMethodAccessorImpl.invoke(Unknown Source)
	at sun.reflect.DelegatingMethodAccessorImpl.invoke(Unknown Source)
	at java.lang.reflect.Method.invoke(Unknown Source)
	at org.testng.internal.MethodInvocationHelper.invokeMethod(MethodInvocationHelper.java:124)
	at org.testng.internal.MethodInvocationHelper.invokeMethodConsideringTimeout(MethodInvocationHelper.java:59)
	at org.testng.internal.Invoker.invokeConfigurationMethod(Invoker.java:455)
	at org.testng.internal.Invoker.invokeConfigurations(Invoker.java:222)
	at org.testng.internal.Invoker.invokeConfigurations(Invoker.java:142)
	at org.testng.SuiteRunner.privateRun(SuiteRunner.java:401)
	at org.testng.SuiteRunner.run(SuiteRunner.java:364)
	at org.testng.SuiteRunnerWorker.runSuite(SuiteRunnerWorker.java:52)
	at org.testng.SuiteRunnerWorker.run(SuiteRunnerWorker.java:84)
	at org.testng.TestNG.runSuitesSequentially(TestNG.java:1208)
	at org.testng.TestNG.runSuitesLocally(TestNG.java:1137)
	at org.testng.TestNG.runSuites(TestNG.java:1049)
	at org.testng.TestNG.run(TestNG.java:1017)
	at org.testng.remote.AbstractRemoteTestNG.run(AbstractRemoteTestNG.java:115)
	at org.testng.remote.RemoteTestNG.initAndRun(RemoteTestNG.java:251)
	at org.testng.remote.RemoteTestNG.main(RemoteTestNG.java:77)

2022-02-15 13:18:55,441 [main] INFO com.utils.ExcelUtility - java.lang.NullPointerException
	at com.utils.ExcelUtility.getCellData(ExcelUtility.java:311)
	at com.utils._masterVO.loadGatewayCases(_masterVO.java:116)
	at com.utils._masterVO.loadExternalServices(_masterVO.java:449)
	at com.utils._masterVO.loadVO(_masterVO.java:82)
	at com.classes.BaseTest.setupReporter(BaseTest.java:85)
	at sun.reflect.NativeMethodAccessorImpl.invoke0(Native Method)
	at sun.reflect.NativeMethodAccessorImpl.invoke(Unknown Source)
	at sun.reflect.DelegatingMethodAccessorImpl.invoke(Unknown Source)
	at java.lang.reflect.Method.invoke(Unknown Source)
	at org.testng.internal.MethodInvocationHelper.invokeMethod(MethodInvocationHelper.java:124)
	at org.testng.internal.MethodInvocationHelper.invokeMethodConsideringTimeout(MethodInvocationHelper.java:59)
	at org.testng.internal.Invoker.invokeConfigurationMethod(Invoker.java:455)
	at org.testng.internal.Invoker.invokeConfigurations(Invoker.java:222)
	at org.testng.internal.Invoker.invokeConfigurations(Invoker.java:142)
	at org.testng.SuiteRunner.privateRun(SuiteRunner.java:401)
	at org.testng.SuiteRunner.run(SuiteRunner.java:364)
	at org.testng.SuiteRunnerWorker.runSuite(SuiteRunnerWorker.java:52)
	at org.testng.SuiteRunnerWorker.run(SuiteRunnerWorker.java:84)
	at org.testng.TestNG.runSuitesSequentially(TestNG.java:1208)
	at org.testng.TestNG.runSuitesLocally(TestNG.java:1137)
	at org.testng.TestNG.runSuites(TestNG.java:1049)
	at org.testng.TestNG.run(TestNG.java:1017)
	at org.testng.remote.AbstractRemoteTestNG.run(AbstractRemoteTestNG.java:115)
	at org.testng.remote.RemoteTestNG.initAndRun(RemoteTestNG.java:251)
	at org.testng.remote.RemoteTestNG.main(RemoteTestNG.java:77)

2022-02-15 13:18:55,441 [main] INFO com.utils.ExcelUtility - java.lang.NullPointerException
	at com.utils.ExcelUtility.getCellData(ExcelUtility.java:311)
	at com.utils._masterVO.loadGatewayCases(_masterVO.java:116)
	at com.utils._masterVO.loadExternalServices(_masterVO.java:449)
	at com.utils._masterVO.loadVO(_masterVO.java:82)
	at com.classes.BaseTest.setupReporter(BaseTest.java:85)
	at sun.reflect.NativeMethodAccessorImpl.invoke0(Native Method)
	at sun.reflect.NativeMethodAccessorImpl.invoke(Unknown Source)
	at sun.reflect.DelegatingMethodAccessorImpl.invoke(Unknown Source)
	at java.lang.reflect.Method.invoke(Unknown Source)
	at org.testng.internal.MethodInvocationHelper.invokeMethod(MethodInvocationHelper.java:124)
	at org.testng.internal.MethodInvocationHelper.invokeMethodConsideringTimeout(MethodInvocationHelper.java:59)
	at org.testng.internal.Invoker.invokeConfigurationMethod(Invoker.java:455)
	at org.testng.internal.Invoker.invokeConfigurations(Invoker.java:222)
	at org.testng.internal.Invoker.invokeConfigurations(Invoker.java:142)
	at org.testng.SuiteRunner.privateRun(SuiteRunner.java:401)
	at org.testng.SuiteRunner.run(SuiteRunner.java:364)
	at org.testng.SuiteRunnerWorker.runSuite(SuiteRunnerWorker.java:52)
	at org.testng.SuiteRunnerWorker.run(SuiteRunnerWorker.java:84)
	at org.testng.TestNG.runSuitesSequentially(TestNG.java:1208)
	at org.testng.TestNG.runSuitesLocally(TestNG.java:1137)
	at org.testng.TestNG.runSuites(TestNG.java:1049)
	at org.testng.TestNG.run(TestNG.java:1017)
	at org.testng.remote.AbstractRemoteTestNG.run(AbstractRemoteTestNG.java:115)
	at org.testng.remote.RemoteTestNG.initAndRun(RemoteTestNG.java:251)
	at org.testng.remote.RemoteTestNG.main(RemoteTestNG.java:77)

2022-02-15 13:18:55,442 [main] INFO com.utils.ExcelUtility - java.lang.NullPointerException
	at com.utils.ExcelUtility.getCellData(ExcelUtility.java:311)
	at com.utils._masterVO.loadGatewayCases(_masterVO.java:116)
	at com.utils._masterVO.loadExternalServices(_masterVO.java:449)
	at com.utils._masterVO.loadVO(_masterVO.java:82)
	at com.classes.BaseTest.setupReporter(BaseTest.java:85)
	at sun.reflect.NativeMethodAccessorImpl.invoke0(Native Method)
	at sun.reflect.NativeMethodAccessorImpl.invoke(Unknown Source)
	at sun.reflect.DelegatingMethodAccessorImpl.invoke(Unknown Source)
	at java.lang.reflect.Method.invoke(Unknown Source)
	at org.testng.internal.MethodInvocationHelper.invokeMethod(MethodInvocationHelper.java:124)
	at org.testng.internal.MethodInvocationHelper.invokeMethodConsideringTimeout(MethodInvocationHelper.java:59)
	at org.testng.internal.Invoker.invokeConfigurationMethod(Invoker.java:455)
	at org.testng.internal.Invoker.invokeConfigurations(Invoker.java:222)
	at org.testng.internal.Invoker.invokeConfigurations(Invoker.java:142)
	at org.testng.SuiteRunner.privateRun(SuiteRunner.java:401)
	at org.testng.SuiteRunner.run(SuiteRunner.java:364)
	at org.testng.SuiteRunnerWorker.runSuite(SuiteRunnerWorker.java:52)
	at org.testng.SuiteRunnerWorker.run(SuiteRunnerWorker.java:84)
	at org.testng.TestNG.runSuitesSequentially(TestNG.java:1208)
	at org.testng.TestNG.runSuitesLocally(TestNG.java:1137)
	at org.testng.TestNG.runSuites(TestNG.java:1049)
	at org.testng.TestNG.run(TestNG.java:1017)
	at org.testng.remote.AbstractRemoteTestNG.run(AbstractRemoteTestNG.java:115)
	at org.testng.remote.RemoteTestNG.initAndRun(RemoteTestNG.java:251)
	at org.testng.remote.RemoteTestNG.main(RemoteTestNG.java:77)

2022-02-15 13:18:55,445 [main] INFO com.utils.ExcelUtility - java.lang.NullPointerException
	at com.utils.ExcelUtility.getCellData(ExcelUtility.java:311)
	at com.utils._masterVO.loadGatewayCases(_masterVO.java:116)
	at com.utils._masterVO.loadExternalServices(_masterVO.java:449)
	at com.utils._masterVO.loadVO(_masterVO.java:82)
	at com.classes.BaseTest.setupReporter(BaseTest.java:85)
	at sun.reflect.NativeMethodAccessorImpl.invoke0(Native Method)
	at sun.reflect.NativeMethodAccessorImpl.invoke(Unknown Source)
	at sun.reflect.DelegatingMethodAccessorImpl.invoke(Unknown Source)
	at java.lang.reflect.Method.invoke(Unknown Source)
	at org.testng.internal.MethodInvocationHelper.invokeMethod(MethodInvocationHelper.java:124)
	at org.testng.internal.MethodInvocationHelper.invokeMethodConsideringTimeout(MethodInvocationHelper.java:59)
	at org.testng.internal.Invoker.invokeConfigurationMethod(Invoker.java:455)
	at org.testng.internal.Invoker.invokeConfigurations(Invoker.java:222)
	at org.testng.internal.Invoker.invokeConfigurations(Invoker.java:142)
	at org.testng.SuiteRunner.privateRun(SuiteRunner.java:401)
	at org.testng.SuiteRunner.run(SuiteRunner.java:364)
	at org.testng.SuiteRunnerWorker.runSuite(SuiteRunnerWorker.java:52)
	at org.testng.SuiteRunnerWorker.run(SuiteRunnerWorker.java:84)
	at org.testng.TestNG.runSuitesSequentially(TestNG.java:1208)
	at org.testng.TestNG.runSuitesLocally(TestNG.java:1137)
	at org.testng.TestNG.runSuites(TestNG.java:1049)
	at org.testng.TestNG.run(TestNG.java:1017)
	at org.testng.remote.AbstractRemoteTestNG.run(AbstractRemoteTestNG.java:115)
	at org.testng.remote.RemoteTestNG.initAndRun(RemoteTestNG.java:251)
	at org.testng.remote.RemoteTestNG.main(RemoteTestNG.java:77)

2022-02-15 13:18:55,446 [main] INFO com.utils.ExcelUtility - java.lang.NullPointerException
	at com.utils.ExcelUtility.getCellData(ExcelUtility.java:311)
	at com.utils._masterVO.loadGatewayCases(_masterVO.java:116)
	at com.utils._masterVO.loadExternalServices(_masterVO.java:449)
	at com.utils._masterVO.loadVO(_masterVO.java:82)
	at com.classes.BaseTest.setupReporter(BaseTest.java:85)
	at sun.reflect.NativeMethodAccessorImpl.invoke0(Native Method)
	at sun.reflect.NativeMethodAccessorImpl.invoke(Unknown Source)
	at sun.reflect.DelegatingMethodAccessorImpl.invoke(Unknown Source)
	at java.lang.reflect.Method.invoke(Unknown Source)
	at org.testng.internal.MethodInvocationHelper.invokeMethod(MethodInvocationHelper.java:124)
	at org.testng.internal.MethodInvocationHelper.invokeMethodConsideringTimeout(MethodInvocationHelper.java:59)
	at org.testng.internal.Invoker.invokeConfigurationMethod(Invoker.java:455)
	at org.testng.internal.Invoker.invokeConfigurations(Invoker.java:222)
	at org.testng.internal.Invoker.invokeConfigurations(Invoker.java:142)
	at org.testng.SuiteRunner.privateRun(SuiteRunner.java:401)
	at org.testng.SuiteRunner.run(SuiteRunner.java:364)
	at org.testng.SuiteRunnerWorker.runSuite(SuiteRunnerWorker.java:52)
	at org.testng.SuiteRunnerWorker.run(SuiteRunnerWorker.java:84)
	at org.testng.TestNG.runSuitesSequentially(TestNG.java:1208)
	at org.testng.TestNG.runSuitesLocally(TestNG.java:1137)
	at org.testng.TestNG.runSuites(TestNG.java:1049)
	at org.testng.TestNG.run(TestNG.java:1017)
	at org.testng.remote.AbstractRemoteTestNG.run(AbstractRemoteTestNG.java:115)
	at org.testng.remote.RemoteTestNG.initAndRun(RemoteTestNG.java:251)
	at org.testng.remote.RemoteTestNG.main(RemoteTestNG.java:77)

2022-02-15 13:18:55,446 [main] INFO com.utils.ExcelUtility - java.lang.NullPointerException
	at com.utils.ExcelUtility.getCellData(ExcelUtility.java:311)
	at com.utils._masterVO.loadGatewayCases(_masterVO.java:116)
	at com.utils._masterVO.loadExternalServices(_masterVO.java:449)
	at com.utils._masterVO.loadVO(_masterVO.java:82)
	at com.classes.BaseTest.setupReporter(BaseTest.java:85)
	at sun.reflect.NativeMethodAccessorImpl.invoke0(Native Method)
	at sun.reflect.NativeMethodAccessorImpl.invoke(Unknown Source)
	at sun.reflect.DelegatingMethodAccessorImpl.invoke(Unknown Source)
	at java.lang.reflect.Method.invoke(Unknown Source)
	at org.testng.internal.MethodInvocationHelper.invokeMethod(MethodInvocationHelper.java:124)
	at org.testng.internal.MethodInvocationHelper.invokeMethodConsideringTimeout(MethodInvocationHelper.java:59)
	at org.testng.internal.Invoker.invokeConfigurationMethod(Invoker.java:455)
	at org.testng.internal.Invoker.invokeConfigurations(Invoker.java:222)
	at org.testng.internal.Invoker.invokeConfigurations(Invoker.java:142)
	at org.testng.SuiteRunner.privateRun(SuiteRunner.java:401)
	at org.testng.SuiteRunner.run(SuiteRunner.java:364)
	at org.testng.SuiteRunnerWorker.runSuite(SuiteRunnerWorker.java:52)
	at org.testng.SuiteRunnerWorker.run(SuiteRunnerWorker.java:84)
	at org.testng.TestNG.runSuitesSequentially(TestNG.java:1208)
	at org.testng.TestNG.runSuitesLocally(TestNG.java:1137)
	at org.testng.TestNG.runSuites(TestNG.java:1049)
	at org.testng.TestNG.run(TestNG.java:1017)
	at org.testng.remote.AbstractRemoteTestNG.run(AbstractRemoteTestNG.java:115)
	at org.testng.remote.RemoteTestNG.initAndRun(RemoteTestNG.java:251)
	at org.testng.remote.RemoteTestNG.main(RemoteTestNG.java:77)

2022-02-15 13:18:55,447 [main] INFO com.utils.ExcelUtility - java.lang.NullPointerException
	at com.utils.ExcelUtility.getCellData(ExcelUtility.java:311)
	at com.utils._masterVO.loadGatewayCases(_masterVO.java:116)
	at com.utils._masterVO.loadExternalServices(_masterVO.java:449)
	at com.utils._masterVO.loadVO(_masterVO.java:82)
	at com.classes.BaseTest.setupReporter(BaseTest.java:85)
	at sun.reflect.NativeMethodAccessorImpl.invoke0(Native Method)
	at sun.reflect.NativeMethodAccessorImpl.invoke(Unknown Source)
	at sun.reflect.DelegatingMethodAccessorImpl.invoke(Unknown Source)
	at java.lang.reflect.Method.invoke(Unknown Source)
	at org.testng.internal.MethodInvocationHelper.invokeMethod(MethodInvocationHelper.java:124)
	at org.testng.internal.MethodInvocationHelper.invokeMethodConsideringTimeout(MethodInvocationHelper.java:59)
	at org.testng.internal.Invoker.invokeConfigurationMethod(Invoker.java:455)
	at org.testng.internal.Invoker.invokeConfigurations(Invoker.java:222)
	at org.testng.internal.Invoker.invokeConfigurations(Invoker.java:142)
	at org.testng.SuiteRunner.privateRun(SuiteRunner.java:401)
	at org.testng.SuiteRunner.run(SuiteRunner.java:364)
	at org.testng.SuiteRunnerWorker.runSuite(SuiteRunnerWorker.java:52)
	at org.testng.SuiteRunnerWorker.run(SuiteRunnerWorker.java:84)
	at org.testng.TestNG.runSuitesSequentially(TestNG.java:1208)
	at org.testng.TestNG.runSuitesLocally(TestNG.java:1137)
	at org.testng.TestNG.runSuites(TestNG.java:1049)
	at org.testng.TestNG.run(TestNG.java:1017)
	at org.testng.remote.AbstractRemoteTestNG.run(AbstractRemoteTestNG.java:115)
	at org.testng.remote.RemoteTestNG.initAndRun(RemoteTestNG.java:251)
	at org.testng.remote.RemoteTestNG.main(RemoteTestNG.java:77)

2022-02-15 13:18:55,480 [main] INFO com.utils.ExcelUtility - java.lang.NullPointerException
	at com.utils.ExcelUtility.getCellData(ExcelUtility.java:311)
	at com.utils._masterVO.loadGatewayCases(_masterVO.java:116)
	at com.utils._masterVO.loadExternalServices(_masterVO.java:449)
	at com.utils._masterVO.loadVO(_masterVO.java:82)
	at com.classes.BaseTest.setupReporter(BaseTest.java:85)
	at sun.reflect.NativeMethodAccessorImpl.invoke0(Native Method)
	at sun.reflect.NativeMethodAccessorImpl.invoke(Unknown Source)
	at sun.reflect.DelegatingMethodAccessorImpl.invoke(Unknown Source)
	at java.lang.reflect.Method.invoke(Unknown Source)
	at org.testng.internal.MethodInvocationHelper.invokeMethod(MethodInvocationHelper.java:124)
	at org.testng.internal.MethodInvocationHelper.invokeMethodConsideringTimeout(MethodInvocationHelper.java:59)
	at org.testng.internal.Invoker.invokeConfigurationMethod(Invoker.java:455)
	at org.testng.internal.Invoker.invokeConfigurations(Invoker.java:222)
	at org.testng.internal.Invoker.invokeConfigurations(Invoker.java:142)
	at org.testng.SuiteRunner.privateRun(SuiteRunner.java:401)
	at org.testng.SuiteRunner.run(SuiteRunner.java:364)
	at org.testng.SuiteRunnerWorker.runSuite(SuiteRunnerWorker.java:52)
	at org.testng.SuiteRunnerWorker.run(SuiteRunnerWorker.java:84)
	at org.testng.TestNG.runSuitesSequentially(TestNG.java:1208)
	at org.testng.TestNG.runSuitesLocally(TestNG.java:1137)
	at org.testng.TestNG.runSuites(TestNG.java:1049)
	at org.testng.TestNG.run(TestNG.java:1017)
	at org.testng.remote.AbstractRemoteTestNG.run(AbstractRemoteTestNG.java:115)
	at org.testng.remote.RemoteTestNG.initAndRun(RemoteTestNG.java:251)
	at org.testng.remote.RemoteTestNG.main(RemoteTestNG.java:77)

2022-02-15 13:18:55,480 [main] INFO com.utils.ExcelUtility - java.lang.NullPointerException
	at com.utils.ExcelUtility.getCellData(ExcelUtility.java:311)
	at com.utils._masterVO.loadGatewayCases(_masterVO.java:116)
	at com.utils._masterVO.loadExternalServices(_masterVO.java:449)
	at com.utils._masterVO.loadVO(_masterVO.java:82)
	at com.classes.BaseTest.setupReporter(BaseTest.java:85)
	at sun.reflect.NativeMethodAccessorImpl.invoke0(Native Method)
	at sun.reflect.NativeMethodAccessorImpl.invoke(Unknown Source)
	at sun.reflect.DelegatingMethodAccessorImpl.invoke(Unknown Source)
	at java.lang.reflect.Method.invoke(Unknown Source)
	at org.testng.internal.MethodInvocationHelper.invokeMethod(MethodInvocationHelper.java:124)
	at org.testng.internal.MethodInvocationHelper.invokeMethodConsideringTimeout(MethodInvocationHelper.java:59)
	at org.testng.internal.Invoker.invokeConfigurationMethod(Invoker.java:455)
	at org.testng.internal.Invoker.invokeConfigurations(Invoker.java:222)
	at org.testng.internal.Invoker.invokeConfigurations(Invoker.java:142)
	at org.testng.SuiteRunner.privateRun(SuiteRunner.java:401)
	at org.testng.SuiteRunner.run(SuiteRunner.java:364)
	at org.testng.SuiteRunnerWorker.runSuite(SuiteRunnerWorker.java:52)
	at org.testng.SuiteRunnerWorker.run(SuiteRunnerWorker.java:84)
	at org.testng.TestNG.runSuitesSequentially(TestNG.java:1208)
	at org.testng.TestNG.runSuitesLocally(TestNG.java:1137)
	at org.testng.TestNG.runSuites(TestNG.java:1049)
	at org.testng.TestNG.run(TestNG.java:1017)
	at org.testng.remote.AbstractRemoteTestNG.run(AbstractRemoteTestNG.java:115)
	at org.testng.remote.RemoteTestNG.initAndRun(RemoteTestNG.java:251)
	at org.testng.remote.RemoteTestNG.main(RemoteTestNG.java:77)

2022-02-15 13:18:55,483 [main] INFO com.utils.ExcelUtility - java.lang.NullPointerException
	at com.utils.ExcelUtility.getCellData(ExcelUtility.java:311)
	at com.utils._masterVO.loadGatewayCases(_masterVO.java:116)
	at com.utils._masterVO.loadExternalServices(_masterVO.java:449)
	at com.utils._masterVO.loadVO(_masterVO.java:82)
	at com.classes.BaseTest.setupReporter(BaseTest.java:85)
	at sun.reflect.NativeMethodAccessorImpl.invoke0(Native Method)
	at sun.reflect.NativeMethodAccessorImpl.invoke(Unknown Source)
	at sun.reflect.DelegatingMethodAccessorImpl.invoke(Unknown Source)
	at java.lang.reflect.Method.invoke(Unknown Source)
	at org.testng.internal.MethodInvocationHelper.invokeMethod(MethodInvocationHelper.java:124)
	at org.testng.internal.MethodInvocationHelper.invokeMethodConsideringTimeout(MethodInvocationHelper.java:59)
	at org.testng.internal.Invoker.invokeConfigurationMethod(Invoker.java:455)
	at org.testng.internal.Invoker.invokeConfigurations(Invoker.java:222)
	at org.testng.internal.Invoker.invokeConfigurations(Invoker.java:142)
	at org.testng.SuiteRunner.privateRun(SuiteRunner.java:401)
	at org.testng.SuiteRunner.run(SuiteRunner.java:364)
	at org.testng.SuiteRunnerWorker.runSuite(SuiteRunnerWorker.java:52)
	at org.testng.SuiteRunnerWorker.run(SuiteRunnerWorker.java:84)
	at org.testng.TestNG.runSuitesSequentially(TestNG.java:1208)
	at org.testng.TestNG.runSuitesLocally(TestNG.java:1137)
	at org.testng.TestNG.runSuites(TestNG.java:1049)
	at org.testng.TestNG.run(TestNG.java:1017)
	at org.testng.remote.AbstractRemoteTestNG.run(AbstractRemoteTestNG.java:115)
	at org.testng.remote.RemoteTestNG.initAndRun(RemoteTestNG.java:251)
	at org.testng.remote.RemoteTestNG.main(RemoteTestNG.java:77)

2022-02-15 13:18:55,483 [main] INFO com.utils.ExcelUtility - java.lang.NullPointerException
	at com.utils.ExcelUtility.getCellData(ExcelUtility.java:311)
	at com.utils._masterVO.loadGatewayCases(_masterVO.java:116)
	at com.utils._masterVO.loadExternalServices(_masterVO.java:449)
	at com.utils._masterVO.loadVO(_masterVO.java:82)
	at com.classes.BaseTest.setupReporter(BaseTest.java:85)
	at sun.reflect.NativeMethodAccessorImpl.invoke0(Native Method)
	at sun.reflect.NativeMethodAccessorImpl.invoke(Unknown Source)
	at sun.reflect.DelegatingMethodAccessorImpl.invoke(Unknown Source)
	at java.lang.reflect.Method.invoke(Unknown Source)
	at org.testng.internal.MethodInvocationHelper.invokeMethod(MethodInvocationHelper.java:124)
	at org.testng.internal.MethodInvocationHelper.invokeMethodConsideringTimeout(MethodInvocationHelper.java:59)
	at org.testng.internal.Invoker.invokeConfigurationMethod(Invoker.java:455)
	at org.testng.internal.Invoker.invokeConfigurations(Invoker.java:222)
	at org.testng.internal.Invoker.invokeConfigurations(Invoker.java:142)
	at org.testng.SuiteRunner.privateRun(SuiteRunner.java:401)
	at org.testng.SuiteRunner.run(SuiteRunner.java:364)
	at org.testng.SuiteRunnerWorker.runSuite(SuiteRunnerWorker.java:52)
	at org.testng.SuiteRunnerWorker.run(SuiteRunnerWorker.java:84)
	at org.testng.TestNG.runSuitesSequentially(TestNG.java:1208)
	at org.testng.TestNG.runSuitesLocally(TestNG.java:1137)
	at org.testng.TestNG.runSuites(TestNG.java:1049)
	at org.testng.TestNG.run(TestNG.java:1017)
	at org.testng.remote.AbstractRemoteTestNG.run(AbstractRemoteTestNG.java:115)
	at org.testng.remote.RemoteTestNG.initAndRun(RemoteTestNG.java:251)
	at org.testng.remote.RemoteTestNG.main(RemoteTestNG.java:77)

2022-02-15 13:18:55,484 [main] INFO com.utils.ExcelUtility - java.lang.NullPointerException
	at com.utils.ExcelUtility.getCellData(ExcelUtility.java:311)
	at com.utils._masterVO.loadGatewayCases(_masterVO.java:116)
	at com.utils._masterVO.loadExternalServices(_masterVO.java:449)
	at com.utils._masterVO.loadVO(_masterVO.java:82)
	at com.classes.BaseTest.setupReporter(BaseTest.java:85)
	at sun.reflect.NativeMethodAccessorImpl.invoke0(Native Method)
	at sun.reflect.NativeMethodAccessorImpl.invoke(Unknown Source)
	at sun.reflect.DelegatingMethodAccessorImpl.invoke(Unknown Source)
	at java.lang.reflect.Method.invoke(Unknown Source)
	at org.testng.internal.MethodInvocationHelper.invokeMethod(MethodInvocationHelper.java:124)
	at org.testng.internal.MethodInvocationHelper.invokeMethodConsideringTimeout(MethodInvocationHelper.java:59)
	at org.testng.internal.Invoker.invokeConfigurationMethod(Invoker.java:455)
	at org.testng.internal.Invoker.invokeConfigurations(Invoker.java:222)
	at org.testng.internal.Invoker.invokeConfigurations(Invoker.java:142)
	at org.testng.SuiteRunner.privateRun(SuiteRunner.java:401)
	at org.testng.SuiteRunner.run(SuiteRunner.java:364)
	at org.testng.SuiteRunnerWorker.runSuite(SuiteRunnerWorker.java:52)
	at org.testng.SuiteRunnerWorker.run(SuiteRunnerWorker.java:84)
	at org.testng.TestNG.runSuitesSequentially(TestNG.java:1208)
	at org.testng.TestNG.runSuitesLocally(TestNG.java:1137)
	at org.testng.TestNG.runSuites(TestNG.java:1049)
	at org.testng.TestNG.run(TestNG.java:1017)
	at org.testng.remote.AbstractRemoteTestNG.run(AbstractRemoteTestNG.java:115)
	at org.testng.remote.RemoteTestNG.initAndRun(RemoteTestNG.java:251)
	at org.testng.remote.RemoteTestNG.main(RemoteTestNG.java:77)

2022-02-15 13:18:55,485 [main] INFO com.utils.ExcelUtility - java.lang.NullPointerException
	at com.utils.ExcelUtility.getCellData(ExcelUtility.java:311)
	at com.utils._masterVO.loadGatewayCases(_masterVO.java:116)
	at com.utils._masterVO.loadExternalServices(_masterVO.java:449)
	at com.utils._masterVO.loadVO(_masterVO.java:82)
	at com.classes.BaseTest.setupReporter(BaseTest.java:85)
	at sun.reflect.NativeMethodAccessorImpl.invoke0(Native Method)
	at sun.reflect.NativeMethodAccessorImpl.invoke(Unknown Source)
	at sun.reflect.DelegatingMethodAccessorImpl.invoke(Unknown Source)
	at java.lang.reflect.Method.invoke(Unknown Source)
	at org.testng.internal.MethodInvocationHelper.invokeMethod(MethodInvocationHelper.java:124)
	at org.testng.internal.MethodInvocationHelper.invokeMethodConsideringTimeout(MethodInvocationHelper.java:59)
	at org.testng.internal.Invoker.invokeConfigurationMethod(Invoker.java:455)
	at org.testng.internal.Invoker.invokeConfigurations(Invoker.java:222)
	at org.testng.internal.Invoker.invokeConfigurations(Invoker.java:142)
	at org.testng.SuiteRunner.privateRun(SuiteRunner.java:401)
	at org.testng.SuiteRunner.run(SuiteRunner.java:364)
	at org.testng.SuiteRunnerWorker.runSuite(SuiteRunnerWorker.java:52)
	at org.testng.SuiteRunnerWorker.run(SuiteRunnerWorker.java:84)
	at org.testng.TestNG.runSuitesSequentially(TestNG.java:1208)
	at org.testng.TestNG.runSuitesLocally(TestNG.java:1137)
	at org.testng.TestNG.runSuites(TestNG.java:1049)
	at org.testng.TestNG.run(TestNG.java:1017)
	at org.testng.remote.AbstractRemoteTestNG.run(AbstractRemoteTestNG.java:115)
	at org.testng.remote.RemoteTestNG.initAndRun(RemoteTestNG.java:251)
	at org.testng.remote.RemoteTestNG.main(RemoteTestNG.java:77)

2022-02-15 13:18:55,485 [main] INFO com.utils.ExcelUtility - java.lang.NullPointerException
	at com.utils.ExcelUtility.getCellData(ExcelUtility.java:311)
	at com.utils._masterVO.loadGatewayCases(_masterVO.java:116)
	at com.utils._masterVO.loadExternalServices(_masterVO.java:449)
	at com.utils._masterVO.loadVO(_masterVO.java:82)
	at com.classes.BaseTest.setupReporter(BaseTest.java:85)
	at sun.reflect.NativeMethodAccessorImpl.invoke0(Native Method)
	at sun.reflect.NativeMethodAccessorImpl.invoke(Unknown Source)
	at sun.reflect.DelegatingMethodAccessorImpl.invoke(Unknown Source)
	at java.lang.reflect.Method.invoke(Unknown Source)
	at org.testng.internal.MethodInvocationHelper.invokeMethod(MethodInvocationHelper.java:124)
	at org.testng.internal.MethodInvocationHelper.invokeMethodConsideringTimeout(MethodInvocationHelper.java:59)
	at org.testng.internal.Invoker.invokeConfigurationMethod(Invoker.java:455)
	at org.testng.internal.Invoker.invokeConfigurations(Invoker.java:222)
	at org.testng.internal.Invoker.invokeConfigurations(Invoker.java:142)
	at org.testng.SuiteRunner.privateRun(SuiteRunner.java:401)
	at org.testng.SuiteRunner.run(SuiteRunner.java:364)
	at org.testng.SuiteRunnerWorker.runSuite(SuiteRunnerWorker.java:52)
	at org.testng.SuiteRunnerWorker.run(SuiteRunnerWorker.java:84)
	at org.testng.TestNG.runSuitesSequentially(TestNG.java:1208)
	at org.testng.TestNG.runSuitesLocally(TestNG.java:1137)
	at org.testng.TestNG.runSuites(TestNG.java:1049)
	at org.testng.TestNG.run(TestNG.java:1017)
	at org.testng.remote.AbstractRemoteTestNG.run(AbstractRemoteTestNG.java:115)
	at org.testng.remote.RemoteTestNG.initAndRun(RemoteTestNG.java:251)
	at org.testng.remote.RemoteTestNG.main(RemoteTestNG.java:77)

2022-02-15 13:18:55,486 [main] INFO com.utils.ExcelUtility - java.lang.NullPointerException
	at com.utils.ExcelUtility.getCellData(ExcelUtility.java:311)
	at com.utils._masterVO.loadGatewayCases(_masterVO.java:116)
	at com.utils._masterVO.loadExternalServices(_masterVO.java:449)
	at com.utils._masterVO.loadVO(_masterVO.java:82)
	at com.classes.BaseTest.setupReporter(BaseTest.java:85)
	at sun.reflect.NativeMethodAccessorImpl.invoke0(Native Method)
	at sun.reflect.NativeMethodAccessorImpl.invoke(Unknown Source)
	at sun.reflect.DelegatingMethodAccessorImpl.invoke(Unknown Source)
	at java.lang.reflect.Method.invoke(Unknown Source)
	at org.testng.internal.MethodInvocationHelper.invokeMethod(MethodInvocationHelper.java:124)
	at org.testng.internal.MethodInvocationHelper.invokeMethodConsideringTimeout(MethodInvocationHelper.java:59)
	at org.testng.internal.Invoker.invokeConfigurationMethod(Invoker.java:455)
	at org.testng.internal.Invoker.invokeConfigurations(Invoker.java:222)
	at org.testng.internal.Invoker.invokeConfigurations(Invoker.java:142)
	at org.testng.SuiteRunner.privateRun(SuiteRunner.java:401)
	at org.testng.SuiteRunner.run(SuiteRunner.java:364)
	at org.testng.SuiteRunnerWorker.runSuite(SuiteRunnerWorker.java:52)
	at org.testng.SuiteRunnerWorker.run(SuiteRunnerWorker.java:84)
	at org.testng.TestNG.runSuitesSequentially(TestNG.java:1208)
	at org.testng.TestNG.runSuitesLocally(TestNG.java:1137)
	at org.testng.TestNG.runSuites(TestNG.java:1049)
	at org.testng.TestNG.run(TestNG.java:1017)
	at org.testng.remote.AbstractRemoteTestNG.run(AbstractRemoteTestNG.java:115)
	at org.testng.remote.RemoteTestNG.initAndRun(RemoteTestNG.java:251)
	at org.testng.remote.RemoteTestNG.main(RemoteTestNG.java:77)

2022-02-15 13:18:55,487 [main] INFO com.utils.ExcelUtility - java.lang.NullPointerException
	at com.utils.ExcelUtility.getCellData(ExcelUtility.java:311)
	at com.utils._masterVO.loadGatewayCases(_masterVO.java:116)
	at com.utils._masterVO.loadExternalServices(_masterVO.java:449)
	at com.utils._masterVO.loadVO(_masterVO.java:82)
	at com.classes.BaseTest.setupReporter(BaseTest.java:85)
	at sun.reflect.NativeMethodAccessorImpl.invoke0(Native Method)
	at sun.reflect.NativeMethodAccessorImpl.invoke(Unknown Source)
	at sun.reflect.DelegatingMethodAccessorImpl.invoke(Unknown Source)
	at java.lang.reflect.Method.invoke(Unknown Source)
	at org.testng.internal.MethodInvocationHelper.invokeMethod(MethodInvocationHelper.java:124)
	at org.testng.internal.MethodInvocationHelper.invokeMethodConsideringTimeout(MethodInvocationHelper.java:59)
	at org.testng.internal.Invoker.invokeConfigurationMethod(Invoker.java:455)
	at org.testng.internal.Invoker.invokeConfigurations(Invoker.java:222)
	at org.testng.internal.Invoker.invokeConfigurations(Invoker.java:142)
	at org.testng.SuiteRunner.privateRun(SuiteRunner.java:401)
	at org.testng.SuiteRunner.run(SuiteRunner.java:364)
	at org.testng.SuiteRunnerWorker.runSuite(SuiteRunnerWorker.java:52)
	at org.testng.SuiteRunnerWorker.run(SuiteRunnerWorker.java:84)
	at org.testng.TestNG.runSuitesSequentially(TestNG.java:1208)
	at org.testng.TestNG.runSuitesLocally(TestNG.java:1137)
	at org.testng.TestNG.runSuites(TestNG.java:1049)
	at org.testng.TestNG.run(TestNG.java:1017)
	at org.testng.remote.AbstractRemoteTestNG.run(AbstractRemoteTestNG.java:115)
	at org.testng.remote.RemoteTestNG.initAndRun(RemoteTestNG.java:251)
	at org.testng.remote.RemoteTestNG.main(RemoteTestNG.java:77)

2022-02-15 13:18:55,487 [main] INFO com.utils.ExcelUtility - java.lang.NullPointerException
	at com.utils.ExcelUtility.getCellData(ExcelUtility.java:311)
	at com.utils._masterVO.loadGatewayCases(_masterVO.java:116)
	at com.utils._masterVO.loadExternalServices(_masterVO.java:449)
	at com.utils._masterVO.loadVO(_masterVO.java:82)
	at com.classes.BaseTest.setupReporter(BaseTest.java:85)
	at sun.reflect.NativeMethodAccessorImpl.invoke0(Native Method)
	at sun.reflect.NativeMethodAccessorImpl.invoke(Unknown Source)
	at sun.reflect.DelegatingMethodAccessorImpl.invoke(Unknown Source)
	at java.lang.reflect.Method.invoke(Unknown Source)
	at org.testng.internal.MethodInvocationHelper.invokeMethod(MethodInvocationHelper.java:124)
	at org.testng.internal.MethodInvocationHelper.invokeMethodConsideringTimeout(MethodInvocationHelper.java:59)
	at org.testng.internal.Invoker.invokeConfigurationMethod(Invoker.java:455)
	at org.testng.internal.Invoker.invokeConfigurations(Invoker.java:222)
	at org.testng.internal.Invoker.invokeConfigurations(Invoker.java:142)
	at org.testng.SuiteRunner.privateRun(SuiteRunner.java:401)
	at org.testng.SuiteRunner.run(SuiteRunner.java:364)
	at org.testng.SuiteRunnerWorker.runSuite(SuiteRunnerWorker.java:52)
	at org.testng.SuiteRunnerWorker.run(SuiteRunnerWorker.java:84)
	at org.testng.TestNG.runSuitesSequentially(TestNG.java:1208)
	at org.testng.TestNG.runSuitesLocally(TestNG.java:1137)
	at org.testng.TestNG.runSuites(TestNG.java:1049)
	at org.testng.TestNG.run(TestNG.java:1017)
	at org.testng.remote.AbstractRemoteTestNG.run(AbstractRemoteTestNG.java:115)
	at org.testng.remote.RemoteTestNG.initAndRun(RemoteTestNG.java:251)
	at org.testng.remote.RemoteTestNG.main(RemoteTestNG.java:77)

2022-02-15 13:18:55,488 [main] INFO com.utils.ExcelUtility - java.lang.NullPointerException
	at com.utils.ExcelUtility.getCellData(ExcelUtility.java:311)
	at com.utils._masterVO.loadGatewayCases(_masterVO.java:116)
	at com.utils._masterVO.loadExternalServices(_masterVO.java:449)
	at com.utils._masterVO.loadVO(_masterVO.java:82)
	at com.classes.BaseTest.setupReporter(BaseTest.java:85)
	at sun.reflect.NativeMethodAccessorImpl.invoke0(Native Method)
	at sun.reflect.NativeMethodAccessorImpl.invoke(Unknown Source)
	at sun.reflect.DelegatingMethodAccessorImpl.invoke(Unknown Source)
	at java.lang.reflect.Method.invoke(Unknown Source)
	at org.testng.internal.MethodInvocationHelper.invokeMethod(MethodInvocationHelper.java:124)
	at org.testng.internal.MethodInvocationHelper.invokeMethodConsideringTimeout(MethodInvocationHelper.java:59)
	at org.testng.internal.Invoker.invokeConfigurationMethod(Invoker.java:455)
	at org.testng.internal.Invoker.invokeConfigurations(Invoker.java:222)
	at org.testng.internal.Invoker.invokeConfigurations(Invoker.java:142)
	at org.testng.SuiteRunner.privateRun(SuiteRunner.java:401)
	at org.testng.SuiteRunner.run(SuiteRunner.java:364)
	at org.testng.SuiteRunnerWorker.runSuite(SuiteRunnerWorker.java:52)
	at org.testng.SuiteRunnerWorker.run(SuiteRunnerWorker.java:84)
	at org.testng.TestNG.runSuitesSequentially(TestNG.java:1208)
	at org.testng.TestNG.runSuitesLocally(TestNG.java:1137)
	at org.testng.TestNG.runSuites(TestNG.java:1049)
	at org.testng.TestNG.run(TestNG.java:1017)
	at org.testng.remote.AbstractRemoteTestNG.run(AbstractRemoteTestNG.java:115)
	at org.testng.remote.RemoteTestNG.initAndRun(RemoteTestNG.java:251)
	at org.testng.remote.RemoteTestNG.main(RemoteTestNG.java:77)

2022-02-15 13:18:55,489 [main] INFO com.utils.ExcelUtility - java.lang.NullPointerException
	at com.utils.ExcelUtility.getCellData(ExcelUtility.java:311)
	at com.utils._masterVO.loadGatewayCases(_masterVO.java:116)
	at com.utils._masterVO.loadExternalServices(_masterVO.java:449)
	at com.utils._masterVO.loadVO(_masterVO.java:82)
	at com.classes.BaseTest.setupReporter(BaseTest.java:85)
	at sun.reflect.NativeMethodAccessorImpl.invoke0(Native Method)
	at sun.reflect.NativeMethodAccessorImpl.invoke(Unknown Source)
	at sun.reflect.DelegatingMethodAccessorImpl.invoke(Unknown Source)
	at java.lang.reflect.Method.invoke(Unknown Source)
	at org.testng.internal.MethodInvocationHelper.invokeMethod(MethodInvocationHelper.java:124)
	at org.testng.internal.MethodInvocationHelper.invokeMethodConsideringTimeout(MethodInvocationHelper.java:59)
	at org.testng.internal.Invoker.invokeConfigurationMethod(Invoker.java:455)
	at org.testng.internal.Invoker.invokeConfigurations(Invoker.java:222)
	at org.testng.internal.Invoker.invokeConfigurations(Invoker.java:142)
	at org.testng.SuiteRunner.privateRun(SuiteRunner.java:401)
	at org.testng.SuiteRunner.run(SuiteRunner.java:364)
	at org.testng.SuiteRunnerWorker.runSuite(SuiteRunnerWorker.java:52)
	at org.testng.SuiteRunnerWorker.run(SuiteRunnerWorker.java:84)
	at org.testng.TestNG.runSuitesSequentially(TestNG.java:1208)
	at org.testng.TestNG.runSuitesLocally(TestNG.java:1137)
	at org.testng.TestNG.runSuites(TestNG.java:1049)
	at org.testng.TestNG.run(TestNG.java:1017)
	at org.testng.remote.AbstractRemoteTestNG.run(AbstractRemoteTestNG.java:115)
	at org.testng.remote.RemoteTestNG.initAndRun(RemoteTestNG.java:251)
	at org.testng.remote.RemoteTestNG.main(RemoteTestNG.java:77)

2022-02-15 13:18:55,489 [main] INFO com.utils.ExcelUtility - java.lang.NullPointerException
	at com.utils.ExcelUtility.getCellData(ExcelUtility.java:311)
	at com.utils._masterVO.loadGatewayCases(_masterVO.java:116)
	at com.utils._masterVO.loadExternalServices(_masterVO.java:449)
	at com.utils._masterVO.loadVO(_masterVO.java:82)
	at com.classes.BaseTest.setupReporter(BaseTest.java:85)
	at sun.reflect.NativeMethodAccessorImpl.invoke0(Native Method)
	at sun.reflect.NativeMethodAccessorImpl.invoke(Unknown Source)
	at sun.reflect.DelegatingMethodAccessorImpl.invoke(Unknown Source)
	at java.lang.reflect.Method.invoke(Unknown Source)
	at org.testng.internal.MethodInvocationHelper.invokeMethod(MethodInvocationHelper.java:124)
	at org.testng.internal.MethodInvocationHelper.invokeMethodConsideringTimeout(MethodInvocationHelper.java:59)
	at org.testng.internal.Invoker.invokeConfigurationMethod(Invoker.java:455)
	at org.testng.internal.Invoker.invokeConfigurations(Invoker.java:222)
	at org.testng.internal.Invoker.invokeConfigurations(Invoker.java:142)
	at org.testng.SuiteRunner.privateRun(SuiteRunner.java:401)
	at org.testng.SuiteRunner.run(SuiteRunner.java:364)
	at org.testng.SuiteRunnerWorker.runSuite(SuiteRunnerWorker.java:52)
	at org.testng.SuiteRunnerWorker.run(SuiteRunnerWorker.java:84)
	at org.testng.TestNG.runSuitesSequentially(TestNG.java:1208)
	at org.testng.TestNG.runSuitesLocally(TestNG.java:1137)
	at org.testng.TestNG.runSuites(TestNG.java:1049)
	at org.testng.TestNG.run(TestNG.java:1017)
	at org.testng.remote.AbstractRemoteTestNG.run(AbstractRemoteTestNG.java:115)
	at org.testng.remote.RemoteTestNG.initAndRun(RemoteTestNG.java:251)
	at org.testng.remote.RemoteTestNG.main(RemoteTestNG.java:77)

2022-02-15 13:18:55,490 [main] INFO com.utils.ExcelUtility - java.lang.NullPointerException
	at com.utils.ExcelUtility.getCellData(ExcelUtility.java:311)
	at com.utils._masterVO.loadGatewayCases(_masterVO.java:116)
	at com.utils._masterVO.loadExternalServices(_masterVO.java:449)
	at com.utils._masterVO.loadVO(_masterVO.java:82)
	at com.classes.BaseTest.setupReporter(BaseTest.java:85)
	at sun.reflect.NativeMethodAccessorImpl.invoke0(Native Method)
	at sun.reflect.NativeMethodAccessorImpl.invoke(Unknown Source)
	at sun.reflect.DelegatingMethodAccessorImpl.invoke(Unknown Source)
	at java.lang.reflect.Method.invoke(Unknown Source)
	at org.testng.internal.MethodInvocationHelper.invokeMethod(MethodInvocationHelper.java:124)
	at org.testng.internal.MethodInvocationHelper.invokeMethodConsideringTimeout(MethodInvocationHelper.java:59)
	at org.testng.internal.Invoker.invokeConfigurationMethod(Invoker.java:455)
	at org.testng.internal.Invoker.invokeConfigurations(Invoker.java:222)
	at org.testng.internal.Invoker.invokeConfigurations(Invoker.java:142)
	at org.testng.SuiteRunner.privateRun(SuiteRunner.java:401)
	at org.testng.SuiteRunner.run(SuiteRunner.java:364)
	at org.testng.SuiteRunnerWorker.runSuite(SuiteRunnerWorker.java:52)
	at org.testng.SuiteRunnerWorker.run(SuiteRunnerWorker.java:84)
	at org.testng.TestNG.runSuitesSequentially(TestNG.java:1208)
	at org.testng.TestNG.runSuitesLocally(TestNG.java:1137)
	at org.testng.TestNG.runSuites(TestNG.java:1049)
	at org.testng.TestNG.run(TestNG.java:1017)
	at org.testng.remote.AbstractRemoteTestNG.run(AbstractRemoteTestNG.java:115)
	at org.testng.remote.RemoteTestNG.initAndRun(RemoteTestNG.java:251)
	at org.testng.remote.RemoteTestNG.main(RemoteTestNG.java:77)

2022-02-15 13:18:55,490 [main] INFO com.utils.ExcelUtility - java.lang.NullPointerException
	at com.utils.ExcelUtility.getCellData(ExcelUtility.java:311)
	at com.utils._masterVO.loadGatewayCases(_masterVO.java:116)
	at com.utils._masterVO.loadExternalServices(_masterVO.java:449)
	at com.utils._masterVO.loadVO(_masterVO.java:82)
	at com.classes.BaseTest.setupReporter(BaseTest.java:85)
	at sun.reflect.NativeMethodAccessorImpl.invoke0(Native Method)
	at sun.reflect.NativeMethodAccessorImpl.invoke(Unknown Source)
	at sun.reflect.DelegatingMethodAccessorImpl.invoke(Unknown Source)
	at java.lang.reflect.Method.invoke(Unknown Source)
	at org.testng.internal.MethodInvocationHelper.invokeMethod(MethodInvocationHelper.java:124)
	at org.testng.internal.MethodInvocationHelper.invokeMethodConsideringTimeout(MethodInvocationHelper.java:59)
	at org.testng.internal.Invoker.invokeConfigurationMethod(Invoker.java:455)
	at org.testng.internal.Invoker.invokeConfigurations(Invoker.java:222)
	at org.testng.internal.Invoker.invokeConfigurations(Invoker.java:142)
	at org.testng.SuiteRunner.privateRun(SuiteRunner.java:401)
	at org.testng.SuiteRunner.run(SuiteRunner.java:364)
	at org.testng.SuiteRunnerWorker.runSuite(SuiteRunnerWorker.java:52)
	at org.testng.SuiteRunnerWorker.run(SuiteRunnerWorker.java:84)
	at org.testng.TestNG.runSuitesSequentially(TestNG.java:1208)
	at org.testng.TestNG.runSuitesLocally(TestNG.java:1137)
	at org.testng.TestNG.runSuites(TestNG.java:1049)
	at org.testng.TestNG.run(TestNG.java:1017)
	at org.testng.remote.AbstractRemoteTestNG.run(AbstractRemoteTestNG.java:115)
	at org.testng.remote.RemoteTestNG.initAndRun(RemoteTestNG.java:251)
	at org.testng.remote.RemoteTestNG.main(RemoteTestNG.java:77)

2022-02-15 13:18:55,490 [main] INFO com.utils.ExcelUtility - java.lang.NullPointerException
	at com.utils.ExcelUtility.getCellData(ExcelUtility.java:311)
	at com.utils._masterVO.loadGatewayCases(_masterVO.java:116)
	at com.utils._masterVO.loadExternalServices(_masterVO.java:449)
	at com.utils._masterVO.loadVO(_masterVO.java:82)
	at com.classes.BaseTest.setupReporter(BaseTest.java:85)
	at sun.reflect.NativeMethodAccessorImpl.invoke0(Native Method)
	at sun.reflect.NativeMethodAccessorImpl.invoke(Unknown Source)
	at sun.reflect.DelegatingMethodAccessorImpl.invoke(Unknown Source)
	at java.lang.reflect.Method.invoke(Unknown Source)
	at org.testng.internal.MethodInvocationHelper.invokeMethod(MethodInvocationHelper.java:124)
	at org.testng.internal.MethodInvocationHelper.invokeMethodConsideringTimeout(MethodInvocationHelper.java:59)
	at org.testng.internal.Invoker.invokeConfigurationMethod(Invoker.java:455)
	at org.testng.internal.Invoker.invokeConfigurations(Invoker.java:222)
	at org.testng.internal.Invoker.invokeConfigurations(Invoker.java:142)
	at org.testng.SuiteRunner.privateRun(SuiteRunner.java:401)
	at org.testng.SuiteRunner.run(SuiteRunner.java:364)
	at org.testng.SuiteRunnerWorker.runSuite(SuiteRunnerWorker.java:52)
	at org.testng.SuiteRunnerWorker.run(SuiteRunnerWorker.java:84)
	at org.testng.TestNG.runSuitesSequentially(TestNG.java:1208)
	at org.testng.TestNG.runSuitesLocally(TestNG.java:1137)
	at org.testng.TestNG.runSuites(TestNG.java:1049)
	at org.testng.TestNG.run(TestNG.java:1017)
	at org.testng.remote.AbstractRemoteTestNG.run(AbstractRemoteTestNG.java:115)
	at org.testng.remote.RemoteTestNG.initAndRun(RemoteTestNG.java:251)
	at org.testng.remote.RemoteTestNG.main(RemoteTestNG.java:77)

2022-02-15 13:18:55,490 [main] INFO com.utils.ExcelUtility - java.lang.NullPointerException
	at com.utils.ExcelUtility.getCellData(ExcelUtility.java:311)
	at com.utils._masterVO.loadGatewayCases(_masterVO.java:116)
	at com.utils._masterVO.loadExternalServices(_masterVO.java:449)
	at com.utils._masterVO.loadVO(_masterVO.java:82)
	at com.classes.BaseTest.setupReporter(BaseTest.java:85)
	at sun.reflect.NativeMethodAccessorImpl.invoke0(Native Method)
	at sun.reflect.NativeMethodAccessorImpl.invoke(Unknown Source)
	at sun.reflect.DelegatingMethodAccessorImpl.invoke(Unknown Source)
	at java.lang.reflect.Method.invoke(Unknown Source)
	at org.testng.internal.MethodInvocationHelper.invokeMethod(MethodInvocationHelper.java:124)
	at org.testng.internal.MethodInvocationHelper.invokeMethodConsideringTimeout(MethodInvocationHelper.java:59)
	at org.testng.internal.Invoker.invokeConfigurationMethod(Invoker.java:455)
	at org.testng.internal.Invoker.invokeConfigurations(Invoker.java:222)
	at org.testng.internal.Invoker.invokeConfigurations(Invoker.java:142)
	at org.testng.SuiteRunner.privateRun(SuiteRunner.java:401)
	at org.testng.SuiteRunner.run(SuiteRunner.java:364)
	at org.testng.SuiteRunnerWorker.runSuite(SuiteRunnerWorker.java:52)
	at org.testng.SuiteRunnerWorker.run(SuiteRunnerWorker.java:84)
	at org.testng.TestNG.runSuitesSequentially(TestNG.java:1208)
	at org.testng.TestNG.runSuitesLocally(TestNG.java:1137)
	at org.testng.TestNG.runSuites(TestNG.java:1049)
	at org.testng.TestNG.run(TestNG.java:1017)
	at org.testng.remote.AbstractRemoteTestNG.run(AbstractRemoteTestNG.java:115)
	at org.testng.remote.RemoteTestNG.initAndRun(RemoteTestNG.java:251)
	at org.testng.remote.RemoteTestNG.main(RemoteTestNG.java:77)

2022-02-15 13:18:55,491 [main] INFO com.utils.ExcelUtility - java.lang.NullPointerException
	at com.utils.ExcelUtility.getCellData(ExcelUtility.java:311)
	at com.utils._masterVO.loadGatewayCases(_masterVO.java:116)
	at com.utils._masterVO.loadExternalServices(_masterVO.java:449)
	at com.utils._masterVO.loadVO(_masterVO.java:82)
	at com.classes.BaseTest.setupReporter(BaseTest.java:85)
	at sun.reflect.NativeMethodAccessorImpl.invoke0(Native Method)
	at sun.reflect.NativeMethodAccessorImpl.invoke(Unknown Source)
	at sun.reflect.DelegatingMethodAccessorImpl.invoke(Unknown Source)
	at java.lang.reflect.Method.invoke(Unknown Source)
	at org.testng.internal.MethodInvocationHelper.invokeMethod(MethodInvocationHelper.java:124)
	at org.testng.internal.MethodInvocationHelper.invokeMethodConsideringTimeout(MethodInvocationHelper.java:59)
	at org.testng.internal.Invoker.invokeConfigurationMethod(Invoker.java:455)
	at org.testng.internal.Invoker.invokeConfigurations(Invoker.java:222)
	at org.testng.internal.Invoker.invokeConfigurations(Invoker.java:142)
	at org.testng.SuiteRunner.privateRun(SuiteRunner.java:401)
	at org.testng.SuiteRunner.run(SuiteRunner.java:364)
	at org.testng.SuiteRunnerWorker.runSuite(SuiteRunnerWorker.java:52)
	at org.testng.SuiteRunnerWorker.run(SuiteRunnerWorker.java:84)
	at org.testng.TestNG.runSuitesSequentially(TestNG.java:1208)
	at org.testng.TestNG.runSuitesLocally(TestNG.java:1137)
	at org.testng.TestNG.runSuites(TestNG.java:1049)
	at org.testng.TestNG.run(TestNG.java:1017)
	at org.testng.remote.AbstractRemoteTestNG.run(AbstractRemoteTestNG.java:115)
	at org.testng.remote.RemoteTestNG.initAndRun(RemoteTestNG.java:251)
	at org.testng.remote.RemoteTestNG.main(RemoteTestNG.java:77)

2022-02-15 13:18:55,491 [main] INFO com.utils.ExcelUtility - java.lang.NullPointerException
	at com.utils.ExcelUtility.getCellData(ExcelUtility.java:311)
	at com.utils._masterVO.loadGatewayCases(_masterVO.java:116)
	at com.utils._masterVO.loadExternalServices(_masterVO.java:449)
	at com.utils._masterVO.loadVO(_masterVO.java:82)
	at com.classes.BaseTest.setupReporter(BaseTest.java:85)
	at sun.reflect.NativeMethodAccessorImpl.invoke0(Native Method)
	at sun.reflect.NativeMethodAccessorImpl.invoke(Unknown Source)
	at sun.reflect.DelegatingMethodAccessorImpl.invoke(Unknown Source)
	at java.lang.reflect.Method.invoke(Unknown Source)
	at org.testng.internal.MethodInvocationHelper.invokeMethod(MethodInvocationHelper.java:124)
	at org.testng.internal.MethodInvocationHelper.invokeMethodConsideringTimeout(MethodInvocationHelper.java:59)
	at org.testng.internal.Invoker.invokeConfigurationMethod(Invoker.java:455)
	at org.testng.internal.Invoker.invokeConfigurations(Invoker.java:222)
	at org.testng.internal.Invoker.invokeConfigurations(Invoker.java:142)
	at org.testng.SuiteRunner.privateRun(SuiteRunner.java:401)
	at org.testng.SuiteRunner.run(SuiteRunner.java:364)
	at org.testng.SuiteRunnerWorker.runSuite(SuiteRunnerWorker.java:52)
	at org.testng.SuiteRunnerWorker.run(SuiteRunnerWorker.java:84)
	at org.testng.TestNG.runSuitesSequentially(TestNG.java:1208)
	at org.testng.TestNG.runSuitesLocally(TestNG.java:1137)
	at org.testng.TestNG.runSuites(TestNG.java:1049)
	at org.testng.TestNG.run(TestNG.java:1017)
	at org.testng.remote.AbstractRemoteTestNG.run(AbstractRemoteTestNG.java:115)
	at org.testng.remote.RemoteTestNG.initAndRun(RemoteTestNG.java:251)
	at org.testng.remote.RemoteTestNG.main(RemoteTestNG.java:77)

2022-02-15 13:18:55,493 [main] INFO com.utils.ExcelUtility - java.lang.NullPointerException
	at com.utils.ExcelUtility.getCellData(ExcelUtility.java:311)
	at com.utils._masterVO.loadGatewayCases(_masterVO.java:116)
	at com.utils._masterVO.loadExternalServices(_masterVO.java:449)
	at com.utils._masterVO.loadVO(_masterVO.java:82)
	at com.classes.BaseTest.setupReporter(BaseTest.java:85)
	at sun.reflect.NativeMethodAccessorImpl.invoke0(Native Method)
	at sun.reflect.NativeMethodAccessorImpl.invoke(Unknown Source)
	at sun.reflect.DelegatingMethodAccessorImpl.invoke(Unknown Source)
	at java.lang.reflect.Method.invoke(Unknown Source)
	at org.testng.internal.MethodInvocationHelper.invokeMethod(MethodInvocationHelper.java:124)
	at org.testng.internal.MethodInvocationHelper.invokeMethodConsideringTimeout(MethodInvocationHelper.java:59)
	at org.testng.internal.Invoker.invokeConfigurationMethod(Invoker.java:455)
	at org.testng.internal.Invoker.invokeConfigurations(Invoker.java:222)
	at org.testng.internal.Invoker.invokeConfigurations(Invoker.java:142)
	at org.testng.SuiteRunner.privateRun(SuiteRunner.java:401)
	at org.testng.SuiteRunner.run(SuiteRunner.java:364)
	at org.testng.SuiteRunnerWorker.runSuite(SuiteRunnerWorker.java:52)
	at org.testng.SuiteRunnerWorker.run(SuiteRunnerWorker.java:84)
	at org.testng.TestNG.runSuitesSequentially(TestNG.java:1208)
	at org.testng.TestNG.runSuitesLocally(TestNG.java:1137)
	at org.testng.TestNG.runSuites(TestNG.java:1049)
	at org.testng.TestNG.run(TestNG.java:1017)
	at org.testng.remote.AbstractRemoteTestNG.run(AbstractRemoteTestNG.java:115)
	at org.testng.remote.RemoteTestNG.initAndRun(RemoteTestNG.java:251)
	at org.testng.remote.RemoteTestNG.main(RemoteTestNG.java:77)

2022-02-15 13:18:55,494 [main] INFO com.utils.ExcelUtility - java.lang.NullPointerException
	at com.utils.ExcelUtility.getCellData(ExcelUtility.java:311)
	at com.utils._masterVO.loadGatewayCases(_masterVO.java:116)
	at com.utils._masterVO.loadExternalServices(_masterVO.java:449)
	at com.utils._masterVO.loadVO(_masterVO.java:82)
	at com.classes.BaseTest.setupReporter(BaseTest.java:85)
	at sun.reflect.NativeMethodAccessorImpl.invoke0(Native Method)
	at sun.reflect.NativeMethodAccessorImpl.invoke(Unknown Source)
	at sun.reflect.DelegatingMethodAccessorImpl.invoke(Unknown Source)
	at java.lang.reflect.Method.invoke(Unknown Source)
	at org.testng.internal.MethodInvocationHelper.invokeMethod(MethodInvocationHelper.java:124)
	at org.testng.internal.MethodInvocationHelper.invokeMethodConsideringTimeout(MethodInvocationHelper.java:59)
	at org.testng.internal.Invoker.invokeConfigurationMethod(Invoker.java:455)
	at org.testng.internal.Invoker.invokeConfigurations(Invoker.java:222)
	at org.testng.internal.Invoker.invokeConfigurations(Invoker.java:142)
	at org.testng.SuiteRunner.privateRun(SuiteRunner.java:401)
	at org.testng.SuiteRunner.run(SuiteRunner.java:364)
	at org.testng.SuiteRunnerWorker.runSuite(SuiteRunnerWorker.java:52)
	at org.testng.SuiteRunnerWorker.run(SuiteRunnerWorker.java:84)
	at org.testng.TestNG.runSuitesSequentially(TestNG.java:1208)
	at org.testng.TestNG.runSuitesLocally(TestNG.java:1137)
	at org.testng.TestNG.runSuites(TestNG.java:1049)
	at org.testng.TestNG.run(TestNG.java:1017)
	at org.testng.remote.AbstractRemoteTestNG.run(AbstractRemoteTestNG.java:115)
	at org.testng.remote.RemoteTestNG.initAndRun(RemoteTestNG.java:251)
	at org.testng.remote.RemoteTestNG.main(RemoteTestNG.java:77)

2022-02-15 13:18:55,495 [main] INFO com.utils.ExcelUtility - java.lang.NullPointerException
	at com.utils.ExcelUtility.getCellData(ExcelUtility.java:311)
	at com.utils._masterVO.loadGatewayCases(_masterVO.java:116)
	at com.utils._masterVO.loadExternalServices(_masterVO.java:449)
	at com.utils._masterVO.loadVO(_masterVO.java:82)
	at com.classes.BaseTest.setupReporter(BaseTest.java:85)
	at sun.reflect.NativeMethodAccessorImpl.invoke0(Native Method)
	at sun.reflect.NativeMethodAccessorImpl.invoke(Unknown Source)
	at sun.reflect.DelegatingMethodAccessorImpl.invoke(Unknown Source)
	at java.lang.reflect.Method.invoke(Unknown Source)
	at org.testng.internal.MethodInvocationHelper.invokeMethod(MethodInvocationHelper.java:124)
	at org.testng.internal.MethodInvocationHelper.invokeMethodConsideringTimeout(MethodInvocationHelper.java:59)
	at org.testng.internal.Invoker.invokeConfigurationMethod(Invoker.java:455)
	at org.testng.internal.Invoker.invokeConfigurations(Invoker.java:222)
	at org.testng.internal.Invoker.invokeConfigurations(Invoker.java:142)
	at org.testng.SuiteRunner.privateRun(SuiteRunner.java:401)
	at org.testng.SuiteRunner.run(SuiteRunner.java:364)
	at org.testng.SuiteRunnerWorker.runSuite(SuiteRunnerWorker.java:52)
	at org.testng.SuiteRunnerWorker.run(SuiteRunnerWorker.java:84)
	at org.testng.TestNG.runSuitesSequentially(TestNG.java:1208)
	at org.testng.TestNG.runSuitesLocally(TestNG.java:1137)
	at org.testng.TestNG.runSuites(TestNG.java:1049)
	at org.testng.TestNG.run(TestNG.java:1017)
	at org.testng.remote.AbstractRemoteTestNG.run(AbstractRemoteTestNG.java:115)
	at org.testng.remote.RemoteTestNG.initAndRun(RemoteTestNG.java:251)
	at org.testng.remote.RemoteTestNG.main(RemoteTestNG.java:77)

2022-02-15 13:18:55,495 [main] INFO com.utils.ExcelUtility - java.lang.NullPointerException
	at com.utils.ExcelUtility.getCellData(ExcelUtility.java:311)
	at com.utils._masterVO.loadGatewayCases(_masterVO.java:116)
	at com.utils._masterVO.loadExternalServices(_masterVO.java:449)
	at com.utils._masterVO.loadVO(_masterVO.java:82)
	at com.classes.BaseTest.setupReporter(BaseTest.java:85)
	at sun.reflect.NativeMethodAccessorImpl.invoke0(Native Method)
	at sun.reflect.NativeMethodAccessorImpl.invoke(Unknown Source)
	at sun.reflect.DelegatingMethodAccessorImpl.invoke(Unknown Source)
	at java.lang.reflect.Method.invoke(Unknown Source)
	at org.testng.internal.MethodInvocationHelper.invokeMethod(MethodInvocationHelper.java:124)
	at org.testng.internal.MethodInvocationHelper.invokeMethodConsideringTimeout(MethodInvocationHelper.java:59)
	at org.testng.internal.Invoker.invokeConfigurationMethod(Invoker.java:455)
	at org.testng.internal.Invoker.invokeConfigurations(Invoker.java:222)
	at org.testng.internal.Invoker.invokeConfigurations(Invoker.java:142)
	at org.testng.SuiteRunner.privateRun(SuiteRunner.java:401)
	at org.testng.SuiteRunner.run(SuiteRunner.java:364)
	at org.testng.SuiteRunnerWorker.runSuite(SuiteRunnerWorker.java:52)
	at org.testng.SuiteRunnerWorker.run(SuiteRunnerWorker.java:84)
	at org.testng.TestNG.runSuitesSequentially(TestNG.java:1208)
	at org.testng.TestNG.runSuitesLocally(TestNG.java:1137)
	at org.testng.TestNG.runSuites(TestNG.java:1049)
	at org.testng.TestNG.run(TestNG.java:1017)
	at org.testng.remote.AbstractRemoteTestNG.run(AbstractRemoteTestNG.java:115)
	at org.testng.remote.RemoteTestNG.initAndRun(RemoteTestNG.java:251)
	at org.testng.remote.RemoteTestNG.main(RemoteTestNG.java:77)

2022-02-15 13:18:55,496 [main] INFO com.utils.ExcelUtility - java.lang.NullPointerException
	at com.utils.ExcelUtility.getCellData(ExcelUtility.java:311)
	at com.utils._masterVO.loadGatewayCases(_masterVO.java:116)
	at com.utils._masterVO.loadExternalServices(_masterVO.java:449)
	at com.utils._masterVO.loadVO(_masterVO.java:82)
	at com.classes.BaseTest.setupReporter(BaseTest.java:85)
	at sun.reflect.NativeMethodAccessorImpl.invoke0(Native Method)
	at sun.reflect.NativeMethodAccessorImpl.invoke(Unknown Source)
	at sun.reflect.DelegatingMethodAccessorImpl.invoke(Unknown Source)
	at java.lang.reflect.Method.invoke(Unknown Source)
	at org.testng.internal.MethodInvocationHelper.invokeMethod(MethodInvocationHelper.java:124)
	at org.testng.internal.MethodInvocationHelper.invokeMethodConsideringTimeout(MethodInvocationHelper.java:59)
	at org.testng.internal.Invoker.invokeConfigurationMethod(Invoker.java:455)
	at org.testng.internal.Invoker.invokeConfigurations(Invoker.java:222)
	at org.testng.internal.Invoker.invokeConfigurations(Invoker.java:142)
	at org.testng.SuiteRunner.privateRun(SuiteRunner.java:401)
	at org.testng.SuiteRunner.run(SuiteRunner.java:364)
	at org.testng.SuiteRunnerWorker.runSuite(SuiteRunnerWorker.java:52)
	at org.testng.SuiteRunnerWorker.run(SuiteRunnerWorker.java:84)
	at org.testng.TestNG.runSuitesSequentially(TestNG.java:1208)
	at org.testng.TestNG.runSuitesLocally(TestNG.java:1137)
	at org.testng.TestNG.runSuites(TestNG.java:1049)
	at org.testng.TestNG.run(TestNG.java:1017)
	at org.testng.remote.AbstractRemoteTestNG.run(AbstractRemoteTestNG.java:115)
	at org.testng.remote.RemoteTestNG.initAndRun(RemoteTestNG.java:251)
	at org.testng.remote.RemoteTestNG.main(RemoteTestNG.java:77)

2022-02-15 13:18:55,496 [main] INFO com.utils.ExcelUtility - java.lang.NullPointerException
	at com.utils.ExcelUtility.getCellData(ExcelUtility.java:311)
	at com.utils._masterVO.loadGatewayCases(_masterVO.java:116)
	at com.utils._masterVO.loadExternalServices(_masterVO.java:449)
	at com.utils._masterVO.loadVO(_masterVO.java:82)
	at com.classes.BaseTest.setupReporter(BaseTest.java:85)
	at sun.reflect.NativeMethodAccessorImpl.invoke0(Native Method)
	at sun.reflect.NativeMethodAccessorImpl.invoke(Unknown Source)
	at sun.reflect.DelegatingMethodAccessorImpl.invoke(Unknown Source)
	at java.lang.reflect.Method.invoke(Unknown Source)
	at org.testng.internal.MethodInvocationHelper.invokeMethod(MethodInvocationHelper.java:124)
	at org.testng.internal.MethodInvocationHelper.invokeMethodConsideringTimeout(MethodInvocationHelper.java:59)
	at org.testng.internal.Invoker.invokeConfigurationMethod(Invoker.java:455)
	at org.testng.internal.Invoker.invokeConfigurations(Invoker.java:222)
	at org.testng.internal.Invoker.invokeConfigurations(Invoker.java:142)
	at org.testng.SuiteRunner.privateRun(SuiteRunner.java:401)
	at org.testng.SuiteRunner.run(SuiteRunner.java:364)
	at org.testng.SuiteRunnerWorker.runSuite(SuiteRunnerWorker.java:52)
	at org.testng.SuiteRunnerWorker.run(SuiteRunnerWorker.java:84)
	at org.testng.TestNG.runSuitesSequentially(TestNG.java:1208)
	at org.testng.TestNG.runSuitesLocally(TestNG.java:1137)
	at org.testng.TestNG.runSuites(TestNG.java:1049)
	at org.testng.TestNG.run(TestNG.java:1017)
	at org.testng.remote.AbstractRemoteTestNG.run(AbstractRemoteTestNG.java:115)
	at org.testng.remote.RemoteTestNG.initAndRun(RemoteTestNG.java:251)
	at org.testng.remote.RemoteTestNG.main(RemoteTestNG.java:77)

2022-02-15 13:18:55,497 [main] INFO com.utils.ExcelUtility - java.lang.NullPointerException
	at com.utils.ExcelUtility.getCellData(ExcelUtility.java:311)
	at com.utils._masterVO.loadGatewayCases(_masterVO.java:116)
	at com.utils._masterVO.loadExternalServices(_masterVO.java:449)
	at com.utils._masterVO.loadVO(_masterVO.java:82)
	at com.classes.BaseTest.setupReporter(BaseTest.java:85)
	at sun.reflect.NativeMethodAccessorImpl.invoke0(Native Method)
	at sun.reflect.NativeMethodAccessorImpl.invoke(Unknown Source)
	at sun.reflect.DelegatingMethodAccessorImpl.invoke(Unknown Source)
	at java.lang.reflect.Method.invoke(Unknown Source)
	at org.testng.internal.MethodInvocationHelper.invokeMethod(MethodInvocationHelper.java:124)
	at org.testng.internal.MethodInvocationHelper.invokeMethodConsideringTimeout(MethodInvocationHelper.java:59)
	at org.testng.internal.Invoker.invokeConfigurationMethod(Invoker.java:455)
	at org.testng.internal.Invoker.invokeConfigurations(Invoker.java:222)
	at org.testng.internal.Invoker.invokeConfigurations(Invoker.java:142)
	at org.testng.SuiteRunner.privateRun(SuiteRunner.java:401)
	at org.testng.SuiteRunner.run(SuiteRunner.java:364)
	at org.testng.SuiteRunnerWorker.runSuite(SuiteRunnerWorker.java:52)
	at org.testng.SuiteRunnerWorker.run(SuiteRunnerWorker.java:84)
	at org.testng.TestNG.runSuitesSequentially(TestNG.java:1208)
	at org.testng.TestNG.runSuitesLocally(TestNG.java:1137)
	at org.testng.TestNG.runSuites(TestNG.java:1049)
	at org.testng.TestNG.run(TestNG.java:1017)
	at org.testng.remote.AbstractRemoteTestNG.run(AbstractRemoteTestNG.java:115)
	at org.testng.remote.RemoteTestNG.initAndRun(RemoteTestNG.java:251)
	at org.testng.remote.RemoteTestNG.main(RemoteTestNG.java:77)

2022-02-15 13:18:55,497 [main] INFO com.utils.ExcelUtility - java.lang.NullPointerException
	at com.utils.ExcelUtility.getCellData(ExcelUtility.java:311)
	at com.utils._masterVO.loadGatewayCases(_masterVO.java:116)
	at com.utils._masterVO.loadExternalServices(_masterVO.java:449)
	at com.utils._masterVO.loadVO(_masterVO.java:82)
	at com.classes.BaseTest.setupReporter(BaseTest.java:85)
	at sun.reflect.NativeMethodAccessorImpl.invoke0(Native Method)
	at sun.reflect.NativeMethodAccessorImpl.invoke(Unknown Source)
	at sun.reflect.DelegatingMethodAccessorImpl.invoke(Unknown Source)
	at java.lang.reflect.Method.invoke(Unknown Source)
	at org.testng.internal.MethodInvocationHelper.invokeMethod(MethodInvocationHelper.java:124)
	at org.testng.internal.MethodInvocationHelper.invokeMethodConsideringTimeout(MethodInvocationHelper.java:59)
	at org.testng.internal.Invoker.invokeConfigurationMethod(Invoker.java:455)
	at org.testng.internal.Invoker.invokeConfigurations(Invoker.java:222)
	at org.testng.internal.Invoker.invokeConfigurations(Invoker.java:142)
	at org.testng.SuiteRunner.privateRun(SuiteRunner.java:401)
	at org.testng.SuiteRunner.run(SuiteRunner.java:364)
	at org.testng.SuiteRunnerWorker.runSuite(SuiteRunnerWorker.java:52)
	at org.testng.SuiteRunnerWorker.run(SuiteRunnerWorker.java:84)
	at org.testng.TestNG.runSuitesSequentially(TestNG.java:1208)
	at org.testng.TestNG.runSuitesLocally(TestNG.java:1137)
	at org.testng.TestNG.runSuites(TestNG.java:1049)
	at org.testng.TestNG.run(TestNG.java:1017)
	at org.testng.remote.AbstractRemoteTestNG.run(AbstractRemoteTestNG.java:115)
	at org.testng.remote.RemoteTestNG.initAndRun(RemoteTestNG.java:251)
	at org.testng.remote.RemoteTestNG.main(RemoteTestNG.java:77)

2022-02-15 13:18:55,498 [main] INFO com.utils.ExcelUtility - java.lang.NullPointerException
	at com.utils.ExcelUtility.getCellData(ExcelUtility.java:311)
	at com.utils._masterVO.loadGatewayCases(_masterVO.java:116)
	at com.utils._masterVO.loadExternalServices(_masterVO.java:449)
	at com.utils._masterVO.loadVO(_masterVO.java:82)
	at com.classes.BaseTest.setupReporter(BaseTest.java:85)
	at sun.reflect.NativeMethodAccessorImpl.invoke0(Native Method)
	at sun.reflect.NativeMethodAccessorImpl.invoke(Unknown Source)
	at sun.reflect.DelegatingMethodAccessorImpl.invoke(Unknown Source)
	at java.lang.reflect.Method.invoke(Unknown Source)
	at org.testng.internal.MethodInvocationHelper.invokeMethod(MethodInvocationHelper.java:124)
	at org.testng.internal.MethodInvocationHelper.invokeMethodConsideringTimeout(MethodInvocationHelper.java:59)
	at org.testng.internal.Invoker.invokeConfigurationMethod(Invoker.java:455)
	at org.testng.internal.Invoker.invokeConfigurations(Invoker.java:222)
	at org.testng.internal.Invoker.invokeConfigurations(Invoker.java:142)
	at org.testng.SuiteRunner.privateRun(SuiteRunner.java:401)
	at org.testng.SuiteRunner.run(SuiteRunner.java:364)
	at org.testng.SuiteRunnerWorker.runSuite(SuiteRunnerWorker.java:52)
	at org.testng.SuiteRunnerWorker.run(SuiteRunnerWorker.java:84)
	at org.testng.TestNG.runSuitesSequentially(TestNG.java:1208)
	at org.testng.TestNG.runSuitesLocally(TestNG.java:1137)
	at org.testng.TestNG.runSuites(TestNG.java:1049)
	at org.testng.TestNG.run(TestNG.java:1017)
	at org.testng.remote.AbstractRemoteTestNG.run(AbstractRemoteTestNG.java:115)
	at org.testng.remote.RemoteTestNG.initAndRun(RemoteTestNG.java:251)
	at org.testng.remote.RemoteTestNG.main(RemoteTestNG.java:77)

2022-02-15 13:18:55,498 [main] INFO com.utils.ExcelUtility - java.lang.NullPointerException
	at com.utils.ExcelUtility.getCellData(ExcelUtility.java:311)
	at com.utils._masterVO.loadGatewayCases(_masterVO.java:116)
	at com.utils._masterVO.loadExternalServices(_masterVO.java:449)
	at com.utils._masterVO.loadVO(_masterVO.java:82)
	at com.classes.BaseTest.setupReporter(BaseTest.java:85)
	at sun.reflect.NativeMethodAccessorImpl.invoke0(Native Method)
	at sun.reflect.NativeMethodAccessorImpl.invoke(Unknown Source)
	at sun.reflect.DelegatingMethodAccessorImpl.invoke(Unknown Source)
	at java.lang.reflect.Method.invoke(Unknown Source)
	at org.testng.internal.MethodInvocationHelper.invokeMethod(MethodInvocationHelper.java:124)
	at org.testng.internal.MethodInvocationHelper.invokeMethodConsideringTimeout(MethodInvocationHelper.java:59)
	at org.testng.internal.Invoker.invokeConfigurationMethod(Invoker.java:455)
	at org.testng.internal.Invoker.invokeConfigurations(Invoker.java:222)
	at org.testng.internal.Invoker.invokeConfigurations(Invoker.java:142)
	at org.testng.SuiteRunner.privateRun(SuiteRunner.java:401)
	at org.testng.SuiteRunner.run(SuiteRunner.java:364)
	at org.testng.SuiteRunnerWorker.runSuite(SuiteRunnerWorker.java:52)
	at org.testng.SuiteRunnerWorker.run(SuiteRunnerWorker.java:84)
	at org.testng.TestNG.runSuitesSequentially(TestNG.java:1208)
	at org.testng.TestNG.runSuitesLocally(TestNG.java:1137)
	at org.testng.TestNG.runSuites(TestNG.java:1049)
	at org.testng.TestNG.run(TestNG.java:1017)
	at org.testng.remote.AbstractRemoteTestNG.run(AbstractRemoteTestNG.java:115)
	at org.testng.remote.RemoteTestNG.initAndRun(RemoteTestNG.java:251)
	at org.testng.remote.RemoteTestNG.main(RemoteTestNG.java:77)

2022-02-15 13:18:55,846 [main] INFO com.utils._masterVO - Gateway Cases Master File Loaded successfully
2022-02-15 13:18:55,848 [main] INFO com.utils._APIUtil - Entered getAPIServices(USSD)
2022-02-15 13:18:55,850 [main] INFO com.utils._APIUtil - Exiting getAPIServices([])
2022-02-15 13:18:55,852 [main] INFO com.utils._masterVO - Loading Gateway Cases Master file from: .//src//test//resources//config//GatewayMaster.xlsx
2022-02-15 13:18:56,087 [main] INFO com.utils._masterVO - Gateway Cases Master File Loaded successfully
2022-02-15 13:18:56,090 [main] INFO com.utils._masterVO - Loading Gateway Cases Master file from: .//src//test//resources//config//GatewayMaster.xlsx
2022-02-15 13:18:56,237 [main] INFO com.utils._masterVO - Gateway Cases Master File Loaded successfully
2022-02-15 13:19:17,280 [main] ERROR com.sshmanager.SSHService - Error while getting SSH Server Instance : com.jcraft.jsch.JSchException: java.net.ConnectException: Connection timed out: connect
2022-02-15 13:19:17,318 [main] INFO com.classes.BaseTest - Completed loading all methods from -masterVO class
2022-02-15 13:20:45,789 [main] INFO restassuredapi.test.FocTransferInitiate - ------------------ Test Case Execution Started For A_01_Test_success -------------------
2022-02-15 13:20:45,789 [main] INFO restassuredapi.test.FocTransferInitiate - Entered A_01_Test_success()
2022-02-15 13:20:45,826 [main] INFO com.classes.UserAccessRevamp - Trying to get User with Access: R_O2C,E_PURCHASE
2022-02-15 13:20:45,860 [main] INFO com.dbrepository.DBConnectionPool - Active Size:0 Cache Size:10
2022-02-15 13:20:45,862 [main] INFO com.dbrepository.PostGreSQLRepository - Entered :: getUserNameByLogin()
2022-02-15 13:20:46,205 [main] INFO com.dbrepository.PostGreSQLRepository - Exception while fetching UserName: 
2022-02-15 13:20:46,206 [main] INFO com.dbrepository.PostGreSQLRepository - org.postgresql.util.PSQLException: ResultSet not positioned properly, perhaps you need to call next.
	at org.postgresql.jdbc.PgResultSet.checkResultSet(PgResultSet.java:2772)
	at org.postgresql.jdbc.PgResultSet.getString(PgResultSet.java:1894)
	at com.mchange.v2.c3p0.impl.NewProxyResultSet.getString(NewProxyResultSet.java:4865)
	at com.dbrepository.PostGreSQLRepository.getUserNameByLogin(PostGreSQLRepository.java:2239)
	at com.classes.UserAccessRevamp.getUserWithAccessRevamp(UserAccessRevamp.java:106)
	at restassuredapi.test.FocTransferInitiate.A_01_Test_success(FocTransferInitiate.java:217)
	at sun.reflect.NativeMethodAccessorImpl.invoke0(Native Method)
	at sun.reflect.NativeMethodAccessorImpl.invoke(Unknown Source)
	at sun.reflect.DelegatingMethodAccessorImpl.invoke(Unknown Source)
	at java.lang.reflect.Method.invoke(Unknown Source)
	at org.testng.internal.MethodInvocationHelper.invokeMethod(MethodInvocationHelper.java:124)
	at org.testng.internal.Invoker.invokeMethod(Invoker.java:580)
	at org.testng.internal.Invoker.invokeTestMethod(Invoker.java:716)
	at org.testng.internal.Invoker.invokeTestMethods(Invoker.java:988)
	at org.testng.internal.TestMethodWorker.invokeTestMethods(TestMethodWorker.java:125)
	at org.testng.internal.TestMethodWorker.run(TestMethodWorker.java:109)
	at org.testng.TestRunner.privateRun(TestRunner.java:648)
	at org.testng.TestRunner.run(TestRunner.java:505)
	at org.testng.SuiteRunner.runTest(SuiteRunner.java:455)
	at org.testng.SuiteRunner.runSequentially(SuiteRunner.java:450)
	at org.testng.SuiteRunner.privateRun(SuiteRunner.java:415)
	at org.testng.SuiteRunner.run(SuiteRunner.java:364)
	at org.testng.SuiteRunnerWorker.runSuite(SuiteRunnerWorker.java:52)
	at org.testng.SuiteRunnerWorker.run(SuiteRunnerWorker.java:84)
	at org.testng.TestNG.runSuitesSequentially(TestNG.java:1208)
	at org.testng.TestNG.runSuitesLocally(TestNG.java:1137)
	at org.testng.TestNG.runSuites(TestNG.java:1049)
	at org.testng.TestNG.run(TestNG.java:1017)
	at org.testng.remote.AbstractRemoteTestNG.run(AbstractRemoteTestNG.java:115)
	at org.testng.remote.RemoteTestNG.initAndRun(RemoteTestNG.java:251)
	at org.testng.remote.RemoteTestNG.main(RemoteTestNG.java:77)

2022-02-15 13:20:46,208 [main] INFO com.dbrepository.PostGreSQLRepository - Query Repository Returns: USER_NAME (null)
2022-02-15 13:20:46,212 [main] INFO com.classes.UserAccessRevamp - UserAccess Returns: PARENT_NAME(Super Admin) | CATEGORY_NAME(Super Channel Admin) | USER_NAME(null) | LOGIN_ID(AUT_60804) | PASSWORD(Com@2468)
2022-02-15 13:20:46,216 [main] INFO restassuredapi.test.FocTransferInitiate - ------------------ Test Case Execution Started For Test_OAuthenticationTest -------------------
2022-02-15 13:20:46,216 [main] INFO restassuredapi.test.FocTransferInitiate - Entered Test_OAuthenticationTest()
2022-02-15 13:20:47,030 [main] INFO restassuredapi.api.BaseAPI - API URL: http://172.30.38.232:6789/pretups/rstapi/v1/generateTokenAPI
2022-02-15 13:20:47,842 [main] INFO restassuredapi.api.oauthentication.OAuthenticationAPI - {"token":"eyJ0eXAiOiJKV1QiLCJhbGciOiJIUzI1NiJ9.eyJsb2dpbklkIjoiQVVUXzYwODA0IiwicmVxR2F0ZXdheUxvZ2luSWQiOiJwcmV0dXBzIiwidG9rZW5JZCI6IjIwMjIwMjE1MTMxOTI4LjE3MS40NTkiLCJyZXFHYXRld2F5VHlwZSI6IlJFU1QiLCJpc3MiOiJwcmV0dXBzLm9hdXRoIiwic2VydmljZVBvcnQiOiIxOTAiLCJtc2lzZG4iOiI3MjMyODQ2NjEzMjg0MjEiLCJleHAiOjMwMDAwMCwicmVxR2F0ZXdheUNvZGUiOiJSRVNUIiwiaWF0IjoxNjQ0OTMxMTY4LCJqdGkiOiJiMDg3MTQxYy0wMTVhLTRkZTMtYjMwYi1kNTU1OTRjNDA1OTAifQ.nKL_lbAz7kAsSzubsmFt2rvwVUUXd2eYN0yiiyD7G6I","refreshToken":"eyJ0eXAiOiJKV1QiLCJhbGciOiJIUzI1NiJ9.eyJsb2dpbklkIjoiQVVUXzYwODA0IiwicmVxR2F0ZXdheUxvZ2luSWQiOiJwcmV0dXBzIiwidG9rZW5JZCI6IjIwMjIwMjE1MTMxOTI4LjE3MS40NTkiLCJyZXFHYXRld2F5VHlwZSI6IlJFU1QiLCJpc3MiOiJwcmV0dXBzLm9hdXRoIiwic2VydmljZVBvcnQiOiIxOTAiLCJtc2lzZG4iOiI3MjMyODQ2NjEzMjg0MjEiLCJleHAiOjYwMDAwMCwicmVxR2F0ZXdheUNvZGUiOiJSRVNUIiwiaWF0IjoxNjQ0OTMxMTY4LCJqdGkiOiJhZmRkZDA4Zi1iYmZkLTQ3ZmItYjBhYi1lNDJlZThjYzZjOWQifQ.iAlFYQZed4HLK1IlOZtZieNT8gjZRJr69v3IBJbDE3o","status":200,"messageCode":"9020","message":"Success","errorMap":null}
2022-02-15 13:20:47,919 [main] INFO com.utils.Assertion - <pre><b>Expected: </b>200<br><b>Found: </b>200</pre>
2022-02-15 13:20:48,263 [main] INFO restassuredapi.test.FocTransferInitiate -  -----------------  Test Case Execution completed for Test_OAuthenticationTest -----------------
2022-02-15 13:22:12,375 [main] INFO com.dbrepository.PostGreSQLRepository - Entered checkForLangCode(English)
2022-02-15 13:22:12,388 [main] INFO com.dbrepository.DBConnectionPool - Active Size:0 Cache Size:10
2022-02-15 13:22:12,399 [main] INFO com.dbrepository.PostGreSQLRepository - checkForLangCode() :: select query: SELECT LANGUAGE_CODE from LOCALE_MASTER where NAME = ?
2022-02-15 13:22:12,531 [main] INFO com.dbrepository.PostGreSQLRepository - Database Returns: LanguageCode (0)
2022-02-15 13:22:12,543 [main] INFO com.dbrepository.PostGreSQLRepository - Exiting checkForLangCode()
2022-02-15 13:22:12,554 [main] INFO com.dbrepository.PostGreSQLRepository - Entered checkForLangCode(English)
2022-02-15 13:22:12,569 [main] INFO com.dbrepository.DBConnectionPool - Active Size:0 Cache Size:10
2022-02-15 13:22:12,577 [main] INFO com.dbrepository.PostGreSQLRepository - checkForLangCode() :: select query: SELECT LANGUAGE_CODE from LOCALE_MASTER where NAME = ?
2022-02-15 13:22:12,696 [main] INFO com.dbrepository.PostGreSQLRepository - Database Returns: LanguageCode (0)
2022-02-15 13:22:12,708 [main] INFO com.dbrepository.PostGreSQLRepository - Exiting checkForLangCode()
2022-02-15 13:23:24,514 [main] INFO restassuredapi.api.BaseAPI - API URL: http://172.30.38.232:6789/pretups/rstapiv1/foc/focInitiate
2022-02-15 13:23:25,560 [main] INFO restassuredapi.api.focInitiateApi.FOCInititaeAPI - {"service":"FOCRESP","referenceId":null,"status":"200","messageCode":"200","message":"1 out of 1 record(s) processed successfully","errorMap":{"masterErrorList":null,"rowErrorMsgLists":null},"successList":[{"status":200,"messageCode":"241129","message":"Transfer request has been successfully initiated with transaction ID OT220215.1322.100001.","errorMap":null,"transactionId":"OT220215.1322.100001"}]}
2022-02-15 13:24:10,222 [main] INFO com.utils.Assertion - <pre><b>Expected: </b>200<br><b>Found: </b>200</pre>
2022-02-15 13:24:27,719 [main] INFO restassuredapi.test.FocTransferInitiate -  -----------------  Test Case Execution completed for A_01_Test_success -----------------
