2023-08-11 16:31:46,739 [main] INFO com.classes.BaseTest - Loading all methods from -masterVO class
2023-08-11 16:31:46,747 [main] INFO com.utils._masterVO - Loading Properties file from: .//src//test//resources//sysconfig//Constant.properties
2023-08-11 16:31:46,752 [main] INFO com.utils._masterVO - Properties File Loaded successfully
2023-08-11 16:31:46,756 [main] INFO com.utils._masterVO - Loading Master Sheet from: src//test//resources//config//DataProvider.xlsx
2023-08-11 16:31:47,590 [main] INFO com.utils._masterVO - Master Sheet Loaded successfully
2023-08-11 16:31:47,594 [main] INFO com.utils._masterVO - Loading Client Library for Client Versioning from: .//src//test//resources//sysconfig//ClientLib.properties
2023-08-11 16:31:47,610 [main] INFO com.utils._masterVO - Client Library Loaded successfully
2023-08-11 16:31:47,879 [main] INFO com.utils._masterVO - loadGeoDomains Map returns ::ZO - AUTbKlI - AUToKa1C
2023-08-11 16:31:48,018 [main] INFO com.utils._masterVO - loadGeoDomains Map returns ::AR - AUT7dba - AUT63dCN
2023-08-11 16:31:48,143 [main] INFO com.utils._masterVO - loadGeoDomains Map returns ::SA - AUTO2Fm - AUTNelnh
2023-08-11 16:31:48,646 [main] INFO com.utils._masterVO - Loading test case file file from: .//src//test//resources//sysconfig//testCaseFile.properties
2023-08-11 16:31:48,670 [main] INFO com.utils._masterVO - Test cases file Loaded successfully
2023-08-11 16:31:48,674 [main] INFO com.utils._masterVO - Loading Web Cases Master file from: .//src//test//resources//config//testCaseFile.properties
2023-08-11 16:31:48,700 [main] INFO com.utils._masterVO - Gateway Cases Master File Loaded successfully
2023-08-11 16:31:48,730 [main] INFO com.dbrepository.DBHandler - Entered Access Handler :: PostGreSQL
2023-08-11 16:31:48,736 [main] INFO com.commons.CacheController - New Cache DAO Loaded :: UPDATECACHE_VER = 1
2023-08-11 16:31:48,774 [MLog-Init-Reporter] INFO com.mchange.v2.log.MLog - MLog clients using log4j logging.
2023-08-11 16:31:48,890 [main] INFO com.mchange.v2.c3p0.C3P0Registry - Initializing c3p0-0.9.5.2 [built 08-December-2015 22:06:04 -0800; debug? true; trace: 10]
2023-08-11 16:31:48,986 [main] INFO com.mchange.v2.c3p0.impl.AbstractPoolBackedDataSource - Initializing c3p0 pool... com.mchange.v2.c3p0.ComboPooledDataSource [ acquireIncrement -> 5, acquireRetryAttempts -> 30, acquireRetryDelay -> 1000, autoCommitOnClose -> false, automaticTestTable -> null, breakAfterAcquireFailure -> false, checkoutTimeout -> 0, connectionCustomizerClassName -> null, connectionTesterClassName -> com.mchange.v2.c3p0.impl.DefaultConnectionTester, contextClassLoaderSource -> caller, dataSourceName -> 1hge0z1ax1rc0sk21771wvd|782a4fff, debugUnreturnedConnectionStackTraces -> false, description -> null, driverClass -> org.postgresql.Driver, extensions -> {}, factoryClassLocation -> null, forceIgnoreUnresolvedTransactions -> false, forceSynchronousCheckins -> false, forceUseNamedDriverClass -> false, identityToken -> 1hge0z1ax1rc0sk21771wvd|782a4fff, idleConnectionTestPeriod -> 0, initialPoolSize -> 10, jdbcUrl -> jdbc:postgresql://172.30.38.120:5432/pretups_trunk_dev, maxAdministrativeTaskTime -> 0, maxConnectionAge -> 0, maxIdleTime -> 0, maxIdleTimeExcessConnections -> 0, maxPoolSize -> 20, maxStatements -> 0, maxStatementsPerConnection -> 0, minPoolSize -> 10, numHelperThreads -> 3, preferredTestQuery -> null, privilegeSpawnedThreads -> false, properties -> {user=******, password=******}, propertyCycle -> 0, statementCacheNumDeferredCloseThreads -> 0, testConnectionOnCheckin -> false, testConnectionOnCheckout -> false, unreturnedConnectionTimeout -> 0, userOverrides -> {}, usesTraditionalReflectiveProxies -> false ]
2023-08-11 16:31:49,559 [main] INFO com.dbrepository.PostGreSQLRepository - Entered :: getNetworkName()
2023-08-11 16:31:49,655 [main] INFO com.dbrepository.PostGreSQLRepository - Query Repository Returns: Network Name (Network GGN)
2023-08-11 16:31:49,660 [main] INFO com.dbrepository.PostGreSQLRepository - Entered :: getSystemPreference(AMOUNT_MULT_FACTOR)
2023-08-11 16:31:49,664 [main] INFO com.dbrepository.DBConnectionPool - Active Size:1 Cache Size:2
2023-08-11 16:31:49,751 [main] INFO com.dbrepository.PostGreSQLRepository - Query Repository Returns: DEFAULT_VALUE (100)
2023-08-11 16:31:49,757 [main] INFO com.dbrepository.PostGreSQLRepository - Entered :: getSystemPreference(MSISDN_PREFIX_LENGTH)
2023-08-11 16:31:49,763 [main] INFO com.dbrepository.DBConnectionPool - Active Size:2 Cache Size:1
2023-08-11 16:31:49,842 [main] INFO com.dbrepository.PostGreSQLRepository - Query Repository Returns: DEFAULT_VALUE (2)
2023-08-11 16:31:49,847 [main] INFO com.dbrepository.PostGreSQLRepository - Entered :: getSystemPreference(MAX_MSISDN_LENGTH)
2023-08-11 16:31:49,853 [main] INFO com.dbrepository.DBConnectionPool - Active Size:3 Cache Size:0
2023-08-11 16:31:49,977 [main] INFO com.dbrepository.PostGreSQLRepository - Query Repository Returns: DEFAULT_VALUE (15)
2023-08-11 16:31:49,982 [main] INFO com.dbrepository.PostGreSQLRepository - Entered :: getSystemPreference(USER_PRODUCT_MULTIPLE_WALLET)
2023-08-11 16:31:49,986 [main] INFO com.dbrepository.DBConnectionPool - Active Size:4 Cache Size:2
2023-08-11 16:31:50,059 [main] INFO com.dbrepository.PostGreSQLRepository - Query Repository Returns: DEFAULT_VALUE (false)
2023-08-11 16:31:50,064 [main] INFO com.dbrepository.PostGreSQLRepository - Entered :: getSystemPreference(EXTERNAL_DATE_FORMAT)
2023-08-11 16:31:50,069 [main] INFO com.dbrepository.DBConnectionPool - Active Size:5 Cache Size:1
2023-08-11 16:31:50,145 [main] INFO com.dbrepository.PostGreSQLRepository - Query Repository Returns: DEFAULT_VALUE (dd/MM/yyyy)
2023-08-11 16:31:50,150 [main] INFO com.dbrepository.PostGreSQLRepository - Entered :: getSystemPreference(DATE_FORMAT_CAL_JAVA)
2023-08-11 16:31:50,156 [main] INFO com.dbrepository.DBConnectionPool - Active Size:6 Cache Size:0
2023-08-11 16:31:50,327 [main] INFO com.dbrepository.PostGreSQLRepository - Query Repository Returns: DEFAULT_VALUE (dd/MM/yyyy)
2023-08-11 16:31:50,332 [main] INFO com.dbrepository.PostGreSQLRepository - Entered :: getSystemPreference(OTH_COM_CHNL)
2023-08-11 16:31:50,337 [main] INFO com.dbrepository.DBConnectionPool - Active Size:0 Cache Size:9
2023-08-11 16:31:50,415 [main] INFO com.dbrepository.PostGreSQLRepository - Query Repository Returns: DEFAULT_VALUE (false)
2023-08-11 16:31:50,419 [main] INFO com.dbrepository.PostGreSQLRepository - Entered :: getSystemPreference(DW_ALLOWED_GATEWAYS)
2023-08-11 16:31:50,423 [main] INFO com.dbrepository.DBConnectionPool - Active Size:0 Cache Size:9
2023-08-11 16:31:50,498 [main] INFO com.dbrepository.PostGreSQLRepository - Query Repository Returns: DEFAULT_VALUE (EXTGW,DWEXTGW)
2023-08-11 16:31:50,503 [main] INFO com.dbrepository.PostGreSQLRepository - Entered :: getSystemPreference(DEFAULT_LANGUAGE)
2023-08-11 16:31:50,510 [main] INFO com.dbrepository.DBConnectionPool - Active Size:0 Cache Size:9
2023-08-11 16:31:50,606 [main] INFO com.dbrepository.PostGreSQLRepository - Query Repository Returns: DEFAULT_VALUE (en)
2023-08-11 16:31:50,609 [main] INFO com.dbrepository.PostGreSQLRepository - Entered :: getSystemPreference(DEFAULT_COUNTRY)
2023-08-11 16:31:50,614 [main] INFO com.dbrepository.DBConnectionPool - Active Size:0 Cache Size:9
2023-08-11 16:31:50,690 [main] INFO com.dbrepository.PostGreSQLRepository - Query Repository Returns: DEFAULT_VALUE (US)
2023-08-11 16:31:50,696 [main] INFO com.utils._masterVO - Display Locale set to: en_US
2023-08-11 16:32:02,664 [main] INFO com.sshmanager.SSHService - Exiting getFileFromSFTP()
2023-08-11 16:32:07,577 [main] INFO com.sshmanager.SSHService - Exiting getFileFromSFTP()
2023-08-11 16:32:07,612 [main] INFO com.utils._masterVO - Loading Messages Resource properties File from: .//src//test//resources//sysconfig//English.properties
2023-08-11 16:32:07,657 [main] INFO com.utils._masterVO - Messages Resource Properties file Loaded successfully
2023-08-11 16:32:07,660 [main] INFO com.utils._masterVO - Loading Messages Resource properties File from: .//src//test//resources//sysconfig//C2S_English.properties
2023-08-11 16:32:07,677 [main] INFO com.utils._masterVO - Messages Resource Properties file Loaded successfully
2023-08-11 16:32:07,765 [main] INFO com.sshmanager.SSHService - Executing: grep '^[^#]' /data1/pretupsapp/tomcat9_pgdev/conf/pretups/LogConfig.props|grep '^log4j.appender.OneLineTXNLogC2S.File[ =]'|cut -d'=' -f2|sed 's/^[ 	]*//;s/[ 	]*$//'
2023-08-11 16:32:08,000 [main] INFO com.sshmanager.SSHService - Channel Exit Status: 0
2023-08-11 16:32:08,006 [main] INFO com.sshmanager.SSHService - Executing: grep '^[^#]' /data1/pretupsapp/tomcat9_pgdev/conf/pretups/LogConfig.props|grep '^log4j.appender.ChannelRequestDailyLog.File[ =]'|cut -d'=' -f2|sed 's/^[ 	]*//;s/[ 	]*$//'
2023-08-11 16:32:08,204 [main] INFO com.sshmanager.SSHService - Channel Exit Status: 0
2023-08-11 16:32:08,208 [main] INFO com.classes.BaseTest - Completed loading all methods from -masterVO class
2023-08-11 16:34:23,208 [main] INFO angular.testscripts.prereuisitesangular.CardGroup.BatchModifyC2SCardGroup_TestScript - DataNetwork Admin
2023-08-11 16:34:23,251 [main] INFO angular.testscripts.prereuisitesangular.CardGroup.BatchModifyC2SCardGroup_TestScript - Databtnadm
2023-08-11 16:34:23,258 [main] INFO angular.testscripts.prereuisitesangular.CardGroup.BatchModifyC2SCardGroup_TestScript - DataCom@1111
2023-08-11 16:34:23,265 [main] INFO angular.testscripts.prereuisitesangular.CardGroup.BatchModifyC2SCardGroup_TestScript - Value of k0
2023-08-11 16:34:23,302 [main] INFO angular.testscripts.prereuisitesangular.CardGroup.BatchModifyC2SCardGroup_TestScript - ------------------ Test Case Execution Started For A_01_Test_Batch_modify_C2S_cardgroup -------------------
2023-08-11 16:34:23,302 [main] INFO angular.testscripts.prereuisitesangular.CardGroup.BatchModifyC2SCardGroup_TestScript - Entered A_01_Test_Batch_modify_C2S_cardgroup(Network Admin, btnadm, Com@1111)
2023-08-11 16:34:24,016 [main] INFO angular.pageobjects.loginpages.LoginPageRevamp - Trying to select Language
2023-08-11 16:34:24,549 [main] INFO angular.pageobjects.loginpages.LoginPageRevamp - Language selected successfully as: English
2023-08-11 16:34:24,554 [main] INFO angular.pageobjects.loginpages.LoginPageRevamp - Trying to enter Login ID
2023-08-11 16:34:24,817 [main] INFO angular.pageobjects.loginpages.LoginPageRevamp - Login ID entered successfully as: btnadm
2023-08-11 16:34:24,823 [main] INFO angular.pageobjects.loginpages.LoginPageRevamp - Trying to enter Password
2023-08-11 16:34:25,058 [main] INFO angular.pageobjects.loginpages.LoginPageRevamp - Password entered successfully as: Com@1111
2023-08-11 16:34:25,065 [main] INFO angular.pageobjects.loginpages.LoginPageRevamp - Trying to click Login Button
2023-08-11 16:34:25,210 [main] INFO angular.pageobjects.loginpages.LoginPageRevamp - Login button clicked successfully
2023-08-11 16:34:25,290 [main] INFO angular.pageobjects.loginpages.LoginPageRevamp - Error Message Found on Login Screen: 
