2023-08-10 13:30:43,916 [main] INFO com.classes.BaseTest - Loading all methods from -masterVO class
2023-08-10 13:30:43,923 [main] INFO com.utils._masterVO - Loading Properties file from: .//src//test//resources//sysconfig//Constant.properties
2023-08-10 13:30:43,929 [main] INFO com.utils._masterVO - Properties File Loaded successfully
2023-08-10 13:30:43,932 [main] INFO com.utils._masterVO - Loading Master Sheet from: src//test//resources//config//DataProvider.xlsx
2023-08-10 13:30:44,766 [main] INFO com.utils._masterVO - Master Sheet Loaded successfully
2023-08-10 13:30:44,769 [main] INFO com.utils._masterVO - Loading Client Library for Client Versioning from: .//src//test//resources//sysconfig//ClientLib.properties
2023-08-10 13:30:44,783 [main] INFO com.utils._masterVO - Client Library Loaded successfully
2023-08-10 13:30:45,057 [main] INFO com.utils._masterVO - loadGeoDomains Map returns ::ZO - AUTbKlI - AUToKa1C
2023-08-10 13:30:45,193 [main] INFO com.utils._masterVO - loadGeoDomains Map returns ::AR - AUT7dba - AUT63dCN
2023-08-10 13:30:45,324 [main] INFO com.utils._masterVO - loadGeoDomains Map returns ::SA - AUTO2Fm - AUTNelnh
2023-08-10 13:30:45,798 [main] INFO com.utils._masterVO - Loading test case file file from: .//src//test//resources//sysconfig//testCaseFile.properties
2023-08-10 13:30:45,812 [main] INFO com.utils._masterVO - Test cases file Loaded successfully
2023-08-10 13:30:45,815 [main] INFO com.utils._masterVO - Loading Web Cases Master file from: .//src//test//resources//config//testCaseFile.properties
2023-08-10 13:30:45,831 [main] INFO com.utils._masterVO - Gateway Cases Master File Loaded successfully
2023-08-10 13:30:45,860 [main] INFO com.dbrepository.DBHandler - Entered Access Handler :: PostGreSQL
2023-08-10 13:30:45,867 [main] INFO com.commons.CacheController - New Cache DAO Loaded :: UPDATECACHE_VER = 1
2023-08-10 13:30:45,903 [MLog-Init-Reporter] INFO com.mchange.v2.log.MLog - MLog clients using log4j logging.
2023-08-10 13:30:46,000 [main] INFO com.mchange.v2.c3p0.C3P0Registry - Initializing c3p0-0.9.5.2 [built 08-December-2015 22:06:04 -0800; debug? true; trace: 10]
2023-08-10 13:30:46,082 [main] INFO com.mchange.v2.c3p0.impl.AbstractPoolBackedDataSource - Initializing c3p0 pool... com.mchange.v2.c3p0.ComboPooledDataSource [ acquireIncrement -> 5, acquireRetryAttempts -> 30, acquireRetryDelay -> 1000, autoCommitOnClose -> false, automaticTestTable -> null, breakAfterAcquireFailure -> false, checkoutTimeout -> 0, connectionCustomizerClassName -> null, connectionTesterClassName -> com.mchange.v2.c3p0.impl.DefaultConnectionTester, contextClassLoaderSource -> caller, dataSourceName -> 1hge0z1ax1pq441i1j2ja4q|6063d80a, debugUnreturnedConnectionStackTraces -> false, description -> null, driverClass -> org.postgresql.Driver, extensions -> {}, factoryClassLocation -> null, forceIgnoreUnresolvedTransactions -> false, forceSynchronousCheckins -> false, forceUseNamedDriverClass -> false, identityToken -> 1hge0z1ax1pq441i1j2ja4q|6063d80a, idleConnectionTestPeriod -> 0, initialPoolSize -> 10, jdbcUrl -> jdbc:postgresql://172.30.38.120:5432/pretups_trunk_dev, maxAdministrativeTaskTime -> 0, maxConnectionAge -> 0, maxIdleTime -> 0, maxIdleTimeExcessConnections -> 0, maxPoolSize -> 20, maxStatements -> 0, maxStatementsPerConnection -> 0, minPoolSize -> 10, numHelperThreads -> 3, preferredTestQuery -> null, privilegeSpawnedThreads -> false, properties -> {user=******, password=******}, propertyCycle -> 0, statementCacheNumDeferredCloseThreads -> 0, testConnectionOnCheckin -> false, testConnectionOnCheckout -> false, unreturnedConnectionTimeout -> 0, userOverrides -> {}, usesTraditionalReflectiveProxies -> false ]
2023-08-10 13:30:46,838 [main] INFO com.dbrepository.PostGreSQLRepository - Entered :: getNetworkName()
2023-08-10 13:30:46,949 [main] INFO com.dbrepository.PostGreSQLRepository - Query Repository Returns: Network Name (Network GGN)
2023-08-10 13:30:46,952 [main] INFO com.dbrepository.PostGreSQLRepository - Entered :: getSystemPreference(AMOUNT_MULT_FACTOR)
2023-08-10 13:30:46,955 [main] INFO com.dbrepository.DBConnectionPool - Active Size:1 Cache Size:2
2023-08-10 13:30:47,057 [main] INFO com.dbrepository.PostGreSQLRepository - Query Repository Returns: DEFAULT_VALUE (100)
2023-08-10 13:30:47,061 [main] INFO com.dbrepository.PostGreSQLRepository - Entered :: getSystemPreference(MSISDN_PREFIX_LENGTH)
2023-08-10 13:30:47,064 [main] INFO com.dbrepository.DBConnectionPool - Active Size:2 Cache Size:1
2023-08-10 13:30:47,278 [main] INFO com.dbrepository.PostGreSQLRepository - Query Repository Returns: DEFAULT_VALUE (2)
2023-08-10 13:30:47,283 [main] INFO com.dbrepository.PostGreSQLRepository - Entered :: getSystemPreference(MAX_MSISDN_LENGTH)
2023-08-10 13:30:47,286 [main] INFO com.dbrepository.DBConnectionPool - Active Size:3 Cache Size:0
2023-08-10 13:30:47,606 [main] INFO com.dbrepository.PostGreSQLRepository - Query Repository Returns: DEFAULT_VALUE (15)
2023-08-10 13:30:47,610 [main] INFO com.dbrepository.PostGreSQLRepository - Entered :: getSystemPreference(USER_PRODUCT_MULTIPLE_WALLET)
2023-08-10 13:30:47,613 [main] INFO com.dbrepository.DBConnectionPool - Active Size:4 Cache Size:2
2023-08-10 13:30:47,746 [main] INFO com.dbrepository.PostGreSQLRepository - Query Repository Returns: DEFAULT_VALUE (false)
2023-08-10 13:30:47,751 [main] INFO com.dbrepository.PostGreSQLRepository - Entered :: getSystemPreference(EXTERNAL_DATE_FORMAT)
2023-08-10 13:30:47,754 [main] INFO com.dbrepository.DBConnectionPool - Active Size:5 Cache Size:1
2023-08-10 13:30:47,851 [main] INFO com.dbrepository.PostGreSQLRepository - Query Repository Returns: DEFAULT_VALUE (dd/MM/yyyy)
2023-08-10 13:30:47,855 [main] INFO com.dbrepository.PostGreSQLRepository - Entered :: getSystemPreference(DATE_FORMAT_CAL_JAVA)
2023-08-10 13:30:47,858 [main] INFO com.dbrepository.DBConnectionPool - Active Size:6 Cache Size:0
2023-08-10 13:30:48,471 [main] INFO com.dbrepository.PostGreSQLRepository - Query Repository Returns: DEFAULT_VALUE (dd/MM/yyyy)
2023-08-10 13:30:48,476 [main] INFO com.dbrepository.PostGreSQLRepository - Entered :: getSystemPreference(OTH_COM_CHNL)
2023-08-10 13:30:48,477 [main] INFO com.dbrepository.DBConnectionPool - Active Size:0 Cache Size:9
2023-08-10 13:30:48,589 [main] INFO com.dbrepository.PostGreSQLRepository - Query Repository Returns: DEFAULT_VALUE (false)
2023-08-10 13:30:48,593 [main] INFO com.dbrepository.PostGreSQLRepository - Entered :: getSystemPreference(DW_ALLOWED_GATEWAYS)
2023-08-10 13:30:48,596 [main] INFO com.dbrepository.DBConnectionPool - Active Size:0 Cache Size:9
2023-08-10 13:30:48,718 [main] INFO com.dbrepository.PostGreSQLRepository - Query Repository Returns: DEFAULT_VALUE (EXTGW,DWEXTGW)
2023-08-10 13:30:48,722 [main] INFO com.dbrepository.PostGreSQLRepository - Entered :: getSystemPreference(DEFAULT_LANGUAGE)
2023-08-10 13:30:48,726 [main] INFO com.dbrepository.DBConnectionPool - Active Size:0 Cache Size:9
2023-08-10 13:30:49,178 [main] INFO com.dbrepository.PostGreSQLRepository - Query Repository Returns: DEFAULT_VALUE (en)
2023-08-10 13:30:49,183 [main] INFO com.dbrepository.PostGreSQLRepository - Entered :: getSystemPreference(DEFAULT_COUNTRY)
2023-08-10 13:30:49,187 [main] INFO com.dbrepository.DBConnectionPool - Active Size:0 Cache Size:10
2023-08-10 13:30:49,296 [main] INFO com.dbrepository.PostGreSQLRepository - Query Repository Returns: DEFAULT_VALUE (US)
2023-08-10 13:30:49,300 [main] INFO com.utils._masterVO - Display Locale set to: en_US
2023-08-10 13:31:07,391 [main] INFO com.sshmanager.SSHService - Exiting getFileFromSFTP()
2023-08-10 13:31:14,443 [main] INFO com.sshmanager.SSHService - Exiting getFileFromSFTP()
2023-08-10 13:31:14,455 [main] INFO com.utils._masterVO - Loading Messages Resource properties File from: .//src//test//resources//sysconfig//English.properties
2023-08-10 13:31:14,500 [main] INFO com.utils._masterVO - Messages Resource Properties file Loaded successfully
2023-08-10 13:31:14,502 [main] INFO com.utils._masterVO - Loading Messages Resource properties File from: .//src//test//resources//sysconfig//C2S_English.properties
2023-08-10 13:31:14,519 [main] INFO com.utils._masterVO - Messages Resource Properties file Loaded successfully
2023-08-10 13:31:14,864 [main] INFO com.sshmanager.SSHService - Executing: grep '^[^#]' /data1/pretupsapp/tomcat9_pgdev/conf/pretups/LogConfig.props|grep '^log4j.appender.OneLineTXNLogC2S.File[ =]'|cut -d'=' -f2|sed 's/^[ 	]*//;s/[ 	]*$//'
2023-08-10 13:31:15,138 [main] INFO com.sshmanager.SSHService - Channel Exit Status: 0
2023-08-10 13:31:15,141 [main] INFO com.sshmanager.SSHService - Executing: grep '^[^#]' /data1/pretupsapp/tomcat9_pgdev/conf/pretups/LogConfig.props|grep '^log4j.appender.ChannelRequestDailyLog.File[ =]'|cut -d'=' -f2|sed 's/^[ 	]*//;s/[ 	]*$//'
2023-08-10 13:31:15,475 [main] INFO com.sshmanager.SSHService - Channel Exit Status: 0
2023-08-10 13:31:15,479 [main] INFO com.classes.BaseTest - Completed loading all methods from -masterVO class
2023-08-10 13:34:51,759 [main] INFO angular.testscripts.prereuisitesangular.ProfileManagement.Bulk_CategoryWise_DefaultProfile_TestScript - DataNetwork Admin
2023-08-10 13:34:51,779 [main] INFO angular.testscripts.prereuisitesangular.ProfileManagement.Bulk_CategoryWise_DefaultProfile_TestScript - Databtnadm
2023-08-10 13:34:51,782 [main] INFO angular.testscripts.prereuisitesangular.ProfileManagement.Bulk_CategoryWise_DefaultProfile_TestScript - DataCom@1111
2023-08-10 13:34:51,785 [main] INFO angular.testscripts.prereuisitesangular.ProfileManagement.Bulk_CategoryWise_DefaultProfile_TestScript - Value of k0
2023-08-10 13:34:51,802 [main] INFO angular.testscripts.prereuisitesangular.ProfileManagement.Bulk_CategoryWise_DefaultProfile_TestScript - ------------------ Test Case Execution Started For A_01_Test_Bulk_CategoryWise_DefaultProfile_Modify -------------------
2023-08-10 13:34:51,802 [main] INFO angular.testscripts.prereuisitesangular.ProfileManagement.Bulk_CategoryWise_DefaultProfile_TestScript - Entered A_01_Test_Bulk_CategoryWise_DefaultProfile_Modify(Network Admin, btnadm, Com@1111)
2023-08-10 13:34:52,459 [main] INFO angular.pageobjects.loginpages.LoginPageRevamp - Trying to select Language
2023-08-10 13:34:53,543 [main] INFO angular.pageobjects.loginpages.LoginPageRevamp - Language selected successfully as: English
2023-08-10 13:34:53,545 [main] INFO angular.pageobjects.loginpages.LoginPageRevamp - Trying to enter Login ID
2023-08-10 13:34:53,769 [main] INFO angular.pageobjects.loginpages.LoginPageRevamp - Login ID entered successfully as: btnadm
2023-08-10 13:34:53,772 [main] INFO angular.pageobjects.loginpages.LoginPageRevamp - Trying to enter Password
2023-08-10 13:34:53,926 [main] INFO angular.pageobjects.loginpages.LoginPageRevamp - Password entered successfully as: Com@1111
2023-08-10 13:34:53,928 [main] INFO angular.pageobjects.loginpages.LoginPageRevamp - Trying to click Login Button
2023-08-10 13:34:54,032 [main] INFO angular.pageobjects.loginpages.LoginPageRevamp - Login button clicked successfully
2023-08-10 13:34:54,085 [main] INFO angular.pageobjects.loginpages.LoginPageRevamp - Error Message Found on Login Screen: 
2023-08-10 13:37:19,327 [main] INFO angular.pageobjects.ProfileManagement.TransferControlProfile_PageObject - Trying to click on profile Management link
2023-08-10 13:37:19,343 [main] INFO angular.pageobjects.ProfileManagement.TransferControlProfile_PageObject - Checking Visibility of Profile Management Link
2023-08-10 13:37:19,827 [main] INFO angular.pageobjects.ProfileManagement.TransferControlProfile_PageObject - Profile management link is available
2023-08-10 13:37:19,842 [main] INFO angular.pageobjects.ProfileManagement.TransferControlProfile_PageObject - Checking if Profile Management Menu Option are visible
2023-08-10 13:37:40,199 [main] INFO angular.pageobjects.ProfileManagement.TransferControlProfile_PageObject - Menu options are not visible
2023-08-10 13:37:40,842 [main] INFO angular.pageobjects.ProfileManagement.TransferControlProfile_PageObject - Clicked on Profile Management Link
2023-08-10 13:38:24,597 [main] INFO angular.pageobjects.ProfileManagement.Bulk_CategoryWise_DefaultProfiles_PageObject - Trying to click on Bulk Category-wise Default Profiles
2023-08-10 13:38:24,746 [main] INFO angular.pageobjects.ProfileManagement.Bulk_CategoryWise_DefaultProfiles_PageObject - Clicked on Bulk Category-wise Default Profiles
2023-08-10 13:38:35,105 [main] INFO angular.pageobjects.ProfileManagement.Bulk_CategoryWise_DefaultProfiles_PageObject - Checking if Bulk Category-wise Default Profiles
2023-08-10 13:38:36,995 [main] INFO angular.pageobjects.ProfileManagement.Bulk_CategoryWise_DefaultProfiles_PageObject - Bulk Category-wise Default Profiles page loaded successfully
2023-08-10 13:38:45,546 [main] INFO angular.pageobjects.ProfileManagement.Bulk_CategoryWise_DefaultProfiles_PageObject - Trying to click on domain selection dd button
2023-08-10 13:38:45,718 [main] INFO angular.pageobjects.ProfileManagement.Bulk_CategoryWise_DefaultProfiles_PageObject - Clicked on domain selection dd button
2023-08-10 13:38:50,203 [main] INFO angular.feature.ProfileManagement.Bulk_CategoryWise_DefaultProfile_Feature - Selected value from DD : Distributor
2023-08-10 13:38:57,112 [main] INFO angular.pageobjects.ProfileManagement.Bulk_CategoryWise_DefaultProfiles_PageObject - Trying to click on Download button
2023-08-10 13:38:57,287 [main] INFO angular.pageobjects.ProfileManagement.Bulk_CategoryWise_DefaultProfiles_PageObject - Clicked on Download button
2023-08-10 13:39:11,986 [main] INFO angular.pageobjects.RechargeBulk.RechargesBulk - Getting File Path..
2023-08-10 13:39:15,016 [main] INFO angular.pageobjects.RechargeBulk.RechargesBulk - Latest File Path : .\src\test\resources\UploadDocuments\Bulk_CategoriesWise_Default_profile\DISTUSRCNF_76552278_621569.xls
2023-08-10 13:39:15,033 [main] INFO angular.feature.ProfileManagement.Bulk_CategoryWise_DefaultProfile_Feature - Rename File name : C:\PreTUPsAutomation\src\test\resources\UploadDocuments\Bulk_CategoriesWise_Default_profile\DISTUSRCNF_47336142_787634.xls
2023-08-10 13:39:15,068 [main] INFO angular.pageobjects.RechargeBulk.RechargesBulk - Getting File Path..
2023-08-10 13:39:18,096 [main] INFO angular.feature.ProfileManagement.Bulk_CategoryWise_DefaultProfile_Feature - Complete File Path : C:\PreTUPsAutomation\src\test\resources\UploadDocuments\Bulk_CategoriesWise_Default_profile\DISTUSRCNF_47336142_787634.xls
2023-08-10 13:40:27,430 [main] INFO angular.pageobjects.RechargeBulk.RechargesBulk - Uploading File... 
2023-08-10 13:40:37,617 [main] INFO angular.pageobjects.ProfileManagement.Bulk_CategoryWise_DefaultProfiles_PageObject - Trying to click on submit button
2023-08-10 13:40:37,795 [main] INFO angular.pageobjects.ProfileManagement.Bulk_CategoryWise_DefaultProfiles_PageObject - Clicked on Submit button
2023-08-10 13:40:39,628 [main] INFO angular.pageobjects.ProfileManagement.Bulk_CategoryWise_DefaultProfiles_PageObject - Checking If Review window is loaded successfully
2023-08-10 13:40:40,573 [main] INFO angular.pageobjects.ProfileManagement.Bulk_CategoryWise_DefaultProfiles_PageObject - Review and confirm window loaded successfully
2023-08-10 13:40:44,236 [main] INFO angular.pageobjects.ProfileManagement.Bulk_CategoryWise_DefaultProfiles_PageObject - Trying to click on Download button
2023-08-10 13:40:44,416 [main] INFO angular.pageobjects.ProfileManagement.Bulk_CategoryWise_DefaultProfiles_PageObject - Clicked on Download button
2023-08-10 13:40:47,887 [main] INFO angular.feature.ProfileManagement.Bulk_CategoryWise_DefaultProfile_Feature - Clicked on done button
