2023-08-08 14:14:54,481 [main] INFO com.classes.BaseTest - Loading all methods from -masterVO class
2023-08-08 14:14:54,487 [main] INFO com.utils._masterVO - Loading Properties file from: .//src//test//resources//sysconfig//Constant.properties
2023-08-08 14:14:54,494 [main] INFO com.utils._masterVO - Properties File Loaded successfully
2023-08-08 14:14:54,497 [main] INFO com.utils._masterVO - Loading Master Sheet from: src//test//resources//config//DataProvider.xlsx
2023-08-08 14:14:55,436 [main] INFO com.utils._masterVO - Master Sheet Loaded successfully
2023-08-08 14:14:55,441 [main] INFO com.utils._masterVO - Loading Client Library for Client Versioning from: .//src//test//resources//sysconfig//ClientLib.properties
2023-08-08 14:14:55,462 [main] INFO com.utils._masterVO - Client Library Loaded successfully
2023-08-08 14:14:55,748 [main] INFO com.utils._masterVO - loadGeoDomains Map returns ::ZO - AUTbKlI - AUToKa1C
2023-08-08 14:14:55,908 [main] INFO com.utils._masterVO - loadGeoDomains Map returns ::AR - AUT7dba - AUT63dCN
2023-08-08 14:14:56,068 [main] INFO com.utils._masterVO - loadGeoDomains Map returns ::SA - AUTO2Fm - AUTNelnh
2023-08-08 14:14:56,690 [main] INFO com.utils._masterVO - Loading test case file file from: .//src//test//resources//sysconfig//testCaseFile.properties
2023-08-08 14:14:56,710 [main] INFO com.utils._masterVO - Test cases file Loaded successfully
2023-08-08 14:14:56,714 [main] INFO com.utils._masterVO - Loading Web Cases Master file from: .//src//test//resources//config//testCaseFile.properties
2023-08-08 14:14:56,742 [main] INFO com.utils._masterVO - Gateway Cases Master File Loaded successfully
2023-08-08 14:14:56,779 [main] INFO com.dbrepository.DBHandler - Entered Access Handler :: PostGreSQL
2023-08-08 14:14:56,788 [main] INFO com.commons.CacheController - New Cache DAO Loaded :: UPDATECACHE_VER = 1
2023-08-08 14:14:56,829 [MLog-Init-Reporter] INFO com.mchange.v2.log.MLog - MLog clients using log4j logging.
2023-08-08 14:14:56,957 [main] INFO com.mchange.v2.c3p0.C3P0Registry - Initializing c3p0-0.9.5.2 [built 08-December-2015 22:06:04 -0800; debug? true; trace: 10]
2023-08-08 14:14:57,063 [main] INFO com.mchange.v2.c3p0.impl.AbstractPoolBackedDataSource - Initializing c3p0 pool... com.mchange.v2.c3p0.ComboPooledDataSource [ acquireIncrement -> 5, acquireRetryAttempts -> 30, acquireRetryDelay -> 1000, autoCommitOnClose -> false, automaticTestTable -> null, breakAfterAcquireFailure -> false, checkoutTimeout -> 0, connectionCustomizerClassName -> null, connectionTesterClassName -> com.mchange.v2.c3p0.impl.DefaultConnectionTester, contextClassLoaderSource -> caller, dataSourceName -> 1br1d73ax1mwt86i4t3kx|24f360b2, debugUnreturnedConnectionStackTraces -> false, description -> null, driverClass -> org.postgresql.Driver, extensions -> {}, factoryClassLocation -> null, forceIgnoreUnresolvedTransactions -> false, forceSynchronousCheckins -> false, forceUseNamedDriverClass -> false, identityToken -> 1br1d73ax1mwt86i4t3kx|24f360b2, idleConnectionTestPeriod -> 0, initialPoolSize -> 10, jdbcUrl -> jdbc:postgresql://172.30.38.120:5432/pretups_trunk_dev, maxAdministrativeTaskTime -> 0, maxConnectionAge -> 0, maxIdleTime -> 0, maxIdleTimeExcessConnections -> 0, maxPoolSize -> 20, maxStatements -> 0, maxStatementsPerConnection -> 0, minPoolSize -> 10, numHelperThreads -> 3, preferredTestQuery -> null, privilegeSpawnedThreads -> false, properties -> {user=******, password=******}, propertyCycle -> 0, statementCacheNumDeferredCloseThreads -> 0, testConnectionOnCheckin -> false, testConnectionOnCheckout -> false, unreturnedConnectionTimeout -> 0, userOverrides -> {}, usesTraditionalReflectiveProxies -> false ]
2023-08-08 14:14:57,476 [main] INFO com.dbrepository.PostGreSQLRepository - Entered :: getNetworkName()
2023-08-08 14:14:57,531 [main] INFO com.dbrepository.PostGreSQLRepository - Query Repository Returns: Network Name (Network GGN)
2023-08-08 14:14:57,534 [main] INFO com.dbrepository.PostGreSQLRepository - Entered :: getSystemPreference(AMOUNT_MULT_FACTOR)
2023-08-08 14:14:57,538 [main] INFO com.dbrepository.DBConnectionPool - Active Size:1 Cache Size:2
2023-08-08 14:14:57,587 [main] INFO com.dbrepository.PostGreSQLRepository - Query Repository Returns: DEFAULT_VALUE (100)
2023-08-08 14:14:57,591 [main] INFO com.dbrepository.PostGreSQLRepository - Entered :: getSystemPreference(MSISDN_PREFIX_LENGTH)
2023-08-08 14:14:57,594 [main] INFO com.dbrepository.DBConnectionPool - Active Size:2 Cache Size:1
2023-08-08 14:14:57,634 [main] INFO com.dbrepository.PostGreSQLRepository - Query Repository Returns: DEFAULT_VALUE (2)
2023-08-08 14:14:57,637 [main] INFO com.dbrepository.PostGreSQLRepository - Entered :: getSystemPreference(MAX_MSISDN_LENGTH)
2023-08-08 14:14:57,641 [main] INFO com.dbrepository.DBConnectionPool - Active Size:3 Cache Size:0
2023-08-08 14:14:57,737 [main] INFO com.dbrepository.PostGreSQLRepository - Query Repository Returns: DEFAULT_VALUE (15)
2023-08-08 14:14:57,740 [main] INFO com.dbrepository.PostGreSQLRepository - Entered :: getSystemPreference(USER_PRODUCT_MULTIPLE_WALLET)
2023-08-08 14:14:57,742 [main] INFO com.dbrepository.DBConnectionPool - Active Size:4 Cache Size:2
2023-08-08 14:14:57,789 [main] INFO com.dbrepository.PostGreSQLRepository - Query Repository Returns: DEFAULT_VALUE (false)
2023-08-08 14:14:57,793 [main] INFO com.dbrepository.PostGreSQLRepository - Entered :: getSystemPreference(EXTERNAL_DATE_FORMAT)
2023-08-08 14:14:57,794 [main] INFO com.dbrepository.DBConnectionPool - Active Size:5 Cache Size:1
2023-08-08 14:14:57,849 [main] INFO com.dbrepository.PostGreSQLRepository - Query Repository Returns: DEFAULT_VALUE (dd/MM/yyyy)
2023-08-08 14:14:57,852 [main] INFO com.dbrepository.PostGreSQLRepository - Entered :: getSystemPreference(DATE_FORMAT_CAL_JAVA)
2023-08-08 14:14:57,855 [main] INFO com.dbrepository.DBConnectionPool - Active Size:6 Cache Size:0
2023-08-08 14:14:57,936 [main] INFO com.dbrepository.PostGreSQLRepository - Query Repository Returns: DEFAULT_VALUE (dd/MM/yyyy)
2023-08-08 14:14:57,939 [main] INFO com.dbrepository.PostGreSQLRepository - Entered :: getSystemPreference(OTH_COM_CHNL)
2023-08-08 14:14:57,941 [main] INFO com.dbrepository.DBConnectionPool - Active Size:0 Cache Size:9
2023-08-08 14:14:57,982 [main] INFO com.dbrepository.PostGreSQLRepository - Query Repository Returns: DEFAULT_VALUE (false)
2023-08-08 14:14:57,985 [main] INFO com.dbrepository.PostGreSQLRepository - Entered :: getSystemPreference(DW_ALLOWED_GATEWAYS)
2023-08-08 14:14:57,988 [main] INFO com.dbrepository.DBConnectionPool - Active Size:0 Cache Size:9
2023-08-08 14:14:58,028 [main] INFO com.dbrepository.PostGreSQLRepository - Query Repository Returns: DEFAULT_VALUE (EXTGW,DWEXTGW)
2023-08-08 14:14:58,031 [main] INFO com.dbrepository.PostGreSQLRepository - Entered :: getSystemPreference(DEFAULT_LANGUAGE)
2023-08-08 14:14:58,035 [main] INFO com.dbrepository.DBConnectionPool - Active Size:0 Cache Size:9
2023-08-08 14:14:58,077 [main] INFO com.dbrepository.PostGreSQLRepository - Query Repository Returns: DEFAULT_VALUE (en)
2023-08-08 14:14:58,080 [main] INFO com.dbrepository.PostGreSQLRepository - Entered :: getSystemPreference(DEFAULT_COUNTRY)
2023-08-08 14:14:58,083 [main] INFO com.dbrepository.DBConnectionPool - Active Size:0 Cache Size:9
2023-08-08 14:14:58,123 [main] INFO com.dbrepository.PostGreSQLRepository - Query Repository Returns: DEFAULT_VALUE (US)
2023-08-08 14:14:58,126 [main] INFO com.utils._masterVO - Display Locale set to: en_US
2023-08-08 14:14:59,900 [main] INFO com.sshmanager.SSHService - Exiting getFileFromSFTP()
2023-08-08 14:15:00,450 [main] INFO com.sshmanager.SSHService - Exiting getFileFromSFTP()
2023-08-08 14:15:00,453 [main] INFO com.utils._masterVO - Loading Messages Resource properties File from: .//src//test//resources//sysconfig//English.properties
2023-08-08 14:15:00,497 [main] INFO com.utils._masterVO - Messages Resource Properties file Loaded successfully
2023-08-08 14:15:00,500 [main] INFO com.utils._masterVO - Loading Messages Resource properties File from: .//src//test//resources//sysconfig//C2S_English.properties
2023-08-08 14:15:00,518 [main] INFO com.utils._masterVO - Messages Resource Properties file Loaded successfully
2023-08-08 14:15:00,560 [main] INFO com.sshmanager.SSHService - Executing: grep '^[^#]' /data1/pretupsapp/tomcat9_pgdev/conf/pretups/LogConfig.props|grep '^log4j.appender.OneLineTXNLogC2S.File[ =]'|cut -d'=' -f2|sed 's/^[ 	]*//;s/[ 	]*$//'
2023-08-08 14:15:00,677 [main] INFO com.sshmanager.SSHService - Channel Exit Status: 0
2023-08-08 14:15:00,680 [main] INFO com.sshmanager.SSHService - Executing: grep '^[^#]' /data1/pretupsapp/tomcat9_pgdev/conf/pretups/LogConfig.props|grep '^log4j.appender.ChannelRequestDailyLog.File[ =]'|cut -d'=' -f2|sed 's/^[ 	]*//;s/[ 	]*$//'
2023-08-08 14:15:00,801 [main] INFO com.sshmanager.SSHService - Channel Exit Status: 0
2023-08-08 14:15:00,804 [main] INFO com.classes.BaseTest - Completed loading all methods from -masterVO class
2023-08-08 14:16:34,067 [main] INFO angular.testscripts.prereuisitesangular.ProfileManagement.CommissionProfile_TestScript - DataNetwork Admin
2023-08-08 14:16:34,084 [main] INFO angular.testscripts.prereuisitesangular.ProfileManagement.CommissionProfile_TestScript - Databtnadm
2023-08-08 14:16:34,087 [main] INFO angular.testscripts.prereuisitesangular.ProfileManagement.CommissionProfile_TestScript - DataCom@1111
2023-08-08 14:16:34,089 [main] INFO angular.testscripts.prereuisitesangular.ProfileManagement.CommissionProfile_TestScript - Value of k0
2023-08-08 14:16:34,105 [main] INFO angular.testscripts.prereuisitesangular.ProfileManagement.CommissionProfile_TestScript - ------------------ Test Case Execution Started For A_01_Test_CommissionProfile_UserIsAbleTO_Add_Modify_Delete_NewCommissionProfile -------------------
2023-08-08 14:16:34,105 [main] INFO angular.testscripts.prereuisitesangular.ProfileManagement.CommissionProfile_TestScript - Entered A_01_Test_CommissionProfile_UserIsAbleTO_Add_Modify_Delete_NewCommissionProfile(Network Admin, btnadm, Com@1111)
2023-08-08 14:16:34,533 [main] INFO angular.pageobjects.loginpages.LoginPageRevamp - Trying to select Language
2023-08-08 14:16:34,897 [main] INFO angular.pageobjects.loginpages.LoginPageRevamp - Language selected successfully as: English
2023-08-08 14:16:34,937 [main] INFO angular.pageobjects.loginpages.LoginPageRevamp - Trying to enter Login ID
2023-08-08 14:16:35,143 [main] INFO angular.pageobjects.loginpages.LoginPageRevamp - Login ID entered successfully as: btnadm
2023-08-08 14:16:35,187 [main] INFO angular.pageobjects.loginpages.LoginPageRevamp - Trying to enter Password
2023-08-08 14:16:35,335 [main] INFO angular.pageobjects.loginpages.LoginPageRevamp - Password entered successfully as: Com@1111
2023-08-08 14:16:35,338 [main] INFO angular.pageobjects.loginpages.LoginPageRevamp - Trying to click Login Button
2023-08-08 14:16:35,438 [main] INFO angular.pageobjects.loginpages.LoginPageRevamp - Login button clicked successfully
2023-08-08 14:16:35,486 [main] INFO angular.pageobjects.loginpages.LoginPageRevamp - Error Message Found on Login Screen: 
2023-08-08 14:16:35,489 [main] INFO angular.feature.ProfileManagement.CommissionProfile_Feature - Adding Commission Profile
2023-08-08 14:16:35,494 [main] INFO angular.pageobjects.ProfileManagement.TransferControlProfile_PageObject - Trying to click on profile Management link
2023-08-08 14:16:35,498 [main] INFO angular.pageobjects.ProfileManagement.TransferControlProfile_PageObject - Checking Visibility of Profile Management Link
2023-08-08 14:16:43,349 [main] INFO angular.pageobjects.ProfileManagement.TransferControlProfile_PageObject - Profile management link is available
2023-08-08 14:16:43,360 [main] INFO angular.pageobjects.ProfileManagement.TransferControlProfile_PageObject - Checking if Profile Management Menu Option are visible
2023-08-08 14:17:03,861 [main] INFO angular.pageobjects.ProfileManagement.TransferControlProfile_PageObject - Menu options are not visible
2023-08-08 14:17:04,044 [main] INFO angular.pageobjects.ProfileManagement.TransferControlProfile_PageObject - Clicked on Profile Management Link
2023-08-08 14:17:04,049 [main] INFO angular.pageobjects.ProfileManagement.CommissionProfile_PageObject - Trying to click on commission profile link
2023-08-08 14:17:04,056 [main] INFO angular.pageobjects.ProfileManagement.CommissionProfile_PageObject - Checking Commission Profile page loaded successfully
2023-08-08 14:17:24,125 [main] INFO angular.pageobjects.ProfileManagement.CommissionProfile_PageObject - Commission profile page not loaded successfully
2023-08-08 14:17:44,625 [main] INFO com.classes.BaseTest - org.openqa.selenium.TimeoutException: Expected condition failed: waiting for visibility of Proxy element for: DefaultElementLocator 'By.xpath: //a[@href='/pretups-merger-ui/commission-Profile']' (tried for 20 second(s) with 500 milliseconds interval)
2023-08-08 14:17:44,671 [main] INFO com.sshmanager.SSHService - Executing: tail -n 1000 /data1/pretupsapp/tomcat9_pgdev/logs/catalina.out

2023-08-08 14:17:44,862 [main] INFO com.sshmanager.SSHService - Channel Exit Status: 0
